[0.692s] Invoking command in '/home/mido/Music/phase_one_ws/src/motion_pkg': CMAKE_PREFIX_PATH=/home/mido/Music/phase_one_ws/install/action_file:/home/mido/Music/phase_one_ws/install/bumperbot_localization:/home/mido/Music/phase_one_ws/install/bumperbot_description:/home/mido/Music/phase_one_ws/install/bumperbot_controller PYTHONPATH=/home/mido/Music/phase_one_ws/build/motion_pkg/prefix_override:/usr/lib/python3/dist-packages/colcon_core/task/python/colcon_distutils_commands:/home/mido/Music/phase_one_ws/install/motion_pkg/lib/python3.10/site-packages:${PYTHONPATH} /usr/bin/python3 -W ignore:setup.py install is deprecated -W ignore:easy_install command is deprecated setup.py egg_info --egg-base ../../build/motion_pkg build --build-base /home/mido/Music/phase_one_ws/build/motion_pkg/build install --record /home/mido/Music/phase_one_ws/build/motion_pkg/install.log --single-version-externally-managed install_data
[0.963s] running egg_info
[0.963s] writing ../../build/motion_pkg/motion_pkg.egg-info/PKG-INFO
[0.964s] writing dependency_links to ../../build/motion_pkg/motion_pkg.egg-info/dependency_links.txt
[0.964s] writing entry points to ../../build/motion_pkg/motion_pkg.egg-info/entry_points.txt
[0.964s] writing requirements to ../../build/motion_pkg/motion_pkg.egg-info/requires.txt
[0.964s] writing top-level names to ../../build/motion_pkg/motion_pkg.egg-info/top_level.txt
[0.967s] reading manifest file '../../build/motion_pkg/motion_pkg.egg-info/SOURCES.txt'
[0.968s] writing manifest file '../../build/motion_pkg/motion_pkg.egg-info/SOURCES.txt'
[0.968s] running build
[0.968s] running build_py
[0.968s] copying motion_pkg/path_planning_mariam_version.py -> /home/mido/Music/phase_one_ws/build/motion_pkg/build/lib/motion_pkg
[0.968s] copying motion_pkg/lidar_sensor.py -> /home/mido/Music/phase_one_ws/build/motion_pkg/build/lib/motion_pkg
[0.969s] running install
[0.969s] running install_lib
[0.970s] copying /home/mido/Music/phase_one_ws/build/motion_pkg/build/lib/motion_pkg/path_planning_mariam_version.py -> /home/mido/Music/phase_one_ws/install/motion_pkg/lib/python3.10/site-packages/motion_pkg
[0.970s] copying /home/mido/Music/phase_one_ws/build/motion_pkg/build/lib/motion_pkg/lidar_sensor.py -> /home/mido/Music/phase_one_ws/install/motion_pkg/lib/python3.10/site-packages/motion_pkg
[0.971s] byte-compiling /home/mido/Music/phase_one_ws/install/motion_pkg/lib/python3.10/site-packages/motion_pkg/path_planning_mariam_version.py to path_planning_mariam_version.cpython-310.pyc
[0.974s] byte-compiling /home/mido/Music/phase_one_ws/install/motion_pkg/lib/python3.10/site-packages/motion_pkg/lidar_sensor.py to lidar_sensor.cpython-310.pyc
[0.974s] running install_data
[0.975s] running install_egg_info
[0.976s] removing '/home/mido/Music/phase_one_ws/install/motion_pkg/lib/python3.10/site-packages/motion_pkg-0.0.0-py3.10.egg-info' (and everything under it)
[0.977s] Copying ../../build/motion_pkg/motion_pkg.egg-info to /home/mido/Music/phase_one_ws/install/motion_pkg/lib/python3.10/site-packages/motion_pkg-0.0.0-py3.10.egg-info
[0.978s] running install_scripts
[0.996s] Installing current_position script to /home/mido/Music/phase_one_ws/install/motion_pkg/lib/motion_pkg
[0.996s] Installing lidar_sensor script to /home/mido/Music/phase_one_ws/install/motion_pkg/lib/motion_pkg
[0.996s] Installing mark_target script to /home/mido/Music/phase_one_ws/install/motion_pkg/lib/motion_pkg
[0.996s] Installing path_planning_mariam_version script to /home/mido/Music/phase_one_ws/install/motion_pkg/lib/motion_pkg
[0.996s] Installing points_sender script to /home/mido/Music/phase_one_ws/install/motion_pkg/lib/motion_pkg
[0.996s] Installing random_points_generator script to /home/mido/Music/phase_one_ws/install/motion_pkg/lib/motion_pkg
[0.996s] Installing speed_control script to /home/mido/Music/phase_one_ws/install/motion_pkg/lib/motion_pkg
[0.997s] writing list of installed files to '/home/mido/Music/phase_one_ws/build/motion_pkg/install.log'
[1.025s] Invoked command in '/home/mido/Music/phase_one_ws/src/motion_pkg' returned '0': CMAKE_PREFIX_PATH=/home/mido/Music/phase_one_ws/install/action_file:/home/mido/Music/phase_one_ws/install/bumperbot_localization:/home/mido/Music/phase_one_ws/install/bumperbot_description:/home/mido/Music/phase_one_ws/install/bumperbot_controller PYTHONPATH=/home/mido/Music/phase_one_ws/build/motion_pkg/prefix_override:/usr/lib/python3/dist-packages/colcon_core/task/python/colcon_distutils_commands:/home/mido/Music/phase_one_ws/install/motion_pkg/lib/python3.10/site-packages:${PYTHONPATH} /usr/bin/python3 -W ignore:setup.py install is deprecated -W ignore:easy_install command is deprecated setup.py egg_info --egg-base ../../build/motion_pkg build --build-base /home/mido/Music/phase_one_ws/build/motion_pkg/build install --record /home/mido/Music/phase_one_ws/build/motion_pkg/install.log --single-version-externally-managed install_data
