[0.018s] Invoking command in '/home/mido/Music/phase_one_ws/build/action_file': CMAKE_PREFIX_PATH=${CMAKE_PREFIX_PATH}:/home/mido/Music/phase_one_ws/install/motion_pkg:/home/mido/Music/phase_one_ws/install/bumperbot_controller:/opt/ros/humble /usr/bin/cmake --build /home/mido/Music/phase_one_ws/build/action_file -- -j16 -l16
[0.070s] [  3%] Built target action_file__cpp
[0.070s] [ 12%] Built target action_file__rosidl_generator_c
[0.082s] [ 12%] Built target ament_cmake_python_copy_action_file
[0.094s] [ 32%] Built target action_file__rosidl_typesupport_fastrtps_cpp
[0.094s] [ 32%] Built target action_file__rosidl_typesupport_introspection_cpp
[0.095s] [ 41%] Built target action_file__rosidl_typesupport_cpp
[0.106s] [ 70%] Built target action_file__rosidl_typesupport_fastrtps_c
[0.106s] [ 70%] Built target action_file__rosidl_typesupport_c
[0.106s] [ 70%] Built target action_file__rosidl_typesupport_introspection_c
[0.131s] [ 70%] Built target action_file
[0.155s] [ 74%] Built target action_file__py
[0.180s] [ 80%] Built target action_file__rosidl_generator_py
[0.205s] [ 96%] Built target action_file__rosidl_typesupport_fastrtps_c__pyext
[0.205s] [ 96%] Built target action_file__rosidl_typesupport_introspection_c__pyext
[0.205s] [100%] Built target action_file__rosidl_typesupport_c__pyext
[0.350s] running egg_info
[0.350s] writing action_file.egg-info/PKG-INFO
[0.351s] writing dependency_links to action_file.egg-info/dependency_links.txt
[0.351s] writing top-level names to action_file.egg-info/top_level.txt
[0.354s] reading manifest file 'action_file.egg-info/SOURCES.txt'
[0.354s] writing manifest file 'action_file.egg-info/SOURCES.txt'
[0.385s] [100%] Built target ament_cmake_python_build_action_file_egg
[0.398s] Invoked command in '/home/mido/Music/phase_one_ws/build/action_file' returned '0': CMAKE_PREFIX_PATH=${CMAKE_PREFIX_PATH}:/home/mido/Music/phase_one_ws/install/motion_pkg:/home/mido/Music/phase_one_ws/install/bumperbot_controller:/opt/ros/humble /usr/bin/cmake --build /home/mido/Music/phase_one_ws/build/action_file -- -j16 -l16
[0.400s] Invoking command in '/home/mido/Music/phase_one_ws/build/action_file': CMAKE_PREFIX_PATH=${CMAKE_PREFIX_PATH}:/home/mido/Music/phase_one_ws/install/motion_pkg:/home/mido/Music/phase_one_ws/install/bumperbot_controller:/opt/ros/humble /usr/bin/cmake --install /home/mido/Music/phase_one_ws/build/action_file
[0.410s] -- Install configuration: ""
[0.410s] -- Up-to-date: /home/mido/Music/phase_one_ws/install/action_file/share/ament_index/resource_index/rosidl_interfaces/action_file
[0.411s] -- Up-to-date: /home/mido/Music/phase_one_ws/install/action_file/include/action_file/action_file
[0.411s] -- Up-to-date: /home/mido/Music/phase_one_ws/install/action_file/include/action_file/action_file/action
[0.411s] -- Up-to-date: /home/mido/Music/phase_one_ws/install/action_file/include/action_file/action_file/action/target.h
[0.411s] -- Up-to-date: /home/mido/Music/phase_one_ws/install/action_file/include/action_file/action_file/action/detail
[0.411s] -- Up-to-date: /home/mido/Music/phase_one_ws/install/action_file/include/action_file/action_file/action/detail/target__struct.h
[0.411s] -- Up-to-date: /home/mido/Music/phase_one_ws/install/action_file/include/action_file/action_file/action/detail/target__type_support.h
[0.411s] -- Up-to-date: /home/mido/Music/phase_one_ws/install/action_file/include/action_file/action_file/action/detail/target__functions.c
[0.411s] -- Up-to-date: /home/mido/Music/phase_one_ws/install/action_file/include/action_file/action_file/action/detail/target__functions.h
[0.411s] -- Up-to-date: /home/mido/Music/phase_one_ws/install/action_file/include/action_file/action_file/msg
[0.412s] -- Up-to-date: /home/mido/Music/phase_one_ws/install/action_file/include/action_file/action_file/msg/rosidl_generator_c__visibility_control.h
[0.412s] -- Up-to-date: /home/mido/Music/phase_one_ws/install/action_file/share/action_file/environment/library_path.sh
[0.412s] -- Up-to-date: /home/mido/Music/phase_one_ws/install/action_file/share/action_file/environment/library_path.dsv
[0.412s] -- Up-to-date: /home/mido/Music/phase_one_ws/install/action_file/lib/libaction_file__rosidl_generator_c.so
[0.412s] -- Up-to-date: /home/mido/Music/phase_one_ws/install/action_file/include/action_file/action_file
[0.412s] -- Up-to-date: /home/mido/Music/phase_one_ws/install/action_file/include/action_file/action_file/action
[0.413s] -- Up-to-date: /home/mido/Music/phase_one_ws/install/action_file/include/action_file/action_file/action/detail
[0.413s] -- Up-to-date: /home/mido/Music/phase_one_ws/install/action_file/include/action_file/action_file/action/detail/target__rosidl_typesupport_fastrtps_c.h
[0.413s] -- Up-to-date: /home/mido/Music/phase_one_ws/install/action_file/include/action_file/action_file/msg
[0.413s] -- Up-to-date: /home/mido/Music/phase_one_ws/install/action_file/include/action_file/action_file/msg/rosidl_typesupport_fastrtps_c__visibility_control.h
[0.413s] -- Up-to-date: /home/mido/Music/phase_one_ws/install/action_file/lib/libaction_file__rosidl_typesupport_fastrtps_c.so
[0.413s] -- Up-to-date: /home/mido/Music/phase_one_ws/install/action_file/include/action_file/action_file
[0.413s] -- Up-to-date: /home/mido/Music/phase_one_ws/install/action_file/include/action_file/action_file/action
[0.413s] -- Up-to-date: /home/mido/Music/phase_one_ws/install/action_file/include/action_file/action_file/action/target.hpp
[0.414s] -- Up-to-date: /home/mido/Music/phase_one_ws/install/action_file/include/action_file/action_file/action/detail
[0.414s] -- Up-to-date: /home/mido/Music/phase_one_ws/install/action_file/include/action_file/action_file/action/detail/target__struct.hpp
[0.415s] -- Up-to-date: /home/mido/Music/phase_one_ws/install/action_file/include/action_file/action_file/action/detail/target__builder.hpp
[0.415s] -- Up-to-date: /home/mido/Music/phase_one_ws/install/action_file/include/action_file/action_file/action/detail/target__traits.hpp
[0.415s] -- Up-to-date: /home/mido/Music/phase_one_ws/install/action_file/include/action_file/action_file/action/detail/target__type_support.hpp
[0.415s] -- Up-to-date: /home/mido/Music/phase_one_ws/install/action_file/include/action_file/action_file/msg
[0.415s] -- Up-to-date: /home/mido/Music/phase_one_ws/install/action_file/include/action_file/action_file/msg/rosidl_generator_cpp__visibility_control.hpp
[0.415s] -- Up-to-date: /home/mido/Music/phase_one_ws/install/action_file/include/action_file/action_file
[0.415s] -- Up-to-date: /home/mido/Music/phase_one_ws/install/action_file/include/action_file/action_file/action
[0.415s] -- Up-to-date: /home/mido/Music/phase_one_ws/install/action_file/include/action_file/action_file/action/detail
[0.415s] -- Up-to-date: /home/mido/Music/phase_one_ws/install/action_file/include/action_file/action_file/action/detail/dds_fastrtps
[0.416s] -- Up-to-date: /home/mido/Music/phase_one_ws/install/action_file/include/action_file/action_file/action/detail/target__rosidl_typesupport_fastrtps_cpp.hpp
[0.416s] -- Up-to-date: /home/mido/Music/phase_one_ws/install/action_file/include/action_file/action_file/msg
[0.416s] -- Up-to-date: /home/mido/Music/phase_one_ws/install/action_file/include/action_file/action_file/msg/rosidl_typesupport_fastrtps_cpp__visibility_control.h
[0.416s] -- Up-to-date: /home/mido/Music/phase_one_ws/install/action_file/lib/libaction_file__rosidl_typesupport_fastrtps_cpp.so
[0.416s] -- Up-to-date: /home/mido/Music/phase_one_ws/install/action_file/include/action_file/action_file
[0.416s] -- Up-to-date: /home/mido/Music/phase_one_ws/install/action_file/include/action_file/action_file/action
[0.416s] -- Up-to-date: /home/mido/Music/phase_one_ws/install/action_file/include/action_file/action_file/action/detail
[0.416s] -- Up-to-date: /home/mido/Music/phase_one_ws/install/action_file/include/action_file/action_file/action/detail/target__type_support.c
[0.416s] -- Up-to-date: /home/mido/Music/phase_one_ws/install/action_file/include/action_file/action_file/action/detail/target__rosidl_typesupport_introspection_c.h
[0.416s] -- Up-to-date: /home/mido/Music/phase_one_ws/install/action_file/include/action_file/action_file/msg
[0.416s] -- Up-to-date: /home/mido/Music/phase_one_ws/install/action_file/include/action_file/action_file/msg/rosidl_typesupport_introspection_c__visibility_control.h
[0.416s] -- Up-to-date: /home/mido/Music/phase_one_ws/install/action_file/lib/libaction_file__rosidl_typesupport_introspection_c.so
[0.416s] -- Up-to-date: /home/mido/Music/phase_one_ws/install/action_file/lib/libaction_file__rosidl_typesupport_c.so
[0.417s] -- Up-to-date: /home/mido/Music/phase_one_ws/install/action_file/include/action_file/action_file
[0.417s] -- Up-to-date: /home/mido/Music/phase_one_ws/install/action_file/include/action_file/action_file/action
[0.417s] -- Up-to-date: /home/mido/Music/phase_one_ws/install/action_file/include/action_file/action_file/action/detail
[0.417s] -- Up-to-date: /home/mido/Music/phase_one_ws/install/action_file/include/action_file/action_file/action/detail/target__rosidl_typesupport_introspection_cpp.hpp
[0.417s] -- Up-to-date: /home/mido/Music/phase_one_ws/install/action_file/include/action_file/action_file/action/detail/target__type_support.cpp
[0.417s] -- Up-to-date: /home/mido/Music/phase_one_ws/install/action_file/lib/libaction_file__rosidl_typesupport_introspection_cpp.so
[0.417s] -- Up-to-date: /home/mido/Music/phase_one_ws/install/action_file/lib/libaction_file__rosidl_typesupport_cpp.so
[0.417s] -- Up-to-date: /home/mido/Music/phase_one_ws/install/action_file/share/action_file/environment/pythonpath.sh
[0.417s] -- Up-to-date: /home/mido/Music/phase_one_ws/install/action_file/share/action_file/environment/pythonpath.dsv
[0.417s] -- Up-to-date: /home/mido/Music/phase_one_ws/install/action_file/local/lib/python3.10/dist-packages/action_file-0.0.0-py3.10.egg-info
[0.418s] -- Installing: /home/mido/Music/phase_one_ws/install/action_file/local/lib/python3.10/dist-packages/action_file-0.0.0-py3.10.egg-info/PKG-INFO
[0.418s] -- Installing: /home/mido/Music/phase_one_ws/install/action_file/local/lib/python3.10/dist-packages/action_file-0.0.0-py3.10.egg-info/top_level.txt
[0.418s] -- Installing: /home/mido/Music/phase_one_ws/install/action_file/local/lib/python3.10/dist-packages/action_file-0.0.0-py3.10.egg-info/dependency_links.txt
[0.418s] -- Installing: /home/mido/Music/phase_one_ws/install/action_file/local/lib/python3.10/dist-packages/action_file-0.0.0-py3.10.egg-info/SOURCES.txt
[0.418s] -- Up-to-date: /home/mido/Music/phase_one_ws/install/action_file/local/lib/python3.10/dist-packages/action_file
[0.418s] -- Up-to-date: /home/mido/Music/phase_one_ws/install/action_file/local/lib/python3.10/dist-packages/action_file/__init__.py
[0.419s] -- Up-to-date: /home/mido/Music/phase_one_ws/install/action_file/local/lib/python3.10/dist-packages/action_file/_action_file_s.ep.rosidl_typesupport_introspection_c.c
[0.419s] -- Up-to-date: /home/mido/Music/phase_one_ws/install/action_file/local/lib/python3.10/dist-packages/action_file/_action_file_s.ep.rosidl_typesupport_fastrtps_c.c
[0.419s] -- Up-to-date: /home/mido/Music/phase_one_ws/install/action_file/local/lib/python3.10/dist-packages/action_file/libaction_file__rosidl_generator_py.so
[0.419s] -- Up-to-date: /home/mido/Music/phase_one_ws/install/action_file/local/lib/python3.10/dist-packages/action_file/action_file_s__rosidl_typesupport_introspection_c.cpython-310-x86_64-linux-gnu.so
[0.419s] -- Up-to-date: /home/mido/Music/phase_one_ws/install/action_file/local/lib/python3.10/dist-packages/action_file/action_file_s__rosidl_typesupport_c.cpython-310-x86_64-linux-gnu.so
[0.419s] -- Up-to-date: /home/mido/Music/phase_one_ws/install/action_file/local/lib/python3.10/dist-packages/action_file/_action_file_s.ep.rosidl_typesupport_c.c
[0.419s] -- Up-to-date: /home/mido/Music/phase_one_ws/install/action_file/local/lib/python3.10/dist-packages/action_file/action
[0.419s] -- Up-to-date: /home/mido/Music/phase_one_ws/install/action_file/local/lib/python3.10/dist-packages/action_file/action/_target.py
[0.419s] -- Up-to-date: /home/mido/Music/phase_one_ws/install/action_file/local/lib/python3.10/dist-packages/action_file/action/_target_s.c
[0.419s] -- Up-to-date: /home/mido/Music/phase_one_ws/install/action_file/local/lib/python3.10/dist-packages/action_file/action/__init__.py
[0.419s] -- Up-to-date: /home/mido/Music/phase_one_ws/install/action_file/local/lib/python3.10/dist-packages/action_file/action_file_s__rosidl_typesupport_fastrtps_c.cpython-310-x86_64-linux-gnu.so
[0.450s] Listing '/home/mido/Music/phase_one_ws/install/action_file/local/lib/python3.10/dist-packages/action_file'...
[0.450s] Listing '/home/mido/Music/phase_one_ws/install/action_file/local/lib/python3.10/dist-packages/action_file/action'...
[0.455s] -- Up-to-date: /home/mido/Music/phase_one_ws/install/action_file/local/lib/python3.10/dist-packages/action_file/action_file_s__rosidl_typesupport_fastrtps_c.cpython-310-x86_64-linux-gnu.so
[0.456s] -- Up-to-date: /home/mido/Music/phase_one_ws/install/action_file/local/lib/python3.10/dist-packages/action_file/action_file_s__rosidl_typesupport_introspection_c.cpython-310-x86_64-linux-gnu.so
[0.457s] -- Up-to-date: /home/mido/Music/phase_one_ws/install/action_file/local/lib/python3.10/dist-packages/action_file/action_file_s__rosidl_typesupport_c.cpython-310-x86_64-linux-gnu.so
[0.458s] -- Up-to-date: /home/mido/Music/phase_one_ws/install/action_file/lib/libaction_file__rosidl_generator_py.so
[0.459s] -- Up-to-date: /home/mido/Music/phase_one_ws/install/action_file/share/action_file/action/Target.idl
[0.459s] -- Up-to-date: /home/mido/Music/phase_one_ws/install/action_file/share/action_file/action/Target.action
[0.459s] -- Up-to-date: /home/mido/Music/phase_one_ws/install/action_file/share/ament_index/resource_index/package_run_dependencies/action_file
[0.459s] -- Up-to-date: /home/mido/Music/phase_one_ws/install/action_file/share/ament_index/resource_index/parent_prefix_path/action_file
[0.460s] -- Up-to-date: /home/mido/Music/phase_one_ws/install/action_file/share/action_file/environment/ament_prefix_path.sh
[0.460s] -- Up-to-date: /home/mido/Music/phase_one_ws/install/action_file/share/action_file/environment/ament_prefix_path.dsv
[0.460s] -- Up-to-date: /home/mido/Music/phase_one_ws/install/action_file/share/action_file/environment/path.sh
[0.460s] -- Up-to-date: /home/mido/Music/phase_one_ws/install/action_file/share/action_file/environment/path.dsv
[0.460s] -- Up-to-date: /home/mido/Music/phase_one_ws/install/action_file/share/action_file/local_setup.bash
[0.460s] -- Up-to-date: /home/mido/Music/phase_one_ws/install/action_file/share/action_file/local_setup.sh
[0.460s] -- Up-to-date: /home/mido/Music/phase_one_ws/install/action_file/share/action_file/local_setup.zsh
[0.460s] -- Up-to-date: /home/mido/Music/phase_one_ws/install/action_file/share/action_file/local_setup.dsv
[0.460s] -- Installing: /home/mido/Music/phase_one_ws/install/action_file/share/action_file/package.dsv
[0.461s] -- Up-to-date: /home/mido/Music/phase_one_ws/install/action_file/share/ament_index/resource_index/packages/action_file
[0.461s] -- Up-to-date: /home/mido/Music/phase_one_ws/install/action_file/share/action_file/cmake/export_action_file__rosidl_generator_cExport.cmake
[0.461s] -- Up-to-date: /home/mido/Music/phase_one_ws/install/action_file/share/action_file/cmake/export_action_file__rosidl_generator_cExport-noconfig.cmake
[0.461s] -- Up-to-date: /home/mido/Music/phase_one_ws/install/action_file/share/action_file/cmake/export_action_file__rosidl_typesupport_fastrtps_cExport.cmake
[0.461s] -- Up-to-date: /home/mido/Music/phase_one_ws/install/action_file/share/action_file/cmake/export_action_file__rosidl_typesupport_fastrtps_cExport-noconfig.cmake
[0.461s] -- Up-to-date: /home/mido/Music/phase_one_ws/install/action_file/share/action_file/cmake/export_action_file__rosidl_generator_cppExport.cmake
[0.461s] -- Up-to-date: /home/mido/Music/phase_one_ws/install/action_file/share/action_file/cmake/export_action_file__rosidl_typesupport_fastrtps_cppExport.cmake
[0.461s] -- Up-to-date: /home/mido/Music/phase_one_ws/install/action_file/share/action_file/cmake/export_action_file__rosidl_typesupport_fastrtps_cppExport-noconfig.cmake
[0.461s] -- Up-to-date: /home/mido/Music/phase_one_ws/install/action_file/share/action_file/cmake/action_file__rosidl_typesupport_introspection_cExport.cmake
[0.461s] -- Up-to-date: /home/mido/Music/phase_one_ws/install/action_file/share/action_file/cmake/action_file__rosidl_typesupport_introspection_cExport-noconfig.cmake
[0.461s] -- Up-to-date: /home/mido/Music/phase_one_ws/install/action_file/share/action_file/cmake/action_file__rosidl_typesupport_cExport.cmake
[0.462s] -- Up-to-date: /home/mido/Music/phase_one_ws/install/action_file/share/action_file/cmake/action_file__rosidl_typesupport_cExport-noconfig.cmake
[0.462s] -- Up-to-date: /home/mido/Music/phase_one_ws/install/action_file/share/action_file/cmake/action_file__rosidl_typesupport_introspection_cppExport.cmake
[0.462s] -- Up-to-date: /home/mido/Music/phase_one_ws/install/action_file/share/action_file/cmake/action_file__rosidl_typesupport_introspection_cppExport-noconfig.cmake
[0.462s] -- Up-to-date: /home/mido/Music/phase_one_ws/install/action_file/share/action_file/cmake/action_file__rosidl_typesupport_cppExport.cmake
[0.462s] -- Up-to-date: /home/mido/Music/phase_one_ws/install/action_file/share/action_file/cmake/action_file__rosidl_typesupport_cppExport-noconfig.cmake
[0.462s] -- Up-to-date: /home/mido/Music/phase_one_ws/install/action_file/share/action_file/cmake/export_action_file__rosidl_generator_pyExport.cmake
[0.462s] -- Up-to-date: /home/mido/Music/phase_one_ws/install/action_file/share/action_file/cmake/export_action_file__rosidl_generator_pyExport-noconfig.cmake
[0.462s] -- Up-to-date: /home/mido/Music/phase_one_ws/install/action_file/share/action_file/cmake/rosidl_cmake-extras.cmake
[0.462s] -- Up-to-date: /home/mido/Music/phase_one_ws/install/action_file/share/action_file/cmake/ament_cmake_export_dependencies-extras.cmake
[0.462s] -- Up-to-date: /home/mido/Music/phase_one_ws/install/action_file/share/action_file/cmake/ament_cmake_export_include_directories-extras.cmake
[0.463s] -- Up-to-date: /home/mido/Music/phase_one_ws/install/action_file/share/action_file/cmake/ament_cmake_export_libraries-extras.cmake
[0.463s] -- Up-to-date: /home/mido/Music/phase_one_ws/install/action_file/share/action_file/cmake/ament_cmake_export_targets-extras.cmake
[0.463s] -- Up-to-date: /home/mido/Music/phase_one_ws/install/action_file/share/action_file/cmake/rosidl_cmake_export_typesupport_targets-extras.cmake
[0.463s] -- Up-to-date: /home/mido/Music/phase_one_ws/install/action_file/share/action_file/cmake/rosidl_cmake_export_typesupport_libraries-extras.cmake
[0.463s] -- Up-to-date: /home/mido/Music/phase_one_ws/install/action_file/share/action_file/cmake/action_fileConfig.cmake
[0.463s] -- Up-to-date: /home/mido/Music/phase_one_ws/install/action_file/share/action_file/cmake/action_fileConfig-version.cmake
[0.463s] -- Up-to-date: /home/mido/Music/phase_one_ws/install/action_file/share/action_file/package.xml
[0.478s] Invoked command in '/home/mido/Music/phase_one_ws/build/action_file' returned '0': CMAKE_PREFIX_PATH=${CMAKE_PREFIX_PATH}:/home/mido/Music/phase_one_ws/install/motion_pkg:/home/mido/Music/phase_one_ws/install/bumperbot_controller:/opt/ros/humble /usr/bin/cmake --install /home/mido/Music/phase_one_ws/build/action_file
