[0.019s] Invoking command in '/home/mido/Music/phase_one_ws/build/bumperbot_localization': CMAKE_PREFIX_PATH=/opt/ros/humble /usr/bin/cmake --build /home/mido/Music/phase_one_ws/build/bumperbot_localization -- -j16 -l16
[0.077s] Built target ament_cmake_python_copy_bumperbot_localization
[0.313s] running egg_info
[0.313s] writing bumperbot_localization.egg-info/PKG-INFO
[0.313s] writing dependency_links to bumperbot_localization.egg-info/dependency_links.txt
[0.313s] writing top-level names to bumperbot_localization.egg-info/top_level.txt
[0.318s] reading manifest file 'bumperbot_localization.egg-info/SOURCES.txt'
[0.319s] writing manifest file 'bumperbot_localization.egg-info/SOURCES.txt'
[0.359s] Built target ament_cmake_python_build_bumperbot_localization_egg
[0.370s] Invoked command in '/home/mido/Music/phase_one_ws/build/bumperbot_localization' returned '0': CMAKE_PREFIX_PATH=/opt/ros/humble /usr/bin/cmake --build /home/mido/Music/phase_one_ws/build/bumperbot_localization -- -j16 -l16
[0.374s] Invoking command in '/home/mido/Music/phase_one_ws/build/bumperbot_localization': CMAKE_PREFIX_PATH=/opt/ros/humble /usr/bin/cmake --install /home/mido/Music/phase_one_ws/build/bumperbot_localization
[0.380s] -- Install configuration: ""
[0.380s] -- Up-to-date: /home/mido/Music/phase_one_ws/install/bumperbot_localization/share/bumperbot_localization/environment/pythonpath.sh
[0.380s] -- Up-to-date: /home/mido/Music/phase_one_ws/install/bumperbot_localization/share/bumperbot_localization/environment/pythonpath.dsv
[0.380s] -- Up-to-date: /home/mido/Music/phase_one_ws/install/bumperbot_localization/local/lib/python3.10/dist-packages/bumperbot_localization-0.0.0-py3.10.egg-info
[0.380s] -- Installing: /home/mido/Music/phase_one_ws/install/bumperbot_localization/local/lib/python3.10/dist-packages/bumperbot_localization-0.0.0-py3.10.egg-info/PKG-INFO
[0.380s] -- Installing: /home/mido/Music/phase_one_ws/install/bumperbot_localization/local/lib/python3.10/dist-packages/bumperbot_localization-0.0.0-py3.10.egg-info/top_level.txt
[0.380s] -- Installing: /home/mido/Music/phase_one_ws/install/bumperbot_localization/local/lib/python3.10/dist-packages/bumperbot_localization-0.0.0-py3.10.egg-info/dependency_links.txt
[0.380s] -- Installing: /home/mido/Music/phase_one_ws/install/bumperbot_localization/local/lib/python3.10/dist-packages/bumperbot_localization-0.0.0-py3.10.egg-info/SOURCES.txt
[0.380s] -- Up-to-date: /home/mido/Music/phase_one_ws/install/bumperbot_localization/local/lib/python3.10/dist-packages/bumperbot_localization
[0.380s] -- Up-to-date: /home/mido/Music/phase_one_ws/install/bumperbot_localization/local/lib/python3.10/dist-packages/bumperbot_localization/__init__.py
[0.407s] Listing '/home/mido/Music/phase_one_ws/install/bumperbot_localization/local/lib/python3.10/dist-packages/bumperbot_localization'...
[0.413s] -- Up-to-date: /home/mido/Music/phase_one_ws/install/bumperbot_localization/share/bumperbot_localization/launch
[0.414s] -- Up-to-date: /home/mido/Music/phase_one_ws/install/bumperbot_localization/share/bumperbot_localization/launch/local_localization.launch.py
[0.414s] -- Up-to-date: /home/mido/Music/phase_one_ws/install/bumperbot_localization/share/bumperbot_localization/config
[0.414s] -- Up-to-date: /home/mido/Music/phase_one_ws/install/bumperbot_localization/share/bumperbot_localization/config/ekf.yaml
[0.414s] -- Up-to-date: /home/mido/Music/phase_one_ws/install/bumperbot_localization/share/bumperbot_localization/rviz
[0.414s] -- Up-to-date: /home/mido/Music/phase_one_ws/install/bumperbot_localization/share/ament_index/resource_index/package_run_dependencies/bumperbot_localization
[0.415s] -- Up-to-date: /home/mido/Music/phase_one_ws/install/bumperbot_localization/share/ament_index/resource_index/parent_prefix_path/bumperbot_localization
[0.415s] -- Up-to-date: /home/mido/Music/phase_one_ws/install/bumperbot_localization/share/bumperbot_localization/environment/ament_prefix_path.sh
[0.415s] -- Up-to-date: /home/mido/Music/phase_one_ws/install/bumperbot_localization/share/bumperbot_localization/environment/ament_prefix_path.dsv
[0.415s] -- Up-to-date: /home/mido/Music/phase_one_ws/install/bumperbot_localization/share/bumperbot_localization/environment/path.sh
[0.415s] -- Up-to-date: /home/mido/Music/phase_one_ws/install/bumperbot_localization/share/bumperbot_localization/environment/path.dsv
[0.415s] -- Up-to-date: /home/mido/Music/phase_one_ws/install/bumperbot_localization/share/bumperbot_localization/local_setup.bash
[0.416s] -- Up-to-date: /home/mido/Music/phase_one_ws/install/bumperbot_localization/share/bumperbot_localization/local_setup.sh
[0.416s] -- Up-to-date: /home/mido/Music/phase_one_ws/install/bumperbot_localization/share/bumperbot_localization/local_setup.zsh
[0.416s] -- Up-to-date: /home/mido/Music/phase_one_ws/install/bumperbot_localization/share/bumperbot_localization/local_setup.dsv
[0.416s] -- Installing: /home/mido/Music/phase_one_ws/install/bumperbot_localization/share/bumperbot_localization/package.dsv
[0.416s] -- Up-to-date: /home/mido/Music/phase_one_ws/install/bumperbot_localization/share/ament_index/resource_index/packages/bumperbot_localization
[0.417s] -- Up-to-date: /home/mido/Music/phase_one_ws/install/bumperbot_localization/share/bumperbot_localization/cmake/bumperbot_localizationConfig.cmake
[0.417s] -- Up-to-date: /home/mido/Music/phase_one_ws/install/bumperbot_localization/share/bumperbot_localization/cmake/bumperbot_localizationConfig-version.cmake
[0.417s] -- Up-to-date: /home/mido/Music/phase_one_ws/install/bumperbot_localization/share/bumperbot_localization/package.xml
[0.433s] Invoked command in '/home/mido/Music/phase_one_ws/build/bumperbot_localization' returned '0': CMAKE_PREFIX_PATH=/opt/ros/humble /usr/bin/cmake --install /home/mido/Music/phase_one_ws/build/bumperbot_localization
