[0.663s] Invoking command in '/home/mido/Music/phase_one_ws/src/bumperbot_controller': PYTHONPATH=/home/mido/Music/phase_one_ws/build/bumperbot_controller/prefix_override:/usr/lib/python3/dist-packages/colcon_core/task/python/colcon_distutils_commands:/home/mido/Music/phase_one_ws/install/bumperbot_controller/lib/python3.10/site-packages:${PYTHONPATH} /usr/bin/python3 -W ignore:setup.py install is deprecated -W ignore:easy_install command is deprecated setup.py egg_info --egg-base ../../build/bumperbot_controller build --build-base /home/mido/Music/phase_one_ws/build/bumperbot_controller/build install --record /home/mido/Music/phase_one_ws/build/bumperbot_controller/install.log --single-version-externally-managed install_data
[0.918s] running egg_info
[0.918s] creating ../../build/bumperbot_controller/bumperbot_controller.egg-info
[0.918s] writing ../../build/bumperbot_controller/bumperbot_controller.egg-info/PKG-INFO
[0.919s] writing dependency_links to ../../build/bumperbot_controller/bumperbot_controller.egg-info/dependency_links.txt
[0.919s] writing entry points to ../../build/bumperbot_controller/bumperbot_controller.egg-info/entry_points.txt
[0.919s] writing requirements to ../../build/bumperbot_controller/bumperbot_controller.egg-info/requires.txt
[0.919s] writing top-level names to ../../build/bumperbot_controller/bumperbot_controller.egg-info/top_level.txt
[0.920s] writing manifest file '../../build/bumperbot_controller/bumperbot_controller.egg-info/SOURCES.txt'
[0.922s] reading manifest file '../../build/bumperbot_controller/bumperbot_controller.egg-info/SOURCES.txt'
[0.922s] writing manifest file '../../build/bumperbot_controller/bumperbot_controller.egg-info/SOURCES.txt'
[0.923s] running build
[0.923s] running build_py
[0.923s] creating /home/mido/Music/phase_one_ws/build/bumperbot_controller/build
[0.923s] creating /home/mido/Music/phase_one_ws/build/bumperbot_controller/build/lib
[0.923s] creating /home/mido/Music/phase_one_ws/build/bumperbot_controller/build/lib/bumperbot_controller
[0.923s] copying bumperbot_controller/__init__.py -> /home/mido/Music/phase_one_ws/build/bumperbot_controller/build/lib/bumperbot_controller
[0.923s] running install
[0.923s] running install_lib
[0.924s] creating /home/mido/Music/phase_one_ws/install/bumperbot_controller/lib/python3.10/site-packages/bumperbot_controller
[0.924s] copying /home/mido/Music/phase_one_ws/build/bumperbot_controller/build/lib/bumperbot_controller/__init__.py -> /home/mido/Music/phase_one_ws/install/bumperbot_controller/lib/python3.10/site-packages/bumperbot_controller
[0.924s] byte-compiling /home/mido/Music/phase_one_ws/install/bumperbot_controller/lib/python3.10/site-packages/bumperbot_controller/__init__.py to __init__.cpython-310.pyc
[0.925s] running install_data
[0.925s] creating /home/mido/Music/phase_one_ws/install/bumperbot_controller/share/ament_index
[0.925s] creating /home/mido/Music/phase_one_ws/install/bumperbot_controller/share/ament_index/resource_index
[0.925s] creating /home/mido/Music/phase_one_ws/install/bumperbot_controller/share/ament_index/resource_index/packages
[0.925s] copying resource/bumperbot_controller -> /home/mido/Music/phase_one_ws/install/bumperbot_controller/share/ament_index/resource_index/packages
[0.925s] copying package.xml -> /home/mido/Music/phase_one_ws/install/bumperbot_controller/share/bumperbot_controller
[0.925s] creating /home/mido/Music/phase_one_ws/install/bumperbot_controller/share/bumperbot_controller/config
[0.925s] copying config/bumperbot_controllers.yaml -> /home/mido/Music/phase_one_ws/install/bumperbot_controller/share/bumperbot_controller/config
[0.925s] creating /home/mido/Music/phase_one_ws/install/bumperbot_controller/share/bumperbot_controller/launch
[0.925s] copying launch/controller.launch.py -> /home/mido/Music/phase_one_ws/install/bumperbot_controller/share/bumperbot_controller/launch
[0.925s] running install_egg_info
[0.927s] Copying ../../build/bumperbot_controller/bumperbot_controller.egg-info to /home/mido/Music/phase_one_ws/install/bumperbot_controller/lib/python3.10/site-packages/bumperbot_controller-0.0.0-py3.10.egg-info
[0.928s] running install_scripts
[0.947s] writing list of installed files to '/home/mido/Music/phase_one_ws/build/bumperbot_controller/install.log'
[0.973s] Invoked command in '/home/mido/Music/phase_one_ws/src/bumperbot_controller' returned '0': PYTHONPATH=/home/mido/Music/phase_one_ws/build/bumperbot_controller/prefix_override:/usr/lib/python3/dist-packages/colcon_core/task/python/colcon_distutils_commands:/home/mido/Music/phase_one_ws/install/bumperbot_controller/lib/python3.10/site-packages:${PYTHONPATH} /usr/bin/python3 -W ignore:setup.py install is deprecated -W ignore:easy_install command is deprecated setup.py egg_info --egg-base ../../build/bumperbot_controller build --build-base /home/mido/Music/phase_one_ws/build/bumperbot_controller/build install --record /home/mido/Music/phase_one_ws/build/bumperbot_controller/install.log --single-version-externally-managed install_data
