[0.942s] Invoking command in '/home/mido/Music/phase_one_ws/src/camera_pkg': PYTHONPATH=/home/mido/Music/phase_one_ws/build/camera_pkg/prefix_override:/usr/lib/python3/dist-packages/colcon_core/task/python/colcon_distutils_commands:/home/mido/Music/phase_one_ws/install/camera_pkg/lib/python3.10/site-packages:${PYTHONPATH} /usr/bin/python3 -W ignore:setup.py install is deprecated -W ignore:easy_install command is deprecated setup.py egg_info --egg-base ../../build/camera_pkg build --build-base /home/mido/Music/phase_one_ws/build/camera_pkg/build install --record /home/mido/Music/phase_one_ws/build/camera_pkg/install.log --single-version-externally-managed install_data
[1.202s] running egg_info
[1.203s] writing ../../build/camera_pkg/camera_pkg.egg-info/PKG-INFO
[1.203s] writing dependency_links to ../../build/camera_pkg/camera_pkg.egg-info/dependency_links.txt
[1.203s] writing entry points to ../../build/camera_pkg/camera_pkg.egg-info/entry_points.txt
[1.203s] writing requirements to ../../build/camera_pkg/camera_pkg.egg-info/requires.txt
[1.203s] writing top-level names to ../../build/camera_pkg/camera_pkg.egg-info/top_level.txt
[1.206s] reading manifest file '../../build/camera_pkg/camera_pkg.egg-info/SOURCES.txt'
[1.214s] writing manifest file '../../build/camera_pkg/camera_pkg.egg-info/SOURCES.txt'
[1.214s] running build
[1.214s] running build_py
[1.214s] running install
[1.214s] running install_lib
[1.216s] running install_data
[1.216s] running install_egg_info
[1.218s] removing '/home/mido/Music/phase_one_ws/install/camera_pkg/lib/python3.10/site-packages/camera_pkg-0.0.0-py3.10.egg-info' (and everything under it)
[1.218s] Copying ../../build/camera_pkg/camera_pkg.egg-info to /home/mido/Music/phase_one_ws/install/camera_pkg/lib/python3.10/site-packages/camera_pkg-0.0.0-py3.10.egg-info
[1.219s] running install_scripts
[1.239s] writing list of installed files to '/home/mido/Music/phase_one_ws/build/camera_pkg/install.log'
[1.272s] Invoked command in '/home/mido/Music/phase_one_ws/src/camera_pkg' returned '0': PYTHONPATH=/home/mido/Music/phase_one_ws/build/camera_pkg/prefix_override:/usr/lib/python3/dist-packages/colcon_core/task/python/colcon_distutils_commands:/home/mido/Music/phase_one_ws/install/camera_pkg/lib/python3.10/site-packages:${PYTHONPATH} /usr/bin/python3 -W ignore:setup.py install is deprecated -W ignore:easy_install command is deprecated setup.py egg_info --egg-base ../../build/camera_pkg build --build-base /home/mido/Music/phase_one_ws/build/camera_pkg/build install --record /home/mido/Music/phase_one_ws/build/camera_pkg/install.log --single-version-externally-managed install_data
