[0.192s] DEBUG:colcon:Command line arguments: ['/usr/bin/colcon', 'build']
[0.192s] DEBUG:colcon:Parsed command line arguments: Namespace(log_base=None, log_level=None, verb_name='build', build_base='build', install_base='install', merge_install=False, symlink_install=False, test_result_base=None, continue_on_error=False, executor='parallel', parallel_workers=16, event_handlers=None, ignore_user_meta=False, metas=['./colcon.meta'], base_paths=['.'], packages_ignore=None, packages_ignore_regex=None, paths=None, packages_up_to=None, packages_up_to_regex=None, packages_above=None, packages_above_and_dependencies=None, packages_above_depth=None, packages_select_by_dep=None, packages_skip_by_dep=None, packages_skip_up_to=None, packages_select_build_failed=False, packages_skip_build_finished=False, packages_select_test_failures=False, packages_skip_test_passed=False, packages_select=None, packages_skip=None, packages_select_regex=None, packages_skip_regex=None, packages_start=None, packages_end=None, allow_overriding=[], cmake_args=None, cmake_target=None, cmake_target_skip_unavailable=False, cmake_clean_cache=False, cmake_clean_first=False, cmake_force_configure=False, ament_cmake_args=None, catkin_cmake_args=None, catkin_skip_building_tests=False, mixin_files=None, mixin=None, verb_parser=<colcon_mixin.mixin.mixin_argument.MixinArgumentDecorator object at 0x700a24184280>, verb_extension=<colcon_core.verb.build.BuildVerb object at 0x700a24153cd0>, main=<bound method BuildVerb.main of <colcon_core.verb.build.BuildVerb object at 0x700a24153cd0>>, mixin_verb=('build',))
[0.442s] Level 1:colcon.colcon_core.package_discovery:discover_packages(colcon_meta) check parameters
[0.442s] Level 1:colcon.colcon_core.package_discovery:discover_packages(recursive) check parameters
[0.442s] Level 1:colcon.colcon_core.package_discovery:discover_packages(ignore) check parameters
[0.442s] Level 1:colcon.colcon_core.package_discovery:discover_packages(path) check parameters
[0.442s] Level 1:colcon.colcon_core.package_discovery:discover_packages(colcon_meta) discover
[0.442s] Level 1:colcon.colcon_core.package_discovery:discover_packages(recursive) discover
[0.442s] INFO:colcon.colcon_core.package_discovery:Crawling recursively for packages in '/home/mido/Music/phase_one_ws'
[0.442s] Level 1:colcon.colcon_core.package_identification:_identify(.) by extensions ['ignore', 'ignore_ament_install']
[0.442s] Level 1:colcon.colcon_core.package_identification:_identify(.) by extension 'ignore'
[0.442s] Level 1:colcon.colcon_core.package_identification:_identify(.) by extension 'ignore_ament_install'
[0.442s] Level 1:colcon.colcon_core.package_identification:_identify(.) by extensions ['colcon_pkg']
[0.442s] Level 1:colcon.colcon_core.package_identification:_identify(.) by extension 'colcon_pkg'
[0.442s] Level 1:colcon.colcon_core.package_identification:_identify(.) by extensions ['colcon_meta']
[0.442s] Level 1:colcon.colcon_core.package_identification:_identify(.) by extension 'colcon_meta'
[0.442s] Level 1:colcon.colcon_core.package_identification:_identify(.) by extensions ['ros']
[0.442s] Level 1:colcon.colcon_core.package_identification:_identify(.) by extension 'ros'
[0.461s] Level 1:colcon.colcon_core.package_identification:_identify(.) by extensions ['cmake', 'python']
[0.461s] Level 1:colcon.colcon_core.package_identification:_identify(.) by extension 'cmake'
[0.461s] Level 1:colcon.colcon_core.package_identification:_identify(.) by extension 'python'
[0.461s] Level 1:colcon.colcon_core.package_identification:_identify(.) by extensions ['python_setup_py']
[0.461s] Level 1:colcon.colcon_core.package_identification:_identify(.) by extension 'python_setup_py'
[0.461s] Level 1:colcon.colcon_core.package_identification:_identify(build) by extensions ['ignore', 'ignore_ament_install']
[0.461s] Level 1:colcon.colcon_core.package_identification:_identify(build) by extension 'ignore'
[0.461s] Level 1:colcon.colcon_core.package_identification:_identify(build) ignored
[0.461s] Level 1:colcon.colcon_core.package_identification:_identify(install) by extensions ['ignore', 'ignore_ament_install']
[0.461s] Level 1:colcon.colcon_core.package_identification:_identify(install) by extension 'ignore'
[0.461s] Level 1:colcon.colcon_core.package_identification:_identify(install) ignored
[0.462s] Level 1:colcon.colcon_core.package_identification:_identify(log) by extensions ['ignore', 'ignore_ament_install']
[0.462s] Level 1:colcon.colcon_core.package_identification:_identify(log) by extension 'ignore'
[0.462s] Level 1:colcon.colcon_core.package_identification:_identify(log) ignored
[0.462s] Level 1:colcon.colcon_core.package_identification:_identify(src) by extensions ['ignore', 'ignore_ament_install']
[0.462s] Level 1:colcon.colcon_core.package_identification:_identify(src) by extension 'ignore'
[0.462s] Level 1:colcon.colcon_core.package_identification:_identify(src) by extension 'ignore_ament_install'
[0.462s] Level 1:colcon.colcon_core.package_identification:_identify(src) by extensions ['colcon_pkg']
[0.462s] Level 1:colcon.colcon_core.package_identification:_identify(src) by extension 'colcon_pkg'
[0.462s] Level 1:colcon.colcon_core.package_identification:_identify(src) by extensions ['colcon_meta']
[0.462s] Level 1:colcon.colcon_core.package_identification:_identify(src) by extension 'colcon_meta'
[0.462s] Level 1:colcon.colcon_core.package_identification:_identify(src) by extensions ['ros']
[0.462s] Level 1:colcon.colcon_core.package_identification:_identify(src) by extension 'ros'
[0.462s] Level 1:colcon.colcon_core.package_identification:_identify(src) by extensions ['cmake', 'python']
[0.462s] Level 1:colcon.colcon_core.package_identification:_identify(src) by extension 'cmake'
[0.462s] Level 1:colcon.colcon_core.package_identification:_identify(src) by extension 'python'
[0.462s] Level 1:colcon.colcon_core.package_identification:_identify(src) by extensions ['python_setup_py']
[0.462s] Level 1:colcon.colcon_core.package_identification:_identify(src) by extension 'python_setup_py'
[0.462s] Level 1:colcon.colcon_core.package_identification:_identify(src/action_file) by extensions ['ignore', 'ignore_ament_install']
[0.463s] Level 1:colcon.colcon_core.package_identification:_identify(src/action_file) by extension 'ignore'
[0.463s] Level 1:colcon.colcon_core.package_identification:_identify(src/action_file) by extension 'ignore_ament_install'
[0.463s] Level 1:colcon.colcon_core.package_identification:_identify(src/action_file) by extensions ['colcon_pkg']
[0.463s] Level 1:colcon.colcon_core.package_identification:_identify(src/action_file) by extension 'colcon_pkg'
[0.463s] Level 1:colcon.colcon_core.package_identification:_identify(src/action_file) by extensions ['colcon_meta']
[0.463s] Level 1:colcon.colcon_core.package_identification:_identify(src/action_file) by extension 'colcon_meta'
[0.463s] Level 1:colcon.colcon_core.package_identification:_identify(src/action_file) by extensions ['ros']
[0.463s] Level 1:colcon.colcon_core.package_identification:_identify(src/action_file) by extension 'ros'
[0.466s] DEBUG:colcon.colcon_core.package_identification:Package 'src/action_file' with type 'ros.ament_cmake' and name 'action_file'
[0.466s] Level 1:colcon.colcon_core.package_identification:_identify(src/bumperbot_controller) by extensions ['ignore', 'ignore_ament_install']
[0.466s] Level 1:colcon.colcon_core.package_identification:_identify(src/bumperbot_controller) by extension 'ignore'
[0.466s] Level 1:colcon.colcon_core.package_identification:_identify(src/bumperbot_controller) by extension 'ignore_ament_install'
[0.466s] Level 1:colcon.colcon_core.package_identification:_identify(src/bumperbot_controller) by extensions ['colcon_pkg']
[0.466s] Level 1:colcon.colcon_core.package_identification:_identify(src/bumperbot_controller) by extension 'colcon_pkg'
[0.466s] Level 1:colcon.colcon_core.package_identification:_identify(src/bumperbot_controller) by extensions ['colcon_meta']
[0.466s] Level 1:colcon.colcon_core.package_identification:_identify(src/bumperbot_controller) by extension 'colcon_meta'
[0.467s] Level 1:colcon.colcon_core.package_identification:_identify(src/bumperbot_controller) by extensions ['ros']
[0.467s] Level 1:colcon.colcon_core.package_identification:_identify(src/bumperbot_controller) by extension 'ros'
[0.468s] DEBUG:colcon.colcon_core.package_identification:Package 'src/bumperbot_controller' with type 'ros.ament_cmake' and name 'bumperbot_controller'
[0.468s] Level 1:colcon.colcon_core.package_identification:_identify(src/bumperbot_description) by extensions ['ignore', 'ignore_ament_install']
[0.468s] Level 1:colcon.colcon_core.package_identification:_identify(src/bumperbot_description) by extension 'ignore'
[0.468s] Level 1:colcon.colcon_core.package_identification:_identify(src/bumperbot_description) by extension 'ignore_ament_install'
[0.468s] Level 1:colcon.colcon_core.package_identification:_identify(src/bumperbot_description) by extensions ['colcon_pkg']
[0.468s] Level 1:colcon.colcon_core.package_identification:_identify(src/bumperbot_description) by extension 'colcon_pkg'
[0.468s] Level 1:colcon.colcon_core.package_identification:_identify(src/bumperbot_description) by extensions ['colcon_meta']
[0.468s] Level 1:colcon.colcon_core.package_identification:_identify(src/bumperbot_description) by extension 'colcon_meta'
[0.468s] Level 1:colcon.colcon_core.package_identification:_identify(src/bumperbot_description) by extensions ['ros']
[0.468s] Level 1:colcon.colcon_core.package_identification:_identify(src/bumperbot_description) by extension 'ros'
[0.470s] DEBUG:colcon.colcon_core.package_identification:Package 'src/bumperbot_description' with type 'ros.ament_cmake' and name 'bumperbot_description'
[0.470s] Level 1:colcon.colcon_core.package_identification:_identify(src/bumperbot_localization) by extensions ['ignore', 'ignore_ament_install']
[0.470s] Level 1:colcon.colcon_core.package_identification:_identify(src/bumperbot_localization) by extension 'ignore'
[0.470s] Level 1:colcon.colcon_core.package_identification:_identify(src/bumperbot_localization) by extension 'ignore_ament_install'
[0.471s] Level 1:colcon.colcon_core.package_identification:_identify(src/bumperbot_localization) by extensions ['colcon_pkg']
[0.471s] Level 1:colcon.colcon_core.package_identification:_identify(src/bumperbot_localization) by extension 'colcon_pkg'
[0.471s] Level 1:colcon.colcon_core.package_identification:_identify(src/bumperbot_localization) by extensions ['colcon_meta']
[0.471s] Level 1:colcon.colcon_core.package_identification:_identify(src/bumperbot_localization) by extension 'colcon_meta'
[0.471s] Level 1:colcon.colcon_core.package_identification:_identify(src/bumperbot_localization) by extensions ['ros']
[0.471s] Level 1:colcon.colcon_core.package_identification:_identify(src/bumperbot_localization) by extension 'ros'
[0.472s] DEBUG:colcon.colcon_core.package_identification:Package 'src/bumperbot_localization' with type 'ros.ament_cmake' and name 'bumperbot_localization'
[0.472s] Level 1:colcon.colcon_core.package_identification:_identify(src/motion_pkg) by extensions ['ignore', 'ignore_ament_install']
[0.472s] Level 1:colcon.colcon_core.package_identification:_identify(src/motion_pkg) by extension 'ignore'
[0.472s] Level 1:colcon.colcon_core.package_identification:_identify(src/motion_pkg) by extension 'ignore_ament_install'
[0.472s] Level 1:colcon.colcon_core.package_identification:_identify(src/motion_pkg) by extensions ['colcon_pkg']
[0.472s] Level 1:colcon.colcon_core.package_identification:_identify(src/motion_pkg) by extension 'colcon_pkg'
[0.472s] Level 1:colcon.colcon_core.package_identification:_identify(src/motion_pkg) by extensions ['colcon_meta']
[0.472s] Level 1:colcon.colcon_core.package_identification:_identify(src/motion_pkg) by extension 'colcon_meta'
[0.472s] Level 1:colcon.colcon_core.package_identification:_identify(src/motion_pkg) by extensions ['ros']
[0.472s] Level 1:colcon.colcon_core.package_identification:_identify(src/motion_pkg) by extension 'ros'
[0.473s] DEBUG:colcon.colcon_core.package_identification:Package 'src/motion_pkg' with type 'ros.ament_python' and name 'motion_pkg'
[0.473s] Level 1:colcon.colcon_core.package_discovery:discover_packages(recursive) using defaults
[0.473s] Level 1:colcon.colcon_core.package_discovery:discover_packages(ignore) discover
[0.473s] Level 1:colcon.colcon_core.package_discovery:discover_packages(ignore) using defaults
[0.473s] Level 1:colcon.colcon_core.package_discovery:discover_packages(path) discover
[0.473s] Level 1:colcon.colcon_core.package_discovery:discover_packages(path) using defaults
[0.498s] Level 1:colcon.colcon_core.package_discovery:discover_packages(prefix_path) check parameters
[0.498s] Level 1:colcon.colcon_core.package_discovery:discover_packages(prefix_path) discover
[0.500s] DEBUG:colcon.colcon_installed_package_information.package_discovery:Found 5 installed packages in /home/mido/Music/phase_one_ws/install
[0.502s] DEBUG:colcon.colcon_installed_package_information.package_discovery:Found 389 installed packages in /opt/ros/humble
[0.503s] Level 1:colcon.colcon_core.package_discovery:discover_packages(prefix_path) using defaults
[0.544s] Level 5:colcon.colcon_core.verb:set package 'action_file' build argument 'cmake_args' from command line to 'None'
[0.544s] Level 5:colcon.colcon_core.verb:set package 'action_file' build argument 'cmake_target' from command line to 'None'
[0.544s] Level 5:colcon.colcon_core.verb:set package 'action_file' build argument 'cmake_target_skip_unavailable' from command line to 'False'
[0.544s] Level 5:colcon.colcon_core.verb:set package 'action_file' build argument 'cmake_clean_cache' from command line to 'False'
[0.544s] Level 5:colcon.colcon_core.verb:set package 'action_file' build argument 'cmake_clean_first' from command line to 'False'
[0.544s] Level 5:colcon.colcon_core.verb:set package 'action_file' build argument 'cmake_force_configure' from command line to 'False'
[0.544s] Level 5:colcon.colcon_core.verb:set package 'action_file' build argument 'ament_cmake_args' from command line to 'None'
[0.544s] Level 5:colcon.colcon_core.verb:set package 'action_file' build argument 'catkin_cmake_args' from command line to 'None'
[0.544s] Level 5:colcon.colcon_core.verb:set package 'action_file' build argument 'catkin_skip_building_tests' from command line to 'False'
[0.544s] DEBUG:colcon.colcon_core.verb:Building package 'action_file' with the following arguments: {'ament_cmake_args': None, 'build_base': '/home/mido/Music/phase_one_ws/build/action_file', 'catkin_cmake_args': None, 'catkin_skip_building_tests': False, 'cmake_args': None, 'cmake_clean_cache': False, 'cmake_clean_first': False, 'cmake_force_configure': False, 'cmake_target': None, 'cmake_target_skip_unavailable': False, 'install_base': '/home/mido/Music/phase_one_ws/install/action_file', 'merge_install': False, 'path': '/home/mido/Music/phase_one_ws/src/action_file', 'symlink_install': False, 'test_result_base': None}
[0.545s] Level 5:colcon.colcon_core.verb:set package 'bumperbot_controller' build argument 'cmake_args' from command line to 'None'
[0.545s] Level 5:colcon.colcon_core.verb:set package 'bumperbot_controller' build argument 'cmake_target' from command line to 'None'
[0.545s] Level 5:colcon.colcon_core.verb:set package 'bumperbot_controller' build argument 'cmake_target_skip_unavailable' from command line to 'False'
[0.545s] Level 5:colcon.colcon_core.verb:set package 'bumperbot_controller' build argument 'cmake_clean_cache' from command line to 'False'
[0.545s] Level 5:colcon.colcon_core.verb:set package 'bumperbot_controller' build argument 'cmake_clean_first' from command line to 'False'
[0.545s] Level 5:colcon.colcon_core.verb:set package 'bumperbot_controller' build argument 'cmake_force_configure' from command line to 'False'
[0.545s] Level 5:colcon.colcon_core.verb:set package 'bumperbot_controller' build argument 'ament_cmake_args' from command line to 'None'
[0.545s] Level 5:colcon.colcon_core.verb:set package 'bumperbot_controller' build argument 'catkin_cmake_args' from command line to 'None'
[0.545s] Level 5:colcon.colcon_core.verb:set package 'bumperbot_controller' build argument 'catkin_skip_building_tests' from command line to 'False'
[0.545s] DEBUG:colcon.colcon_core.verb:Building package 'bumperbot_controller' with the following arguments: {'ament_cmake_args': None, 'build_base': '/home/mido/Music/phase_one_ws/build/bumperbot_controller', 'catkin_cmake_args': None, 'catkin_skip_building_tests': False, 'cmake_args': None, 'cmake_clean_cache': False, 'cmake_clean_first': False, 'cmake_force_configure': False, 'cmake_target': None, 'cmake_target_skip_unavailable': False, 'install_base': '/home/mido/Music/phase_one_ws/install/bumperbot_controller', 'merge_install': False, 'path': '/home/mido/Music/phase_one_ws/src/bumperbot_controller', 'symlink_install': False, 'test_result_base': None}
[0.545s] Level 5:colcon.colcon_core.verb:set package 'bumperbot_description' build argument 'cmake_args' from command line to 'None'
[0.545s] Level 5:colcon.colcon_core.verb:set package 'bumperbot_description' build argument 'cmake_target' from command line to 'None'
[0.545s] Level 5:colcon.colcon_core.verb:set package 'bumperbot_description' build argument 'cmake_target_skip_unavailable' from command line to 'False'
[0.545s] Level 5:colcon.colcon_core.verb:set package 'bumperbot_description' build argument 'cmake_clean_cache' from command line to 'False'
[0.545s] Level 5:colcon.colcon_core.verb:set package 'bumperbot_description' build argument 'cmake_clean_first' from command line to 'False'
[0.545s] Level 5:colcon.colcon_core.verb:set package 'bumperbot_description' build argument 'cmake_force_configure' from command line to 'False'
[0.545s] Level 5:colcon.colcon_core.verb:set package 'bumperbot_description' build argument 'ament_cmake_args' from command line to 'None'
[0.545s] Level 5:colcon.colcon_core.verb:set package 'bumperbot_description' build argument 'catkin_cmake_args' from command line to 'None'
[0.546s] Level 5:colcon.colcon_core.verb:set package 'bumperbot_description' build argument 'catkin_skip_building_tests' from command line to 'False'
[0.546s] DEBUG:colcon.colcon_core.verb:Building package 'bumperbot_description' with the following arguments: {'ament_cmake_args': None, 'build_base': '/home/mido/Music/phase_one_ws/build/bumperbot_description', 'catkin_cmake_args': None, 'catkin_skip_building_tests': False, 'cmake_args': None, 'cmake_clean_cache': False, 'cmake_clean_first': False, 'cmake_force_configure': False, 'cmake_target': None, 'cmake_target_skip_unavailable': False, 'install_base': '/home/mido/Music/phase_one_ws/install/bumperbot_description', 'merge_install': False, 'path': '/home/mido/Music/phase_one_ws/src/bumperbot_description', 'symlink_install': False, 'test_result_base': None}
[0.546s] Level 5:colcon.colcon_core.verb:set package 'bumperbot_localization' build argument 'cmake_args' from command line to 'None'
[0.546s] Level 5:colcon.colcon_core.verb:set package 'bumperbot_localization' build argument 'cmake_target' from command line to 'None'
[0.546s] Level 5:colcon.colcon_core.verb:set package 'bumperbot_localization' build argument 'cmake_target_skip_unavailable' from command line to 'False'
[0.546s] Level 5:colcon.colcon_core.verb:set package 'bumperbot_localization' build argument 'cmake_clean_cache' from command line to 'False'
[0.546s] Level 5:colcon.colcon_core.verb:set package 'bumperbot_localization' build argument 'cmake_clean_first' from command line to 'False'
[0.546s] Level 5:colcon.colcon_core.verb:set package 'bumperbot_localization' build argument 'cmake_force_configure' from command line to 'False'
[0.546s] Level 5:colcon.colcon_core.verb:set package 'bumperbot_localization' build argument 'ament_cmake_args' from command line to 'None'
[0.546s] Level 5:colcon.colcon_core.verb:set package 'bumperbot_localization' build argument 'catkin_cmake_args' from command line to 'None'
[0.546s] Level 5:colcon.colcon_core.verb:set package 'bumperbot_localization' build argument 'catkin_skip_building_tests' from command line to 'False'
[0.546s] DEBUG:colcon.colcon_core.verb:Building package 'bumperbot_localization' with the following arguments: {'ament_cmake_args': None, 'build_base': '/home/mido/Music/phase_one_ws/build/bumperbot_localization', 'catkin_cmake_args': None, 'catkin_skip_building_tests': False, 'cmake_args': None, 'cmake_clean_cache': False, 'cmake_clean_first': False, 'cmake_force_configure': False, 'cmake_target': None, 'cmake_target_skip_unavailable': False, 'install_base': '/home/mido/Music/phase_one_ws/install/bumperbot_localization', 'merge_install': False, 'path': '/home/mido/Music/phase_one_ws/src/bumperbot_localization', 'symlink_install': False, 'test_result_base': None}
[0.546s] Level 5:colcon.colcon_core.verb:set package 'motion_pkg' build argument 'cmake_args' from command line to 'None'
[0.546s] Level 5:colcon.colcon_core.verb:set package 'motion_pkg' build argument 'cmake_target' from command line to 'None'
[0.546s] Level 5:colcon.colcon_core.verb:set package 'motion_pkg' build argument 'cmake_target_skip_unavailable' from command line to 'False'
[0.546s] Level 5:colcon.colcon_core.verb:set package 'motion_pkg' build argument 'cmake_clean_cache' from command line to 'False'
[0.546s] Level 5:colcon.colcon_core.verb:set package 'motion_pkg' build argument 'cmake_clean_first' from command line to 'False'
[0.546s] Level 5:colcon.colcon_core.verb:set package 'motion_pkg' build argument 'cmake_force_configure' from command line to 'False'
[0.546s] Level 5:colcon.colcon_core.verb:set package 'motion_pkg' build argument 'ament_cmake_args' from command line to 'None'
[0.546s] Level 5:colcon.colcon_core.verb:set package 'motion_pkg' build argument 'catkin_cmake_args' from command line to 'None'
[0.546s] Level 5:colcon.colcon_core.verb:set package 'motion_pkg' build argument 'catkin_skip_building_tests' from command line to 'False'
[0.547s] DEBUG:colcon.colcon_core.verb:Building package 'motion_pkg' with the following arguments: {'ament_cmake_args': None, 'build_base': '/home/mido/Music/phase_one_ws/build/motion_pkg', 'catkin_cmake_args': None, 'catkin_skip_building_tests': False, 'cmake_args': None, 'cmake_clean_cache': False, 'cmake_clean_first': False, 'cmake_force_configure': False, 'cmake_target': None, 'cmake_target_skip_unavailable': False, 'install_base': '/home/mido/Music/phase_one_ws/install/motion_pkg', 'merge_install': False, 'path': '/home/mido/Music/phase_one_ws/src/motion_pkg', 'symlink_install': False, 'test_result_base': None}
[0.547s] INFO:colcon.colcon_core.executor:Executing jobs using 'parallel' executor
[0.547s] DEBUG:colcon.colcon_parallel_executor.executor.parallel:run_until_complete
[0.548s] INFO:colcon.colcon_ros.task.ament_cmake.build:Building ROS package in '/home/mido/Music/phase_one_ws/src/action_file' with build type 'ament_cmake'
[0.548s] INFO:colcon.colcon_cmake.task.cmake.build:Building CMake package in '/home/mido/Music/phase_one_ws/src/action_file'
[0.551s] INFO:colcon.colcon_core.plugin_system:Skipping extension 'colcon_core.shell.bat': Not used on non-Windows systems
[0.552s] INFO:colcon.colcon_core.shell:Skip shell extension 'powershell' for command environment: Not usable outside of PowerShell
[0.552s] DEBUG:colcon.colcon_core.shell:Skip shell extension 'dsv' for command environment
[0.555s] INFO:colcon.colcon_ros.task.ament_cmake.build:Building ROS package in '/home/mido/Music/phase_one_ws/src/bumperbot_controller' with build type 'ament_cmake'
[0.555s] INFO:colcon.colcon_cmake.task.cmake.build:Building CMake package in '/home/mido/Music/phase_one_ws/src/bumperbot_controller'
[0.556s] INFO:colcon.colcon_core.shell:Skip shell extension 'powershell' for command environment: Not usable outside of PowerShell
[0.556s] DEBUG:colcon.colcon_core.shell:Skip shell extension 'dsv' for command environment
[0.559s] INFO:colcon.colcon_ros.task.ament_cmake.build:Building ROS package in '/home/mido/Music/phase_one_ws/src/bumperbot_description' with build type 'ament_cmake'
[0.559s] INFO:colcon.colcon_cmake.task.cmake.build:Building CMake package in '/home/mido/Music/phase_one_ws/src/bumperbot_description'
[0.559s] INFO:colcon.colcon_core.shell:Skip shell extension 'powershell' for command environment: Not usable outside of PowerShell
[0.559s] DEBUG:colcon.colcon_core.shell:Skip shell extension 'dsv' for command environment
[0.563s] INFO:colcon.colcon_ros.task.ament_cmake.build:Building ROS package in '/home/mido/Music/phase_one_ws/src/bumperbot_localization' with build type 'ament_cmake'
[0.563s] INFO:colcon.colcon_cmake.task.cmake.build:Building CMake package in '/home/mido/Music/phase_one_ws/src/bumperbot_localization'
[0.563s] INFO:colcon.colcon_core.shell:Skip shell extension 'powershell' for command environment: Not usable outside of PowerShell
[0.563s] DEBUG:colcon.colcon_core.shell:Skip shell extension 'dsv' for command environment
[0.569s] DEBUG:colcon.colcon_core.event_handler.log_command:Invoking command in '/home/mido/Music/phase_one_ws/build/action_file': CMAKE_PREFIX_PATH=${CMAKE_PREFIX_PATH}:/home/mido/Music/phase_one_ws/install/motion_pkg:/opt/ros/humble /usr/bin/cmake --build /home/mido/Music/phase_one_ws/build/action_file -- -j16 -l16
[0.574s] DEBUG:colcon.colcon_core.event_handler.log_command:Invoking command in '/home/mido/Music/phase_one_ws/build/bumperbot_controller': CMAKE_PREFIX_PATH=${CMAKE_PREFIX_PATH}:/home/mido/Music/phase_one_ws/install/motion_pkg:/opt/ros/humble /usr/bin/cmake --build /home/mido/Music/phase_one_ws/build/bumperbot_controller -- -j16 -l16
[0.577s] DEBUG:colcon.colcon_core.event_handler.log_command:Invoking command in '/home/mido/Music/phase_one_ws/build/bumperbot_description': CMAKE_PREFIX_PATH=${CMAKE_PREFIX_PATH}:/home/mido/Music/phase_one_ws/install/motion_pkg:/opt/ros/humble /usr/bin/cmake --build /home/mido/Music/phase_one_ws/build/bumperbot_description -- -j16 -l16
[0.581s] DEBUG:colcon.colcon_core.event_handler.log_command:Invoking command in '/home/mido/Music/phase_one_ws/build/bumperbot_localization': CMAKE_PREFIX_PATH=${CMAKE_PREFIX_PATH}:/home/mido/Music/phase_one_ws/install/motion_pkg:/opt/ros/humble /usr/bin/cmake --build /home/mido/Music/phase_one_ws/build/bumperbot_localization -- -j16 -l16
[0.633s] DEBUG:colcon.colcon_core.event_handler.log_command:Invoked command in '/home/mido/Music/phase_one_ws/build/bumperbot_description' returned '0': CMAKE_PREFIX_PATH=${CMAKE_PREFIX_PATH}:/home/mido/Music/phase_one_ws/install/motion_pkg:/opt/ros/humble /usr/bin/cmake --build /home/mido/Music/phase_one_ws/build/bumperbot_description -- -j16 -l16
[0.645s] DEBUG:colcon.colcon_core.event_handler.log_command:Invoking command in '/home/mido/Music/phase_one_ws/build/bumperbot_description': CMAKE_PREFIX_PATH=${CMAKE_PREFIX_PATH}:/home/mido/Music/phase_one_ws/install/motion_pkg:/opt/ros/humble /usr/bin/cmake --install /home/mido/Music/phase_one_ws/build/bumperbot_description
[0.657s] Level 1:colcon.colcon_core.environment:create_environment_scripts_only(bumperbot_description)
[0.658s] DEBUG:colcon.colcon_core.event_handler.log_command:Invoked command in '/home/mido/Music/phase_one_ws/build/bumperbot_description' returned '0': CMAKE_PREFIX_PATH=${CMAKE_PREFIX_PATH}:/home/mido/Music/phase_one_ws/install/motion_pkg:/opt/ros/humble /usr/bin/cmake --install /home/mido/Music/phase_one_ws/build/bumperbot_description
[0.665s] Level 1:colcon.colcon_core.environment:checking '/home/mido/Music/phase_one_ws/install/bumperbot_description' for CMake module files
[0.666s] Level 1:colcon.colcon_core.environment:checking '/home/mido/Music/phase_one_ws/install/bumperbot_description' for CMake config files
[0.666s] Level 1:colcon.colcon_core.shell:create_environment_hook('bumperbot_description', 'cmake_prefix_path')
[0.667s] INFO:colcon.colcon_core.shell:Creating environment hook '/home/mido/Music/phase_one_ws/install/bumperbot_description/share/bumperbot_description/hook/cmake_prefix_path.ps1'
[0.668s] INFO:colcon.colcon_core.shell:Creating environment descriptor '/home/mido/Music/phase_one_ws/install/bumperbot_description/share/bumperbot_description/hook/cmake_prefix_path.dsv'
[0.669s] INFO:colcon.colcon_core.shell:Creating environment hook '/home/mido/Music/phase_one_ws/install/bumperbot_description/share/bumperbot_description/hook/cmake_prefix_path.sh'
[0.670s] Level 1:colcon.colcon_core.environment:checking '/home/mido/Music/phase_one_ws/install/bumperbot_description/bin'
[0.670s] Level 1:colcon.colcon_core.environment:checking '/home/mido/Music/phase_one_ws/install/bumperbot_description/lib/pkgconfig/bumperbot_description.pc'
[0.671s] Level 1:colcon.colcon_core.environment:checking '/home/mido/Music/phase_one_ws/install/bumperbot_description/lib/python3.10/site-packages'
[0.671s] Level 1:colcon.colcon_core.environment:checking '/home/mido/Music/phase_one_ws/install/bumperbot_description/bin'
[0.672s] INFO:colcon.colcon_core.shell:Creating package script '/home/mido/Music/phase_one_ws/install/bumperbot_description/share/bumperbot_description/package.ps1'
[0.673s] INFO:colcon.colcon_core.shell:Creating package descriptor '/home/mido/Music/phase_one_ws/install/bumperbot_description/share/bumperbot_description/package.dsv'
[0.674s] INFO:colcon.colcon_core.shell:Creating package script '/home/mido/Music/phase_one_ws/install/bumperbot_description/share/bumperbot_description/package.sh'
[0.677s] INFO:colcon.colcon_core.shell:Creating package script '/home/mido/Music/phase_one_ws/install/bumperbot_description/share/bumperbot_description/package.bash'
[0.678s] INFO:colcon.colcon_core.shell:Creating package script '/home/mido/Music/phase_one_ws/install/bumperbot_description/share/bumperbot_description/package.zsh'
[0.679s] Level 1:colcon.colcon_core.environment:create_file_with_runtime_dependencies(/home/mido/Music/phase_one_ws/install/bumperbot_description/share/colcon-core/packages/bumperbot_description)
[0.681s] Level 1:colcon.colcon_core.environment:create_environment_scripts_only(bumperbot_description)
[0.681s] Level 1:colcon.colcon_core.environment:checking '/home/mido/Music/phase_one_ws/install/bumperbot_description' for CMake module files
[0.681s] Level 1:colcon.colcon_core.environment:checking '/home/mido/Music/phase_one_ws/install/bumperbot_description' for CMake config files
[0.682s] Level 1:colcon.colcon_core.shell:create_environment_hook('bumperbot_description', 'cmake_prefix_path')
[0.682s] INFO:colcon.colcon_core.shell:Creating environment hook '/home/mido/Music/phase_one_ws/install/bumperbot_description/share/bumperbot_description/hook/cmake_prefix_path.ps1'
[0.682s] INFO:colcon.colcon_core.shell:Creating environment descriptor '/home/mido/Music/phase_one_ws/install/bumperbot_description/share/bumperbot_description/hook/cmake_prefix_path.dsv'
[0.683s] INFO:colcon.colcon_core.shell:Creating environment hook '/home/mido/Music/phase_one_ws/install/bumperbot_description/share/bumperbot_description/hook/cmake_prefix_path.sh'
[0.683s] Level 1:colcon.colcon_core.environment:checking '/home/mido/Music/phase_one_ws/install/bumperbot_description/bin'
[0.683s] Level 1:colcon.colcon_core.environment:checking '/home/mido/Music/phase_one_ws/install/bumperbot_description/lib/pkgconfig/bumperbot_description.pc'
[0.684s] Level 1:colcon.colcon_core.environment:checking '/home/mido/Music/phase_one_ws/install/bumperbot_description/lib/python3.10/site-packages'
[0.684s] Level 1:colcon.colcon_core.environment:checking '/home/mido/Music/phase_one_ws/install/bumperbot_description/bin'
[0.684s] INFO:colcon.colcon_core.shell:Creating package script '/home/mido/Music/phase_one_ws/install/bumperbot_description/share/bumperbot_description/package.ps1'
[0.685s] INFO:colcon.colcon_core.shell:Creating package descriptor '/home/mido/Music/phase_one_ws/install/bumperbot_description/share/bumperbot_description/package.dsv'
[0.685s] INFO:colcon.colcon_core.shell:Creating package script '/home/mido/Music/phase_one_ws/install/bumperbot_description/share/bumperbot_description/package.sh'
[0.685s] INFO:colcon.colcon_core.shell:Creating package script '/home/mido/Music/phase_one_ws/install/bumperbot_description/share/bumperbot_description/package.bash'
[0.686s] INFO:colcon.colcon_core.shell:Creating package script '/home/mido/Music/phase_one_ws/install/bumperbot_description/share/bumperbot_description/package.zsh'
[0.686s] Level 1:colcon.colcon_core.environment:create_file_with_runtime_dependencies(/home/mido/Music/phase_one_ws/install/bumperbot_description/share/colcon-core/packages/bumperbot_description)
[0.958s] DEBUG:colcon.colcon_core.event_handler.log_command:Invoked command in '/home/mido/Music/phase_one_ws/build/bumperbot_localization' returned '0': CMAKE_PREFIX_PATH=${CMAKE_PREFIX_PATH}:/home/mido/Music/phase_one_ws/install/motion_pkg:/opt/ros/humble /usr/bin/cmake --build /home/mido/Music/phase_one_ws/build/bumperbot_localization -- -j16 -l16
[0.961s] DEBUG:colcon.colcon_core.event_handler.log_command:Invoking command in '/home/mido/Music/phase_one_ws/build/bumperbot_localization': CMAKE_PREFIX_PATH=${CMAKE_PREFIX_PATH}:/home/mido/Music/phase_one_ws/install/motion_pkg:/opt/ros/humble /usr/bin/cmake --install /home/mido/Music/phase_one_ws/build/bumperbot_localization
[0.962s] DEBUG:colcon.colcon_core.event_handler.log_command:Invoked command in '/home/mido/Music/phase_one_ws/build/bumperbot_controller' returned '0': CMAKE_PREFIX_PATH=${CMAKE_PREFIX_PATH}:/home/mido/Music/phase_one_ws/install/motion_pkg:/opt/ros/humble /usr/bin/cmake --build /home/mido/Music/phase_one_ws/build/bumperbot_controller -- -j16 -l16
[0.964s] DEBUG:colcon.colcon_core.event_handler.log_command:Invoking command in '/home/mido/Music/phase_one_ws/build/bumperbot_controller': CMAKE_PREFIX_PATH=${CMAKE_PREFIX_PATH}:/home/mido/Music/phase_one_ws/install/motion_pkg:/opt/ros/humble /usr/bin/cmake --install /home/mido/Music/phase_one_ws/build/bumperbot_controller
[0.965s] DEBUG:colcon.colcon_core.event_handler.log_command:Invoked command in '/home/mido/Music/phase_one_ws/build/action_file' returned '0': CMAKE_PREFIX_PATH=${CMAKE_PREFIX_PATH}:/home/mido/Music/phase_one_ws/install/motion_pkg:/opt/ros/humble /usr/bin/cmake --build /home/mido/Music/phase_one_ws/build/action_file -- -j16 -l16
[0.967s] DEBUG:colcon.colcon_core.event_handler.log_command:Invoking command in '/home/mido/Music/phase_one_ws/build/action_file': CMAKE_PREFIX_PATH=${CMAKE_PREFIX_PATH}:/home/mido/Music/phase_one_ws/install/motion_pkg:/opt/ros/humble /usr/bin/cmake --install /home/mido/Music/phase_one_ws/build/action_file
[1.010s] Level 1:colcon.colcon_core.environment:create_environment_scripts_only(bumperbot_localization)
[1.010s] Level 1:colcon.colcon_core.environment:checking '/home/mido/Music/phase_one_ws/install/bumperbot_localization' for CMake module files
[1.010s] DEBUG:colcon.colcon_core.event_handler.log_command:Invoked command in '/home/mido/Music/phase_one_ws/build/bumperbot_localization' returned '0': CMAKE_PREFIX_PATH=${CMAKE_PREFIX_PATH}:/home/mido/Music/phase_one_ws/install/motion_pkg:/opt/ros/humble /usr/bin/cmake --install /home/mido/Music/phase_one_ws/build/bumperbot_localization
[1.014s] Level 1:colcon.colcon_core.environment:checking '/home/mido/Music/phase_one_ws/install/bumperbot_localization' for CMake config files
[1.014s] Level 1:colcon.colcon_core.shell:create_environment_hook('bumperbot_localization', 'cmake_prefix_path')
[1.014s] INFO:colcon.colcon_core.shell:Creating environment hook '/home/mido/Music/phase_one_ws/install/bumperbot_localization/share/bumperbot_localization/hook/cmake_prefix_path.ps1'
[1.015s] INFO:colcon.colcon_core.shell:Creating environment descriptor '/home/mido/Music/phase_one_ws/install/bumperbot_localization/share/bumperbot_localization/hook/cmake_prefix_path.dsv'
[1.015s] INFO:colcon.colcon_core.shell:Creating environment hook '/home/mido/Music/phase_one_ws/install/bumperbot_localization/share/bumperbot_localization/hook/cmake_prefix_path.sh'
[1.016s] Level 1:colcon.colcon_core.environment:checking '/home/mido/Music/phase_one_ws/install/bumperbot_localization/bin'
[1.016s] Level 1:colcon.colcon_core.environment:checking '/home/mido/Music/phase_one_ws/install/bumperbot_localization/lib/pkgconfig/bumperbot_localization.pc'
[1.016s] Level 1:colcon.colcon_core.environment:checking '/home/mido/Music/phase_one_ws/install/bumperbot_localization/lib/python3.10/site-packages'
[1.016s] Level 1:colcon.colcon_core.environment:checking '/home/mido/Music/phase_one_ws/install/bumperbot_localization/bin'
[1.016s] INFO:colcon.colcon_core.shell:Creating package script '/home/mido/Music/phase_one_ws/install/bumperbot_localization/share/bumperbot_localization/package.ps1'
[1.017s] INFO:colcon.colcon_core.shell:Creating package descriptor '/home/mido/Music/phase_one_ws/install/bumperbot_localization/share/bumperbot_localization/package.dsv'
[1.017s] INFO:colcon.colcon_core.shell:Creating package script '/home/mido/Music/phase_one_ws/install/bumperbot_localization/share/bumperbot_localization/package.sh'
[1.018s] INFO:colcon.colcon_core.shell:Creating package script '/home/mido/Music/phase_one_ws/install/bumperbot_localization/share/bumperbot_localization/package.bash'
[1.018s] INFO:colcon.colcon_core.shell:Creating package script '/home/mido/Music/phase_one_ws/install/bumperbot_localization/share/bumperbot_localization/package.zsh'
[1.018s] Level 1:colcon.colcon_core.environment:create_file_with_runtime_dependencies(/home/mido/Music/phase_one_ws/install/bumperbot_localization/share/colcon-core/packages/bumperbot_localization)
[1.019s] Level 1:colcon.colcon_core.environment:create_environment_scripts_only(bumperbot_localization)
[1.019s] Level 1:colcon.colcon_core.environment:checking '/home/mido/Music/phase_one_ws/install/bumperbot_localization' for CMake module files
[1.019s] Level 1:colcon.colcon_core.environment:checking '/home/mido/Music/phase_one_ws/install/bumperbot_localization' for CMake config files
[1.020s] Level 1:colcon.colcon_core.shell:create_environment_hook('bumperbot_localization', 'cmake_prefix_path')
[1.020s] INFO:colcon.colcon_core.shell:Creating environment hook '/home/mido/Music/phase_one_ws/install/bumperbot_localization/share/bumperbot_localization/hook/cmake_prefix_path.ps1'
[1.020s] INFO:colcon.colcon_core.shell:Creating environment descriptor '/home/mido/Music/phase_one_ws/install/bumperbot_localization/share/bumperbot_localization/hook/cmake_prefix_path.dsv'
[1.020s] INFO:colcon.colcon_core.shell:Creating environment hook '/home/mido/Music/phase_one_ws/install/bumperbot_localization/share/bumperbot_localization/hook/cmake_prefix_path.sh'
[1.021s] Level 1:colcon.colcon_core.environment:checking '/home/mido/Music/phase_one_ws/install/bumperbot_localization/bin'
[1.021s] Level 1:colcon.colcon_core.environment:checking '/home/mido/Music/phase_one_ws/install/bumperbot_localization/lib/pkgconfig/bumperbot_localization.pc'
[1.021s] Level 1:colcon.colcon_core.environment:checking '/home/mido/Music/phase_one_ws/install/bumperbot_localization/lib/python3.10/site-packages'
[1.021s] Level 1:colcon.colcon_core.environment:checking '/home/mido/Music/phase_one_ws/install/bumperbot_localization/bin'
[1.022s] INFO:colcon.colcon_core.shell:Creating package script '/home/mido/Music/phase_one_ws/install/bumperbot_localization/share/bumperbot_localization/package.ps1'
[1.022s] INFO:colcon.colcon_core.shell:Creating package descriptor '/home/mido/Music/phase_one_ws/install/bumperbot_localization/share/bumperbot_localization/package.dsv'
[1.024s] INFO:colcon.colcon_core.shell:Creating package script '/home/mido/Music/phase_one_ws/install/bumperbot_localization/share/bumperbot_localization/package.sh'
[1.026s] INFO:colcon.colcon_core.shell:Creating package script '/home/mido/Music/phase_one_ws/install/bumperbot_localization/share/bumperbot_localization/package.bash'
[1.027s] INFO:colcon.colcon_core.shell:Creating package script '/home/mido/Music/phase_one_ws/install/bumperbot_localization/share/bumperbot_localization/package.zsh'
[1.028s] Level 1:colcon.colcon_core.environment:create_file_with_runtime_dependencies(/home/mido/Music/phase_one_ws/install/bumperbot_localization/share/colcon-core/packages/bumperbot_localization)
[1.029s] Level 1:colcon.colcon_core.environment:create_environment_scripts_only(bumperbot_controller)
[1.029s] DEBUG:colcon.colcon_core.event_handler.log_command:Invoked command in '/home/mido/Music/phase_one_ws/build/bumperbot_controller' returned '0': CMAKE_PREFIX_PATH=${CMAKE_PREFIX_PATH}:/home/mido/Music/phase_one_ws/install/motion_pkg:/opt/ros/humble /usr/bin/cmake --install /home/mido/Music/phase_one_ws/build/bumperbot_controller
[1.030s] Level 1:colcon.colcon_core.environment:checking '/home/mido/Music/phase_one_ws/install/bumperbot_controller' for CMake module files
[1.030s] Level 1:colcon.colcon_core.environment:checking '/home/mido/Music/phase_one_ws/install/bumperbot_controller' for CMake config files
[1.031s] Level 1:colcon.colcon_core.shell:create_environment_hook('bumperbot_controller', 'cmake_prefix_path')
[1.031s] INFO:colcon.colcon_core.shell:Creating environment hook '/home/mido/Music/phase_one_ws/install/bumperbot_controller/share/bumperbot_controller/hook/cmake_prefix_path.ps1'
[1.031s] INFO:colcon.colcon_core.shell:Creating environment descriptor '/home/mido/Music/phase_one_ws/install/bumperbot_controller/share/bumperbot_controller/hook/cmake_prefix_path.dsv'
[1.031s] INFO:colcon.colcon_core.shell:Creating environment hook '/home/mido/Music/phase_one_ws/install/bumperbot_controller/share/bumperbot_controller/hook/cmake_prefix_path.sh'
[1.032s] Level 1:colcon.colcon_core.environment:checking '/home/mido/Music/phase_one_ws/install/bumperbot_controller/lib'
[1.032s] Level 1:colcon.colcon_core.environment:checking '/home/mido/Music/phase_one_ws/install/bumperbot_controller/bin'
[1.032s] Level 1:colcon.colcon_core.environment:checking '/home/mido/Music/phase_one_ws/install/bumperbot_controller/lib/pkgconfig/bumperbot_controller.pc'
[1.032s] Level 1:colcon.colcon_core.environment:checking '/home/mido/Music/phase_one_ws/install/bumperbot_controller/lib/python3.10/site-packages'
[1.032s] Level 1:colcon.colcon_core.shell:create_environment_hook('bumperbot_controller', 'pythonpath')
[1.032s] INFO:colcon.colcon_core.shell:Creating environment hook '/home/mido/Music/phase_one_ws/install/bumperbot_controller/share/bumperbot_controller/hook/pythonpath.ps1'
[1.033s] INFO:colcon.colcon_core.shell:Creating environment descriptor '/home/mido/Music/phase_one_ws/install/bumperbot_controller/share/bumperbot_controller/hook/pythonpath.dsv'
[1.033s] INFO:colcon.colcon_core.shell:Creating environment hook '/home/mido/Music/phase_one_ws/install/bumperbot_controller/share/bumperbot_controller/hook/pythonpath.sh'
[1.034s] Level 1:colcon.colcon_core.environment:checking '/home/mido/Music/phase_one_ws/install/bumperbot_controller/bin'
[1.034s] INFO:colcon.colcon_core.shell:Creating package script '/home/mido/Music/phase_one_ws/install/bumperbot_controller/share/bumperbot_controller/package.ps1'
[1.034s] INFO:colcon.colcon_core.shell:Creating package descriptor '/home/mido/Music/phase_one_ws/install/bumperbot_controller/share/bumperbot_controller/package.dsv'
[1.034s] INFO:colcon.colcon_core.shell:Creating package script '/home/mido/Music/phase_one_ws/install/bumperbot_controller/share/bumperbot_controller/package.sh'
[1.035s] INFO:colcon.colcon_core.shell:Creating package script '/home/mido/Music/phase_one_ws/install/bumperbot_controller/share/bumperbot_controller/package.bash'
[1.035s] INFO:colcon.colcon_core.shell:Creating package script '/home/mido/Music/phase_one_ws/install/bumperbot_controller/share/bumperbot_controller/package.zsh'
[1.035s] Level 1:colcon.colcon_core.environment:create_file_with_runtime_dependencies(/home/mido/Music/phase_one_ws/install/bumperbot_controller/share/colcon-core/packages/bumperbot_controller)
[1.036s] Level 1:colcon.colcon_core.environment:create_environment_scripts_only(bumperbot_controller)
[1.036s] Level 1:colcon.colcon_core.environment:checking '/home/mido/Music/phase_one_ws/install/bumperbot_controller' for CMake module files
[1.036s] Level 1:colcon.colcon_core.environment:checking '/home/mido/Music/phase_one_ws/install/bumperbot_controller' for CMake config files
[1.037s] Level 1:colcon.colcon_core.shell:create_environment_hook('bumperbot_controller', 'cmake_prefix_path')
[1.037s] INFO:colcon.colcon_core.shell:Creating environment hook '/home/mido/Music/phase_one_ws/install/bumperbot_controller/share/bumperbot_controller/hook/cmake_prefix_path.ps1'
[1.037s] INFO:colcon.colcon_core.shell:Creating environment descriptor '/home/mido/Music/phase_one_ws/install/bumperbot_controller/share/bumperbot_controller/hook/cmake_prefix_path.dsv'
[1.038s] INFO:colcon.colcon_core.shell:Creating environment hook '/home/mido/Music/phase_one_ws/install/bumperbot_controller/share/bumperbot_controller/hook/cmake_prefix_path.sh'
[1.038s] Level 1:colcon.colcon_core.environment:checking '/home/mido/Music/phase_one_ws/install/bumperbot_controller/lib'
[1.038s] Level 1:colcon.colcon_core.environment:checking '/home/mido/Music/phase_one_ws/install/bumperbot_controller/bin'
[1.038s] Level 1:colcon.colcon_core.environment:checking '/home/mido/Music/phase_one_ws/install/bumperbot_controller/lib/pkgconfig/bumperbot_controller.pc'
[1.038s] Level 1:colcon.colcon_core.environment:checking '/home/mido/Music/phase_one_ws/install/bumperbot_controller/lib/python3.10/site-packages'
[1.038s] Level 1:colcon.colcon_core.shell:create_environment_hook('bumperbot_controller', 'pythonpath')
[1.038s] INFO:colcon.colcon_core.shell:Creating environment hook '/home/mido/Music/phase_one_ws/install/bumperbot_controller/share/bumperbot_controller/hook/pythonpath.ps1'
[1.039s] INFO:colcon.colcon_core.shell:Creating environment descriptor '/home/mido/Music/phase_one_ws/install/bumperbot_controller/share/bumperbot_controller/hook/pythonpath.dsv'
[1.039s] INFO:colcon.colcon_core.shell:Creating environment hook '/home/mido/Music/phase_one_ws/install/bumperbot_controller/share/bumperbot_controller/hook/pythonpath.sh'
[1.040s] Level 1:colcon.colcon_core.environment:checking '/home/mido/Music/phase_one_ws/install/bumperbot_controller/bin'
[1.040s] INFO:colcon.colcon_core.shell:Creating package script '/home/mido/Music/phase_one_ws/install/bumperbot_controller/share/bumperbot_controller/package.ps1'
[1.040s] INFO:colcon.colcon_core.shell:Creating package descriptor '/home/mido/Music/phase_one_ws/install/bumperbot_controller/share/bumperbot_controller/package.dsv'
[1.041s] INFO:colcon.colcon_core.shell:Creating package script '/home/mido/Music/phase_one_ws/install/bumperbot_controller/share/bumperbot_controller/package.sh'
[1.041s] INFO:colcon.colcon_core.shell:Creating package script '/home/mido/Music/phase_one_ws/install/bumperbot_controller/share/bumperbot_controller/package.bash'
[1.041s] INFO:colcon.colcon_core.shell:Creating package script '/home/mido/Music/phase_one_ws/install/bumperbot_controller/share/bumperbot_controller/package.zsh'
[1.042s] Level 1:colcon.colcon_core.environment:create_file_with_runtime_dependencies(/home/mido/Music/phase_one_ws/install/bumperbot_controller/share/colcon-core/packages/bumperbot_controller)
[1.043s] Level 1:colcon.colcon_core.environment:create_environment_scripts_only(action_file)
[1.043s] Level 1:colcon.colcon_core.environment:checking '/home/mido/Music/phase_one_ws/install/action_file' for CMake module files
[1.043s] DEBUG:colcon.colcon_core.event_handler.log_command:Invoked command in '/home/mido/Music/phase_one_ws/build/action_file' returned '0': CMAKE_PREFIX_PATH=${CMAKE_PREFIX_PATH}:/home/mido/Music/phase_one_ws/install/motion_pkg:/opt/ros/humble /usr/bin/cmake --install /home/mido/Music/phase_one_ws/build/action_file
[1.044s] Level 1:colcon.colcon_core.environment:checking '/home/mido/Music/phase_one_ws/install/action_file' for CMake config files
[1.044s] Level 1:colcon.colcon_core.shell:create_environment_hook('action_file', 'cmake_prefix_path')
[1.045s] INFO:colcon.colcon_core.shell:Creating environment hook '/home/mido/Music/phase_one_ws/install/action_file/share/action_file/hook/cmake_prefix_path.ps1'
[1.045s] INFO:colcon.colcon_core.shell:Creating environment descriptor '/home/mido/Music/phase_one_ws/install/action_file/share/action_file/hook/cmake_prefix_path.dsv'
[1.045s] INFO:colcon.colcon_core.shell:Creating environment hook '/home/mido/Music/phase_one_ws/install/action_file/share/action_file/hook/cmake_prefix_path.sh'
[1.046s] Level 1:colcon.colcon_core.environment:checking '/home/mido/Music/phase_one_ws/install/action_file/lib'
[1.046s] Level 1:colcon.colcon_core.shell:create_environment_hook('action_file', 'ld_library_path_lib')
[1.046s] INFO:colcon.colcon_core.shell:Creating environment hook '/home/mido/Music/phase_one_ws/install/action_file/share/action_file/hook/ld_library_path_lib.ps1'
[1.046s] INFO:colcon.colcon_core.shell:Creating environment descriptor '/home/mido/Music/phase_one_ws/install/action_file/share/action_file/hook/ld_library_path_lib.dsv'
[1.046s] INFO:colcon.colcon_core.shell:Creating environment hook '/home/mido/Music/phase_one_ws/install/action_file/share/action_file/hook/ld_library_path_lib.sh'
[1.047s] Level 1:colcon.colcon_core.environment:checking '/home/mido/Music/phase_one_ws/install/action_file/bin'
[1.047s] Level 1:colcon.colcon_core.environment:checking '/home/mido/Music/phase_one_ws/install/action_file/lib/pkgconfig/action_file.pc'
[1.047s] Level 1:colcon.colcon_core.environment:checking '/home/mido/Music/phase_one_ws/install/action_file/lib/python3.10/site-packages'
[1.047s] Level 1:colcon.colcon_core.environment:checking '/home/mido/Music/phase_one_ws/install/action_file/bin'
[1.047s] INFO:colcon.colcon_core.shell:Creating package script '/home/mido/Music/phase_one_ws/install/action_file/share/action_file/package.ps1'
[1.048s] INFO:colcon.colcon_core.shell:Creating package descriptor '/home/mido/Music/phase_one_ws/install/action_file/share/action_file/package.dsv'
[1.048s] INFO:colcon.colcon_core.shell:Creating package script '/home/mido/Music/phase_one_ws/install/action_file/share/action_file/package.sh'
[1.049s] INFO:colcon.colcon_core.shell:Creating package script '/home/mido/Music/phase_one_ws/install/action_file/share/action_file/package.bash'
[1.049s] INFO:colcon.colcon_core.shell:Creating package script '/home/mido/Music/phase_one_ws/install/action_file/share/action_file/package.zsh'
[1.049s] Level 1:colcon.colcon_core.environment:create_file_with_runtime_dependencies(/home/mido/Music/phase_one_ws/install/action_file/share/colcon-core/packages/action_file)
[1.050s] Level 1:colcon.colcon_core.environment:create_environment_scripts_only(action_file)
[1.050s] Level 1:colcon.colcon_core.environment:checking '/home/mido/Music/phase_one_ws/install/action_file' for CMake module files
[1.050s] Level 1:colcon.colcon_core.environment:checking '/home/mido/Music/phase_one_ws/install/action_file' for CMake config files
[1.051s] Level 1:colcon.colcon_core.shell:create_environment_hook('action_file', 'cmake_prefix_path')
[1.051s] INFO:colcon.colcon_core.shell:Creating environment hook '/home/mido/Music/phase_one_ws/install/action_file/share/action_file/hook/cmake_prefix_path.ps1'
[1.051s] INFO:colcon.colcon_core.shell:Creating environment descriptor '/home/mido/Music/phase_one_ws/install/action_file/share/action_file/hook/cmake_prefix_path.dsv'
[1.052s] INFO:colcon.colcon_core.shell:Creating environment hook '/home/mido/Music/phase_one_ws/install/action_file/share/action_file/hook/cmake_prefix_path.sh'
[1.052s] Level 1:colcon.colcon_core.environment:checking '/home/mido/Music/phase_one_ws/install/action_file/lib'
[1.052s] Level 1:colcon.colcon_core.shell:create_environment_hook('action_file', 'ld_library_path_lib')
[1.052s] INFO:colcon.colcon_core.shell:Creating environment hook '/home/mido/Music/phase_one_ws/install/action_file/share/action_file/hook/ld_library_path_lib.ps1'
[1.053s] INFO:colcon.colcon_core.shell:Creating environment descriptor '/home/mido/Music/phase_one_ws/install/action_file/share/action_file/hook/ld_library_path_lib.dsv'
[1.053s] INFO:colcon.colcon_core.shell:Creating environment hook '/home/mido/Music/phase_one_ws/install/action_file/share/action_file/hook/ld_library_path_lib.sh'
[1.053s] Level 1:colcon.colcon_core.environment:checking '/home/mido/Music/phase_one_ws/install/action_file/bin'
[1.053s] Level 1:colcon.colcon_core.environment:checking '/home/mido/Music/phase_one_ws/install/action_file/lib/pkgconfig/action_file.pc'
[1.053s] Level 1:colcon.colcon_core.environment:checking '/home/mido/Music/phase_one_ws/install/action_file/lib/python3.10/site-packages'
[1.054s] Level 1:colcon.colcon_core.environment:checking '/home/mido/Music/phase_one_ws/install/action_file/bin'
[1.054s] INFO:colcon.colcon_core.shell:Creating package script '/home/mido/Music/phase_one_ws/install/action_file/share/action_file/package.ps1'
[1.054s] INFO:colcon.colcon_core.shell:Creating package descriptor '/home/mido/Music/phase_one_ws/install/action_file/share/action_file/package.dsv'
[1.055s] INFO:colcon.colcon_core.shell:Creating package script '/home/mido/Music/phase_one_ws/install/action_file/share/action_file/package.sh'
[1.055s] INFO:colcon.colcon_core.shell:Creating package script '/home/mido/Music/phase_one_ws/install/action_file/share/action_file/package.bash'
[1.055s] INFO:colcon.colcon_core.shell:Creating package script '/home/mido/Music/phase_one_ws/install/action_file/share/action_file/package.zsh'
[1.056s] Level 1:colcon.colcon_core.environment:create_file_with_runtime_dependencies(/home/mido/Music/phase_one_ws/install/action_file/share/colcon-core/packages/action_file)
[1.056s] INFO:colcon.colcon_ros.task.ament_python.build:Building ROS package in '/home/mido/Music/phase_one_ws/src/motion_pkg' with build type 'ament_python'
[1.057s] Level 1:colcon.colcon_core.shell:create_environment_hook('motion_pkg', 'ament_prefix_path')
[1.057s] INFO:colcon.colcon_core.shell:Creating environment hook '/home/mido/Music/phase_one_ws/install/motion_pkg/share/motion_pkg/hook/ament_prefix_path.ps1'
[1.057s] INFO:colcon.colcon_core.shell:Creating environment descriptor '/home/mido/Music/phase_one_ws/install/motion_pkg/share/motion_pkg/hook/ament_prefix_path.dsv'
[1.058s] INFO:colcon.colcon_core.shell:Creating environment hook '/home/mido/Music/phase_one_ws/install/motion_pkg/share/motion_pkg/hook/ament_prefix_path.sh'
[1.059s] INFO:colcon.colcon_core.shell:Skip shell extension 'powershell' for command environment: Not usable outside of PowerShell
[1.059s] DEBUG:colcon.colcon_core.shell:Skip shell extension 'dsv' for command environment
[1.314s] INFO:colcon.colcon_core.task.python.build:Building Python package in '/home/mido/Music/phase_one_ws/src/motion_pkg'
[1.314s] INFO:colcon.colcon_core.shell:Skip shell extension 'powershell' for command environment: Not usable outside of PowerShell
[1.315s] DEBUG:colcon.colcon_core.shell:Skip shell extension 'dsv' for command environment
[1.676s] DEBUG:colcon.colcon_core.event_handler.log_command:Invoking command in '/home/mido/Music/phase_one_ws/src/motion_pkg': CMAKE_PREFIX_PATH=/home/mido/Music/phase_one_ws/install/action_file:/home/mido/Music/phase_one_ws/install/bumperbot_localization:/home/mido/Music/phase_one_ws/install/bumperbot_description:/home/mido/Music/phase_one_ws/install/bumperbot_controller PYTHONPATH=/home/mido/Music/phase_one_ws/build/motion_pkg/prefix_override:/usr/lib/python3/dist-packages/colcon_core/task/python/colcon_distutils_commands:/home/mido/Music/phase_one_ws/install/motion_pkg/lib/python3.10/site-packages:${PYTHONPATH} /usr/bin/python3 -W ignore:setup.py install is deprecated -W ignore:easy_install command is deprecated setup.py egg_info --egg-base ../../build/motion_pkg build --build-base /home/mido/Music/phase_one_ws/build/motion_pkg/build install --record /home/mido/Music/phase_one_ws/build/motion_pkg/install.log --single-version-externally-managed install_data
[1.968s] Level 1:colcon.colcon_core.environment:checking '/home/mido/Music/phase_one_ws/install/motion_pkg' for CMake module files
[1.968s] Level 1:colcon.colcon_core.environment:checking '/home/mido/Music/phase_one_ws/install/motion_pkg' for CMake config files
[1.969s] DEBUG:colcon.colcon_core.event_handler.log_command:Invoked command in '/home/mido/Music/phase_one_ws/src/motion_pkg' returned '0': CMAKE_PREFIX_PATH=/home/mido/Music/phase_one_ws/install/action_file:/home/mido/Music/phase_one_ws/install/bumperbot_localization:/home/mido/Music/phase_one_ws/install/bumperbot_description:/home/mido/Music/phase_one_ws/install/bumperbot_controller PYTHONPATH=/home/mido/Music/phase_one_ws/build/motion_pkg/prefix_override:/usr/lib/python3/dist-packages/colcon_core/task/python/colcon_distutils_commands:/home/mido/Music/phase_one_ws/install/motion_pkg/lib/python3.10/site-packages:${PYTHONPATH} /usr/bin/python3 -W ignore:setup.py install is deprecated -W ignore:easy_install command is deprecated setup.py egg_info --egg-base ../../build/motion_pkg build --build-base /home/mido/Music/phase_one_ws/build/motion_pkg/build install --record /home/mido/Music/phase_one_ws/build/motion_pkg/install.log --single-version-externally-managed install_data
[1.969s] Level 1:colcon.colcon_core.environment:checking '/home/mido/Music/phase_one_ws/install/motion_pkg/lib'
[1.969s] Level 1:colcon.colcon_core.environment:checking '/home/mido/Music/phase_one_ws/install/motion_pkg/bin'
[1.969s] Level 1:colcon.colcon_core.environment:checking '/home/mido/Music/phase_one_ws/install/motion_pkg/lib/pkgconfig/motion_pkg.pc'
[1.970s] Level 1:colcon.colcon_core.environment:checking '/home/mido/Music/phase_one_ws/install/motion_pkg/lib/python3.10/site-packages'
[1.970s] Level 1:colcon.colcon_core.shell:create_environment_hook('motion_pkg', 'pythonpath')
[1.970s] INFO:colcon.colcon_core.shell:Creating environment hook '/home/mido/Music/phase_one_ws/install/motion_pkg/share/motion_pkg/hook/pythonpath.ps1'
[1.970s] INFO:colcon.colcon_core.shell:Creating environment descriptor '/home/mido/Music/phase_one_ws/install/motion_pkg/share/motion_pkg/hook/pythonpath.dsv'
[1.971s] INFO:colcon.colcon_core.shell:Creating environment hook '/home/mido/Music/phase_one_ws/install/motion_pkg/share/motion_pkg/hook/pythonpath.sh'
[1.971s] Level 1:colcon.colcon_core.environment:checking '/home/mido/Music/phase_one_ws/install/motion_pkg/bin'
[1.971s] Level 1:colcon.colcon_core.environment:create_environment_scripts_only(motion_pkg)
[1.971s] INFO:colcon.colcon_core.shell:Creating package script '/home/mido/Music/phase_one_ws/install/motion_pkg/share/motion_pkg/package.ps1'
[1.972s] INFO:colcon.colcon_core.shell:Creating package descriptor '/home/mido/Music/phase_one_ws/install/motion_pkg/share/motion_pkg/package.dsv'
[1.972s] INFO:colcon.colcon_core.shell:Creating package script '/home/mido/Music/phase_one_ws/install/motion_pkg/share/motion_pkg/package.sh'
[1.972s] INFO:colcon.colcon_core.shell:Creating package script '/home/mido/Music/phase_one_ws/install/motion_pkg/share/motion_pkg/package.bash'
[1.973s] INFO:colcon.colcon_core.shell:Creating package script '/home/mido/Music/phase_one_ws/install/motion_pkg/share/motion_pkg/package.zsh'
[1.973s] Level 1:colcon.colcon_core.environment:create_file_with_runtime_dependencies(/home/mido/Music/phase_one_ws/install/motion_pkg/share/colcon-core/packages/motion_pkg)
[1.973s] DEBUG:colcon.colcon_parallel_executor.executor.parallel:closing loop
[1.974s] DEBUG:colcon.colcon_parallel_executor.executor.parallel:loop closed
[1.974s] DEBUG:colcon.colcon_parallel_executor.executor.parallel:run_until_complete finished with '0'
[1.974s] DEBUG:colcon.colcon_core.event_reactor:joining thread
[1.980s] INFO:colcon.colcon_core.plugin_system:Skipping extension 'colcon_notification.desktop_notification.terminal_notifier': Not used on non-Darwin systems
[1.980s] INFO:colcon.colcon_core.plugin_system:Skipping extension 'colcon_notification.desktop_notification.win32': Not used on non-Windows systems
[1.980s] INFO:colcon.colcon_notification.desktop_notification:Sending desktop notification using 'notify2'
[1.989s] DEBUG:colcon.colcon_core.event_reactor:joined thread
[1.989s] INFO:colcon.colcon_core.shell:Creating prefix script '/home/mido/Music/phase_one_ws/install/local_setup.ps1'
[1.990s] INFO:colcon.colcon_core.shell:Creating prefix util module '/home/mido/Music/phase_one_ws/install/_local_setup_util_ps1.py'
[1.992s] INFO:colcon.colcon_core.shell:Creating prefix chain script '/home/mido/Music/phase_one_ws/install/setup.ps1'
[1.993s] INFO:colcon.colcon_core.shell:Creating prefix script '/home/mido/Music/phase_one_ws/install/local_setup.sh'
[1.993s] INFO:colcon.colcon_core.shell:Creating prefix util module '/home/mido/Music/phase_one_ws/install/_local_setup_util_sh.py'
[1.994s] INFO:colcon.colcon_core.shell:Creating prefix chain script '/home/mido/Music/phase_one_ws/install/setup.sh'
[1.995s] INFO:colcon.colcon_core.shell:Creating prefix script '/home/mido/Music/phase_one_ws/install/local_setup.bash'
[1.995s] INFO:colcon.colcon_core.shell:Creating prefix chain script '/home/mido/Music/phase_one_ws/install/setup.bash'
[1.997s] INFO:colcon.colcon_core.shell:Creating prefix script '/home/mido/Music/phase_one_ws/install/local_setup.zsh'
[1.997s] INFO:colcon.colcon_core.shell:Creating prefix chain script '/home/mido/Music/phase_one_ws/install/setup.zsh'
