/home/mido/Music/phase_one_ws/install/motion_pkg/lib/python3.10/site-packages/motion_pkg/__init__.py
/home/mido/Music/phase_one_ws/install/motion_pkg/lib/python3.10/site-packages/motion_pkg/speed_control.py
/home/mido/Music/phase_one_ws/install/motion_pkg/lib/python3.10/site-packages/motion_pkg/path_planning_2.py
/home/mido/Music/phase_one_ws/install/motion_pkg/lib/python3.10/site-packages/motion_pkg/lidar_sensor.py
/home/mido/Music/phase_one_ws/install/motion_pkg/lib/python3.10/site-packages/motion_pkg/current_position.py
/home/mido/Music/phase_one_ws/install/motion_pkg/lib/python3.10/site-packages/motion_pkg/points_sender.py
/home/mido/Music/phase_one_ws/install/motion_pkg/lib/python3.10/site-packages/motion_pkg/path_planning_1.py
/home/mido/Music/phase_one_ws/install/motion_pkg/lib/python3.10/site-packages/motion_pkg/test.py
/home/mido/Music/phase_one_ws/install/motion_pkg/lib/python3.10/site-packages/motion_pkg/__pycache__/__init__.cpython-310.pyc
/home/mido/Music/phase_one_ws/install/motion_pkg/lib/python3.10/site-packages/motion_pkg/__pycache__/speed_control.cpython-310.pyc
/home/mido/Music/phase_one_ws/install/motion_pkg/lib/python3.10/site-packages/motion_pkg/__pycache__/path_planning_2.cpython-310.pyc
/home/mido/Music/phase_one_ws/install/motion_pkg/lib/python3.10/site-packages/motion_pkg/__pycache__/lidar_sensor.cpython-310.pyc
/home/mido/Music/phase_one_ws/install/motion_pkg/lib/python3.10/site-packages/motion_pkg/__pycache__/current_position.cpython-310.pyc
/home/mido/Music/phase_one_ws/install/motion_pkg/lib/python3.10/site-packages/motion_pkg/__pycache__/points_sender.cpython-310.pyc
/home/mido/Music/phase_one_ws/install/motion_pkg/lib/python3.10/site-packages/motion_pkg/__pycache__/path_planning_1.cpython-310.pyc
/home/mido/Music/phase_one_ws/install/motion_pkg/lib/python3.10/site-packages/motion_pkg/__pycache__/test.cpython-310.pyc
/home/mido/Music/phase_one_ws/install/motion_pkg/share/ament_index/resource_index/packages/motion_pkg
/home/mido/Music/phase_one_ws/install/motion_pkg/share/motion_pkg/package.xml
/home/mido/Music/phase_one_ws/install/motion_pkg/share/motion_pkg/launch/navigating.launch.py
/home/mido/Music/phase_one_ws/install/motion_pkg/lib/python3.10/site-packages/motion_pkg-0.0.0-py3.10.egg-info/requires.txt
/home/mido/Music/phase_one_ws/install/motion_pkg/lib/python3.10/site-packages/motion_pkg-0.0.0-py3.10.egg-info/zip-safe
/home/mido/Music/phase_one_ws/install/motion_pkg/lib/python3.10/site-packages/motion_pkg-0.0.0-py3.10.egg-info/PKG-INFO
/home/mido/Music/phase_one_ws/install/motion_pkg/lib/python3.10/site-packages/motion_pkg-0.0.0-py3.10.egg-info/top_level.txt
/home/mido/Music/phase_one_ws/install/motion_pkg/lib/python3.10/site-packages/motion_pkg-0.0.0-py3.10.egg-info/dependency_links.txt
/home/mido/Music/phase_one_ws/install/motion_pkg/lib/python3.10/site-packages/motion_pkg-0.0.0-py3.10.egg-info/SOURCES.txt
/home/mido/Music/phase_one_ws/install/motion_pkg/lib/python3.10/site-packages/motion_pkg-0.0.0-py3.10.egg-info/entry_points.txt
/home/mido/Music/phase_one_ws/install/motion_pkg/lib/motion_pkg/current_position
/home/mido/Music/phase_one_ws/install/motion_pkg/lib/motion_pkg/lidar_sensor
/home/mido/Music/phase_one_ws/install/motion_pkg/lib/motion_pkg/mark_target
/home/mido/Music/phase_one_ws/install/motion_pkg/lib/motion_pkg/path_planning_1
/home/mido/Music/phase_one_ws/install/motion_pkg/lib/motion_pkg/path_planning_mariam_version
/home/mido/Music/phase_one_ws/install/motion_pkg/lib/motion_pkg/points_sender
/home/mido/Music/phase_one_ws/install/motion_pkg/lib/motion_pkg/random_points_generator
/home/mido/Music/phase_one_ws/install/motion_pkg/lib/motion_pkg/speed_control
