[0.969s] Invoking command in '/home/mido/Music/phase_one_ws/src/bumperbot_controller': PYTHONPATH=/home/mido/Music/phase_one_ws/build/bumperbot_controller/prefix_override:/usr/lib/python3/dist-packages/colcon_core/task/python/colcon_distutils_commands:/home/mido/Music/phase_one_ws/install/bumperbot_controller/lib/python3.10/site-packages:${PYTHONPATH} /usr/bin/python3 -W ignore:setup.py install is deprecated -W ignore:easy_install command is deprecated setup.py egg_info --egg-base ../../build/bumperbot_controller build --build-base /home/mido/Music/phase_one_ws/build/bumperbot_controller/build install --record /home/mido/Music/phase_one_ws/build/bumperbot_controller/install.log --single-version-externally-managed install_data
[1.274s] running egg_info
[1.274s] writing ../../build/bumperbot_controller/bumperbot_controller.egg-info/PKG-INFO
[1.274s] writing dependency_links to ../../build/bumperbot_controller/bumperbot_controller.egg-info/dependency_links.txt
[1.274s] writing entry points to ../../build/bumperbot_controller/bumperbot_controller.egg-info/entry_points.txt
[1.275s] writing requirements to ../../build/bumperbot_controller/bumperbot_controller.egg-info/requires.txt
[1.275s] writing top-level names to ../../build/bumperbot_controller/bumperbot_controller.egg-info/top_level.txt
[1.278s] reading manifest file '../../build/bumperbot_controller/bumperbot_controller.egg-info/SOURCES.txt'
[1.285s] writing manifest file '../../build/bumperbot_controller/bumperbot_controller.egg-info/SOURCES.txt'
[1.286s] running build
[1.286s] running build_py
[1.286s] running install
[1.286s] running install_lib
[1.288s] running install_data
[1.288s] running install_egg_info
[1.290s] removing '/home/mido/Music/phase_one_ws/install/bumperbot_controller/lib/python3.10/site-packages/bumperbot_controller-0.0.0-py3.10.egg-info' (and everything under it)
[1.290s] Copying ../../build/bumperbot_controller/bumperbot_controller.egg-info to /home/mido/Music/phase_one_ws/install/bumperbot_controller/lib/python3.10/site-packages/bumperbot_controller-0.0.0-py3.10.egg-info
[1.291s] running install_scripts
[1.313s] Installing simple_controller script to /home/mido/Music/phase_one_ws/install/bumperbot_controller/lib/bumperbot_controller
[1.313s] writing list of installed files to '/home/mido/Music/phase_one_ws/build/bumperbot_controller/install.log'
[1.344s] Invoked command in '/home/mido/Music/phase_one_ws/src/bumperbot_controller' returned '0': PYTHONPATH=/home/mido/Music/phase_one_ws/build/bumperbot_controller/prefix_override:/usr/lib/python3/dist-packages/colcon_core/task/python/colcon_distutils_commands:/home/mido/Music/phase_one_ws/install/bumperbot_controller/lib/python3.10/site-packages:${PYTHONPATH} /usr/bin/python3 -W ignore:setup.py install is deprecated -W ignore:easy_install command is deprecated setup.py egg_info --egg-base ../../build/bumperbot_controller build --build-base /home/mido/Music/phase_one_ws/build/bumperbot_controller/build install --record /home/mido/Music/phase_one_ws/build/bumperbot_controller/install.log --single-version-externally-managed install_data
