[0.035s] Invoking command in '/home/mido/Music/phase_one_ws/build/bumperbot_localization': CMAKE_PREFIX_PATH=${CMAKE_PREFIX_PATH}:/home/mido/Music/phase_one_ws/install/motion_pkg:/home/mido/Music/phase_one_ws/install/camera_pkg:/opt/ros/humble /usr/bin/cmake --build /home/mido/Music/phase_one_ws/build/bumperbot_localization -- -j16 -l16
[0.137s] Built target ament_cmake_python_copy_bumperbot_localization
[0.525s] running egg_info
[0.526s] writing bumperbot_localization.egg-info/PKG-INFO
[0.526s] writing dependency_links to bumperbot_localization.egg-info/dependency_links.txt
[0.526s] writing top-level names to bumperbot_localization.egg-info/top_level.txt
[0.529s] reading manifest file 'bumperbot_localization.egg-info/SOURCES.txt'
[0.530s] writing manifest file 'bumperbot_localization.egg-info/SOURCES.txt'
[0.588s] Built target ament_cmake_python_build_bumperbot_localization_egg
[0.614s] Invoked command in '/home/mido/Music/phase_one_ws/build/bumperbot_localization' returned '0': CMAKE_PREFIX_PATH=${CMAKE_PREFIX_PATH}:/home/mido/Music/phase_one_ws/install/motion_pkg:/home/mido/Music/phase_one_ws/install/camera_pkg:/opt/ros/humble /usr/bin/cmake --build /home/mido/Music/phase_one_ws/build/bumperbot_localization -- -j16 -l16
[0.618s] Invoking command in '/home/mido/Music/phase_one_ws/build/bumperbot_localization': CMAKE_PREFIX_PATH=${CMAKE_PREFIX_PATH}:/home/mido/Music/phase_one_ws/install/motion_pkg:/home/mido/Music/phase_one_ws/install/camera_pkg:/opt/ros/humble /usr/bin/cmake --install /home/mido/Music/phase_one_ws/build/bumperbot_localization
[0.637s] -- Install configuration: ""
[0.637s] -- Up-to-date: /home/mido/Music/phase_one_ws/install/bumperbot_localization/share/bumperbot_localization/environment/pythonpath.sh
[0.637s] -- Up-to-date: /home/mido/Music/phase_one_ws/install/bumperbot_localization/share/bumperbot_localization/environment/pythonpath.dsv
[0.637s] -- Up-to-date: /home/mido/Music/phase_one_ws/install/bumperbot_localization/local/lib/python3.10/dist-packages/bumperbot_localization-0.0.0-py3.10.egg-info
[0.638s] -- Installing: /home/mido/Music/phase_one_ws/install/bumperbot_localization/local/lib/python3.10/dist-packages/bumperbot_localization-0.0.0-py3.10.egg-info/PKG-INFO
[0.638s] -- Installing: /home/mido/Music/phase_one_ws/install/bumperbot_localization/local/lib/python3.10/dist-packages/bumperbot_localization-0.0.0-py3.10.egg-info/top_level.txt
[0.638s] -- Installing: /home/mido/Music/phase_one_ws/install/bumperbot_localization/local/lib/python3.10/dist-packages/bumperbot_localization-0.0.0-py3.10.egg-info/dependency_links.txt
[0.638s] -- Installing: /home/mido/Music/phase_one_ws/install/bumperbot_localization/local/lib/python3.10/dist-packages/bumperbot_localization-0.0.0-py3.10.egg-info/SOURCES.txt
[0.638s] -- Up-to-date: /home/mido/Music/phase_one_ws/install/bumperbot_localization/local/lib/python3.10/dist-packages/bumperbot_localization
[0.638s] -- Up-to-date: /home/mido/Music/phase_one_ws/install/bumperbot_localization/local/lib/python3.10/dist-packages/bumperbot_localization/__init__.py
[0.689s] Listing '/home/mido/Music/phase_one_ws/install/bumperbot_localization/local/lib/python3.10/dist-packages/bumperbot_localization'...
[0.702s] -- Up-to-date: /home/mido/Music/phase_one_ws/install/bumperbot_localization/share/bumperbot_localization/launch
[0.703s] -- Up-to-date: /home/mido/Music/phase_one_ws/install/bumperbot_localization/share/bumperbot_localization/launch/local_localization.launch.py
[0.703s] -- Up-to-date: /home/mido/Music/phase_one_ws/install/bumperbot_localization/share/bumperbot_localization/config
[0.703s] -- Up-to-date: /home/mido/Music/phase_one_ws/install/bumperbot_localization/share/bumperbot_localization/config/ekf.yaml
[0.703s] -- Up-to-date: /home/mido/Music/phase_one_ws/install/bumperbot_localization/share/bumperbot_localization/rviz
[0.704s] -- Up-to-date: /home/mido/Music/phase_one_ws/install/bumperbot_localization/share/ament_index/resource_index/package_run_dependencies/bumperbot_localization
[0.704s] -- Up-to-date: /home/mido/Music/phase_one_ws/install/bumperbot_localization/share/ament_index/resource_index/parent_prefix_path/bumperbot_localization
[0.704s] -- Up-to-date: /home/mido/Music/phase_one_ws/install/bumperbot_localization/share/bumperbot_localization/environment/ament_prefix_path.sh
[0.704s] -- Up-to-date: /home/mido/Music/phase_one_ws/install/bumperbot_localization/share/bumperbot_localization/environment/ament_prefix_path.dsv
[0.704s] -- Up-to-date: /home/mido/Music/phase_one_ws/install/bumperbot_localization/share/bumperbot_localization/environment/path.sh
[0.704s] -- Up-to-date: /home/mido/Music/phase_one_ws/install/bumperbot_localization/share/bumperbot_localization/environment/path.dsv
[0.704s] -- Up-to-date: /home/mido/Music/phase_one_ws/install/bumperbot_localization/share/bumperbot_localization/local_setup.bash
[0.704s] -- Up-to-date: /home/mido/Music/phase_one_ws/install/bumperbot_localization/share/bumperbot_localization/local_setup.sh
[0.704s] -- Up-to-date: /home/mido/Music/phase_one_ws/install/bumperbot_localization/share/bumperbot_localization/local_setup.zsh
[0.705s] -- Up-to-date: /home/mido/Music/phase_one_ws/install/bumperbot_localization/share/bumperbot_localization/local_setup.dsv
[0.705s] -- Up-to-date: /home/mido/Music/phase_one_ws/install/bumperbot_localization/share/bumperbot_localization/package.dsv
[0.705s] -- Up-to-date: /home/mido/Music/phase_one_ws/install/bumperbot_localization/share/ament_index/resource_index/packages/bumperbot_localization
[0.705s] -- Up-to-date: /home/mido/Music/phase_one_ws/install/bumperbot_localization/share/bumperbot_localization/cmake/bumperbot_localizationConfig.cmake
[0.705s] -- Up-to-date: /home/mido/Music/phase_one_ws/install/bumperbot_localization/share/bumperbot_localization/cmake/bumperbot_localizationConfig-version.cmake
[0.705s] -- Up-to-date: /home/mido/Music/phase_one_ws/install/bumperbot_localization/share/bumperbot_localization/package.xml
[0.709s] Invoked command in '/home/mido/Music/phase_one_ws/build/bumperbot_localization' returned '0': CMAKE_PREFIX_PATH=${CMAKE_PREFIX_PATH}:/home/mido/Music/phase_one_ws/install/motion_pkg:/home/mido/Music/phase_one_ws/install/camera_pkg:/opt/ros/humble /usr/bin/cmake --install /home/mido/Music/phase_one_ws/build/bumperbot_localization
