[0.027s] Invoking command in '/home/mido/Music/phase_one_ws/build/action_file': CMAKE_PREFIX_PATH=${CMAKE_PREFIX_PATH}:/home/mido/Music/phase_one_ws/install/motion_pkg:/home/mido/Music/phase_one_ws/install/camera_pkg:/opt/ros/humble /usr/bin/cmake --build /home/mido/Music/phase_one_ws/build/action_file -- -j16 -l16
[0.104s] [  3%] Built target action_file__cpp
[0.104s] [ 12%] Built target action_file__rosidl_generator_c
[0.124s] [ 12%] Built target ament_cmake_python_copy_action_file
[0.147s] [ 22%] Built target action_file__rosidl_typesupport_introspection_c
[0.147s] [ 32%] Built target action_file__rosidl_typesupport_c
[0.149s] [ 61%] Built target action_file__rosidl_typesupport_fastrtps_cpp
[0.150s] [ 61%] Built target action_file__rosidl_typesupport_cpp
[0.150s] [ 61%] Built target action_file__rosidl_typesupport_introspection_cpp
[0.161s] [ 70%] Built target action_file__rosidl_typesupport_fastrtps_c
[0.191s] [ 70%] Built target action_file
[0.235s] [ 74%] Built target action_file__py
[0.269s] [ 80%] Built target action_file__rosidl_generator_py
[0.306s] [100%] Built target action_file__rosidl_typesupport_c__pyext
[0.307s] [100%] Built target action_file__rosidl_typesupport_fastrtps_c__pyext
[0.307s] [100%] Built target action_file__rosidl_typesupport_introspection_c__pyext
[0.530s] running egg_info
[0.531s] writing action_file.egg-info/PKG-INFO
[0.531s] writing dependency_links to action_file.egg-info/dependency_links.txt
[0.532s] writing top-level names to action_file.egg-info/top_level.txt
[0.538s] reading manifest file 'action_file.egg-info/SOURCES.txt'
[0.539s] writing manifest file 'action_file.egg-info/SOURCES.txt'
[0.612s] [100%] Built target ament_cmake_python_build_action_file_egg
