[0.029s] Invoking command in '/home/mido/Music/phase_one_ws/build/action_file': CMAKE_PREFIX_PATH=${CMAKE_PREFIX_PATH}:/home/mido/Music/phase_one_ws/install/motion_pkg:/opt/ros/humble /usr/bin/cmake --build /home/mido/Music/phase_one_ws/build/action_file -- -j16 -l16
[0.091s] [  3%] Built target action_file__cpp
[0.104s] [ 12%] Built target action_file__rosidl_generator_c
[0.109s] [ 12%] Built target ament_cmake_python_copy_action_file
[0.133s] [ 38%] Built target action_file__rosidl_typesupport_cpp
[0.133s] [ 38%] Built target action_file__rosidl_typesupport_introspection_cpp
[0.133s] [ 41%] Built target action_file__rosidl_typesupport_fastrtps_cpp
[0.142s] [ 61%] Built target action_file__rosidl_typesupport_introspection_c
[0.145s] [ 61%] Built target action_file__rosidl_typesupport_fastrtps_c
[0.147s] [ 70%] Built target action_file__rosidl_typesupport_c
[0.172s] [ 70%] Built target action_file
[0.208s] [ 74%] Built target action_file__py
[0.239s] [ 80%] Built target action_file__rosidl_generator_py
[0.274s] [ 93%] Built target action_file__rosidl_typesupport_c__pyext
[0.274s] [ 93%] Built target action_file__rosidl_typesupport_fastrtps_c__pyext
[0.274s] [100%] Built target action_file__rosidl_typesupport_introspection_c__pyext
[0.447s] running egg_info
[0.449s] writing action_file.egg-info/PKG-INFO
[0.449s] writing dependency_links to action_file.egg-info/dependency_links.txt
[0.449s] writing top-level names to action_file.egg-info/top_level.txt
[0.456s] reading manifest file 'action_file.egg-info/SOURCES.txt'
[0.456s] writing manifest file 'action_file.egg-info/SOURCES.txt'
[0.526s] [100%] Built target ament_cmake_python_build_action_file_egg
[0.550s] Invoked command in '/home/mido/Music/phase_one_ws/build/action_file' returned '0': CMAKE_PREFIX_PATH=${CMAKE_PREFIX_PATH}:/home/mido/Music/phase_one_ws/install/motion_pkg:/opt/ros/humble /usr/bin/cmake --build /home/mido/Music/phase_one_ws/build/action_file -- -j16 -l16
[0.553s] Invoking command in '/home/mido/Music/phase_one_ws/build/action_file': CMAKE_PREFIX_PATH=${CMAKE_PREFIX_PATH}:/home/mido/Music/phase_one_ws/install/motion_pkg:/opt/ros/humble /usr/bin/cmake --install /home/mido/Music/phase_one_ws/build/action_file
[0.562s] -- Install configuration: ""
[0.562s] -- Up-to-date: /home/mido/Music/phase_one_ws/install/action_file/share/ament_index/resource_index/rosidl_interfaces/action_file
[0.562s] -- Up-to-date: /home/mido/Music/phase_one_ws/install/action_file/include/action_file/action_file
[0.562s] -- Up-to-date: /home/mido/Music/phase_one_ws/install/action_file/include/action_file/action_file/action
[0.563s] -- Up-to-date: /home/mido/Music/phase_one_ws/install/action_file/include/action_file/action_file/action/target.h
[0.563s] -- Up-to-date: /home/mido/Music/phase_one_ws/install/action_file/include/action_file/action_file/action/detail
[0.563s] -- Up-to-date: /home/mido/Music/phase_one_ws/install/action_file/include/action_file/action_file/action/detail/target__struct.h
[0.563s] -- Up-to-date: /home/mido/Music/phase_one_ws/install/action_file/include/action_file/action_file/action/detail/target__type_support.h
[0.563s] -- Up-to-date: /home/mido/Music/phase_one_ws/install/action_file/include/action_file/action_file/action/detail/target__functions.c
[0.563s] -- Up-to-date: /home/mido/Music/phase_one_ws/install/action_file/include/action_file/action_file/action/detail/target__functions.h
[0.563s] -- Up-to-date: /home/mido/Music/phase_one_ws/install/action_file/include/action_file/action_file/msg
[0.563s] -- Up-to-date: /home/mido/Music/phase_one_ws/install/action_file/include/action_file/action_file/msg/rosidl_generator_c__visibility_control.h
[0.564s] -- Up-to-date: /home/mido/Music/phase_one_ws/install/action_file/share/action_file/environment/library_path.sh
[0.564s] -- Up-to-date: /home/mido/Music/phase_one_ws/install/action_file/share/action_file/environment/library_path.dsv
[0.564s] -- Up-to-date: /home/mido/Music/phase_one_ws/install/action_file/lib/libaction_file__rosidl_generator_c.so
[0.564s] -- Up-to-date: /home/mido/Music/phase_one_ws/install/action_file/include/action_file/action_file
[0.564s] -- Up-to-date: /home/mido/Music/phase_one_ws/install/action_file/include/action_file/action_file/action
[0.564s] -- Up-to-date: /home/mido/Music/phase_one_ws/install/action_file/include/action_file/action_file/action/detail
[0.564s] -- Up-to-date: /home/mido/Music/phase_one_ws/install/action_file/include/action_file/action_file/action/detail/target__rosidl_typesupport_fastrtps_c.h
[0.565s] -- Up-to-date: /home/mido/Music/phase_one_ws/install/action_file/include/action_file/action_file/msg
[0.565s] -- Up-to-date: /home/mido/Music/phase_one_ws/install/action_file/include/action_file/action_file/msg/rosidl_typesupport_fastrtps_c__visibility_control.h
[0.565s] -- Up-to-date: /home/mido/Music/phase_one_ws/install/action_file/lib/libaction_file__rosidl_typesupport_fastrtps_c.so
[0.565s] -- Up-to-date: /home/mido/Music/phase_one_ws/install/action_file/include/action_file/action_file
[0.565s] -- Up-to-date: /home/mido/Music/phase_one_ws/install/action_file/include/action_file/action_file/action
[0.565s] -- Up-to-date: /home/mido/Music/phase_one_ws/install/action_file/include/action_file/action_file/action/target.hpp
[0.565s] -- Up-to-date: /home/mido/Music/phase_one_ws/install/action_file/include/action_file/action_file/action/detail
[0.565s] -- Up-to-date: /home/mido/Music/phase_one_ws/install/action_file/include/action_file/action_file/action/detail/target__struct.hpp
[0.566s] -- Up-to-date: /home/mido/Music/phase_one_ws/install/action_file/include/action_file/action_file/action/detail/target__builder.hpp
[0.566s] -- Up-to-date: /home/mido/Music/phase_one_ws/install/action_file/include/action_file/action_file/action/detail/target__traits.hpp
[0.566s] -- Up-to-date: /home/mido/Music/phase_one_ws/install/action_file/include/action_file/action_file/action/detail/target__type_support.hpp
[0.566s] -- Up-to-date: /home/mido/Music/phase_one_ws/install/action_file/include/action_file/action_file/msg
[0.566s] -- Up-to-date: /home/mido/Music/phase_one_ws/install/action_file/include/action_file/action_file/msg/rosidl_generator_cpp__visibility_control.hpp
[0.566s] -- Up-to-date: /home/mido/Music/phase_one_ws/install/action_file/include/action_file/action_file
[0.566s] -- Up-to-date: /home/mido/Music/phase_one_ws/install/action_file/include/action_file/action_file/action
[0.566s] -- Up-to-date: /home/mido/Music/phase_one_ws/install/action_file/include/action_file/action_file/action/detail
[0.567s] -- Up-to-date: /home/mido/Music/phase_one_ws/install/action_file/include/action_file/action_file/action/detail/dds_fastrtps
[0.567s] -- Up-to-date: /home/mido/Music/phase_one_ws/install/action_file/include/action_file/action_file/action/detail/target__rosidl_typesupport_fastrtps_cpp.hpp
[0.567s] -- Up-to-date: /home/mido/Music/phase_one_ws/install/action_file/include/action_file/action_file/msg
[0.567s] -- Up-to-date: /home/mido/Music/phase_one_ws/install/action_file/include/action_file/action_file/msg/rosidl_typesupport_fastrtps_cpp__visibility_control.h
[0.567s] -- Up-to-date: /home/mido/Music/phase_one_ws/install/action_file/lib/libaction_file__rosidl_typesupport_fastrtps_cpp.so
[0.567s] -- Up-to-date: /home/mido/Music/phase_one_ws/install/action_file/include/action_file/action_file
[0.567s] -- Up-to-date: /home/mido/Music/phase_one_ws/install/action_file/include/action_file/action_file/action
[0.567s] -- Up-to-date: /home/mido/Music/phase_one_ws/install/action_file/include/action_file/action_file/action/detail
[0.568s] -- Up-to-date: /home/mido/Music/phase_one_ws/install/action_file/include/action_file/action_file/action/detail/target__type_support.c
[0.568s] -- Up-to-date: /home/mido/Music/phase_one_ws/install/action_file/include/action_file/action_file/action/detail/target__rosidl_typesupport_introspection_c.h
[0.568s] -- Up-to-date: /home/mido/Music/phase_one_ws/install/action_file/include/action_file/action_file/msg
[0.568s] -- Up-to-date: /home/mido/Music/phase_one_ws/install/action_file/include/action_file/action_file/msg/rosidl_typesupport_introspection_c__visibility_control.h
[0.568s] -- Up-to-date: /home/mido/Music/phase_one_ws/install/action_file/lib/libaction_file__rosidl_typesupport_introspection_c.so
[0.568s] -- Up-to-date: /home/mido/Music/phase_one_ws/install/action_file/lib/libaction_file__rosidl_typesupport_c.so
[0.568s] -- Up-to-date: /home/mido/Music/phase_one_ws/install/action_file/include/action_file/action_file
[0.568s] -- Up-to-date: /home/mido/Music/phase_one_ws/install/action_file/include/action_file/action_file/action
[0.569s] -- Up-to-date: /home/mido/Music/phase_one_ws/install/action_file/include/action_file/action_file/action/detail
[0.569s] -- Up-to-date: /home/mido/Music/phase_one_ws/install/action_file/include/action_file/action_file/action/detail/target__rosidl_typesupport_introspection_cpp.hpp
[0.569s] -- Up-to-date: /home/mido/Music/phase_one_ws/install/action_file/include/action_file/action_file/action/detail/target__type_support.cpp
[0.569s] -- Up-to-date: /home/mido/Music/phase_one_ws/install/action_file/lib/libaction_file__rosidl_typesupport_introspection_cpp.so
[0.569s] -- Up-to-date: /home/mido/Music/phase_one_ws/install/action_file/lib/libaction_file__rosidl_typesupport_cpp.so
[0.569s] -- Up-to-date: /home/mido/Music/phase_one_ws/install/action_file/share/action_file/environment/pythonpath.sh
[0.569s] -- Up-to-date: /home/mido/Music/phase_one_ws/install/action_file/share/action_file/environment/pythonpath.dsv
[0.569s] -- Up-to-date: /home/mido/Music/phase_one_ws/install/action_file/local/lib/python3.10/dist-packages/action_file-0.0.0-py3.10.egg-info
[0.569s] -- Installing: /home/mido/Music/phase_one_ws/install/action_file/local/lib/python3.10/dist-packages/action_file-0.0.0-py3.10.egg-info/PKG-INFO
[0.569s] -- Installing: /home/mido/Music/phase_one_ws/install/action_file/local/lib/python3.10/dist-packages/action_file-0.0.0-py3.10.egg-info/top_level.txt
[0.570s] -- Installing: /home/mido/Music/phase_one_ws/install/action_file/local/lib/python3.10/dist-packages/action_file-0.0.0-py3.10.egg-info/dependency_links.txt
[0.570s] -- Installing: /home/mido/Music/phase_one_ws/install/action_file/local/lib/python3.10/dist-packages/action_file-0.0.0-py3.10.egg-info/SOURCES.txt
[0.570s] -- Up-to-date: /home/mido/Music/phase_one_ws/install/action_file/local/lib/python3.10/dist-packages/action_file
[0.570s] -- Up-to-date: /home/mido/Music/phase_one_ws/install/action_file/local/lib/python3.10/dist-packages/action_file/__init__.py
[0.570s] -- Up-to-date: /home/mido/Music/phase_one_ws/install/action_file/local/lib/python3.10/dist-packages/action_file/_action_file_s.ep.rosidl_typesupport_introspection_c.c
[0.570s] -- Up-to-date: /home/mido/Music/phase_one_ws/install/action_file/local/lib/python3.10/dist-packages/action_file/_action_file_s.ep.rosidl_typesupport_fastrtps_c.c
[0.570s] -- Up-to-date: /home/mido/Music/phase_one_ws/install/action_file/local/lib/python3.10/dist-packages/action_file/libaction_file__rosidl_generator_py.so
[0.570s] -- Up-to-date: /home/mido/Music/phase_one_ws/install/action_file/local/lib/python3.10/dist-packages/action_file/action_file_s__rosidl_typesupport_introspection_c.cpython-310-x86_64-linux-gnu.so
[0.570s] -- Up-to-date: /home/mido/Music/phase_one_ws/install/action_file/local/lib/python3.10/dist-packages/action_file/action_file_s__rosidl_typesupport_c.cpython-310-x86_64-linux-gnu.so
[0.570s] -- Up-to-date: /home/mido/Music/phase_one_ws/install/action_file/local/lib/python3.10/dist-packages/action_file/_action_file_s.ep.rosidl_typesupport_c.c
[0.570s] -- Up-to-date: /home/mido/Music/phase_one_ws/install/action_file/local/lib/python3.10/dist-packages/action_file/action
[0.570s] -- Up-to-date: /home/mido/Music/phase_one_ws/install/action_file/local/lib/python3.10/dist-packages/action_file/action/_target.py
[0.570s] -- Up-to-date: /home/mido/Music/phase_one_ws/install/action_file/local/lib/python3.10/dist-packages/action_file/action/_target_s.c
[0.570s] -- Up-to-date: /home/mido/Music/phase_one_ws/install/action_file/local/lib/python3.10/dist-packages/action_file/action/__init__.py
[0.570s] -- Up-to-date: /home/mido/Music/phase_one_ws/install/action_file/local/lib/python3.10/dist-packages/action_file/action_file_s__rosidl_typesupport_fastrtps_c.cpython-310-x86_64-linux-gnu.so
[0.606s] Listing '/home/mido/Music/phase_one_ws/install/action_file/local/lib/python3.10/dist-packages/action_file'...
[0.606s] Listing '/home/mido/Music/phase_one_ws/install/action_file/local/lib/python3.10/dist-packages/action_file/action'...
[0.615s] -- Up-to-date: /home/mido/Music/phase_one_ws/install/action_file/local/lib/python3.10/dist-packages/action_file/action_file_s__rosidl_typesupport_fastrtps_c.cpython-310-x86_64-linux-gnu.so
[0.615s] -- Up-to-date: /home/mido/Music/phase_one_ws/install/action_file/local/lib/python3.10/dist-packages/action_file/action_file_s__rosidl_typesupport_introspection_c.cpython-310-x86_64-linux-gnu.so
[0.616s] -- Up-to-date: /home/mido/Music/phase_one_ws/install/action_file/local/lib/python3.10/dist-packages/action_file/action_file_s__rosidl_typesupport_c.cpython-310-x86_64-linux-gnu.so
[0.616s] -- Up-to-date: /home/mido/Music/phase_one_ws/install/action_file/lib/libaction_file__rosidl_generator_py.so
[0.616s] -- Up-to-date: /home/mido/Music/phase_one_ws/install/action_file/share/action_file/action/Target.idl
[0.616s] -- Up-to-date: /home/mido/Music/phase_one_ws/install/action_file/share/action_file/action/Target.action
[0.617s] -- Up-to-date: /home/mido/Music/phase_one_ws/install/action_file/share/ament_index/resource_index/package_run_dependencies/action_file
[0.617s] -- Up-to-date: /home/mido/Music/phase_one_ws/install/action_file/share/ament_index/resource_index/parent_prefix_path/action_file
[0.617s] -- Up-to-date: /home/mido/Music/phase_one_ws/install/action_file/share/action_file/environment/ament_prefix_path.sh
[0.617s] -- Up-to-date: /home/mido/Music/phase_one_ws/install/action_file/share/action_file/environment/ament_prefix_path.dsv
[0.617s] -- Up-to-date: /home/mido/Music/phase_one_ws/install/action_file/share/action_file/environment/path.sh
[0.618s] -- Up-to-date: /home/mido/Music/phase_one_ws/install/action_file/share/action_file/environment/path.dsv
[0.618s] -- Up-to-date: /home/mido/Music/phase_one_ws/install/action_file/share/action_file/local_setup.bash
[0.618s] -- Up-to-date: /home/mido/Music/phase_one_ws/install/action_file/share/action_file/local_setup.sh
[0.618s] -- Up-to-date: /home/mido/Music/phase_one_ws/install/action_file/share/action_file/local_setup.zsh
[0.618s] -- Up-to-date: /home/mido/Music/phase_one_ws/install/action_file/share/action_file/local_setup.dsv
[0.618s] -- Installing: /home/mido/Music/phase_one_ws/install/action_file/share/action_file/package.dsv
[0.618s] -- Up-to-date: /home/mido/Music/phase_one_ws/install/action_file/share/ament_index/resource_index/packages/action_file
[0.619s] -- Up-to-date: /home/mido/Music/phase_one_ws/install/action_file/share/action_file/cmake/export_action_file__rosidl_generator_cExport.cmake
[0.619s] -- Up-to-date: /home/mido/Music/phase_one_ws/install/action_file/share/action_file/cmake/export_action_file__rosidl_generator_cExport-noconfig.cmake
[0.619s] -- Up-to-date: /home/mido/Music/phase_one_ws/install/action_file/share/action_file/cmake/export_action_file__rosidl_typesupport_fastrtps_cExport.cmake
[0.619s] -- Up-to-date: /home/mido/Music/phase_one_ws/install/action_file/share/action_file/cmake/export_action_file__rosidl_typesupport_fastrtps_cExport-noconfig.cmake
[0.620s] -- Up-to-date: /home/mido/Music/phase_one_ws/install/action_file/share/action_file/cmake/export_action_file__rosidl_generator_cppExport.cmake
[0.620s] -- Up-to-date: /home/mido/Music/phase_one_ws/install/action_file/share/action_file/cmake/export_action_file__rosidl_typesupport_fastrtps_cppExport.cmake
[0.620s] -- Up-to-date: /home/mido/Music/phase_one_ws/install/action_file/share/action_file/cmake/export_action_file__rosidl_typesupport_fastrtps_cppExport-noconfig.cmake
[0.620s] -- Up-to-date: /home/mido/Music/phase_one_ws/install/action_file/share/action_file/cmake/action_file__rosidl_typesupport_introspection_cExport.cmake
[0.620s] -- Up-to-date: /home/mido/Music/phase_one_ws/install/action_file/share/action_file/cmake/action_file__rosidl_typesupport_introspection_cExport-noconfig.cmake
[0.620s] -- Up-to-date: /home/mido/Music/phase_one_ws/install/action_file/share/action_file/cmake/action_file__rosidl_typesupport_cExport.cmake
[0.620s] -- Up-to-date: /home/mido/Music/phase_one_ws/install/action_file/share/action_file/cmake/action_file__rosidl_typesupport_cExport-noconfig.cmake
[0.620s] -- Up-to-date: /home/mido/Music/phase_one_ws/install/action_file/share/action_file/cmake/action_file__rosidl_typesupport_introspection_cppExport.cmake
[0.621s] -- Up-to-date: /home/mido/Music/phase_one_ws/install/action_file/share/action_file/cmake/action_file__rosidl_typesupport_introspection_cppExport-noconfig.cmake
[0.621s] -- Up-to-date: /home/mido/Music/phase_one_ws/install/action_file/share/action_file/cmake/action_file__rosidl_typesupport_cppExport.cmake
[0.621s] -- Up-to-date: /home/mido/Music/phase_one_ws/install/action_file/share/action_file/cmake/action_file__rosidl_typesupport_cppExport-noconfig.cmake
[0.621s] -- Up-to-date: /home/mido/Music/phase_one_ws/install/action_file/share/action_file/cmake/export_action_file__rosidl_generator_pyExport.cmake
[0.621s] -- Up-to-date: /home/mido/Music/phase_one_ws/install/action_file/share/action_file/cmake/export_action_file__rosidl_generator_pyExport-noconfig.cmake
[0.621s] -- Up-to-date: /home/mido/Music/phase_one_ws/install/action_file/share/action_file/cmake/rosidl_cmake-extras.cmake
[0.621s] -- Up-to-date: /home/mido/Music/phase_one_ws/install/action_file/share/action_file/cmake/ament_cmake_export_dependencies-extras.cmake
[0.621s] -- Up-to-date: /home/mido/Music/phase_one_ws/install/action_file/share/action_file/cmake/ament_cmake_export_include_directories-extras.cmake
[0.621s] -- Up-to-date: /home/mido/Music/phase_one_ws/install/action_file/share/action_file/cmake/ament_cmake_export_libraries-extras.cmake
[0.621s] -- Up-to-date: /home/mido/Music/phase_one_ws/install/action_file/share/action_file/cmake/ament_cmake_export_targets-extras.cmake
[0.622s] -- Up-to-date: /home/mido/Music/phase_one_ws/install/action_file/share/action_file/cmake/rosidl_cmake_export_typesupport_targets-extras.cmake
[0.622s] -- Up-to-date: /home/mido/Music/phase_one_ws/install/action_file/share/action_file/cmake/rosidl_cmake_export_typesupport_libraries-extras.cmake
[0.622s] -- Up-to-date: /home/mido/Music/phase_one_ws/install/action_file/share/action_file/cmake/action_fileConfig.cmake
[0.622s] -- Up-to-date: /home/mido/Music/phase_one_ws/install/action_file/share/action_file/cmake/action_fileConfig-version.cmake
[0.623s] -- Up-to-date: /home/mido/Music/phase_one_ws/install/action_file/share/action_file/package.xml
[0.638s] Invoked command in '/home/mido/Music/phase_one_ws/build/action_file' returned '0': CMAKE_PREFIX_PATH=${CMAKE_PREFIX_PATH}:/home/mido/Music/phase_one_ws/install/motion_pkg:/opt/ros/humble /usr/bin/cmake --install /home/mido/Music/phase_one_ws/build/action_file
