[0.023s] Invoking command in '/home/mido/Music/phase_one_ws/build/action_file': CMAKE_PREFIX_PATH=${CMAKE_PREFIX_PATH}:/home/mido/Music/phase_one_ws/install/motion_pkg:/opt/ros/humble /usr/bin/cmake --build /home/mido/Music/phase_one_ws/build/action_file -- -j16 -l16
[0.078s] [  3%] Built target action_file__cpp
[0.082s] [ 12%] Built target action_file__rosidl_generator_c
[0.092s] [ 12%] Built target ament_cmake_python_copy_action_file
[0.109s] [ 22%] Built target action_file__rosidl_typesupport_cpp
[0.111s] [ 38%] Built target action_file__rosidl_typesupport_introspection_cpp
[0.111s] [ 41%] Built target action_file__rosidl_typesupport_fastrtps_cpp
[0.111s] [ 51%] Built target action_file__rosidl_typesupport_c
[0.111s] [ 61%] Built target action_file__rosidl_typesupport_introspection_c
[0.111s] [ 70%] Built target action_file__rosidl_typesupport_fastrtps_c
[0.136s] [ 70%] Built target action_file
[0.161s] [ 74%] Built target action_file__py
[0.187s] [ 80%] Built target action_file__rosidl_generator_py
[0.214s] [100%] Built target action_file__rosidl_typesupport_c__pyext
[0.214s] [100%] Built target action_file__rosidl_typesupport_introspection_c__pyext
[0.214s] [100%] Built target action_file__rosidl_typesupport_fastrtps_c__pyext
[0.390s] running egg_info
[0.391s] writing action_file.egg-info/PKG-INFO
[0.391s] writing dependency_links to action_file.egg-info/dependency_links.txt
[0.391s] writing top-level names to action_file.egg-info/top_level.txt
[0.395s] reading manifest file 'action_file.egg-info/SOURCES.txt'
[0.395s] writing manifest file 'action_file.egg-info/SOURCES.txt'
[0.440s] [100%] Built target ament_cmake_python_build_action_file_egg
[0.455s] Invoked command in '/home/mido/Music/phase_one_ws/build/action_file' returned '0': CMAKE_PREFIX_PATH=${CMAKE_PREFIX_PATH}:/home/mido/Music/phase_one_ws/install/motion_pkg:/opt/ros/humble /usr/bin/cmake --build /home/mido/Music/phase_one_ws/build/action_file -- -j16 -l16
[0.457s] Invoking command in '/home/mido/Music/phase_one_ws/build/action_file': CMAKE_PREFIX_PATH=${CMAKE_PREFIX_PATH}:/home/mido/Music/phase_one_ws/install/motion_pkg:/opt/ros/humble /usr/bin/cmake --install /home/mido/Music/phase_one_ws/build/action_file
[0.465s] -- Install configuration: ""
[0.465s] -- Up-to-date: /home/mido/Music/phase_one_ws/install/action_file/share/ament_index/resource_index/rosidl_interfaces/action_file
[0.465s] -- Up-to-date: /home/mido/Music/phase_one_ws/install/action_file/include/action_file/action_file
[0.466s] -- Up-to-date: /home/mido/Music/phase_one_ws/install/action_file/include/action_file/action_file/action
[0.466s] -- Up-to-date: /home/mido/Music/phase_one_ws/install/action_file/include/action_file/action_file/action/target.h
[0.466s] -- Up-to-date: /home/mido/Music/phase_one_ws/install/action_file/include/action_file/action_file/action/detail
[0.466s] -- Up-to-date: /home/mido/Music/phase_one_ws/install/action_file/include/action_file/action_file/action/detail/target__struct.h
[0.466s] -- Up-to-date: /home/mido/Music/phase_one_ws/install/action_file/include/action_file/action_file/action/detail/target__type_support.h
[0.467s] -- Up-to-date: /home/mido/Music/phase_one_ws/install/action_file/include/action_file/action_file/action/detail/target__functions.c
[0.467s] -- Up-to-date: /home/mido/Music/phase_one_ws/install/action_file/include/action_file/action_file/action/detail/target__functions.h
[0.467s] -- Up-to-date: /home/mido/Music/phase_one_ws/install/action_file/include/action_file/action_file/msg
[0.467s] -- Up-to-date: /home/mido/Music/phase_one_ws/install/action_file/include/action_file/action_file/msg/rosidl_generator_c__visibility_control.h
[0.467s] -- Up-to-date: /home/mido/Music/phase_one_ws/install/action_file/share/action_file/environment/library_path.sh
[0.467s] -- Up-to-date: /home/mido/Music/phase_one_ws/install/action_file/share/action_file/environment/library_path.dsv
[0.468s] -- Up-to-date: /home/mido/Music/phase_one_ws/install/action_file/lib/libaction_file__rosidl_generator_c.so
[0.468s] -- Up-to-date: /home/mido/Music/phase_one_ws/install/action_file/include/action_file/action_file
[0.468s] -- Up-to-date: /home/mido/Music/phase_one_ws/install/action_file/include/action_file/action_file/action
[0.468s] -- Up-to-date: /home/mido/Music/phase_one_ws/install/action_file/include/action_file/action_file/action/detail
[0.468s] -- Up-to-date: /home/mido/Music/phase_one_ws/install/action_file/include/action_file/action_file/action/detail/target__rosidl_typesupport_fastrtps_c.h
[0.468s] -- Up-to-date: /home/mido/Music/phase_one_ws/install/action_file/include/action_file/action_file/msg
[0.469s] -- Up-to-date: /home/mido/Music/phase_one_ws/install/action_file/include/action_file/action_file/msg/rosidl_typesupport_fastrtps_c__visibility_control.h
[0.469s] -- Up-to-date: /home/mido/Music/phase_one_ws/install/action_file/lib/libaction_file__rosidl_typesupport_fastrtps_c.so
[0.469s] -- Up-to-date: /home/mido/Music/phase_one_ws/install/action_file/include/action_file/action_file
[0.469s] -- Up-to-date: /home/mido/Music/phase_one_ws/install/action_file/include/action_file/action_file/action
[0.469s] -- Up-to-date: /home/mido/Music/phase_one_ws/install/action_file/include/action_file/action_file/action/target.hpp
[0.469s] -- Up-to-date: /home/mido/Music/phase_one_ws/install/action_file/include/action_file/action_file/action/detail
[0.469s] -- Up-to-date: /home/mido/Music/phase_one_ws/install/action_file/include/action_file/action_file/action/detail/target__struct.hpp
[0.469s] -- Up-to-date: /home/mido/Music/phase_one_ws/install/action_file/include/action_file/action_file/action/detail/target__builder.hpp
[0.469s] -- Up-to-date: /home/mido/Music/phase_one_ws/install/action_file/include/action_file/action_file/action/detail/target__traits.hpp
[0.469s] -- Up-to-date: /home/mido/Music/phase_one_ws/install/action_file/include/action_file/action_file/action/detail/target__type_support.hpp
[0.470s] -- Up-to-date: /home/mido/Music/phase_one_ws/install/action_file/include/action_file/action_file/msg
[0.470s] -- Up-to-date: /home/mido/Music/phase_one_ws/install/action_file/include/action_file/action_file/msg/rosidl_generator_cpp__visibility_control.hpp
[0.470s] -- Up-to-date: /home/mido/Music/phase_one_ws/install/action_file/include/action_file/action_file
[0.470s] -- Up-to-date: /home/mido/Music/phase_one_ws/install/action_file/include/action_file/action_file/action
[0.470s] -- Up-to-date: /home/mido/Music/phase_one_ws/install/action_file/include/action_file/action_file/action/detail
[0.470s] -- Up-to-date: /home/mido/Music/phase_one_ws/install/action_file/include/action_file/action_file/action/detail/dds_fastrtps
[0.470s] -- Up-to-date: /home/mido/Music/phase_one_ws/install/action_file/include/action_file/action_file/action/detail/target__rosidl_typesupport_fastrtps_cpp.hpp
[0.470s] -- Up-to-date: /home/mido/Music/phase_one_ws/install/action_file/include/action_file/action_file/msg
[0.470s] -- Up-to-date: /home/mido/Music/phase_one_ws/install/action_file/include/action_file/action_file/msg/rosidl_typesupport_fastrtps_cpp__visibility_control.h
[0.470s] -- Up-to-date: /home/mido/Music/phase_one_ws/install/action_file/lib/libaction_file__rosidl_typesupport_fastrtps_cpp.so
[0.470s] -- Up-to-date: /home/mido/Music/phase_one_ws/install/action_file/include/action_file/action_file
[0.471s] -- Up-to-date: /home/mido/Music/phase_one_ws/install/action_file/include/action_file/action_file/action
[0.471s] -- Up-to-date: /home/mido/Music/phase_one_ws/install/action_file/include/action_file/action_file/action/detail
[0.471s] -- Up-to-date: /home/mido/Music/phase_one_ws/install/action_file/include/action_file/action_file/action/detail/target__type_support.c
[0.471s] -- Up-to-date: /home/mido/Music/phase_one_ws/install/action_file/include/action_file/action_file/action/detail/target__rosidl_typesupport_introspection_c.h
[0.471s] -- Up-to-date: /home/mido/Music/phase_one_ws/install/action_file/include/action_file/action_file/msg
[0.471s] -- Up-to-date: /home/mido/Music/phase_one_ws/install/action_file/include/action_file/action_file/msg/rosidl_typesupport_introspection_c__visibility_control.h
[0.471s] -- Up-to-date: /home/mido/Music/phase_one_ws/install/action_file/lib/libaction_file__rosidl_typesupport_introspection_c.so
[0.472s] -- Up-to-date: /home/mido/Music/phase_one_ws/install/action_file/lib/libaction_file__rosidl_typesupport_c.so
[0.472s] -- Up-to-date: /home/mido/Music/phase_one_ws/install/action_file/include/action_file/action_file
[0.472s] -- Up-to-date: /home/mido/Music/phase_one_ws/install/action_file/include/action_file/action_file/action
[0.472s] -- Up-to-date: /home/mido/Music/phase_one_ws/install/action_file/include/action_file/action_file/action/detail
[0.472s] -- Up-to-date: /home/mido/Music/phase_one_ws/install/action_file/include/action_file/action_file/action/detail/target__rosidl_typesupport_introspection_cpp.hpp
[0.472s] -- Up-to-date: /home/mido/Music/phase_one_ws/install/action_file/include/action_file/action_file/action/detail/target__type_support.cpp
[0.472s] -- Up-to-date: /home/mido/Music/phase_one_ws/install/action_file/lib/libaction_file__rosidl_typesupport_introspection_cpp.so
[0.472s] -- Up-to-date: /home/mido/Music/phase_one_ws/install/action_file/lib/libaction_file__rosidl_typesupport_cpp.so
[0.472s] -- Up-to-date: /home/mido/Music/phase_one_ws/install/action_file/share/action_file/environment/pythonpath.sh
[0.472s] -- Up-to-date: /home/mido/Music/phase_one_ws/install/action_file/share/action_file/environment/pythonpath.dsv
[0.472s] -- Up-to-date: /home/mido/Music/phase_one_ws/install/action_file/local/lib/python3.10/dist-packages/action_file-0.0.0-py3.10.egg-info
[0.472s] -- Installing: /home/mido/Music/phase_one_ws/install/action_file/local/lib/python3.10/dist-packages/action_file-0.0.0-py3.10.egg-info/PKG-INFO
[0.472s] -- Installing: /home/mido/Music/phase_one_ws/install/action_file/local/lib/python3.10/dist-packages/action_file-0.0.0-py3.10.egg-info/top_level.txt
[0.473s] -- Installing: /home/mido/Music/phase_one_ws/install/action_file/local/lib/python3.10/dist-packages/action_file-0.0.0-py3.10.egg-info/dependency_links.txt
[0.473s] -- Installing: /home/mido/Music/phase_one_ws/install/action_file/local/lib/python3.10/dist-packages/action_file-0.0.0-py3.10.egg-info/SOURCES.txt
[0.473s] -- Up-to-date: /home/mido/Music/phase_one_ws/install/action_file/local/lib/python3.10/dist-packages/action_file
[0.473s] -- Up-to-date: /home/mido/Music/phase_one_ws/install/action_file/local/lib/python3.10/dist-packages/action_file/__init__.py
[0.473s] -- Up-to-date: /home/mido/Music/phase_one_ws/install/action_file/local/lib/python3.10/dist-packages/action_file/_action_file_s.ep.rosidl_typesupport_introspection_c.c
[0.474s] -- Up-to-date: /home/mido/Music/phase_one_ws/install/action_file/local/lib/python3.10/dist-packages/action_file/_action_file_s.ep.rosidl_typesupport_fastrtps_c.c
[0.474s] -- Up-to-date: /home/mido/Music/phase_one_ws/install/action_file/local/lib/python3.10/dist-packages/action_file/libaction_file__rosidl_generator_py.so
[0.474s] -- Up-to-date: /home/mido/Music/phase_one_ws/install/action_file/local/lib/python3.10/dist-packages/action_file/action_file_s__rosidl_typesupport_introspection_c.cpython-310-x86_64-linux-gnu.so
[0.474s] -- Up-to-date: /home/mido/Music/phase_one_ws/install/action_file/local/lib/python3.10/dist-packages/action_file/action_file_s__rosidl_typesupport_c.cpython-310-x86_64-linux-gnu.so
[0.474s] -- Up-to-date: /home/mido/Music/phase_one_ws/install/action_file/local/lib/python3.10/dist-packages/action_file/_action_file_s.ep.rosidl_typesupport_c.c
[0.474s] -- Up-to-date: /home/mido/Music/phase_one_ws/install/action_file/local/lib/python3.10/dist-packages/action_file/action
[0.474s] -- Up-to-date: /home/mido/Music/phase_one_ws/install/action_file/local/lib/python3.10/dist-packages/action_file/action/_target.py
[0.474s] -- Up-to-date: /home/mido/Music/phase_one_ws/install/action_file/local/lib/python3.10/dist-packages/action_file/action/_target_s.c
[0.474s] -- Up-to-date: /home/mido/Music/phase_one_ws/install/action_file/local/lib/python3.10/dist-packages/action_file/action/__init__.py
[0.475s] -- Up-to-date: /home/mido/Music/phase_one_ws/install/action_file/local/lib/python3.10/dist-packages/action_file/action_file_s__rosidl_typesupport_fastrtps_c.cpython-310-x86_64-linux-gnu.so
[0.509s] Listing '/home/mido/Music/phase_one_ws/install/action_file/local/lib/python3.10/dist-packages/action_file'...
[0.509s] Listing '/home/mido/Music/phase_one_ws/install/action_file/local/lib/python3.10/dist-packages/action_file/action'...
[0.520s] -- Up-to-date: /home/mido/Music/phase_one_ws/install/action_file/local/lib/python3.10/dist-packages/action_file/action_file_s__rosidl_typesupport_fastrtps_c.cpython-310-x86_64-linux-gnu.so
[0.521s] -- Up-to-date: /home/mido/Music/phase_one_ws/install/action_file/local/lib/python3.10/dist-packages/action_file/action_file_s__rosidl_typesupport_introspection_c.cpython-310-x86_64-linux-gnu.so
[0.522s] -- Up-to-date: /home/mido/Music/phase_one_ws/install/action_file/local/lib/python3.10/dist-packages/action_file/action_file_s__rosidl_typesupport_c.cpython-310-x86_64-linux-gnu.so
[0.522s] -- Up-to-date: /home/mido/Music/phase_one_ws/install/action_file/lib/libaction_file__rosidl_generator_py.so
[0.522s] -- Up-to-date: /home/mido/Music/phase_one_ws/install/action_file/share/action_file/action/Target.idl
[0.522s] -- Up-to-date: /home/mido/Music/phase_one_ws/install/action_file/share/action_file/action/Target.action
[0.522s] -- Up-to-date: /home/mido/Music/phase_one_ws/install/action_file/share/ament_index/resource_index/package_run_dependencies/action_file
[0.522s] -- Up-to-date: /home/mido/Music/phase_one_ws/install/action_file/share/ament_index/resource_index/parent_prefix_path/action_file
[0.523s] -- Up-to-date: /home/mido/Music/phase_one_ws/install/action_file/share/action_file/environment/ament_prefix_path.sh
[0.523s] -- Up-to-date: /home/mido/Music/phase_one_ws/install/action_file/share/action_file/environment/ament_prefix_path.dsv
[0.523s] -- Up-to-date: /home/mido/Music/phase_one_ws/install/action_file/share/action_file/environment/path.sh
[0.523s] -- Up-to-date: /home/mido/Music/phase_one_ws/install/action_file/share/action_file/environment/path.dsv
[0.523s] -- Up-to-date: /home/mido/Music/phase_one_ws/install/action_file/share/action_file/local_setup.bash
[0.523s] -- Up-to-date: /home/mido/Music/phase_one_ws/install/action_file/share/action_file/local_setup.sh
[0.523s] -- Up-to-date: /home/mido/Music/phase_one_ws/install/action_file/share/action_file/local_setup.zsh
[0.524s] -- Up-to-date: /home/mido/Music/phase_one_ws/install/action_file/share/action_file/local_setup.dsv
[0.524s] -- Installing: /home/mido/Music/phase_one_ws/install/action_file/share/action_file/package.dsv
[0.524s] -- Up-to-date: /home/mido/Music/phase_one_ws/install/action_file/share/ament_index/resource_index/packages/action_file
[0.524s] -- Up-to-date: /home/mido/Music/phase_one_ws/install/action_file/share/action_file/cmake/export_action_file__rosidl_generator_cExport.cmake
[0.524s] -- Up-to-date: /home/mido/Music/phase_one_ws/install/action_file/share/action_file/cmake/export_action_file__rosidl_generator_cExport-noconfig.cmake
[0.524s] -- Up-to-date: /home/mido/Music/phase_one_ws/install/action_file/share/action_file/cmake/export_action_file__rosidl_typesupport_fastrtps_cExport.cmake
[0.524s] -- Up-to-date: /home/mido/Music/phase_one_ws/install/action_file/share/action_file/cmake/export_action_file__rosidl_typesupport_fastrtps_cExport-noconfig.cmake
[0.525s] -- Up-to-date: /home/mido/Music/phase_one_ws/install/action_file/share/action_file/cmake/export_action_file__rosidl_generator_cppExport.cmake
[0.525s] -- Up-to-date: /home/mido/Music/phase_one_ws/install/action_file/share/action_file/cmake/export_action_file__rosidl_typesupport_fastrtps_cppExport.cmake
[0.525s] -- Up-to-date: /home/mido/Music/phase_one_ws/install/action_file/share/action_file/cmake/export_action_file__rosidl_typesupport_fastrtps_cppExport-noconfig.cmake
[0.526s] -- Up-to-date: /home/mido/Music/phase_one_ws/install/action_file/share/action_file/cmake/action_file__rosidl_typesupport_introspection_cExport.cmake
[0.526s] -- Up-to-date: /home/mido/Music/phase_one_ws/install/action_file/share/action_file/cmake/action_file__rosidl_typesupport_introspection_cExport-noconfig.cmake
[0.526s] -- Up-to-date: /home/mido/Music/phase_one_ws/install/action_file/share/action_file/cmake/action_file__rosidl_typesupport_cExport.cmake
[0.526s] -- Up-to-date: /home/mido/Music/phase_one_ws/install/action_file/share/action_file/cmake/action_file__rosidl_typesupport_cExport-noconfig.cmake
[0.526s] -- Up-to-date: /home/mido/Music/phase_one_ws/install/action_file/share/action_file/cmake/action_file__rosidl_typesupport_introspection_cppExport.cmake
[0.526s] -- Up-to-date: /home/mido/Music/phase_one_ws/install/action_file/share/action_file/cmake/action_file__rosidl_typesupport_introspection_cppExport-noconfig.cmake
[0.526s] -- Up-to-date: /home/mido/Music/phase_one_ws/install/action_file/share/action_file/cmake/action_file__rosidl_typesupport_cppExport.cmake
[0.526s] -- Up-to-date: /home/mido/Music/phase_one_ws/install/action_file/share/action_file/cmake/action_file__rosidl_typesupport_cppExport-noconfig.cmake
[0.526s] -- Up-to-date: /home/mido/Music/phase_one_ws/install/action_file/share/action_file/cmake/export_action_file__rosidl_generator_pyExport.cmake
[0.527s] -- Up-to-date: /home/mido/Music/phase_one_ws/install/action_file/share/action_file/cmake/export_action_file__rosidl_generator_pyExport-noconfig.cmake
[0.527s] -- Up-to-date: /home/mido/Music/phase_one_ws/install/action_file/share/action_file/cmake/rosidl_cmake-extras.cmake
[0.527s] -- Up-to-date: /home/mido/Music/phase_one_ws/install/action_file/share/action_file/cmake/ament_cmake_export_dependencies-extras.cmake
[0.527s] -- Up-to-date: /home/mido/Music/phase_one_ws/install/action_file/share/action_file/cmake/ament_cmake_export_include_directories-extras.cmake
[0.527s] -- Up-to-date: /home/mido/Music/phase_one_ws/install/action_file/share/action_file/cmake/ament_cmake_export_libraries-extras.cmake
[0.527s] -- Up-to-date: /home/mido/Music/phase_one_ws/install/action_file/share/action_file/cmake/ament_cmake_export_targets-extras.cmake
[0.528s] -- Up-to-date: /home/mido/Music/phase_one_ws/install/action_file/share/action_file/cmake/rosidl_cmake_export_typesupport_targets-extras.cmake
[0.528s] -- Up-to-date: /home/mido/Music/phase_one_ws/install/action_file/share/action_file/cmake/rosidl_cmake_export_typesupport_libraries-extras.cmake
[0.528s] -- Up-to-date: /home/mido/Music/phase_one_ws/install/action_file/share/action_file/cmake/action_fileConfig.cmake
[0.528s] -- Up-to-date: /home/mido/Music/phase_one_ws/install/action_file/share/action_file/cmake/action_fileConfig-version.cmake
[0.528s] -- Up-to-date: /home/mido/Music/phase_one_ws/install/action_file/share/action_file/package.xml
[0.539s] Invoked command in '/home/mido/Music/phase_one_ws/build/action_file' returned '0': CMAKE_PREFIX_PATH=${CMAKE_PREFIX_PATH}:/home/mido/Music/phase_one_ws/install/motion_pkg:/opt/ros/humble /usr/bin/cmake --install /home/mido/Music/phase_one_ws/build/action_file
