[0.588s] Invoking command in '/home/mido/Music/phase_one_ws/src/motion_pkg': AMENT_PREFIX_PATH=/home/mido/Music/phase_one_ws/install/action_file:${AMENT_PREFIX_PATH} CMAKE_PREFIX_PATH=/home/mido/Music/phase_one_ws/install/action_file LD_LIBRARY_PATH=/home/mido/Music/phase_one_ws/install/action_file/lib:${LD_LIBRARY_PATH} PYTHONPATH=/home/mido/Music/phase_one_ws/build/motion_pkg/prefix_override:/usr/lib/python3/dist-packages/colcon_core/task/python/colcon_distutils_commands:/home/mido/Music/phase_one_ws/install/motion_pkg/lib/python3.10/site-packages:/home/mido/Music/phase_one_ws/install/action_file/local/lib/python3.10/dist-packages:${PYTHONPATH} /usr/bin/python3 -W ignore:setup.py install is deprecated -W ignore:easy_install command is deprecated setup.py egg_info --egg-base ../../build/motion_pkg build --build-base /home/mido/Music/phase_one_ws/build/motion_pkg/build install --record /home/mido/Music/phase_one_ws/build/motion_pkg/install.log --single-version-externally-managed install_data
[0.803s] running egg_info
[0.803s] writing ../../build/motion_pkg/motion_pkg.egg-info/PKG-INFO
[0.813s] writing dependency_links to ../../build/motion_pkg/motion_pkg.egg-info/dependency_links.txt
[0.814s] writing entry points to ../../build/motion_pkg/motion_pkg.egg-info/entry_points.txt
[0.814s] writing requirements to ../../build/motion_pkg/motion_pkg.egg-info/requires.txt
[0.814s] writing top-level names to ../../build/motion_pkg/motion_pkg.egg-info/top_level.txt
[0.817s] reading manifest file '../../build/motion_pkg/motion_pkg.egg-info/SOURCES.txt'
[0.818s] writing manifest file '../../build/motion_pkg/motion_pkg.egg-info/SOURCES.txt'
[0.818s] running build
[0.818s] running build_py
[0.818s] copying motion_pkg/t.py -> /home/mido/Music/phase_one_ws/build/motion_pkg/build/lib/motion_pkg
[0.820s] copying motion_pkg/path_planning.py -> /home/mido/Music/phase_one_ws/build/motion_pkg/build/lib/motion_pkg
[0.820s] copying motion_pkg/test.py -> /home/mido/Music/phase_one_ws/build/motion_pkg/build/lib/motion_pkg
[0.821s] running install
[0.822s] running install_lib
[0.822s] copying /home/mido/Music/phase_one_ws/build/motion_pkg/build/lib/motion_pkg/t.py -> /home/mido/Music/phase_one_ws/install/motion_pkg/lib/python3.10/site-packages/motion_pkg
[0.823s] copying /home/mido/Music/phase_one_ws/build/motion_pkg/build/lib/motion_pkg/path_planning.py -> /home/mido/Music/phase_one_ws/install/motion_pkg/lib/python3.10/site-packages/motion_pkg
[0.823s] copying /home/mido/Music/phase_one_ws/build/motion_pkg/build/lib/motion_pkg/test.py -> /home/mido/Music/phase_one_ws/install/motion_pkg/lib/python3.10/site-packages/motion_pkg
[0.824s] byte-compiling /home/mido/Music/phase_one_ws/install/motion_pkg/lib/python3.10/site-packages/motion_pkg/t.py to t.cpython-310.pyc
[0.826s] byte-compiling /home/mido/Music/phase_one_ws/install/motion_pkg/lib/python3.10/site-packages/motion_pkg/path_planning.py to path_planning.cpython-310.pyc
[0.827s] byte-compiling /home/mido/Music/phase_one_ws/install/motion_pkg/lib/python3.10/site-packages/motion_pkg/test.py to test.cpython-310.pyc
[0.828s] running install_data
[0.829s] running install_egg_info
[0.830s] removing '/home/mido/Music/phase_one_ws/install/motion_pkg/lib/python3.10/site-packages/motion_pkg-0.0.0-py3.10.egg-info' (and everything under it)
[0.831s] Copying ../../build/motion_pkg/motion_pkg.egg-info to /home/mido/Music/phase_one_ws/install/motion_pkg/lib/python3.10/site-packages/motion_pkg-0.0.0-py3.10.egg-info
[0.832s] running install_scripts
[0.847s] Installing current_position script to /home/mido/Music/phase_one_ws/install/motion_pkg/lib/motion_pkg
[0.847s] Installing mark_target script to /home/mido/Music/phase_one_ws/install/motion_pkg/lib/motion_pkg
[0.847s] Installing points_sender script to /home/mido/Music/phase_one_ws/install/motion_pkg/lib/motion_pkg
[0.847s] Installing random_points_generator script to /home/mido/Music/phase_one_ws/install/motion_pkg/lib/motion_pkg
[0.847s] Installing speed_control script to /home/mido/Music/phase_one_ws/install/motion_pkg/lib/motion_pkg
[0.848s] writing list of installed files to '/home/mido/Music/phase_one_ws/build/motion_pkg/install.log'
[0.867s] Invoked command in '/home/mido/Music/phase_one_ws/src/motion_pkg' returned '0': AMENT_PREFIX_PATH=/home/mido/Music/phase_one_ws/install/action_file:${AMENT_PREFIX_PATH} CMAKE_PREFIX_PATH=/home/mido/Music/phase_one_ws/install/action_file LD_LIBRARY_PATH=/home/mido/Music/phase_one_ws/install/action_file/lib:${LD_LIBRARY_PATH} PYTHONPATH=/home/mido/Music/phase_one_ws/build/motion_pkg/prefix_override:/usr/lib/python3/dist-packages/colcon_core/task/python/colcon_distutils_commands:/home/mido/Music/phase_one_ws/install/motion_pkg/lib/python3.10/site-packages:/home/mido/Music/phase_one_ws/install/action_file/local/lib/python3.10/dist-packages:${PYTHONPATH} /usr/bin/python3 -W ignore:setup.py install is deprecated -W ignore:easy_install command is deprecated setup.py egg_info --egg-base ../../build/motion_pkg build --build-base /home/mido/Music/phase_one_ws/build/motion_pkg/build install --record /home/mido/Music/phase_one_ws/build/motion_pkg/install.log --single-version-externally-managed install_data
