[0.842s] Invoking command in '/home/mido/Music/phase_one_ws/src/motion_pkg': CMAKE_PREFIX_PATH=/home/mido/Music/phase_one_ws/install/action_file:/home/mido/Music/phase_one_ws/install/bumperbot_localization:/home/mido/Music/phase_one_ws/install/bumperbot_description:/home/mido/Music/phase_one_ws/install/bumperbot_controller PYTHONPATH=/home/mido/Music/phase_one_ws/build/motion_pkg/prefix_override:/usr/lib/python3/dist-packages/colcon_core/task/python/colcon_distutils_commands:/home/mido/Music/phase_one_ws/install/motion_pkg/lib/python3.10/site-packages:${PYTHONPATH} /usr/bin/python3 -W ignore:setup.py install is deprecated -W ignore:easy_install command is deprecated setup.py egg_info --egg-base ../../build/motion_pkg build --build-base /home/mido/Music/phase_one_ws/build/motion_pkg/build install --record /home/mido/Music/phase_one_ws/build/motion_pkg/install.log --single-version-externally-managed install_data
[1.132s] running egg_info
[1.133s] writing ../../build/motion_pkg/motion_pkg.egg-info/PKG-INFO
[1.133s] writing dependency_links to ../../build/motion_pkg/motion_pkg.egg-info/dependency_links.txt
[1.133s] writing entry points to ../../build/motion_pkg/motion_pkg.egg-info/entry_points.txt
[1.133s] writing requirements to ../../build/motion_pkg/motion_pkg.egg-info/requires.txt
[1.133s] writing top-level names to ../../build/motion_pkg/motion_pkg.egg-info/top_level.txt
[1.138s] reading manifest file '../../build/motion_pkg/motion_pkg.egg-info/SOURCES.txt'
[1.144s] writing manifest file '../../build/motion_pkg/motion_pkg.egg-info/SOURCES.txt'
[1.144s] running build
[1.144s] running build_py
[1.145s] running install
[1.145s] running install_lib
[1.147s] running install_data
[1.147s] running install_egg_info
[1.149s] removing '/home/mido/Music/phase_one_ws/install/motion_pkg/lib/python3.10/site-packages/motion_pkg-0.0.0-py3.10.egg-info' (and everything under it)
[1.150s] Copying ../../build/motion_pkg/motion_pkg.egg-info to /home/mido/Music/phase_one_ws/install/motion_pkg/lib/python3.10/site-packages/motion_pkg-0.0.0-py3.10.egg-info
[1.151s] running install_scripts
[1.178s] Installing current_position script to /home/mido/Music/phase_one_ws/install/motion_pkg/lib/motion_pkg
[1.179s] Installing lidar_sensor script to /home/mido/Music/phase_one_ws/install/motion_pkg/lib/motion_pkg
[1.179s] Installing mark_target script to /home/mido/Music/phase_one_ws/install/motion_pkg/lib/motion_pkg
[1.179s] Installing path_planning_1 script to /home/mido/Music/phase_one_ws/install/motion_pkg/lib/motion_pkg
[1.179s] Installing path_planning_mariam_version script to /home/mido/Music/phase_one_ws/install/motion_pkg/lib/motion_pkg
[1.179s] Installing points_sender script to /home/mido/Music/phase_one_ws/install/motion_pkg/lib/motion_pkg
[1.179s] Installing random_points_generator script to /home/mido/Music/phase_one_ws/install/motion_pkg/lib/motion_pkg
[1.179s] Installing speed_control script to /home/mido/Music/phase_one_ws/install/motion_pkg/lib/motion_pkg
[1.180s] writing list of installed files to '/home/mido/Music/phase_one_ws/build/motion_pkg/install.log'
[1.251s] Invoked command in '/home/mido/Music/phase_one_ws/src/motion_pkg' returned '0': CMAKE_PREFIX_PATH=/home/mido/Music/phase_one_ws/install/action_file:/home/mido/Music/phase_one_ws/install/bumperbot_localization:/home/mido/Music/phase_one_ws/install/bumperbot_description:/home/mido/Music/phase_one_ws/install/bumperbot_controller PYTHONPATH=/home/mido/Music/phase_one_ws/build/motion_pkg/prefix_override:/usr/lib/python3/dist-packages/colcon_core/task/python/colcon_distutils_commands:/home/mido/Music/phase_one_ws/install/motion_pkg/lib/python3.10/site-packages:${PYTHONPATH} /usr/bin/python3 -W ignore:setup.py install is deprecated -W ignore:easy_install command is deprecated setup.py egg_info --egg-base ../../build/motion_pkg build --build-base /home/mido/Music/phase_one_ws/build/motion_pkg/build install --record /home/mido/Music/phase_one_ws/build/motion_pkg/install.log --single-version-externally-managed install_data
