[0.021s] Invoking command in '/home/mido/Music/phase_one_ws/build/action_file': CMAKE_PREFIX_PATH=/opt/ros/humble /usr/bin/cmake --build /home/mido/Music/phase_one_ws/build/action_file -- -j16 -l16
[0.098s] [  6%] Built target action_file__cpp
[0.099s] [ 12%] Built target action_file__rosidl_generator_c
[0.119s] [ 12%] Built target ament_cmake_python_copy_action_file
[0.139s] [ 35%] Built target action_file__rosidl_typesupport_introspection_cpp
[0.139s] [ 35%] Built target action_file__rosidl_typesupport_c
[0.139s] [ 41%] Built target action_file__rosidl_typesupport_fastrtps_c
[0.141s] [ 51%] Built target action_file__rosidl_typesupport_introspection_c
[0.154s] [ 70%] Built target action_file__rosidl_typesupport_fastrtps_cpp
[0.154s] [ 70%] Built target action_file__rosidl_typesupport_cpp
[0.193s] [ 70%] Built target action_file
[0.225s] [ 74%] Built target action_file__py
[0.265s] [ 80%] Built target action_file__rosidl_generator_py
[0.295s] [100%] Built target action_file__rosidl_typesupport_fastrtps_c__pyext
[0.295s] [100%] Built target action_file__rosidl_typesupport_introspection_c__pyext
[0.295s] [100%] Built target action_file__rosidl_typesupport_c__pyext
[0.474s] running egg_info
[0.475s] writing action_file.egg-info/PKG-INFO
[0.475s] writing dependency_links to action_file.egg-info/dependency_links.txt
[0.475s] writing top-level names to action_file.egg-info/top_level.txt
[0.482s] reading manifest file 'action_file.egg-info/SOURCES.txt'
[0.483s] writing manifest file 'action_file.egg-info/SOURCES.txt'
[0.561s] [100%] Built target ament_cmake_python_build_action_file_egg
