[0.016s] Invoking command in '/home/mido/Music/phase_one_ws/build/bumperbot_controller': CMAKE_PREFIX_PATH=${CMAKE_PREFIX_PATH}:/home/mido/Music/phase_one_ws/install/motion_pkg:/home/mido/Music/phase_one_ws/install/bumperbot_controller:/opt/ros/humble /usr/bin/cmake --build /home/mido/Music/phase_one_ws/build/bumperbot_controller -- -j16 -l16
[0.073s] [100%] Built target simple_controller
[0.074s] [100%] Built target noisy_controller
[0.076s] [100%] Built target ament_cmake_python_copy_bumperbot_controller
[0.343s] running egg_info
[0.344s] writing bumperbot_controller.egg-info/PKG-INFO
[0.344s] writing dependency_links to bumperbot_controller.egg-info/dependency_links.txt
[0.344s] writing top-level names to bumperbot_controller.egg-info/top_level.txt
[0.347s] reading manifest file 'bumperbot_controller.egg-info/SOURCES.txt'
[0.348s] writing manifest file 'bumperbot_controller.egg-info/SOURCES.txt'
[0.384s] [100%] Built target ament_cmake_python_build_bumperbot_controller_egg
[0.396s] Invoked command in '/home/mido/Music/phase_one_ws/build/bumperbot_controller' returned '0': CMAKE_PREFIX_PATH=${CMAKE_PREFIX_PATH}:/home/mido/Music/phase_one_ws/install/motion_pkg:/home/mido/Music/phase_one_ws/install/bumperbot_controller:/opt/ros/humble /usr/bin/cmake --build /home/mido/Music/phase_one_ws/build/bumperbot_controller -- -j16 -l16
[0.398s] Invoking command in '/home/mido/Music/phase_one_ws/build/bumperbot_controller': CMAKE_PREFIX_PATH=${CMAKE_PREFIX_PATH}:/home/mido/Music/phase_one_ws/install/motion_pkg:/home/mido/Music/phase_one_ws/install/bumperbot_controller:/opt/ros/humble /usr/bin/cmake --install /home/mido/Music/phase_one_ws/build/bumperbot_controller
[0.411s] -- Install configuration: ""
[0.411s] -- Up-to-date: /home/mido/Music/phase_one_ws/install/bumperbot_controller/share/bumperbot_controller/environment/pythonpath.sh
[0.411s] -- Up-to-date: /home/mido/Music/phase_one_ws/install/bumperbot_controller/share/bumperbot_controller/environment/pythonpath.dsv
[0.411s] -- Up-to-date: /home/mido/Music/phase_one_ws/install/bumperbot_controller/local/lib/python3.10/dist-packages/bumperbot_controller-0.0.0-py3.10.egg-info
[0.411s] -- Installing: /home/mido/Music/phase_one_ws/install/bumperbot_controller/local/lib/python3.10/dist-packages/bumperbot_controller-0.0.0-py3.10.egg-info/PKG-INFO
[0.411s] -- Installing: /home/mido/Music/phase_one_ws/install/bumperbot_controller/local/lib/python3.10/dist-packages/bumperbot_controller-0.0.0-py3.10.egg-info/top_level.txt
[0.411s] -- Installing: /home/mido/Music/phase_one_ws/install/bumperbot_controller/local/lib/python3.10/dist-packages/bumperbot_controller-0.0.0-py3.10.egg-info/dependency_links.txt
[0.412s] -- Installing: /home/mido/Music/phase_one_ws/install/bumperbot_controller/local/lib/python3.10/dist-packages/bumperbot_controller-0.0.0-py3.10.egg-info/SOURCES.txt
[0.412s] -- Up-to-date: /home/mido/Music/phase_one_ws/install/bumperbot_controller/local/lib/python3.10/dist-packages/bumperbot_controller
[0.412s] -- Up-to-date: /home/mido/Music/phase_one_ws/install/bumperbot_controller/local/lib/python3.10/dist-packages/bumperbot_controller/noisy_controller.py
[0.412s] -- Up-to-date: /home/mido/Music/phase_one_ws/install/bumperbot_controller/local/lib/python3.10/dist-packages/bumperbot_controller/simple_controller.py
[0.412s] -- Up-to-date: /home/mido/Music/phase_one_ws/install/bumperbot_controller/local/lib/python3.10/dist-packages/bumperbot_controller/__init__.py
[0.441s] Listing '/home/mido/Music/phase_one_ws/install/bumperbot_controller/local/lib/python3.10/dist-packages/bumperbot_controller'...
[0.445s] -- Up-to-date: /home/mido/Music/phase_one_ws/install/bumperbot_controller/include/include
[0.445s] -- Up-to-date: /home/mido/Music/phase_one_ws/install/bumperbot_controller/include/include/bumperbot_controller
[0.446s] -- Up-to-date: /home/mido/Music/phase_one_ws/install/bumperbot_controller/include/include/bumperbot_controller/noisy_controller.hpp
[0.446s] -- Up-to-date: /home/mido/Music/phase_one_ws/install/bumperbot_controller/include/include/bumperbot_controller/simple_controller.hpp
[0.446s] -- Up-to-date: /home/mido/Music/phase_one_ws/install/bumperbot_controller/lib/bumperbot_controller/simple_controller
[0.446s] -- Up-to-date: /home/mido/Music/phase_one_ws/install/bumperbot_controller/lib/bumperbot_controller/noisy_controller
[0.446s] -- Up-to-date: /home/mido/Music/phase_one_ws/install/bumperbot_controller/share/bumperbot_controller/launch
[0.446s] -- Up-to-date: /home/mido/Music/phase_one_ws/install/bumperbot_controller/share/bumperbot_controller/launch/controller.launch.py
[0.446s] -- Up-to-date: /home/mido/Music/phase_one_ws/install/bumperbot_controller/share/bumperbot_controller/launch/joystick_teleop.launch.py
[0.446s] -- Up-to-date: /home/mido/Music/phase_one_ws/install/bumperbot_controller/share/bumperbot_controller/config
[0.447s] -- Up-to-date: /home/mido/Music/phase_one_ws/install/bumperbot_controller/share/bumperbot_controller/config/bumperbot_controllers.yaml
[0.447s] -- Up-to-date: /home/mido/Music/phase_one_ws/install/bumperbot_controller/share/bumperbot_controller/config/joy_config.yaml
[0.447s] -- Up-to-date: /home/mido/Music/phase_one_ws/install/bumperbot_controller/share/bumperbot_controller/config/joy_teleop.yaml
[0.447s] -- Up-to-date: /home/mido/Music/phase_one_ws/install/bumperbot_controller/lib/bumperbot_controller/simple_controller.py
[0.447s] -- Up-to-date: /home/mido/Music/phase_one_ws/install/bumperbot_controller/lib/bumperbot_controller/noisy_controller.py
[0.447s] -- Up-to-date: /home/mido/Music/phase_one_ws/install/bumperbot_controller/share/ament_index/resource_index/package_run_dependencies/bumperbot_controller
[0.447s] -- Up-to-date: /home/mido/Music/phase_one_ws/install/bumperbot_controller/share/ament_index/resource_index/parent_prefix_path/bumperbot_controller
[0.447s] -- Up-to-date: /home/mido/Music/phase_one_ws/install/bumperbot_controller/share/bumperbot_controller/environment/ament_prefix_path.sh
[0.447s] -- Up-to-date: /home/mido/Music/phase_one_ws/install/bumperbot_controller/share/bumperbot_controller/environment/ament_prefix_path.dsv
[0.447s] -- Up-to-date: /home/mido/Music/phase_one_ws/install/bumperbot_controller/share/bumperbot_controller/environment/path.sh
[0.447s] -- Up-to-date: /home/mido/Music/phase_one_ws/install/bumperbot_controller/share/bumperbot_controller/environment/path.dsv
[0.447s] -- Up-to-date: /home/mido/Music/phase_one_ws/install/bumperbot_controller/share/bumperbot_controller/local_setup.bash
[0.448s] -- Up-to-date: /home/mido/Music/phase_one_ws/install/bumperbot_controller/share/bumperbot_controller/local_setup.sh
[0.448s] -- Up-to-date: /home/mido/Music/phase_one_ws/install/bumperbot_controller/share/bumperbot_controller/local_setup.zsh
[0.448s] -- Up-to-date: /home/mido/Music/phase_one_ws/install/bumperbot_controller/share/bumperbot_controller/local_setup.dsv
[0.448s] -- Installing: /home/mido/Music/phase_one_ws/install/bumperbot_controller/share/bumperbot_controller/package.dsv
[0.448s] -- Up-to-date: /home/mido/Music/phase_one_ws/install/bumperbot_controller/share/ament_index/resource_index/packages/bumperbot_controller
[0.448s] -- Up-to-date: /home/mido/Music/phase_one_ws/install/bumperbot_controller/share/bumperbot_controller/cmake/bumperbot_controllerConfig.cmake
[0.448s] -- Up-to-date: /home/mido/Music/phase_one_ws/install/bumperbot_controller/share/bumperbot_controller/cmake/bumperbot_controllerConfig-version.cmake
[0.448s] -- Up-to-date: /home/mido/Music/phase_one_ws/install/bumperbot_controller/share/bumperbot_controller/package.xml
[0.452s] Invoked command in '/home/mido/Music/phase_one_ws/build/bumperbot_controller' returned '0': CMAKE_PREFIX_PATH=${CMAKE_PREFIX_PATH}:/home/mido/Music/phase_one_ws/install/motion_pkg:/home/mido/Music/phase_one_ws/install/bumperbot_controller:/opt/ros/humble /usr/bin/cmake --install /home/mido/Music/phase_one_ws/build/bumperbot_controller
