[0.110s] DEBUG:colcon:Command line arguments: ['/usr/bin/colcon', 'build']
[0.111s] DEBUG:colcon:Parsed command line arguments: Namespace(log_base=None, log_level=None, verb_name='build', build_base='build', install_base='install', merge_install=False, symlink_install=False, test_result_base=None, continue_on_error=False, executor='parallel', parallel_workers=16, event_handlers=None, ignore_user_meta=False, metas=['./colcon.meta'], base_paths=['.'], packages_ignore=None, packages_ignore_regex=None, paths=None, packages_up_to=None, packages_up_to_regex=None, packages_above=None, packages_above_and_dependencies=None, packages_above_depth=None, packages_select_by_dep=None, packages_skip_by_dep=None, packages_skip_up_to=None, packages_select_build_failed=False, packages_skip_build_finished=False, packages_select_test_failures=False, packages_skip_test_passed=False, packages_select=None, packages_skip=None, packages_select_regex=None, packages_skip_regex=None, packages_start=None, packages_end=None, allow_overriding=[], cmake_args=None, cmake_target=None, cmake_target_skip_unavailable=False, cmake_clean_cache=False, cmake_clean_first=False, cmake_force_configure=False, ament_cmake_args=None, catkin_cmake_args=None, catkin_skip_building_tests=False, mixin_files=None, mixin=None, verb_parser=<colcon_mixin.mixin.mixin_argument.MixinArgumentDecorator object at 0x7b94a8184340>, verb_extension=<colcon_core.verb.build.BuildVerb object at 0x7b94a814fd90>, main=<bound method BuildVerb.main of <colcon_core.verb.build.BuildVerb object at 0x7b94a814fd90>>, mixin_verb=('build',))
[0.308s] Level 1:colcon.colcon_core.package_discovery:discover_packages(colcon_meta) check parameters
[0.308s] Level 1:colcon.colcon_core.package_discovery:discover_packages(recursive) check parameters
[0.308s] Level 1:colcon.colcon_core.package_discovery:discover_packages(ignore) check parameters
[0.308s] Level 1:colcon.colcon_core.package_discovery:discover_packages(path) check parameters
[0.308s] Level 1:colcon.colcon_core.package_discovery:discover_packages(colcon_meta) discover
[0.309s] Level 1:colcon.colcon_core.package_discovery:discover_packages(recursive) discover
[0.309s] INFO:colcon.colcon_core.package_discovery:Crawling recursively for packages in '/home/mido/Music/phase_one_ws'
[0.309s] Level 1:colcon.colcon_core.package_identification:_identify(.) by extensions ['ignore', 'ignore_ament_install']
[0.309s] Level 1:colcon.colcon_core.package_identification:_identify(.) by extension 'ignore'
[0.309s] Level 1:colcon.colcon_core.package_identification:_identify(.) by extension 'ignore_ament_install'
[0.309s] Level 1:colcon.colcon_core.package_identification:_identify(.) by extensions ['colcon_pkg']
[0.309s] Level 1:colcon.colcon_core.package_identification:_identify(.) by extension 'colcon_pkg'
[0.309s] Level 1:colcon.colcon_core.package_identification:_identify(.) by extensions ['colcon_meta']
[0.309s] Level 1:colcon.colcon_core.package_identification:_identify(.) by extension 'colcon_meta'
[0.309s] Level 1:colcon.colcon_core.package_identification:_identify(.) by extensions ['ros']
[0.309s] Level 1:colcon.colcon_core.package_identification:_identify(.) by extension 'ros'
[0.326s] Level 1:colcon.colcon_core.package_identification:_identify(.) by extensions ['cmake', 'python']
[0.326s] Level 1:colcon.colcon_core.package_identification:_identify(.) by extension 'cmake'
[0.326s] Level 1:colcon.colcon_core.package_identification:_identify(.) by extension 'python'
[0.326s] Level 1:colcon.colcon_core.package_identification:_identify(.) by extensions ['python_setup_py']
[0.326s] Level 1:colcon.colcon_core.package_identification:_identify(.) by extension 'python_setup_py'
[0.326s] Level 1:colcon.colcon_core.package_identification:_identify(build) by extensions ['ignore', 'ignore_ament_install']
[0.326s] Level 1:colcon.colcon_core.package_identification:_identify(build) by extension 'ignore'
[0.326s] Level 1:colcon.colcon_core.package_identification:_identify(build) ignored
[0.327s] Level 1:colcon.colcon_core.package_identification:_identify(install) by extensions ['ignore', 'ignore_ament_install']
[0.327s] Level 1:colcon.colcon_core.package_identification:_identify(install) by extension 'ignore'
[0.327s] Level 1:colcon.colcon_core.package_identification:_identify(install) ignored
[0.327s] Level 1:colcon.colcon_core.package_identification:_identify(log) by extensions ['ignore', 'ignore_ament_install']
[0.327s] Level 1:colcon.colcon_core.package_identification:_identify(log) by extension 'ignore'
[0.327s] Level 1:colcon.colcon_core.package_identification:_identify(log) ignored
[0.327s] Level 1:colcon.colcon_core.package_identification:_identify(src) by extensions ['ignore', 'ignore_ament_install']
[0.327s] Level 1:colcon.colcon_core.package_identification:_identify(src) by extension 'ignore'
[0.327s] Level 1:colcon.colcon_core.package_identification:_identify(src) by extension 'ignore_ament_install'
[0.328s] Level 1:colcon.colcon_core.package_identification:_identify(src) by extensions ['colcon_pkg']
[0.328s] Level 1:colcon.colcon_core.package_identification:_identify(src) by extension 'colcon_pkg'
[0.328s] Level 1:colcon.colcon_core.package_identification:_identify(src) by extensions ['colcon_meta']
[0.328s] Level 1:colcon.colcon_core.package_identification:_identify(src) by extension 'colcon_meta'
[0.328s] Level 1:colcon.colcon_core.package_identification:_identify(src) by extensions ['ros']
[0.328s] Level 1:colcon.colcon_core.package_identification:_identify(src) by extension 'ros'
[0.328s] Level 1:colcon.colcon_core.package_identification:_identify(src) by extensions ['cmake', 'python']
[0.328s] Level 1:colcon.colcon_core.package_identification:_identify(src) by extension 'cmake'
[0.328s] Level 1:colcon.colcon_core.package_identification:_identify(src) by extension 'python'
[0.328s] Level 1:colcon.colcon_core.package_identification:_identify(src) by extensions ['python_setup_py']
[0.328s] Level 1:colcon.colcon_core.package_identification:_identify(src) by extension 'python_setup_py'
[0.328s] Level 1:colcon.colcon_core.package_identification:_identify(src/action_file) by extensions ['ignore', 'ignore_ament_install']
[0.328s] Level 1:colcon.colcon_core.package_identification:_identify(src/action_file) by extension 'ignore'
[0.328s] Level 1:colcon.colcon_core.package_identification:_identify(src/action_file) by extension 'ignore_ament_install'
[0.328s] Level 1:colcon.colcon_core.package_identification:_identify(src/action_file) by extensions ['colcon_pkg']
[0.328s] Level 1:colcon.colcon_core.package_identification:_identify(src/action_file) by extension 'colcon_pkg'
[0.328s] Level 1:colcon.colcon_core.package_identification:_identify(src/action_file) by extensions ['colcon_meta']
[0.328s] Level 1:colcon.colcon_core.package_identification:_identify(src/action_file) by extension 'colcon_meta'
[0.328s] Level 1:colcon.colcon_core.package_identification:_identify(src/action_file) by extensions ['ros']
[0.328s] Level 1:colcon.colcon_core.package_identification:_identify(src/action_file) by extension 'ros'
[0.332s] DEBUG:colcon.colcon_core.package_identification:Package 'src/action_file' with type 'ros.ament_cmake' and name 'action_file'
[0.332s] Level 1:colcon.colcon_core.package_identification:_identify(src/bumperbot_controller) by extensions ['ignore', 'ignore_ament_install']
[0.332s] Level 1:colcon.colcon_core.package_identification:_identify(src/bumperbot_controller) by extension 'ignore'
[0.332s] Level 1:colcon.colcon_core.package_identification:_identify(src/bumperbot_controller) by extension 'ignore_ament_install'
[0.332s] Level 1:colcon.colcon_core.package_identification:_identify(src/bumperbot_controller) by extensions ['colcon_pkg']
[0.332s] Level 1:colcon.colcon_core.package_identification:_identify(src/bumperbot_controller) by extension 'colcon_pkg'
[0.332s] Level 1:colcon.colcon_core.package_identification:_identify(src/bumperbot_controller) by extensions ['colcon_meta']
[0.332s] Level 1:colcon.colcon_core.package_identification:_identify(src/bumperbot_controller) by extension 'colcon_meta'
[0.332s] Level 1:colcon.colcon_core.package_identification:_identify(src/bumperbot_controller) by extensions ['ros']
[0.332s] Level 1:colcon.colcon_core.package_identification:_identify(src/bumperbot_controller) by extension 'ros'
[0.333s] DEBUG:colcon.colcon_core.package_identification:Package 'src/bumperbot_controller' with type 'ros.ament_cmake' and name 'bumperbot_controller'
[0.333s] Level 1:colcon.colcon_core.package_identification:_identify(src/bumperbot_description) by extensions ['ignore', 'ignore_ament_install']
[0.333s] Level 1:colcon.colcon_core.package_identification:_identify(src/bumperbot_description) by extension 'ignore'
[0.333s] Level 1:colcon.colcon_core.package_identification:_identify(src/bumperbot_description) by extension 'ignore_ament_install'
[0.334s] Level 1:colcon.colcon_core.package_identification:_identify(src/bumperbot_description) by extensions ['colcon_pkg']
[0.334s] Level 1:colcon.colcon_core.package_identification:_identify(src/bumperbot_description) by extension 'colcon_pkg'
[0.334s] Level 1:colcon.colcon_core.package_identification:_identify(src/bumperbot_description) by extensions ['colcon_meta']
[0.334s] Level 1:colcon.colcon_core.package_identification:_identify(src/bumperbot_description) by extension 'colcon_meta'
[0.334s] Level 1:colcon.colcon_core.package_identification:_identify(src/bumperbot_description) by extensions ['ros']
[0.334s] Level 1:colcon.colcon_core.package_identification:_identify(src/bumperbot_description) by extension 'ros'
[0.336s] DEBUG:colcon.colcon_core.package_identification:Package 'src/bumperbot_description' with type 'ros.ament_cmake' and name 'bumperbot_description'
[0.336s] Level 1:colcon.colcon_core.package_identification:_identify(src/motion_pkg) by extensions ['ignore', 'ignore_ament_install']
[0.336s] Level 1:colcon.colcon_core.package_identification:_identify(src/motion_pkg) by extension 'ignore'
[0.336s] Level 1:colcon.colcon_core.package_identification:_identify(src/motion_pkg) by extension 'ignore_ament_install'
[0.336s] Level 1:colcon.colcon_core.package_identification:_identify(src/motion_pkg) by extensions ['colcon_pkg']
[0.336s] Level 1:colcon.colcon_core.package_identification:_identify(src/motion_pkg) by extension 'colcon_pkg'
[0.336s] Level 1:colcon.colcon_core.package_identification:_identify(src/motion_pkg) by extensions ['colcon_meta']
[0.336s] Level 1:colcon.colcon_core.package_identification:_identify(src/motion_pkg) by extension 'colcon_meta'
[0.336s] Level 1:colcon.colcon_core.package_identification:_identify(src/motion_pkg) by extensions ['ros']
[0.336s] Level 1:colcon.colcon_core.package_identification:_identify(src/motion_pkg) by extension 'ros'
[0.337s] DEBUG:colcon.colcon_core.package_identification:Package 'src/motion_pkg' with type 'ros.ament_python' and name 'motion_pkg'
[0.337s] Level 1:colcon.colcon_core.package_discovery:discover_packages(recursive) using defaults
[0.337s] Level 1:colcon.colcon_core.package_discovery:discover_packages(ignore) discover
[0.337s] Level 1:colcon.colcon_core.package_discovery:discover_packages(ignore) using defaults
[0.337s] Level 1:colcon.colcon_core.package_discovery:discover_packages(path) discover
[0.337s] Level 1:colcon.colcon_core.package_discovery:discover_packages(path) using defaults
[0.361s] Level 1:colcon.colcon_core.package_discovery:discover_packages(prefix_path) check parameters
[0.361s] Level 1:colcon.colcon_core.package_discovery:discover_packages(prefix_path) discover
[0.363s] DEBUG:colcon.colcon_installed_package_information.package_discovery:Found 6 installed packages in /home/mido/Music/phase_one_ws/install
[0.364s] DEBUG:colcon.colcon_installed_package_information.package_discovery:Found 389 installed packages in /opt/ros/humble
[0.366s] Level 1:colcon.colcon_core.package_discovery:discover_packages(prefix_path) using defaults
[0.407s] Level 5:colcon.colcon_core.verb:set package 'action_file' build argument 'cmake_args' from command line to 'None'
[0.407s] Level 5:colcon.colcon_core.verb:set package 'action_file' build argument 'cmake_target' from command line to 'None'
[0.407s] Level 5:colcon.colcon_core.verb:set package 'action_file' build argument 'cmake_target_skip_unavailable' from command line to 'False'
[0.407s] Level 5:colcon.colcon_core.verb:set package 'action_file' build argument 'cmake_clean_cache' from command line to 'False'
[0.407s] Level 5:colcon.colcon_core.verb:set package 'action_file' build argument 'cmake_clean_first' from command line to 'False'
[0.407s] Level 5:colcon.colcon_core.verb:set package 'action_file' build argument 'cmake_force_configure' from command line to 'False'
[0.407s] Level 5:colcon.colcon_core.verb:set package 'action_file' build argument 'ament_cmake_args' from command line to 'None'
[0.407s] Level 5:colcon.colcon_core.verb:set package 'action_file' build argument 'catkin_cmake_args' from command line to 'None'
[0.407s] Level 5:colcon.colcon_core.verb:set package 'action_file' build argument 'catkin_skip_building_tests' from command line to 'False'
[0.407s] DEBUG:colcon.colcon_core.verb:Building package 'action_file' with the following arguments: {'ament_cmake_args': None, 'build_base': '/home/mido/Music/phase_one_ws/build/action_file', 'catkin_cmake_args': None, 'catkin_skip_building_tests': False, 'cmake_args': None, 'cmake_clean_cache': False, 'cmake_clean_first': False, 'cmake_force_configure': False, 'cmake_target': None, 'cmake_target_skip_unavailable': False, 'install_base': '/home/mido/Music/phase_one_ws/install/action_file', 'merge_install': False, 'path': '/home/mido/Music/phase_one_ws/src/action_file', 'symlink_install': False, 'test_result_base': None}
[0.407s] Level 5:colcon.colcon_core.verb:set package 'bumperbot_controller' build argument 'cmake_args' from command line to 'None'
[0.407s] Level 5:colcon.colcon_core.verb:set package 'bumperbot_controller' build argument 'cmake_target' from command line to 'None'
[0.407s] Level 5:colcon.colcon_core.verb:set package 'bumperbot_controller' build argument 'cmake_target_skip_unavailable' from command line to 'False'
[0.407s] Level 5:colcon.colcon_core.verb:set package 'bumperbot_controller' build argument 'cmake_clean_cache' from command line to 'False'
[0.407s] Level 5:colcon.colcon_core.verb:set package 'bumperbot_controller' build argument 'cmake_clean_first' from command line to 'False'
[0.407s] Level 5:colcon.colcon_core.verb:set package 'bumperbot_controller' build argument 'cmake_force_configure' from command line to 'False'
[0.407s] Level 5:colcon.colcon_core.verb:set package 'bumperbot_controller' build argument 'ament_cmake_args' from command line to 'None'
[0.407s] Level 5:colcon.colcon_core.verb:set package 'bumperbot_controller' build argument 'catkin_cmake_args' from command line to 'None'
[0.407s] Level 5:colcon.colcon_core.verb:set package 'bumperbot_controller' build argument 'catkin_skip_building_tests' from command line to 'False'
[0.407s] DEBUG:colcon.colcon_core.verb:Building package 'bumperbot_controller' with the following arguments: {'ament_cmake_args': None, 'build_base': '/home/mido/Music/phase_one_ws/build/bumperbot_controller', 'catkin_cmake_args': None, 'catkin_skip_building_tests': False, 'cmake_args': None, 'cmake_clean_cache': False, 'cmake_clean_first': False, 'cmake_force_configure': False, 'cmake_target': None, 'cmake_target_skip_unavailable': False, 'install_base': '/home/mido/Music/phase_one_ws/install/bumperbot_controller', 'merge_install': False, 'path': '/home/mido/Music/phase_one_ws/src/bumperbot_controller', 'symlink_install': False, 'test_result_base': None}
[0.408s] Level 5:colcon.colcon_core.verb:set package 'bumperbot_description' build argument 'cmake_args' from command line to 'None'
[0.408s] Level 5:colcon.colcon_core.verb:set package 'bumperbot_description' build argument 'cmake_target' from command line to 'None'
[0.408s] Level 5:colcon.colcon_core.verb:set package 'bumperbot_description' build argument 'cmake_target_skip_unavailable' from command line to 'False'
[0.408s] Level 5:colcon.colcon_core.verb:set package 'bumperbot_description' build argument 'cmake_clean_cache' from command line to 'False'
[0.408s] Level 5:colcon.colcon_core.verb:set package 'bumperbot_description' build argument 'cmake_clean_first' from command line to 'False'
[0.408s] Level 5:colcon.colcon_core.verb:set package 'bumperbot_description' build argument 'cmake_force_configure' from command line to 'False'
[0.408s] Level 5:colcon.colcon_core.verb:set package 'bumperbot_description' build argument 'ament_cmake_args' from command line to 'None'
[0.408s] Level 5:colcon.colcon_core.verb:set package 'bumperbot_description' build argument 'catkin_cmake_args' from command line to 'None'
[0.408s] Level 5:colcon.colcon_core.verb:set package 'bumperbot_description' build argument 'catkin_skip_building_tests' from command line to 'False'
[0.408s] DEBUG:colcon.colcon_core.verb:Building package 'bumperbot_description' with the following arguments: {'ament_cmake_args': None, 'build_base': '/home/mido/Music/phase_one_ws/build/bumperbot_description', 'catkin_cmake_args': None, 'catkin_skip_building_tests': False, 'cmake_args': None, 'cmake_clean_cache': False, 'cmake_clean_first': False, 'cmake_force_configure': False, 'cmake_target': None, 'cmake_target_skip_unavailable': False, 'install_base': '/home/mido/Music/phase_one_ws/install/bumperbot_description', 'merge_install': False, 'path': '/home/mido/Music/phase_one_ws/src/bumperbot_description', 'symlink_install': False, 'test_result_base': None}
[0.408s] Level 5:colcon.colcon_core.verb:set package 'motion_pkg' build argument 'cmake_args' from command line to 'None'
[0.408s] Level 5:colcon.colcon_core.verb:set package 'motion_pkg' build argument 'cmake_target' from command line to 'None'
[0.408s] Level 5:colcon.colcon_core.verb:set package 'motion_pkg' build argument 'cmake_target_skip_unavailable' from command line to 'False'
[0.408s] Level 5:colcon.colcon_core.verb:set package 'motion_pkg' build argument 'cmake_clean_cache' from command line to 'False'
[0.408s] Level 5:colcon.colcon_core.verb:set package 'motion_pkg' build argument 'cmake_clean_first' from command line to 'False'
[0.408s] Level 5:colcon.colcon_core.verb:set package 'motion_pkg' build argument 'cmake_force_configure' from command line to 'False'
[0.408s] Level 5:colcon.colcon_core.verb:set package 'motion_pkg' build argument 'ament_cmake_args' from command line to 'None'
[0.408s] Level 5:colcon.colcon_core.verb:set package 'motion_pkg' build argument 'catkin_cmake_args' from command line to 'None'
[0.408s] Level 5:colcon.colcon_core.verb:set package 'motion_pkg' build argument 'catkin_skip_building_tests' from command line to 'False'
[0.408s] DEBUG:colcon.colcon_core.verb:Building package 'motion_pkg' with the following arguments: {'ament_cmake_args': None, 'build_base': '/home/mido/Music/phase_one_ws/build/motion_pkg', 'catkin_cmake_args': None, 'catkin_skip_building_tests': False, 'cmake_args': None, 'cmake_clean_cache': False, 'cmake_clean_first': False, 'cmake_force_configure': False, 'cmake_target': None, 'cmake_target_skip_unavailable': False, 'install_base': '/home/mido/Music/phase_one_ws/install/motion_pkg', 'merge_install': False, 'path': '/home/mido/Music/phase_one_ws/src/motion_pkg', 'symlink_install': False, 'test_result_base': None}
[0.409s] INFO:colcon.colcon_core.executor:Executing jobs using 'parallel' executor
[0.409s] DEBUG:colcon.colcon_parallel_executor.executor.parallel:run_until_complete
[0.410s] INFO:colcon.colcon_ros.task.ament_cmake.build:Building ROS package in '/home/mido/Music/phase_one_ws/src/action_file' with build type 'ament_cmake'
[0.410s] INFO:colcon.colcon_cmake.task.cmake.build:Building CMake package in '/home/mido/Music/phase_one_ws/src/action_file'
[0.411s] INFO:colcon.colcon_core.plugin_system:Skipping extension 'colcon_core.shell.bat': Not used on non-Windows systems
[0.412s] INFO:colcon.colcon_core.shell:Skip shell extension 'powershell' for command environment: Not usable outside of PowerShell
[0.412s] DEBUG:colcon.colcon_core.shell:Skip shell extension 'dsv' for command environment
[0.415s] INFO:colcon.colcon_ros.task.ament_cmake.build:Building ROS package in '/home/mido/Music/phase_one_ws/src/bumperbot_controller' with build type 'ament_cmake'
[0.415s] INFO:colcon.colcon_cmake.task.cmake.build:Building CMake package in '/home/mido/Music/phase_one_ws/src/bumperbot_controller'
[0.416s] INFO:colcon.colcon_core.shell:Skip shell extension 'powershell' for command environment: Not usable outside of PowerShell
[0.416s] DEBUG:colcon.colcon_core.shell:Skip shell extension 'dsv' for command environment
[0.419s] INFO:colcon.colcon_ros.task.ament_cmake.build:Building ROS package in '/home/mido/Music/phase_one_ws/src/bumperbot_description' with build type 'ament_cmake'
[0.419s] INFO:colcon.colcon_cmake.task.cmake.build:Building CMake package in '/home/mido/Music/phase_one_ws/src/bumperbot_description'
[0.419s] INFO:colcon.colcon_core.shell:Skip shell extension 'powershell' for command environment: Not usable outside of PowerShell
[0.419s] DEBUG:colcon.colcon_core.shell:Skip shell extension 'dsv' for command environment
[0.428s] DEBUG:colcon.colcon_core.event_handler.log_command:Invoking command in '/home/mido/Music/phase_one_ws/build/action_file': CMAKE_PREFIX_PATH=${CMAKE_PREFIX_PATH}:/home/mido/Music/phase_one_ws/install/motion_pkg:/opt/ros/humble /usr/bin/cmake --build /home/mido/Music/phase_one_ws/build/action_file -- -j16 -l16
[0.433s] DEBUG:colcon.colcon_core.event_handler.log_command:Invoking command in '/home/mido/Music/phase_one_ws/build/bumperbot_controller': CMAKE_PREFIX_PATH=${CMAKE_PREFIX_PATH}:/home/mido/Music/phase_one_ws/install/motion_pkg:/opt/ros/humble /usr/bin/cmake --build /home/mido/Music/phase_one_ws/build/bumperbot_controller -- -j16 -l16
[0.438s] DEBUG:colcon.colcon_core.event_handler.log_command:Invoking command in '/home/mido/Music/phase_one_ws/build/bumperbot_description': CMAKE_PREFIX_PATH=${CMAKE_PREFIX_PATH}:/home/mido/Music/phase_one_ws/install/motion_pkg:/opt/ros/humble /usr/bin/cmake --build /home/mido/Music/phase_one_ws/build/bumperbot_description -- -j16 -l16
[0.487s] DEBUG:colcon.colcon_core.event_handler.log_command:Invoked command in '/home/mido/Music/phase_one_ws/build/bumperbot_description' returned '0': CMAKE_PREFIX_PATH=${CMAKE_PREFIX_PATH}:/home/mido/Music/phase_one_ws/install/motion_pkg:/opt/ros/humble /usr/bin/cmake --build /home/mido/Music/phase_one_ws/build/bumperbot_description -- -j16 -l16
[0.504s] DEBUG:colcon.colcon_core.event_handler.log_command:Invoking command in '/home/mido/Music/phase_one_ws/build/bumperbot_description': CMAKE_PREFIX_PATH=${CMAKE_PREFIX_PATH}:/home/mido/Music/phase_one_ws/install/motion_pkg:/opt/ros/humble /usr/bin/cmake --install /home/mido/Music/phase_one_ws/build/bumperbot_description
[0.514s] Level 1:colcon.colcon_core.environment:create_environment_scripts_only(bumperbot_description)
[0.515s] DEBUG:colcon.colcon_core.event_handler.log_command:Invoked command in '/home/mido/Music/phase_one_ws/build/bumperbot_description' returned '0': CMAKE_PREFIX_PATH=${CMAKE_PREFIX_PATH}:/home/mido/Music/phase_one_ws/install/motion_pkg:/opt/ros/humble /usr/bin/cmake --install /home/mido/Music/phase_one_ws/build/bumperbot_description
[0.518s] Level 1:colcon.colcon_core.environment:checking '/home/mido/Music/phase_one_ws/install/bumperbot_description' for CMake module files
[0.519s] Level 1:colcon.colcon_core.environment:checking '/home/mido/Music/phase_one_ws/install/bumperbot_description' for CMake config files
[0.520s] Level 1:colcon.colcon_core.shell:create_environment_hook('bumperbot_description', 'cmake_prefix_path')
[0.520s] INFO:colcon.colcon_core.shell:Creating environment hook '/home/mido/Music/phase_one_ws/install/bumperbot_description/share/bumperbot_description/hook/cmake_prefix_path.ps1'
[0.522s] INFO:colcon.colcon_core.shell:Creating environment descriptor '/home/mido/Music/phase_one_ws/install/bumperbot_description/share/bumperbot_description/hook/cmake_prefix_path.dsv'
[0.523s] INFO:colcon.colcon_core.shell:Creating environment hook '/home/mido/Music/phase_one_ws/install/bumperbot_description/share/bumperbot_description/hook/cmake_prefix_path.sh'
[0.526s] Level 1:colcon.colcon_core.environment:checking '/home/mido/Music/phase_one_ws/install/bumperbot_description/bin'
[0.526s] Level 1:colcon.colcon_core.environment:checking '/home/mido/Music/phase_one_ws/install/bumperbot_description/lib/pkgconfig/bumperbot_description.pc'
[0.527s] Level 1:colcon.colcon_core.environment:checking '/home/mido/Music/phase_one_ws/install/bumperbot_description/lib/python3.10/site-packages'
[0.527s] Level 1:colcon.colcon_core.environment:checking '/home/mido/Music/phase_one_ws/install/bumperbot_description/bin'
[0.527s] INFO:colcon.colcon_core.shell:Creating package script '/home/mido/Music/phase_one_ws/install/bumperbot_description/share/bumperbot_description/package.ps1'
[0.529s] INFO:colcon.colcon_core.shell:Creating package descriptor '/home/mido/Music/phase_one_ws/install/bumperbot_description/share/bumperbot_description/package.dsv'
[0.529s] INFO:colcon.colcon_core.shell:Creating package script '/home/mido/Music/phase_one_ws/install/bumperbot_description/share/bumperbot_description/package.sh'
[0.530s] INFO:colcon.colcon_core.shell:Creating package script '/home/mido/Music/phase_one_ws/install/bumperbot_description/share/bumperbot_description/package.bash'
[0.531s] INFO:colcon.colcon_core.shell:Creating package script '/home/mido/Music/phase_one_ws/install/bumperbot_description/share/bumperbot_description/package.zsh'
[0.531s] Level 1:colcon.colcon_core.environment:create_file_with_runtime_dependencies(/home/mido/Music/phase_one_ws/install/bumperbot_description/share/colcon-core/packages/bumperbot_description)
[0.532s] Level 1:colcon.colcon_core.environment:create_environment_scripts_only(bumperbot_description)
[0.532s] Level 1:colcon.colcon_core.environment:checking '/home/mido/Music/phase_one_ws/install/bumperbot_description' for CMake module files
[0.533s] Level 1:colcon.colcon_core.environment:checking '/home/mido/Music/phase_one_ws/install/bumperbot_description' for CMake config files
[0.533s] Level 1:colcon.colcon_core.shell:create_environment_hook('bumperbot_description', 'cmake_prefix_path')
[0.533s] INFO:colcon.colcon_core.shell:Creating environment hook '/home/mido/Music/phase_one_ws/install/bumperbot_description/share/bumperbot_description/hook/cmake_prefix_path.ps1'
[0.534s] INFO:colcon.colcon_core.shell:Creating environment descriptor '/home/mido/Music/phase_one_ws/install/bumperbot_description/share/bumperbot_description/hook/cmake_prefix_path.dsv'
[0.534s] INFO:colcon.colcon_core.shell:Creating environment hook '/home/mido/Music/phase_one_ws/install/bumperbot_description/share/bumperbot_description/hook/cmake_prefix_path.sh'
[0.535s] Level 1:colcon.colcon_core.environment:checking '/home/mido/Music/phase_one_ws/install/bumperbot_description/bin'
[0.535s] Level 1:colcon.colcon_core.environment:checking '/home/mido/Music/phase_one_ws/install/bumperbot_description/lib/pkgconfig/bumperbot_description.pc'
[0.536s] Level 1:colcon.colcon_core.environment:checking '/home/mido/Music/phase_one_ws/install/bumperbot_description/lib/python3.10/site-packages'
[0.536s] Level 1:colcon.colcon_core.environment:checking '/home/mido/Music/phase_one_ws/install/bumperbot_description/bin'
[0.536s] INFO:colcon.colcon_core.shell:Creating package script '/home/mido/Music/phase_one_ws/install/bumperbot_description/share/bumperbot_description/package.ps1'
[0.537s] INFO:colcon.colcon_core.shell:Creating package descriptor '/home/mido/Music/phase_one_ws/install/bumperbot_description/share/bumperbot_description/package.dsv'
[0.538s] INFO:colcon.colcon_core.shell:Creating package script '/home/mido/Music/phase_one_ws/install/bumperbot_description/share/bumperbot_description/package.sh'
[0.538s] INFO:colcon.colcon_core.shell:Creating package script '/home/mido/Music/phase_one_ws/install/bumperbot_description/share/bumperbot_description/package.bash'
[0.539s] INFO:colcon.colcon_core.shell:Creating package script '/home/mido/Music/phase_one_ws/install/bumperbot_description/share/bumperbot_description/package.zsh'
[0.539s] Level 1:colcon.colcon_core.environment:create_file_with_runtime_dependencies(/home/mido/Music/phase_one_ws/install/bumperbot_description/share/colcon-core/packages/bumperbot_description)
[0.877s] DEBUG:colcon.colcon_core.event_handler.log_command:Invoked command in '/home/mido/Music/phase_one_ws/build/action_file' returned '0': CMAKE_PREFIX_PATH=${CMAKE_PREFIX_PATH}:/home/mido/Music/phase_one_ws/install/motion_pkg:/opt/ros/humble /usr/bin/cmake --build /home/mido/Music/phase_one_ws/build/action_file -- -j16 -l16
[0.880s] DEBUG:colcon.colcon_core.event_handler.log_command:Invoking command in '/home/mido/Music/phase_one_ws/build/action_file': CMAKE_PREFIX_PATH=${CMAKE_PREFIX_PATH}:/home/mido/Music/phase_one_ws/install/motion_pkg:/opt/ros/humble /usr/bin/cmake --install /home/mido/Music/phase_one_ws/build/action_file
[0.903s] DEBUG:colcon.colcon_core.event_handler.log_command:Invoked command in '/home/mido/Music/phase_one_ws/build/bumperbot_controller' returned '0': CMAKE_PREFIX_PATH=${CMAKE_PREFIX_PATH}:/home/mido/Music/phase_one_ws/install/motion_pkg:/opt/ros/humble /usr/bin/cmake --build /home/mido/Music/phase_one_ws/build/bumperbot_controller -- -j16 -l16
[0.904s] DEBUG:colcon.colcon_core.event_handler.log_command:Invoking command in '/home/mido/Music/phase_one_ws/build/bumperbot_controller': CMAKE_PREFIX_PATH=${CMAKE_PREFIX_PATH}:/home/mido/Music/phase_one_ws/install/motion_pkg:/opt/ros/humble /usr/bin/cmake --install /home/mido/Music/phase_one_ws/build/bumperbot_controller
[0.945s] Level 1:colcon.colcon_core.environment:create_environment_scripts_only(action_file)
[0.946s] Level 1:colcon.colcon_core.environment:checking '/home/mido/Music/phase_one_ws/install/action_file' for CMake module files
[0.946s] DEBUG:colcon.colcon_core.event_handler.log_command:Invoked command in '/home/mido/Music/phase_one_ws/build/action_file' returned '0': CMAKE_PREFIX_PATH=${CMAKE_PREFIX_PATH}:/home/mido/Music/phase_one_ws/install/motion_pkg:/opt/ros/humble /usr/bin/cmake --install /home/mido/Music/phase_one_ws/build/action_file
[0.947s] Level 1:colcon.colcon_core.environment:checking '/home/mido/Music/phase_one_ws/install/action_file' for CMake config files
[0.948s] Level 1:colcon.colcon_core.shell:create_environment_hook('action_file', 'cmake_prefix_path')
[0.948s] INFO:colcon.colcon_core.shell:Creating environment hook '/home/mido/Music/phase_one_ws/install/action_file/share/action_file/hook/cmake_prefix_path.ps1'
[0.949s] INFO:colcon.colcon_core.shell:Creating environment descriptor '/home/mido/Music/phase_one_ws/install/action_file/share/action_file/hook/cmake_prefix_path.dsv'
[0.950s] INFO:colcon.colcon_core.shell:Creating environment hook '/home/mido/Music/phase_one_ws/install/action_file/share/action_file/hook/cmake_prefix_path.sh'
[0.950s] Level 1:colcon.colcon_core.environment:checking '/home/mido/Music/phase_one_ws/install/action_file/lib'
[0.950s] Level 1:colcon.colcon_core.shell:create_environment_hook('action_file', 'ld_library_path_lib')
[0.951s] INFO:colcon.colcon_core.shell:Creating environment hook '/home/mido/Music/phase_one_ws/install/action_file/share/action_file/hook/ld_library_path_lib.ps1'
[0.951s] INFO:colcon.colcon_core.shell:Creating environment descriptor '/home/mido/Music/phase_one_ws/install/action_file/share/action_file/hook/ld_library_path_lib.dsv'
[0.951s] INFO:colcon.colcon_core.shell:Creating environment hook '/home/mido/Music/phase_one_ws/install/action_file/share/action_file/hook/ld_library_path_lib.sh'
[0.952s] Level 1:colcon.colcon_core.environment:checking '/home/mido/Music/phase_one_ws/install/action_file/bin'
[0.952s] Level 1:colcon.colcon_core.environment:checking '/home/mido/Music/phase_one_ws/install/action_file/lib/pkgconfig/action_file.pc'
[0.952s] Level 1:colcon.colcon_core.environment:checking '/home/mido/Music/phase_one_ws/install/action_file/lib/python3.10/site-packages'
[0.952s] Level 1:colcon.colcon_core.environment:checking '/home/mido/Music/phase_one_ws/install/action_file/bin'
[0.952s] INFO:colcon.colcon_core.shell:Creating package script '/home/mido/Music/phase_one_ws/install/action_file/share/action_file/package.ps1'
[0.953s] INFO:colcon.colcon_core.shell:Creating package descriptor '/home/mido/Music/phase_one_ws/install/action_file/share/action_file/package.dsv'
[0.953s] INFO:colcon.colcon_core.shell:Creating package script '/home/mido/Music/phase_one_ws/install/action_file/share/action_file/package.sh'
[0.954s] INFO:colcon.colcon_core.shell:Creating package script '/home/mido/Music/phase_one_ws/install/action_file/share/action_file/package.bash'
[0.954s] INFO:colcon.colcon_core.shell:Creating package script '/home/mido/Music/phase_one_ws/install/action_file/share/action_file/package.zsh'
[0.957s] Level 1:colcon.colcon_core.environment:create_file_with_runtime_dependencies(/home/mido/Music/phase_one_ws/install/action_file/share/colcon-core/packages/action_file)
[0.959s] Level 1:colcon.colcon_core.environment:create_environment_scripts_only(action_file)
[0.960s] Level 1:colcon.colcon_core.environment:checking '/home/mido/Music/phase_one_ws/install/action_file' for CMake module files
[0.963s] Level 1:colcon.colcon_core.environment:checking '/home/mido/Music/phase_one_ws/install/action_file' for CMake config files
[0.964s] Level 1:colcon.colcon_core.shell:create_environment_hook('action_file', 'cmake_prefix_path')
[0.965s] INFO:colcon.colcon_core.shell:Creating environment hook '/home/mido/Music/phase_one_ws/install/action_file/share/action_file/hook/cmake_prefix_path.ps1'
[0.966s] INFO:colcon.colcon_core.shell:Creating environment descriptor '/home/mido/Music/phase_one_ws/install/action_file/share/action_file/hook/cmake_prefix_path.dsv'
[0.966s] INFO:colcon.colcon_core.shell:Creating environment hook '/home/mido/Music/phase_one_ws/install/action_file/share/action_file/hook/cmake_prefix_path.sh'
[0.968s] Level 1:colcon.colcon_core.environment:checking '/home/mido/Music/phase_one_ws/install/action_file/lib'
[0.968s] Level 1:colcon.colcon_core.shell:create_environment_hook('action_file', 'ld_library_path_lib')
[0.968s] INFO:colcon.colcon_core.shell:Creating environment hook '/home/mido/Music/phase_one_ws/install/action_file/share/action_file/hook/ld_library_path_lib.ps1'
[0.969s] INFO:colcon.colcon_core.shell:Creating environment descriptor '/home/mido/Music/phase_one_ws/install/action_file/share/action_file/hook/ld_library_path_lib.dsv'
[0.969s] INFO:colcon.colcon_core.shell:Creating environment hook '/home/mido/Music/phase_one_ws/install/action_file/share/action_file/hook/ld_library_path_lib.sh'
[0.970s] Level 1:colcon.colcon_core.environment:checking '/home/mido/Music/phase_one_ws/install/action_file/bin'
[0.970s] Level 1:colcon.colcon_core.environment:checking '/home/mido/Music/phase_one_ws/install/action_file/lib/pkgconfig/action_file.pc'
[0.970s] Level 1:colcon.colcon_core.environment:checking '/home/mido/Music/phase_one_ws/install/action_file/lib/python3.10/site-packages'
[0.970s] Level 1:colcon.colcon_core.environment:checking '/home/mido/Music/phase_one_ws/install/action_file/bin'
[0.970s] INFO:colcon.colcon_core.shell:Creating package script '/home/mido/Music/phase_one_ws/install/action_file/share/action_file/package.ps1'
[0.971s] INFO:colcon.colcon_core.shell:Creating package descriptor '/home/mido/Music/phase_one_ws/install/action_file/share/action_file/package.dsv'
[0.972s] INFO:colcon.colcon_core.shell:Creating package script '/home/mido/Music/phase_one_ws/install/action_file/share/action_file/package.sh'
[0.972s] INFO:colcon.colcon_core.shell:Creating package script '/home/mido/Music/phase_one_ws/install/action_file/share/action_file/package.bash'
[0.972s] INFO:colcon.colcon_core.shell:Creating package script '/home/mido/Music/phase_one_ws/install/action_file/share/action_file/package.zsh'
[0.973s] Level 1:colcon.colcon_core.environment:create_file_with_runtime_dependencies(/home/mido/Music/phase_one_ws/install/action_file/share/colcon-core/packages/action_file)
[0.973s] INFO:colcon.colcon_ros.task.ament_python.build:Building ROS package in '/home/mido/Music/phase_one_ws/src/motion_pkg' with build type 'ament_python'
[0.974s] Level 1:colcon.colcon_core.shell:create_environment_hook('motion_pkg', 'ament_prefix_path')
[0.974s] INFO:colcon.colcon_core.shell:Creating environment hook '/home/mido/Music/phase_one_ws/install/motion_pkg/share/motion_pkg/hook/ament_prefix_path.ps1'
[0.975s] INFO:colcon.colcon_core.shell:Creating environment descriptor '/home/mido/Music/phase_one_ws/install/motion_pkg/share/motion_pkg/hook/ament_prefix_path.dsv'
[0.976s] INFO:colcon.colcon_core.shell:Creating environment hook '/home/mido/Music/phase_one_ws/install/motion_pkg/share/motion_pkg/hook/ament_prefix_path.sh'
[0.977s] INFO:colcon.colcon_core.shell:Skip shell extension 'powershell' for command environment: Not usable outside of PowerShell
[0.977s] DEBUG:colcon.colcon_core.shell:Skip shell extension 'dsv' for command environment
[0.981s] Level 1:colcon.colcon_core.environment:create_environment_scripts_only(bumperbot_controller)
[0.982s] Level 1:colcon.colcon_core.environment:checking '/home/mido/Music/phase_one_ws/install/bumperbot_controller' for CMake module files
[0.982s] DEBUG:colcon.colcon_core.event_handler.log_command:Invoked command in '/home/mido/Music/phase_one_ws/build/bumperbot_controller' returned '0': CMAKE_PREFIX_PATH=${CMAKE_PREFIX_PATH}:/home/mido/Music/phase_one_ws/install/motion_pkg:/opt/ros/humble /usr/bin/cmake --install /home/mido/Music/phase_one_ws/build/bumperbot_controller
[0.983s] Level 1:colcon.colcon_core.environment:checking '/home/mido/Music/phase_one_ws/install/bumperbot_controller' for CMake config files
[0.983s] Level 1:colcon.colcon_core.shell:create_environment_hook('bumperbot_controller', 'cmake_prefix_path')
[0.984s] INFO:colcon.colcon_core.shell:Creating environment hook '/home/mido/Music/phase_one_ws/install/bumperbot_controller/share/bumperbot_controller/hook/cmake_prefix_path.ps1'
[0.984s] INFO:colcon.colcon_core.shell:Creating environment descriptor '/home/mido/Music/phase_one_ws/install/bumperbot_controller/share/bumperbot_controller/hook/cmake_prefix_path.dsv'
[0.984s] INFO:colcon.colcon_core.shell:Creating environment hook '/home/mido/Music/phase_one_ws/install/bumperbot_controller/share/bumperbot_controller/hook/cmake_prefix_path.sh'
[0.985s] Level 1:colcon.colcon_core.environment:checking '/home/mido/Music/phase_one_ws/install/bumperbot_controller/lib'
[0.985s] Level 1:colcon.colcon_core.environment:checking '/home/mido/Music/phase_one_ws/install/bumperbot_controller/bin'
[0.985s] Level 1:colcon.colcon_core.environment:checking '/home/mido/Music/phase_one_ws/install/bumperbot_controller/lib/pkgconfig/bumperbot_controller.pc'
[0.985s] Level 1:colcon.colcon_core.environment:checking '/home/mido/Music/phase_one_ws/install/bumperbot_controller/lib/python3.10/site-packages'
[0.985s] Level 1:colcon.colcon_core.shell:create_environment_hook('bumperbot_controller', 'pythonpath')
[0.986s] INFO:colcon.colcon_core.shell:Creating environment hook '/home/mido/Music/phase_one_ws/install/bumperbot_controller/share/bumperbot_controller/hook/pythonpath.ps1'
[0.986s] INFO:colcon.colcon_core.shell:Creating environment descriptor '/home/mido/Music/phase_one_ws/install/bumperbot_controller/share/bumperbot_controller/hook/pythonpath.dsv'
[0.986s] INFO:colcon.colcon_core.shell:Creating environment hook '/home/mido/Music/phase_one_ws/install/bumperbot_controller/share/bumperbot_controller/hook/pythonpath.sh'
[0.987s] Level 1:colcon.colcon_core.environment:checking '/home/mido/Music/phase_one_ws/install/bumperbot_controller/bin'
[0.987s] INFO:colcon.colcon_core.shell:Creating package script '/home/mido/Music/phase_one_ws/install/bumperbot_controller/share/bumperbot_controller/package.ps1'
[0.988s] INFO:colcon.colcon_core.shell:Creating package descriptor '/home/mido/Music/phase_one_ws/install/bumperbot_controller/share/bumperbot_controller/package.dsv'
[0.988s] INFO:colcon.colcon_core.shell:Creating package script '/home/mido/Music/phase_one_ws/install/bumperbot_controller/share/bumperbot_controller/package.sh'
[0.988s] INFO:colcon.colcon_core.shell:Creating package script '/home/mido/Music/phase_one_ws/install/bumperbot_controller/share/bumperbot_controller/package.bash'
[0.989s] INFO:colcon.colcon_core.shell:Creating package script '/home/mido/Music/phase_one_ws/install/bumperbot_controller/share/bumperbot_controller/package.zsh'
[0.989s] Level 1:colcon.colcon_core.environment:create_file_with_runtime_dependencies(/home/mido/Music/phase_one_ws/install/bumperbot_controller/share/colcon-core/packages/bumperbot_controller)
[0.990s] Level 1:colcon.colcon_core.environment:create_environment_scripts_only(bumperbot_controller)
[0.990s] Level 1:colcon.colcon_core.environment:checking '/home/mido/Music/phase_one_ws/install/bumperbot_controller' for CMake module files
[0.990s] Level 1:colcon.colcon_core.environment:checking '/home/mido/Music/phase_one_ws/install/bumperbot_controller' for CMake config files
[0.991s] Level 1:colcon.colcon_core.shell:create_environment_hook('bumperbot_controller', 'cmake_prefix_path')
[0.991s] INFO:colcon.colcon_core.shell:Creating environment hook '/home/mido/Music/phase_one_ws/install/bumperbot_controller/share/bumperbot_controller/hook/cmake_prefix_path.ps1'
[0.991s] INFO:colcon.colcon_core.shell:Creating environment descriptor '/home/mido/Music/phase_one_ws/install/bumperbot_controller/share/bumperbot_controller/hook/cmake_prefix_path.dsv'
[0.992s] INFO:colcon.colcon_core.shell:Creating environment hook '/home/mido/Music/phase_one_ws/install/bumperbot_controller/share/bumperbot_controller/hook/cmake_prefix_path.sh'
[0.992s] Level 1:colcon.colcon_core.environment:checking '/home/mido/Music/phase_one_ws/install/bumperbot_controller/lib'
[0.992s] Level 1:colcon.colcon_core.environment:checking '/home/mido/Music/phase_one_ws/install/bumperbot_controller/bin'
[0.992s] Level 1:colcon.colcon_core.environment:checking '/home/mido/Music/phase_one_ws/install/bumperbot_controller/lib/pkgconfig/bumperbot_controller.pc'
[0.993s] Level 1:colcon.colcon_core.environment:checking '/home/mido/Music/phase_one_ws/install/bumperbot_controller/lib/python3.10/site-packages'
[0.993s] Level 1:colcon.colcon_core.shell:create_environment_hook('bumperbot_controller', 'pythonpath')
[0.993s] INFO:colcon.colcon_core.shell:Creating environment hook '/home/mido/Music/phase_one_ws/install/bumperbot_controller/share/bumperbot_controller/hook/pythonpath.ps1'
[0.993s] INFO:colcon.colcon_core.shell:Creating environment descriptor '/home/mido/Music/phase_one_ws/install/bumperbot_controller/share/bumperbot_controller/hook/pythonpath.dsv'
[0.994s] INFO:colcon.colcon_core.shell:Creating environment hook '/home/mido/Music/phase_one_ws/install/bumperbot_controller/share/bumperbot_controller/hook/pythonpath.sh'
[0.994s] Level 1:colcon.colcon_core.environment:checking '/home/mido/Music/phase_one_ws/install/bumperbot_controller/bin'
[0.995s] INFO:colcon.colcon_core.shell:Creating package script '/home/mido/Music/phase_one_ws/install/bumperbot_controller/share/bumperbot_controller/package.ps1'
[0.995s] INFO:colcon.colcon_core.shell:Creating package descriptor '/home/mido/Music/phase_one_ws/install/bumperbot_controller/share/bumperbot_controller/package.dsv'
[0.996s] INFO:colcon.colcon_core.shell:Creating package script '/home/mido/Music/phase_one_ws/install/bumperbot_controller/share/bumperbot_controller/package.sh'
[0.996s] INFO:colcon.colcon_core.shell:Creating package script '/home/mido/Music/phase_one_ws/install/bumperbot_controller/share/bumperbot_controller/package.bash'
[0.997s] INFO:colcon.colcon_core.shell:Creating package script '/home/mido/Music/phase_one_ws/install/bumperbot_controller/share/bumperbot_controller/package.zsh'
[0.997s] Level 1:colcon.colcon_core.environment:create_file_with_runtime_dependencies(/home/mido/Music/phase_one_ws/install/bumperbot_controller/share/colcon-core/packages/bumperbot_controller)
[1.306s] INFO:colcon.colcon_core.task.python.build:Building Python package in '/home/mido/Music/phase_one_ws/src/motion_pkg'
[1.307s] INFO:colcon.colcon_core.shell:Skip shell extension 'powershell' for command environment: Not usable outside of PowerShell
[1.307s] DEBUG:colcon.colcon_core.shell:Skip shell extension 'dsv' for command environment
[1.800s] DEBUG:colcon.colcon_core.event_handler.log_command:Invoking command in '/home/mido/Music/phase_one_ws/src/motion_pkg': CMAKE_PREFIX_PATH=/home/mido/Music/phase_one_ws/install/action_file:/home/mido/Music/phase_one_ws/install/bumperbot_localization:/home/mido/Music/phase_one_ws/install/bumperbot_description:/home/mido/Music/phase_one_ws/install/bumperbot_controller PYTHONPATH=/home/mido/Music/phase_one_ws/build/motion_pkg/prefix_override:/usr/lib/python3/dist-packages/colcon_core/task/python/colcon_distutils_commands:/home/mido/Music/phase_one_ws/install/motion_pkg/lib/python3.10/site-packages:${PYTHONPATH} /usr/bin/python3 -W ignore:setup.py install is deprecated -W ignore:easy_install command is deprecated setup.py egg_info --egg-base ../../build/motion_pkg build --build-base /home/mido/Music/phase_one_ws/build/motion_pkg/build install --record /home/mido/Music/phase_one_ws/build/motion_pkg/install.log --single-version-externally-managed install_data
[2.202s] Level 1:colcon.colcon_core.environment:checking '/home/mido/Music/phase_one_ws/install/motion_pkg' for CMake module files
[2.202s] DEBUG:colcon.colcon_core.event_handler.log_command:Invoked command in '/home/mido/Music/phase_one_ws/src/motion_pkg' returned '0': CMAKE_PREFIX_PATH=/home/mido/Music/phase_one_ws/install/action_file:/home/mido/Music/phase_one_ws/install/bumperbot_localization:/home/mido/Music/phase_one_ws/install/bumperbot_description:/home/mido/Music/phase_one_ws/install/bumperbot_controller PYTHONPATH=/home/mido/Music/phase_one_ws/build/motion_pkg/prefix_override:/usr/lib/python3/dist-packages/colcon_core/task/python/colcon_distutils_commands:/home/mido/Music/phase_one_ws/install/motion_pkg/lib/python3.10/site-packages:${PYTHONPATH} /usr/bin/python3 -W ignore:setup.py install is deprecated -W ignore:easy_install command is deprecated setup.py egg_info --egg-base ../../build/motion_pkg build --build-base /home/mido/Music/phase_one_ws/build/motion_pkg/build install --record /home/mido/Music/phase_one_ws/build/motion_pkg/install.log --single-version-externally-managed install_data
[2.203s] Level 1:colcon.colcon_core.environment:checking '/home/mido/Music/phase_one_ws/install/motion_pkg' for CMake config files
[2.204s] Level 1:colcon.colcon_core.environment:checking '/home/mido/Music/phase_one_ws/install/motion_pkg/lib'
[2.204s] Level 1:colcon.colcon_core.environment:checking '/home/mido/Music/phase_one_ws/install/motion_pkg/bin'
[2.204s] Level 1:colcon.colcon_core.environment:checking '/home/mido/Music/phase_one_ws/install/motion_pkg/lib/pkgconfig/motion_pkg.pc'
[2.204s] Level 1:colcon.colcon_core.environment:checking '/home/mido/Music/phase_one_ws/install/motion_pkg/lib/python3.10/site-packages'
[2.204s] Level 1:colcon.colcon_core.shell:create_environment_hook('motion_pkg', 'pythonpath')
[2.205s] INFO:colcon.colcon_core.shell:Creating environment hook '/home/mido/Music/phase_one_ws/install/motion_pkg/share/motion_pkg/hook/pythonpath.ps1'
[2.206s] INFO:colcon.colcon_core.shell:Creating environment descriptor '/home/mido/Music/phase_one_ws/install/motion_pkg/share/motion_pkg/hook/pythonpath.dsv'
[2.206s] INFO:colcon.colcon_core.shell:Creating environment hook '/home/mido/Music/phase_one_ws/install/motion_pkg/share/motion_pkg/hook/pythonpath.sh'
[2.207s] Level 1:colcon.colcon_core.environment:checking '/home/mido/Music/phase_one_ws/install/motion_pkg/bin'
[2.207s] Level 1:colcon.colcon_core.environment:create_environment_scripts_only(motion_pkg)
[2.207s] INFO:colcon.colcon_core.shell:Creating package script '/home/mido/Music/phase_one_ws/install/motion_pkg/share/motion_pkg/package.ps1'
[2.208s] INFO:colcon.colcon_core.shell:Creating package descriptor '/home/mido/Music/phase_one_ws/install/motion_pkg/share/motion_pkg/package.dsv'
[2.208s] INFO:colcon.colcon_core.shell:Creating package script '/home/mido/Music/phase_one_ws/install/motion_pkg/share/motion_pkg/package.sh'
[2.209s] INFO:colcon.colcon_core.shell:Creating package script '/home/mido/Music/phase_one_ws/install/motion_pkg/share/motion_pkg/package.bash'
[2.209s] INFO:colcon.colcon_core.shell:Creating package script '/home/mido/Music/phase_one_ws/install/motion_pkg/share/motion_pkg/package.zsh'
[2.209s] Level 1:colcon.colcon_core.environment:create_file_with_runtime_dependencies(/home/mido/Music/phase_one_ws/install/motion_pkg/share/colcon-core/packages/motion_pkg)
[2.210s] DEBUG:colcon.colcon_parallel_executor.executor.parallel:closing loop
[2.210s] DEBUG:colcon.colcon_parallel_executor.executor.parallel:loop closed
[2.210s] DEBUG:colcon.colcon_parallel_executor.executor.parallel:run_until_complete finished with '0'
[2.210s] DEBUG:colcon.colcon_core.event_reactor:joining thread
[2.218s] INFO:colcon.colcon_core.plugin_system:Skipping extension 'colcon_notification.desktop_notification.terminal_notifier': Not used on non-Darwin systems
[2.218s] INFO:colcon.colcon_core.plugin_system:Skipping extension 'colcon_notification.desktop_notification.win32': Not used on non-Windows systems
[2.218s] INFO:colcon.colcon_notification.desktop_notification:Sending desktop notification using 'notify2'
[2.236s] DEBUG:colcon.colcon_core.event_reactor:joined thread
[2.237s] INFO:colcon.colcon_core.shell:Creating prefix script '/home/mido/Music/phase_one_ws/install/local_setup.ps1'
[2.238s] INFO:colcon.colcon_core.shell:Creating prefix util module '/home/mido/Music/phase_one_ws/install/_local_setup_util_ps1.py'
[2.239s] INFO:colcon.colcon_core.shell:Creating prefix chain script '/home/mido/Music/phase_one_ws/install/setup.ps1'
[2.240s] INFO:colcon.colcon_core.shell:Creating prefix script '/home/mido/Music/phase_one_ws/install/local_setup.sh'
[2.241s] INFO:colcon.colcon_core.shell:Creating prefix util module '/home/mido/Music/phase_one_ws/install/_local_setup_util_sh.py'
[2.242s] INFO:colcon.colcon_core.shell:Creating prefix chain script '/home/mido/Music/phase_one_ws/install/setup.sh'
[2.244s] INFO:colcon.colcon_core.shell:Creating prefix script '/home/mido/Music/phase_one_ws/install/local_setup.bash'
[2.245s] INFO:colcon.colcon_core.shell:Creating prefix chain script '/home/mido/Music/phase_one_ws/install/setup.bash'
[2.246s] INFO:colcon.colcon_core.shell:Creating prefix script '/home/mido/Music/phase_one_ws/install/local_setup.zsh'
[2.247s] INFO:colcon.colcon_core.shell:Creating prefix chain script '/home/mido/Music/phase_one_ws/install/setup.zsh'
