[0.032s] Invoking command in '/home/mido/Music/phase_one_ws/build/action_file': CMAKE_PREFIX_PATH=${CMAKE_PREFIX_PATH}:/home/mido/Music/phase_one_ws/install/motion_pkg:/opt/ros/humble /usr/bin/cmake --build /home/mido/Music/phase_one_ws/build/action_file -- -j16 -l16
[0.115s] [  9%] Built target action_file__cpp
[0.115s] [ 12%] Built target action_file__rosidl_generator_c
[0.131s] [ 12%] Built target ament_cmake_python_copy_action_file
[0.156s] [ 38%] Built target action_file__rosidl_typesupport_introspection_c
[0.157s] [ 38%] Built target action_file__rosidl_typesupport_fastrtps_c
[0.157s] [ 41%] Built target action_file__rosidl_typesupport_cpp
[0.158s] [ 51%] Built target action_file__rosidl_typesupport_c
[0.171s] [ 61%] Built target action_file__rosidl_typesupport_fastrtps_cpp
[0.176s] [ 70%] Built target action_file__rosidl_typesupport_introspection_cpp
[0.206s] [ 70%] Built target action_file
[0.243s] [ 74%] Built target action_file__py
[0.277s] [ 80%] Built target action_file__rosidl_generator_py
[0.311s] [ 87%] Built target action_file__rosidl_typesupport_fastrtps_c__pyext
[0.311s] [ 93%] Built target action_file__rosidl_typesupport_introspection_c__pyext
[0.312s] [100%] Built target action_file__rosidl_typesupport_c__pyext
[0.527s] running egg_info
[0.528s] writing action_file.egg-info/PKG-INFO
[0.528s] writing dependency_links to action_file.egg-info/dependency_links.txt
[0.528s] writing top-level names to action_file.egg-info/top_level.txt
[0.533s] reading manifest file 'action_file.egg-info/SOURCES.txt'
[0.534s] writing manifest file 'action_file.egg-info/SOURCES.txt'
[0.601s] [100%] Built target ament_cmake_python_build_action_file_egg
[0.619s] Invoked command in '/home/mido/Music/phase_one_ws/build/action_file' returned '0': CMAKE_PREFIX_PATH=${CMAKE_PREFIX_PATH}:/home/mido/Music/phase_one_ws/install/motion_pkg:/opt/ros/humble /usr/bin/cmake --build /home/mido/Music/phase_one_ws/build/action_file -- -j16 -l16
[0.622s] Invoking command in '/home/mido/Music/phase_one_ws/build/action_file': CMAKE_PREFIX_PATH=${CMAKE_PREFIX_PATH}:/home/mido/Music/phase_one_ws/install/motion_pkg:/opt/ros/humble /usr/bin/cmake --install /home/mido/Music/phase_one_ws/build/action_file
[0.638s] -- Install configuration: ""
[0.638s] -- Up-to-date: /home/mido/Music/phase_one_ws/install/action_file/share/ament_index/resource_index/rosidl_interfaces/action_file
[0.639s] -- Up-to-date: /home/mido/Music/phase_one_ws/install/action_file/include/action_file/action_file
[0.639s] -- Up-to-date: /home/mido/Music/phase_one_ws/install/action_file/include/action_file/action_file/action
[0.639s] -- Up-to-date: /home/mido/Music/phase_one_ws/install/action_file/include/action_file/action_file/action/target.h
[0.639s] -- Up-to-date: /home/mido/Music/phase_one_ws/install/action_file/include/action_file/action_file/action/detail
[0.639s] -- Up-to-date: /home/mido/Music/phase_one_ws/install/action_file/include/action_file/action_file/action/detail/target__struct.h
[0.639s] -- Up-to-date: /home/mido/Music/phase_one_ws/install/action_file/include/action_file/action_file/action/detail/target__type_support.h
[0.639s] -- Up-to-date: /home/mido/Music/phase_one_ws/install/action_file/include/action_file/action_file/action/detail/target__functions.c
[0.639s] -- Up-to-date: /home/mido/Music/phase_one_ws/install/action_file/include/action_file/action_file/action/detail/target__functions.h
[0.640s] -- Up-to-date: /home/mido/Music/phase_one_ws/install/action_file/include/action_file/action_file/msg
[0.640s] -- Up-to-date: /home/mido/Music/phase_one_ws/install/action_file/include/action_file/action_file/msg/rosidl_generator_c__visibility_control.h
[0.640s] -- Up-to-date: /home/mido/Music/phase_one_ws/install/action_file/share/action_file/environment/library_path.sh
[0.640s] -- Up-to-date: /home/mido/Music/phase_one_ws/install/action_file/share/action_file/environment/library_path.dsv
[0.640s] -- Up-to-date: /home/mido/Music/phase_one_ws/install/action_file/lib/libaction_file__rosidl_generator_c.so
[0.640s] -- Up-to-date: /home/mido/Music/phase_one_ws/install/action_file/include/action_file/action_file
[0.640s] -- Up-to-date: /home/mido/Music/phase_one_ws/install/action_file/include/action_file/action_file/action
[0.640s] -- Up-to-date: /home/mido/Music/phase_one_ws/install/action_file/include/action_file/action_file/action/detail
[0.640s] -- Up-to-date: /home/mido/Music/phase_one_ws/install/action_file/include/action_file/action_file/action/detail/target__rosidl_typesupport_fastrtps_c.h
[0.641s] -- Up-to-date: /home/mido/Music/phase_one_ws/install/action_file/include/action_file/action_file/msg
[0.641s] -- Up-to-date: /home/mido/Music/phase_one_ws/install/action_file/include/action_file/action_file/msg/rosidl_typesupport_fastrtps_c__visibility_control.h
[0.641s] -- Up-to-date: /home/mido/Music/phase_one_ws/install/action_file/lib/libaction_file__rosidl_typesupport_fastrtps_c.so
[0.641s] -- Up-to-date: /home/mido/Music/phase_one_ws/install/action_file/include/action_file/action_file
[0.641s] -- Up-to-date: /home/mido/Music/phase_one_ws/install/action_file/include/action_file/action_file/action
[0.641s] -- Up-to-date: /home/mido/Music/phase_one_ws/install/action_file/include/action_file/action_file/action/target.hpp
[0.641s] -- Up-to-date: /home/mido/Music/phase_one_ws/install/action_file/include/action_file/action_file/action/detail
[0.641s] -- Up-to-date: /home/mido/Music/phase_one_ws/install/action_file/include/action_file/action_file/action/detail/target__struct.hpp
[0.641s] -- Up-to-date: /home/mido/Music/phase_one_ws/install/action_file/include/action_file/action_file/action/detail/target__builder.hpp
[0.642s] -- Up-to-date: /home/mido/Music/phase_one_ws/install/action_file/include/action_file/action_file/action/detail/target__traits.hpp
[0.642s] -- Up-to-date: /home/mido/Music/phase_one_ws/install/action_file/include/action_file/action_file/action/detail/target__type_support.hpp
[0.642s] -- Up-to-date: /home/mido/Music/phase_one_ws/install/action_file/include/action_file/action_file/msg
[0.642s] -- Up-to-date: /home/mido/Music/phase_one_ws/install/action_file/include/action_file/action_file/msg/rosidl_generator_cpp__visibility_control.hpp
[0.642s] -- Up-to-date: /home/mido/Music/phase_one_ws/install/action_file/include/action_file/action_file
[0.643s] -- Up-to-date: /home/mido/Music/phase_one_ws/install/action_file/include/action_file/action_file/action
[0.644s] -- Up-to-date: /home/mido/Music/phase_one_ws/install/action_file/include/action_file/action_file/action/detail
[0.644s] -- Up-to-date: /home/mido/Music/phase_one_ws/install/action_file/include/action_file/action_file/action/detail/dds_fastrtps
[0.644s] -- Up-to-date: /home/mido/Music/phase_one_ws/install/action_file/include/action_file/action_file/action/detail/target__rosidl_typesupport_fastrtps_cpp.hpp
[0.644s] -- Up-to-date: /home/mido/Music/phase_one_ws/install/action_file/include/action_file/action_file/msg
[0.644s] -- Up-to-date: /home/mido/Music/phase_one_ws/install/action_file/include/action_file/action_file/msg/rosidl_typesupport_fastrtps_cpp__visibility_control.h
[0.644s] -- Up-to-date: /home/mido/Music/phase_one_ws/install/action_file/lib/libaction_file__rosidl_typesupport_fastrtps_cpp.so
[0.644s] -- Up-to-date: /home/mido/Music/phase_one_ws/install/action_file/include/action_file/action_file
[0.644s] -- Up-to-date: /home/mido/Music/phase_one_ws/install/action_file/include/action_file/action_file/action
[0.645s] -- Up-to-date: /home/mido/Music/phase_one_ws/install/action_file/include/action_file/action_file/action/detail
[0.645s] -- Up-to-date: /home/mido/Music/phase_one_ws/install/action_file/include/action_file/action_file/action/detail/target__type_support.c
[0.647s] -- Up-to-date: /home/mido/Music/phase_one_ws/install/action_file/include/action_file/action_file/action/detail/target__rosidl_typesupport_introspection_c.h
[0.647s] -- Up-to-date: /home/mido/Music/phase_one_ws/install/action_file/include/action_file/action_file/msg
[0.647s] -- Up-to-date: /home/mido/Music/phase_one_ws/install/action_file/include/action_file/action_file/msg/rosidl_typesupport_introspection_c__visibility_control.h
[0.648s] -- Up-to-date: /home/mido/Music/phase_one_ws/install/action_file/lib/libaction_file__rosidl_typesupport_introspection_c.so
[0.648s] -- Up-to-date: /home/mido/Music/phase_one_ws/install/action_file/lib/libaction_file__rosidl_typesupport_c.so
[0.648s] -- Up-to-date: /home/mido/Music/phase_one_ws/install/action_file/include/action_file/action_file
[0.648s] -- Up-to-date: /home/mido/Music/phase_one_ws/install/action_file/include/action_file/action_file/action
[0.648s] -- Up-to-date: /home/mido/Music/phase_one_ws/install/action_file/include/action_file/action_file/action/detail
[0.648s] -- Up-to-date: /home/mido/Music/phase_one_ws/install/action_file/include/action_file/action_file/action/detail/target__rosidl_typesupport_introspection_cpp.hpp
[0.648s] -- Up-to-date: /home/mido/Music/phase_one_ws/install/action_file/include/action_file/action_file/action/detail/target__type_support.cpp
[0.648s] -- Up-to-date: /home/mido/Music/phase_one_ws/install/action_file/lib/libaction_file__rosidl_typesupport_introspection_cpp.so
[0.648s] -- Up-to-date: /home/mido/Music/phase_one_ws/install/action_file/lib/libaction_file__rosidl_typesupport_cpp.so
[0.648s] -- Up-to-date: /home/mido/Music/phase_one_ws/install/action_file/share/action_file/environment/pythonpath.sh
[0.648s] -- Up-to-date: /home/mido/Music/phase_one_ws/install/action_file/share/action_file/environment/pythonpath.dsv
[0.649s] -- Up-to-date: /home/mido/Music/phase_one_ws/install/action_file/local/lib/python3.10/dist-packages/action_file-0.0.0-py3.10.egg-info
[0.649s] -- Installing: /home/mido/Music/phase_one_ws/install/action_file/local/lib/python3.10/dist-packages/action_file-0.0.0-py3.10.egg-info/PKG-INFO
[0.649s] -- Installing: /home/mido/Music/phase_one_ws/install/action_file/local/lib/python3.10/dist-packages/action_file-0.0.0-py3.10.egg-info/top_level.txt
[0.649s] -- Installing: /home/mido/Music/phase_one_ws/install/action_file/local/lib/python3.10/dist-packages/action_file-0.0.0-py3.10.egg-info/dependency_links.txt
[0.649s] -- Installing: /home/mido/Music/phase_one_ws/install/action_file/local/lib/python3.10/dist-packages/action_file-0.0.0-py3.10.egg-info/SOURCES.txt
[0.650s] -- Up-to-date: /home/mido/Music/phase_one_ws/install/action_file/local/lib/python3.10/dist-packages/action_file
[0.650s] -- Up-to-date: /home/mido/Music/phase_one_ws/install/action_file/local/lib/python3.10/dist-packages/action_file/__init__.py
[0.650s] -- Up-to-date: /home/mido/Music/phase_one_ws/install/action_file/local/lib/python3.10/dist-packages/action_file/_action_file_s.ep.rosidl_typesupport_introspection_c.c
[0.650s] -- Up-to-date: /home/mido/Music/phase_one_ws/install/action_file/local/lib/python3.10/dist-packages/action_file/_action_file_s.ep.rosidl_typesupport_fastrtps_c.c
[0.650s] -- Up-to-date: /home/mido/Music/phase_one_ws/install/action_file/local/lib/python3.10/dist-packages/action_file/libaction_file__rosidl_generator_py.so
[0.650s] -- Up-to-date: /home/mido/Music/phase_one_ws/install/action_file/local/lib/python3.10/dist-packages/action_file/action_file_s__rosidl_typesupport_introspection_c.cpython-310-x86_64-linux-gnu.so
[0.650s] -- Up-to-date: /home/mido/Music/phase_one_ws/install/action_file/local/lib/python3.10/dist-packages/action_file/action_file_s__rosidl_typesupport_c.cpython-310-x86_64-linux-gnu.so
[0.650s] -- Up-to-date: /home/mido/Music/phase_one_ws/install/action_file/local/lib/python3.10/dist-packages/action_file/_action_file_s.ep.rosidl_typesupport_c.c
[0.650s] -- Up-to-date: /home/mido/Music/phase_one_ws/install/action_file/local/lib/python3.10/dist-packages/action_file/action
[0.651s] -- Up-to-date: /home/mido/Music/phase_one_ws/install/action_file/local/lib/python3.10/dist-packages/action_file/action/_target.py
[0.651s] -- Up-to-date: /home/mido/Music/phase_one_ws/install/action_file/local/lib/python3.10/dist-packages/action_file/action/_target_s.c
[0.651s] -- Up-to-date: /home/mido/Music/phase_one_ws/install/action_file/local/lib/python3.10/dist-packages/action_file/action/__init__.py
[0.651s] -- Up-to-date: /home/mido/Music/phase_one_ws/install/action_file/local/lib/python3.10/dist-packages/action_file/action_file_s__rosidl_typesupport_fastrtps_c.cpython-310-x86_64-linux-gnu.so
[0.685s] Listing '/home/mido/Music/phase_one_ws/install/action_file/local/lib/python3.10/dist-packages/action_file'...
[0.685s] Listing '/home/mido/Music/phase_one_ws/install/action_file/local/lib/python3.10/dist-packages/action_file/action'...
[0.693s] -- Up-to-date: /home/mido/Music/phase_one_ws/install/action_file/local/lib/python3.10/dist-packages/action_file/action_file_s__rosidl_typesupport_fastrtps_c.cpython-310-x86_64-linux-gnu.so
[0.693s] -- Up-to-date: /home/mido/Music/phase_one_ws/install/action_file/local/lib/python3.10/dist-packages/action_file/action_file_s__rosidl_typesupport_introspection_c.cpython-310-x86_64-linux-gnu.so
[0.694s] -- Up-to-date: /home/mido/Music/phase_one_ws/install/action_file/local/lib/python3.10/dist-packages/action_file/action_file_s__rosidl_typesupport_c.cpython-310-x86_64-linux-gnu.so
[0.694s] -- Up-to-date: /home/mido/Music/phase_one_ws/install/action_file/lib/libaction_file__rosidl_generator_py.so
[0.694s] -- Up-to-date: /home/mido/Music/phase_one_ws/install/action_file/share/action_file/action/Target.idl
[0.694s] -- Up-to-date: /home/mido/Music/phase_one_ws/install/action_file/share/action_file/action/Target.action
[0.695s] -- Up-to-date: /home/mido/Music/phase_one_ws/install/action_file/share/ament_index/resource_index/package_run_dependencies/action_file
[0.695s] -- Up-to-date: /home/mido/Music/phase_one_ws/install/action_file/share/ament_index/resource_index/parent_prefix_path/action_file
[0.695s] -- Up-to-date: /home/mido/Music/phase_one_ws/install/action_file/share/action_file/environment/ament_prefix_path.sh
[0.695s] -- Up-to-date: /home/mido/Music/phase_one_ws/install/action_file/share/action_file/environment/ament_prefix_path.dsv
[0.695s] -- Up-to-date: /home/mido/Music/phase_one_ws/install/action_file/share/action_file/environment/path.sh
[0.696s] -- Up-to-date: /home/mido/Music/phase_one_ws/install/action_file/share/action_file/environment/path.dsv
[0.696s] -- Up-to-date: /home/mido/Music/phase_one_ws/install/action_file/share/action_file/local_setup.bash
[0.696s] -- Up-to-date: /home/mido/Music/phase_one_ws/install/action_file/share/action_file/local_setup.sh
[0.696s] -- Up-to-date: /home/mido/Music/phase_one_ws/install/action_file/share/action_file/local_setup.zsh
[0.697s] -- Up-to-date: /home/mido/Music/phase_one_ws/install/action_file/share/action_file/local_setup.dsv
[0.697s] -- Installing: /home/mido/Music/phase_one_ws/install/action_file/share/action_file/package.dsv
[0.697s] -- Up-to-date: /home/mido/Music/phase_one_ws/install/action_file/share/ament_index/resource_index/packages/action_file
[0.697s] -- Up-to-date: /home/mido/Music/phase_one_ws/install/action_file/share/action_file/cmake/export_action_file__rosidl_generator_cExport.cmake
[0.697s] -- Up-to-date: /home/mido/Music/phase_one_ws/install/action_file/share/action_file/cmake/export_action_file__rosidl_generator_cExport-noconfig.cmake
[0.698s] -- Up-to-date: /home/mido/Music/phase_one_ws/install/action_file/share/action_file/cmake/export_action_file__rosidl_typesupport_fastrtps_cExport.cmake
[0.698s] -- Up-to-date: /home/mido/Music/phase_one_ws/install/action_file/share/action_file/cmake/export_action_file__rosidl_typesupport_fastrtps_cExport-noconfig.cmake
[0.698s] -- Up-to-date: /home/mido/Music/phase_one_ws/install/action_file/share/action_file/cmake/export_action_file__rosidl_generator_cppExport.cmake
[0.698s] -- Up-to-date: /home/mido/Music/phase_one_ws/install/action_file/share/action_file/cmake/export_action_file__rosidl_typesupport_fastrtps_cppExport.cmake
[0.698s] -- Up-to-date: /home/mido/Music/phase_one_ws/install/action_file/share/action_file/cmake/export_action_file__rosidl_typesupport_fastrtps_cppExport-noconfig.cmake
[0.699s] -- Up-to-date: /home/mido/Music/phase_one_ws/install/action_file/share/action_file/cmake/action_file__rosidl_typesupport_introspection_cExport.cmake
[0.699s] -- Up-to-date: /home/mido/Music/phase_one_ws/install/action_file/share/action_file/cmake/action_file__rosidl_typesupport_introspection_cExport-noconfig.cmake
[0.699s] -- Up-to-date: /home/mido/Music/phase_one_ws/install/action_file/share/action_file/cmake/action_file__rosidl_typesupport_cExport.cmake
[0.699s] -- Up-to-date: /home/mido/Music/phase_one_ws/install/action_file/share/action_file/cmake/action_file__rosidl_typesupport_cExport-noconfig.cmake
[0.699s] -- Up-to-date: /home/mido/Music/phase_one_ws/install/action_file/share/action_file/cmake/action_file__rosidl_typesupport_introspection_cppExport.cmake
[0.700s] -- Up-to-date: /home/mido/Music/phase_one_ws/install/action_file/share/action_file/cmake/action_file__rosidl_typesupport_introspection_cppExport-noconfig.cmake
[0.700s] -- Up-to-date: /home/mido/Music/phase_one_ws/install/action_file/share/action_file/cmake/action_file__rosidl_typesupport_cppExport.cmake
[0.700s] -- Up-to-date: /home/mido/Music/phase_one_ws/install/action_file/share/action_file/cmake/action_file__rosidl_typesupport_cppExport-noconfig.cmake
[0.700s] -- Up-to-date: /home/mido/Music/phase_one_ws/install/action_file/share/action_file/cmake/export_action_file__rosidl_generator_pyExport.cmake
[0.700s] -- Up-to-date: /home/mido/Music/phase_one_ws/install/action_file/share/action_file/cmake/export_action_file__rosidl_generator_pyExport-noconfig.cmake
[0.700s] -- Up-to-date: /home/mido/Music/phase_one_ws/install/action_file/share/action_file/cmake/rosidl_cmake-extras.cmake
[0.701s] -- Up-to-date: /home/mido/Music/phase_one_ws/install/action_file/share/action_file/cmake/ament_cmake_export_dependencies-extras.cmake
[0.701s] -- Up-to-date: /home/mido/Music/phase_one_ws/install/action_file/share/action_file/cmake/ament_cmake_export_include_directories-extras.cmake
[0.701s] -- Up-to-date: /home/mido/Music/phase_one_ws/install/action_file/share/action_file/cmake/ament_cmake_export_libraries-extras.cmake
[0.701s] -- Up-to-date: /home/mido/Music/phase_one_ws/install/action_file/share/action_file/cmake/ament_cmake_export_targets-extras.cmake
[0.701s] -- Up-to-date: /home/mido/Music/phase_one_ws/install/action_file/share/action_file/cmake/rosidl_cmake_export_typesupport_targets-extras.cmake
[0.701s] -- Up-to-date: /home/mido/Music/phase_one_ws/install/action_file/share/action_file/cmake/rosidl_cmake_export_typesupport_libraries-extras.cmake
[0.701s] -- Up-to-date: /home/mido/Music/phase_one_ws/install/action_file/share/action_file/cmake/action_fileConfig.cmake
[0.702s] -- Up-to-date: /home/mido/Music/phase_one_ws/install/action_file/share/action_file/cmake/action_fileConfig-version.cmake
[0.702s] -- Up-to-date: /home/mido/Music/phase_one_ws/install/action_file/share/action_file/package.xml
[0.709s] Invoked command in '/home/mido/Music/phase_one_ws/build/action_file' returned '0': CMAKE_PREFIX_PATH=${CMAKE_PREFIX_PATH}:/home/mido/Music/phase_one_ws/install/motion_pkg:/opt/ros/humble /usr/bin/cmake --install /home/mido/Music/phase_one_ws/build/action_file
