[0.029s] Invoking command in '/home/mido/Music/phase_one_ws/build/bumperbot_msgs': CMAKE_PREFIX_PATH=${CMAKE_PREFIX_PATH}:/home/mido/Music/phase_one_ws/install/motion_pkg:/opt/ros/humble /usr/bin/cmake /home/mido/Music/phase_one_ws/src/bumperbot_msgs -DCMAKE_INSTALL_PREFIX=/home/mido/Music/phase_one_ws/install/bumperbot_msgs
[0.121s] -- The C compiler identification is GNU 11.4.0
[0.201s] -- The CXX compiler identification is GNU 11.4.0
[0.211s] -- Detecting C compiler ABI info
[0.316s] -- Detecting C compiler ABI info - done
[0.323s] -- Check for working C compiler: /usr/bin/cc - skipped
[0.323s] -- Detecting C compile features
[0.324s] -- Detecting C compile features - done
[0.327s] -- Detecting CXX compiler ABI info
[0.439s] -- Detecting CXX compiler ABI info - done
[0.446s] -- Check for working CXX compiler: /usr/bin/c++ - skipped
[0.447s] -- Detecting CXX compile features
[0.447s] -- Detecting CXX compile features - done
[0.455s] -- Found ament_cmake: 1.3.11 (/opt/ros/humble/share/ament_cmake/cmake)
[0.724s] -- Found Python3: /usr/bin/python3 (found version "3.10.12") found components: Interpreter 
[0.875s] -- Found geometry_msgs: 4.8.0 (/opt/ros/humble/share/geometry_msgs/cmake)
[0.946s] -- Found rosidl_generator_c: 3.1.6 (/opt/ros/humble/share/rosidl_generator_c/cmake)
[0.955s] -- Found rosidl_adapter: 3.1.6 (/opt/ros/humble/share/rosidl_adapter/cmake)
[0.968s] -- Found rosidl_generator_cpp: 3.1.6 (/opt/ros/humble/share/rosidl_generator_cpp/cmake)
[0.985s] -- Using all available rosidl_typesupport_c: rosidl_typesupport_fastrtps_c;rosidl_typesupport_introspection_c
[1.005s] -- Using all available rosidl_typesupport_cpp: rosidl_typesupport_fastrtps_cpp;rosidl_typesupport_introspection_cpp
[1.056s] -- Found rosidl_default_generators: 1.2.0 (/opt/ros/humble/share/rosidl_default_generators/cmake)
[1.404s] -- Found ament_cmake_ros: 0.10.0 (/opt/ros/humble/share/ament_cmake_ros/cmake)
[1.871s] -- Using all available rosidl_typesupport_c: rosidl_typesupport_fastrtps_c;rosidl_typesupport_introspection_c
[2.049s] -- Using all available rosidl_typesupport_cpp: rosidl_typesupport_fastrtps_cpp;rosidl_typesupport_introspection_cpp
[2.074s] -- Found PythonInterp: /usr/bin/python3 (found suitable version "3.10.12", minimum required is "3.6") 
[2.077s] -- Found python_cmake_module: 0.10.0 (/opt/ros/humble/share/python_cmake_module/cmake)
[2.111s] -- Found PythonLibs: /usr/lib/x86_64-linux-gnu/libpython3.10.so (found suitable version "3.10.12", minimum required is "3.5") 
[2.111s] -- Using PYTHON_EXECUTABLE: /usr/bin/python3
[2.111s] -- Using PYTHON_INCLUDE_DIRS: /usr/include/python3.10
[2.111s] -- Using PYTHON_LIBRARIES: /usr/lib/x86_64-linux-gnu/libpython3.10.so
[2.136s] -- Found PythonExtra: .so  
[2.207s] -- Configuring done
[2.251s] -- Generating done
[2.263s] -- Build files have been written to: /home/mido/Music/phase_one_ws/build/bumperbot_msgs
