running egg_info
creating ../../build/motion_pkg/motion_pkg.egg-info
writing ../../build/motion_pkg/motion_pkg.egg-info/PKG-INFO
writing dependency_links to ../../build/motion_pkg/motion_pkg.egg-info/dependency_links.txt
writing entry points to ../../build/motion_pkg/motion_pkg.egg-info/entry_points.txt
writing requirements to ../../build/motion_pkg/motion_pkg.egg-info/requires.txt
writing top-level names to ../../build/motion_pkg/motion_pkg.egg-info/top_level.txt
writing manifest file '../../build/motion_pkg/motion_pkg.egg-info/SOURCES.txt'
reading manifest file '../../build/motion_pkg/motion_pkg.egg-info/SOURCES.txt'
writing manifest file '../../build/motion_pkg/motion_pkg.egg-info/SOURCES.txt'
running build
running build_py
creating /home/mido/Music/phase_one_ws/build/motion_pkg/build
creating /home/mido/Music/phase_one_ws/build/motion_pkg/build/lib
creating /home/mido/Music/phase_one_ws/build/motion_pkg/build/lib/motion_pkg
copying motion_pkg/__init__.py -> /home/mido/Music/phase_one_ws/build/motion_pkg/build/lib/motion_pkg
copying motion_pkg/random_points_generator.py -> /home/mido/Music/phase_one_ws/build/motion_pkg/build/lib/motion_pkg
copying motion_pkg/speed_control.py -> /home/mido/Music/phase_one_ws/build/motion_pkg/build/lib/motion_pkg
copying motion_pkg/mark_target.py -> /home/mido/Music/phase_one_ws/build/motion_pkg/build/lib/motion_pkg
copying motion_pkg/current_position.py -> /home/mido/Music/phase_one_ws/build/motion_pkg/build/lib/motion_pkg
copying motion_pkg/points_sender.py -> /home/mido/Music/phase_one_ws/build/motion_pkg/build/lib/motion_pkg
running install
running install_lib
creating /home/mido/Music/phase_one_ws/install/motion_pkg/lib/python3.10/site-packages/motion_pkg
copying /home/mido/Music/phase_one_ws/build/motion_pkg/build/lib/motion_pkg/__init__.py -> /home/mido/Music/phase_one_ws/install/motion_pkg/lib/python3.10/site-packages/motion_pkg
copying /home/mido/Music/phase_one_ws/build/motion_pkg/build/lib/motion_pkg/random_points_generator.py -> /home/mido/Music/phase_one_ws/install/motion_pkg/lib/python3.10/site-packages/motion_pkg
copying /home/mido/Music/phase_one_ws/build/motion_pkg/build/lib/motion_pkg/speed_control.py -> /home/mido/Music/phase_one_ws/install/motion_pkg/lib/python3.10/site-packages/motion_pkg
copying /home/mido/Music/phase_one_ws/build/motion_pkg/build/lib/motion_pkg/mark_target.py -> /home/mido/Music/phase_one_ws/install/motion_pkg/lib/python3.10/site-packages/motion_pkg
copying /home/mido/Music/phase_one_ws/build/motion_pkg/build/lib/motion_pkg/current_position.py -> /home/mido/Music/phase_one_ws/install/motion_pkg/lib/python3.10/site-packages/motion_pkg
copying /home/mido/Music/phase_one_ws/build/motion_pkg/build/lib/motion_pkg/points_sender.py -> /home/mido/Music/phase_one_ws/install/motion_pkg/lib/python3.10/site-packages/motion_pkg
byte-compiling /home/mido/Music/phase_one_ws/install/motion_pkg/lib/python3.10/site-packages/motion_pkg/__init__.py to __init__.cpython-310.pyc
byte-compiling /home/mido/Music/phase_one_ws/install/motion_pkg/lib/python3.10/site-packages/motion_pkg/random_points_generator.py to random_points_generator.cpython-310.pyc
byte-compiling /home/mido/Music/phase_one_ws/install/motion_pkg/lib/python3.10/site-packages/motion_pkg/speed_control.py to speed_control.cpython-310.pyc
byte-compiling /home/mido/Music/phase_one_ws/install/motion_pkg/lib/python3.10/site-packages/motion_pkg/mark_target.py to mark_target.cpython-310.pyc
byte-compiling /home/mido/Music/phase_one_ws/install/motion_pkg/lib/python3.10/site-packages/motion_pkg/current_position.py to current_position.cpython-310.pyc
byte-compiling /home/mido/Music/phase_one_ws/install/motion_pkg/lib/python3.10/site-packages/motion_pkg/points_sender.py to points_sender.cpython-310.pyc
running install_data
creating /home/mido/Music/phase_one_ws/install/motion_pkg/share/ament_index
creating /home/mido/Music/phase_one_ws/install/motion_pkg/share/ament_index/resource_index
creating /home/mido/Music/phase_one_ws/install/motion_pkg/share/ament_index/resource_index/packages
copying resource/motion_pkg -> /home/mido/Music/phase_one_ws/install/motion_pkg/share/ament_index/resource_index/packages
copying package.xml -> /home/mido/Music/phase_one_ws/install/motion_pkg/share/motion_pkg
creating /home/mido/Music/phase_one_ws/install/motion_pkg/share/motion_pkg/launch
copying launch/navigating.launch.py -> /home/mido/Music/phase_one_ws/install/motion_pkg/share/motion_pkg/launch
running install_egg_info
Copying ../../build/motion_pkg/motion_pkg.egg-info to /home/mido/Music/phase_one_ws/install/motion_pkg/lib/python3.10/site-packages/motion_pkg-0.0.0-py3.10.egg-info
running install_scripts
Installing current_position script to /home/mido/Music/phase_one_ws/install/motion_pkg/lib/motion_pkg
Installing mark_target script to /home/mido/Music/phase_one_ws/install/motion_pkg/lib/motion_pkg
Installing points_sender script to /home/mido/Music/phase_one_ws/install/motion_pkg/lib/motion_pkg
Installing random_points_generator script to /home/mido/Music/phase_one_ws/install/motion_pkg/lib/motion_pkg
Installing speed_control script to /home/mido/Music/phase_one_ws/install/motion_pkg/lib/motion_pkg
writing list of installed files to '/home/mido/Music/phase_one_ws/build/motion_pkg/install.log'
