[0.629s] Invoking command in '/home/mido/Music/phase_one_ws/src/motion_pkg': CMAKE_PREFIX_PATH=/home/mido/Music/phase_one_ws/install/action_file:/home/mido/Music/phase_one_ws/install/bumperbot_description PYTHONPATH=/home/mido/Music/phase_one_ws/build/motion_pkg/prefix_override:/usr/lib/python3/dist-packages/colcon_core/task/python/colcon_distutils_commands:/home/mido/Music/phase_one_ws/install/motion_pkg/lib/python3.10/site-packages:${PYTHONPATH} /usr/bin/python3 -W ignore:setup.py install is deprecated -W ignore:easy_install command is deprecated setup.py egg_info --egg-base ../../build/motion_pkg build --build-base /home/mido/Music/phase_one_ws/build/motion_pkg/build install --record /home/mido/Music/phase_one_ws/build/motion_pkg/install.log --single-version-externally-managed install_data
[0.864s] running egg_info
[0.864s] creating ../../build/motion_pkg/motion_pkg.egg-info
[0.865s] writing ../../build/motion_pkg/motion_pkg.egg-info/PKG-INFO
[0.865s] writing dependency_links to ../../build/motion_pkg/motion_pkg.egg-info/dependency_links.txt
[0.865s] writing entry points to ../../build/motion_pkg/motion_pkg.egg-info/entry_points.txt
[0.865s] writing requirements to ../../build/motion_pkg/motion_pkg.egg-info/requires.txt
[0.865s] writing top-level names to ../../build/motion_pkg/motion_pkg.egg-info/top_level.txt
[0.866s] writing manifest file '../../build/motion_pkg/motion_pkg.egg-info/SOURCES.txt'
[0.868s] reading manifest file '../../build/motion_pkg/motion_pkg.egg-info/SOURCES.txt'
[0.868s] writing manifest file '../../build/motion_pkg/motion_pkg.egg-info/SOURCES.txt'
[0.868s] running build
[0.868s] running build_py
[0.869s] creating /home/mido/Music/phase_one_ws/build/motion_pkg/build
[0.869s] creating /home/mido/Music/phase_one_ws/build/motion_pkg/build/lib
[0.869s] creating /home/mido/Music/phase_one_ws/build/motion_pkg/build/lib/motion_pkg
[0.869s] copying motion_pkg/__init__.py -> /home/mido/Music/phase_one_ws/build/motion_pkg/build/lib/motion_pkg
[0.869s] copying motion_pkg/random_points_generator.py -> /home/mido/Music/phase_one_ws/build/motion_pkg/build/lib/motion_pkg
[0.869s] copying motion_pkg/speed_control.py -> /home/mido/Music/phase_one_ws/build/motion_pkg/build/lib/motion_pkg
[0.869s] copying motion_pkg/mark_target.py -> /home/mido/Music/phase_one_ws/build/motion_pkg/build/lib/motion_pkg
[0.869s] copying motion_pkg/current_position.py -> /home/mido/Music/phase_one_ws/build/motion_pkg/build/lib/motion_pkg
[0.870s] copying motion_pkg/points_sender.py -> /home/mido/Music/phase_one_ws/build/motion_pkg/build/lib/motion_pkg
[0.870s] running install
[0.870s] running install_lib
[0.871s] creating /home/mido/Music/phase_one_ws/install/motion_pkg/lib/python3.10/site-packages/motion_pkg
[0.871s] copying /home/mido/Music/phase_one_ws/build/motion_pkg/build/lib/motion_pkg/__init__.py -> /home/mido/Music/phase_one_ws/install/motion_pkg/lib/python3.10/site-packages/motion_pkg
[0.871s] copying /home/mido/Music/phase_one_ws/build/motion_pkg/build/lib/motion_pkg/random_points_generator.py -> /home/mido/Music/phase_one_ws/install/motion_pkg/lib/python3.10/site-packages/motion_pkg
[0.871s] copying /home/mido/Music/phase_one_ws/build/motion_pkg/build/lib/motion_pkg/speed_control.py -> /home/mido/Music/phase_one_ws/install/motion_pkg/lib/python3.10/site-packages/motion_pkg
[0.871s] copying /home/mido/Music/phase_one_ws/build/motion_pkg/build/lib/motion_pkg/mark_target.py -> /home/mido/Music/phase_one_ws/install/motion_pkg/lib/python3.10/site-packages/motion_pkg
[0.871s] copying /home/mido/Music/phase_one_ws/build/motion_pkg/build/lib/motion_pkg/current_position.py -> /home/mido/Music/phase_one_ws/install/motion_pkg/lib/python3.10/site-packages/motion_pkg
[0.871s] copying /home/mido/Music/phase_one_ws/build/motion_pkg/build/lib/motion_pkg/points_sender.py -> /home/mido/Music/phase_one_ws/install/motion_pkg/lib/python3.10/site-packages/motion_pkg
[0.872s] byte-compiling /home/mido/Music/phase_one_ws/install/motion_pkg/lib/python3.10/site-packages/motion_pkg/__init__.py to __init__.cpython-310.pyc
[0.872s] byte-compiling /home/mido/Music/phase_one_ws/install/motion_pkg/lib/python3.10/site-packages/motion_pkg/random_points_generator.py to random_points_generator.cpython-310.pyc
[0.872s] byte-compiling /home/mido/Music/phase_one_ws/install/motion_pkg/lib/python3.10/site-packages/motion_pkg/speed_control.py to speed_control.cpython-310.pyc
[0.873s] byte-compiling /home/mido/Music/phase_one_ws/install/motion_pkg/lib/python3.10/site-packages/motion_pkg/mark_target.py to mark_target.cpython-310.pyc
[0.874s] byte-compiling /home/mido/Music/phase_one_ws/install/motion_pkg/lib/python3.10/site-packages/motion_pkg/current_position.py to current_position.cpython-310.pyc
[0.874s] byte-compiling /home/mido/Music/phase_one_ws/install/motion_pkg/lib/python3.10/site-packages/motion_pkg/points_sender.py to points_sender.cpython-310.pyc
[0.875s] running install_data
[0.875s] creating /home/mido/Music/phase_one_ws/install/motion_pkg/share/ament_index
[0.875s] creating /home/mido/Music/phase_one_ws/install/motion_pkg/share/ament_index/resource_index
[0.875s] creating /home/mido/Music/phase_one_ws/install/motion_pkg/share/ament_index/resource_index/packages
[0.875s] copying resource/motion_pkg -> /home/mido/Music/phase_one_ws/install/motion_pkg/share/ament_index/resource_index/packages
[0.876s] copying package.xml -> /home/mido/Music/phase_one_ws/install/motion_pkg/share/motion_pkg
[0.876s] creating /home/mido/Music/phase_one_ws/install/motion_pkg/share/motion_pkg/launch
[0.876s] copying launch/navigating.launch.py -> /home/mido/Music/phase_one_ws/install/motion_pkg/share/motion_pkg/launch
[0.876s] running install_egg_info
[0.877s] Copying ../../build/motion_pkg/motion_pkg.egg-info to /home/mido/Music/phase_one_ws/install/motion_pkg/lib/python3.10/site-packages/motion_pkg-0.0.0-py3.10.egg-info
[0.878s] running install_scripts
[0.895s] Installing current_position script to /home/mido/Music/phase_one_ws/install/motion_pkg/lib/motion_pkg
[0.895s] Installing mark_target script to /home/mido/Music/phase_one_ws/install/motion_pkg/lib/motion_pkg
[0.895s] Installing points_sender script to /home/mido/Music/phase_one_ws/install/motion_pkg/lib/motion_pkg
[0.895s] Installing random_points_generator script to /home/mido/Music/phase_one_ws/install/motion_pkg/lib/motion_pkg
[0.896s] Installing speed_control script to /home/mido/Music/phase_one_ws/install/motion_pkg/lib/motion_pkg
[0.896s] writing list of installed files to '/home/mido/Music/phase_one_ws/build/motion_pkg/install.log'
[0.923s] Invoked command in '/home/mido/Music/phase_one_ws/src/motion_pkg' returned '0': CMAKE_PREFIX_PATH=/home/mido/Music/phase_one_ws/install/action_file:/home/mido/Music/phase_one_ws/install/bumperbot_description PYTHONPATH=/home/mido/Music/phase_one_ws/build/motion_pkg/prefix_override:/usr/lib/python3/dist-packages/colcon_core/task/python/colcon_distutils_commands:/home/mido/Music/phase_one_ws/install/motion_pkg/lib/python3.10/site-packages:${PYTHONPATH} /usr/bin/python3 -W ignore:setup.py install is deprecated -W ignore:easy_install command is deprecated setup.py egg_info --egg-base ../../build/motion_pkg build --build-base /home/mido/Music/phase_one_ws/build/motion_pkg/build install --record /home/mido/Music/phase_one_ws/build/motion_pkg/install.log --single-version-externally-managed install_data
