running egg_info
writing ../../build/motion_pkg/motion_pkg.egg-info/PKG-INFO
writing dependency_links to ../../build/motion_pkg/motion_pkg.egg-info/dependency_links.txt
writing entry points to ../../build/motion_pkg/motion_pkg.egg-info/entry_points.txt
writing requirements to ../../build/motion_pkg/motion_pkg.egg-info/requires.txt
writing top-level names to ../../build/motion_pkg/motion_pkg.egg-info/top_level.txt
reading manifest file '../../build/motion_pkg/motion_pkg.egg-info/SOURCES.txt'
writing manifest file '../../build/motion_pkg/motion_pkg.egg-info/SOURCES.txt'
running build
running build_py
running install
running install_lib
running install_data
running install_egg_info
removing '/home/mido/Music/phase_one_ws/install/motion_pkg/lib/python3.10/site-packages/motion_pkg-0.0.0-py3.10.egg-info' (and everything under it)
Copying ../../build/motion_pkg/motion_pkg.egg-info to /home/mido/Music/phase_one_ws/install/motion_pkg/lib/python3.10/site-packages/motion_pkg-0.0.0-py3.10.egg-info
running install_scripts
Installing current_position script to /home/mido/Music/phase_one_ws/install/motion_pkg/lib/motion_pkg
Installing mark_target script to /home/mido/Music/phase_one_ws/install/motion_pkg/lib/motion_pkg
Installing points_sender script to /home/mido/Music/phase_one_ws/install/motion_pkg/lib/motion_pkg
Installing random_points_generator script to /home/mido/Music/phase_one_ws/install/motion_pkg/lib/motion_pkg
Installing speed_control script to /home/mido/Music/phase_one_ws/install/motion_pkg/lib/motion_pkg
writing list of installed files to '/home/mido/Music/phase_one_ws/build/motion_pkg/install.log'
