[0.016s] Invoking command in '/home/mido/Music/phase_one_ws/build/action_file': CMAKE_PREFIX_PATH=${CMAKE_PREFIX_PATH}:/home/mido/Music/phase_one_ws/install/motion_pkg:/home/mido/Music/phase_one_ws/install/bumperbot_controller:/opt/ros/humble /usr/bin/cmake /home/mido/Music/phase_one_ws/src/action_file -DCMAKE_INSTALL_PREFIX=/home/mido/Music/phase_one_ws/install/action_file
[0.292s] -- The C compiler identification is GNU 11.4.0
[0.293s] -- The CXX compiler identification is GNU 11.4.0
[0.293s] -- Detecting C compiler ABI info
[0.293s] -- Detecting C compiler ABI info - done
[0.293s] -- Check for working C compiler: /usr/bin/cc - skipped
[0.293s] -- Detecting C compile features
[0.293s] -- Detecting C compile features - done
[0.293s] -- Detecting CXX compiler ABI info
[0.293s] -- Detecting CXX compiler ABI info - done
[0.298s] -- Check for working CXX compiler: /usr/bin/c++ - skipped
[0.299s] -- Detecting CXX compile features
[0.299s] -- Detecting CXX compile features - done
[0.302s] -- Found ament_cmake: 1.3.11 (/opt/ros/humble/share/ament_cmake/cmake)
[0.450s] -- Found Python3: /usr/bin/python3 (found version "3.10.12") found components: Interpreter 
[0.540s] -- Found geometry_msgs: 4.8.0 (/opt/ros/humble/share/geometry_msgs/cmake)
[0.578s] -- Found rosidl_generator_c: 3.1.6 (/opt/ros/humble/share/rosidl_generator_c/cmake)
[0.583s] -- Found rosidl_adapter: 3.1.6 (/opt/ros/humble/share/rosidl_adapter/cmake)
[0.591s] -- Found rosidl_generator_cpp: 3.1.6 (/opt/ros/humble/share/rosidl_generator_cpp/cmake)
[0.603s] -- Using all available rosidl_typesupport_c: rosidl_typesupport_fastrtps_c;rosidl_typesupport_introspection_c
[0.619s] -- Using all available rosidl_typesupport_cpp: rosidl_typesupport_fastrtps_cpp;rosidl_typesupport_introspection_cpp
[0.656s] -- Found rosidl_default_generators: 1.2.0 (/opt/ros/humble/share/rosidl_default_generators/cmake)
[0.967s] -- Found ament_cmake_ros: 0.10.0 (/opt/ros/humble/share/ament_cmake_ros/cmake)
[1.361s] -- Using all available rosidl_typesupport_c: rosidl_typesupport_fastrtps_c;rosidl_typesupport_introspection_c
[1.517s] -- Using all available rosidl_typesupport_cpp: rosidl_typesupport_fastrtps_cpp;rosidl_typesupport_introspection_cpp
[1.539s] -- Found PythonInterp: /usr/bin/python3 (found suitable version "3.10.12", minimum required is "3.6") 
[1.540s] -- Found python_cmake_module: 0.10.0 (/opt/ros/humble/share/python_cmake_module/cmake)
[1.565s] -- Found PythonLibs: /usr/lib/x86_64-linux-gnu/libpython3.10.so (found suitable version "3.10.12", minimum required is "3.5") 
[1.565s] -- Using PYTHON_EXECUTABLE: /usr/bin/python3
[1.565s] -- Using PYTHON_INCLUDE_DIRS: /usr/include/python3.10
[1.565s] -- Using PYTHON_LIBRARIES: /usr/lib/x86_64-linux-gnu/libpython3.10.so
[1.584s] -- Found PythonExtra: .so  
[1.643s] -- Found ament_lint_auto: 0.12.12 (/opt/ros/humble/share/ament_lint_auto/cmake)
[1.662s] -- Added test 'lint_cmake' to check CMake code style
[1.664s] -- Added test 'xmllint' to check XML markup files
[1.667s] -- Configuring done
[1.701s] -- Generating done
[1.712s] -- Build files have been written to: /home/mido/Music/phase_one_ws/build/action_file
[1.723s] Invoked command in '/home/mido/Music/phase_one_ws/build/action_file' returned '0': CMAKE_PREFIX_PATH=${CMAKE_PREFIX_PATH}:/home/mido/Music/phase_one_ws/install/motion_pkg:/home/mido/Music/phase_one_ws/install/bumperbot_controller:/opt/ros/humble /usr/bin/cmake /home/mido/Music/phase_one_ws/src/action_file -DCMAKE_INSTALL_PREFIX=/home/mido/Music/phase_one_ws/install/action_file
[1.725s] Invoking command in '/home/mido/Music/phase_one_ws/build/action_file': CMAKE_PREFIX_PATH=${CMAKE_PREFIX_PATH}:/home/mido/Music/phase_one_ws/install/motion_pkg:/home/mido/Music/phase_one_ws/install/bumperbot_controller:/opt/ros/humble /usr/bin/cmake --build /home/mido/Music/phase_one_ws/build/action_file -- -j16 -l16
[1.766s] [  3%] [34m[1mGenerating C code for ROS interfaces[0m
[1.777s] [  6%] [34m[1mGenerating C++ code for ROS interfaces[0m
[1.787s] [  6%] Built target ament_cmake_python_copy_action_file
[2.044s] running egg_info
[2.045s] creating action_file.egg-info
[2.045s] writing action_file.egg-info/PKG-INFO
[2.045s] writing dependency_links to action_file.egg-info/dependency_links.txt
[2.045s] writing top-level names to action_file.egg-info/top_level.txt
[2.046s] writing manifest file 'action_file.egg-info/SOURCES.txt'
[2.048s] reading manifest file 'action_file.egg-info/SOURCES.txt'
[2.049s] writing manifest file 'action_file.egg-info/SOURCES.txt'
[2.079s] [  6%] Built target ament_cmake_python_build_action_file_egg
[2.185s] [  9%] [32mBuilding C object CMakeFiles/action_file__rosidl_generator_c.dir/rosidl_generator_c/action_file/action/detail/target__functions.c.o[0m
[2.193s] [  9%] Built target action_file__cpp
[2.204s] [ 19%] [34m[1mGenerating C++ type support for eProsima Fast-RTPS[0m
[2.204s] [ 19%] [34m[1mGenerating C++ type support dispatch for ROS interfaces[0m
[2.204s] [ 19%] [34m[1mGenerating C++ introspection for ROS interfaces[0m
[2.302s] [ 22%] [32m[1mLinking C shared library libaction_file__rosidl_generator_c.so[0m
[2.342s] [ 22%] Built target action_file__rosidl_generator_c
[2.354s] [ 32%] [34m[1mGenerating C introspection for ROS interfaces[0m
[2.355s] [ 32%] [34m[1mGenerating C type support dispatch for ROS interfaces[0m
[2.355s] [ 32%] [34m[1mGenerating C type support for eProsima Fast-RTPS[0m
[2.514s] [ 35%] [32mBuilding CXX object CMakeFiles/action_file__rosidl_typesupport_cpp.dir/rosidl_typesupport_cpp/action_file/action/target__type_support.cpp.o[0m
[2.569s] [ 38%] [32mBuilding CXX object CMakeFiles/action_file__rosidl_typesupport_introspection_cpp.dir/rosidl_typesupport_introspection_cpp/action_file/action/detail/target__type_support.cpp.o[0m
[2.620s] [ 41%] [32mBuilding CXX object CMakeFiles/action_file__rosidl_typesupport_fastrtps_cpp.dir/rosidl_typesupport_fastrtps_cpp/action_file/action/detail/dds_fastrtps/target__type_support.cpp.o[0m
[2.680s] [ 45%] [32mBuilding CXX object CMakeFiles/action_file__rosidl_typesupport_c.dir/rosidl_typesupport_c/action_file/action/target__type_support.cpp.o[0m
[2.735s] [ 48%] [32m[1mLinking CXX shared library libaction_file__rosidl_typesupport_c.so[0m
[2.755s] [ 51%] [32mBuilding C object CMakeFiles/action_file__rosidl_typesupport_introspection_c.dir/rosidl_typesupport_introspection_c/action_file/action/detail/target__type_support.c.o[0m
[2.774s] [ 54%] [32mBuilding CXX object CMakeFiles/action_file__rosidl_typesupport_fastrtps_c.dir/rosidl_typesupport_fastrtps_c/action_file/action/detail/target__type_support_c.cpp.o[0m
[2.785s] [ 54%] Built target action_file__rosidl_typesupport_c
[2.807s] [ 58%] [32m[1mLinking C shared library libaction_file__rosidl_typesupport_introspection_c.so[0m
[2.847s] [ 58%] Built target action_file__rosidl_typesupport_introspection_c
[2.976s] [ 61%] [32m[1mLinking CXX shared library libaction_file__rosidl_typesupport_cpp.so[0m
[3.023s] [ 61%] Built target action_file__rosidl_typesupport_cpp
[3.139s] [ 64%] [32m[1mLinking CXX shared library libaction_file__rosidl_typesupport_fastrtps_c.so[0m
[3.141s] [ 67%] [32m[1mLinking CXX shared library libaction_file__rosidl_typesupport_introspection_cpp.so[0m
[3.159s] [ 70%] [32m[1mLinking CXX shared library libaction_file__rosidl_typesupport_fastrtps_cpp.so[0m
[3.240s] [ 70%] Built target action_file__rosidl_typesupport_introspection_cpp
[3.241s] [ 70%] Built target action_file__rosidl_typesupport_fastrtps_c
[3.261s] [ 70%] Built target action_file__rosidl_typesupport_fastrtps_cpp
[3.281s] [ 70%] Built target action_file
[3.301s] [ 74%] [34m[1mGenerating Python code for ROS interfaces[0m
[3.943s] [ 74%] Built target action_file__py
[3.965s] [ 77%] [32mBuilding C object CMakeFiles/action_file__rosidl_generator_py.dir/rosidl_generator_py/action_file/action/_target_s.c.o[0m
[4.089s] [ 80%] [32m[1mLinking C shared library rosidl_generator_py/action_file/libaction_file__rosidl_generator_py.so[0m
[4.134s] [ 80%] Built target action_file__rosidl_generator_py
[4.154s] [ 87%] [32mBuilding C object CMakeFiles/action_file__rosidl_typesupport_fastrtps_c__pyext.dir/rosidl_generator_py/action_file/_action_file_s.ep.rosidl_typesupport_fastrtps_c.c.o[0m
[4.155s] [ 87%] [32mBuilding C object CMakeFiles/action_file__rosidl_typesupport_introspection_c__pyext.dir/rosidl_generator_py/action_file/_action_file_s.ep.rosidl_typesupport_introspection_c.c.o[0m
[4.155s] [ 90%] [32mBuilding C object CMakeFiles/action_file__rosidl_typesupport_c__pyext.dir/rosidl_generator_py/action_file/_action_file_s.ep.rosidl_typesupport_c.c.o[0m
[4.269s] [100%] [32m[1mLinking C shared library rosidl_generator_py/action_file/action_file_s__rosidl_typesupport_fastrtps_c.cpython-310-x86_64-linux-gnu.so[0m
[4.269s] [100%] [32m[1mLinking C shared library rosidl_generator_py/action_file/action_file_s__rosidl_typesupport_c.cpython-310-x86_64-linux-gnu.so[0m
[4.269s] [100%] [32m[1mLinking C shared library rosidl_generator_py/action_file/action_file_s__rosidl_typesupport_introspection_c.cpython-310-x86_64-linux-gnu.so[0m
[4.314s] [100%] Built target action_file__rosidl_typesupport_fastrtps_c__pyext
[4.314s] [100%] Built target action_file__rosidl_typesupport_c__pyext
[4.315s] [100%] Built target action_file__rosidl_typesupport_introspection_c__pyext
[4.329s] Invoked command in '/home/mido/Music/phase_one_ws/build/action_file' returned '0': CMAKE_PREFIX_PATH=${CMAKE_PREFIX_PATH}:/home/mido/Music/phase_one_ws/install/motion_pkg:/home/mido/Music/phase_one_ws/install/bumperbot_controller:/opt/ros/humble /usr/bin/cmake --build /home/mido/Music/phase_one_ws/build/action_file -- -j16 -l16
[4.331s] Invoking command in '/home/mido/Music/phase_one_ws/build/action_file': CMAKE_PREFIX_PATH=${CMAKE_PREFIX_PATH}:/home/mido/Music/phase_one_ws/install/motion_pkg:/home/mido/Music/phase_one_ws/install/bumperbot_controller:/opt/ros/humble /usr/bin/cmake --install /home/mido/Music/phase_one_ws/build/action_file
[4.340s] -- Install configuration: ""
[4.340s] -- Installing: /home/mido/Music/phase_one_ws/install/action_file/share/ament_index/resource_index/rosidl_interfaces/action_file
[4.340s] -- Installing: /home/mido/Music/phase_one_ws/install/action_file/include/action_file/action_file
[4.340s] -- Installing: /home/mido/Music/phase_one_ws/install/action_file/include/action_file/action_file/action
[4.341s] -- Installing: /home/mido/Music/phase_one_ws/install/action_file/include/action_file/action_file/action/target.h
[4.341s] -- Installing: /home/mido/Music/phase_one_ws/install/action_file/include/action_file/action_file/action/detail
[4.341s] -- Installing: /home/mido/Music/phase_one_ws/install/action_file/include/action_file/action_file/action/detail/target__struct.h
[4.341s] -- Installing: /home/mido/Music/phase_one_ws/install/action_file/include/action_file/action_file/action/detail/target__type_support.h
[4.341s] -- Installing: /home/mido/Music/phase_one_ws/install/action_file/include/action_file/action_file/action/detail/target__functions.c
[4.341s] -- Installing: /home/mido/Music/phase_one_ws/install/action_file/include/action_file/action_file/action/detail/target__functions.h
[4.341s] -- Installing: /home/mido/Music/phase_one_ws/install/action_file/include/action_file/action_file/msg
[4.341s] -- Installing: /home/mido/Music/phase_one_ws/install/action_file/include/action_file/action_file/msg/rosidl_generator_c__visibility_control.h
[4.342s] -- Installing: /home/mido/Music/phase_one_ws/install/action_file/share/action_file/environment/library_path.sh
[4.342s] -- Installing: /home/mido/Music/phase_one_ws/install/action_file/share/action_file/environment/library_path.dsv
[4.342s] -- Installing: /home/mido/Music/phase_one_ws/install/action_file/lib/libaction_file__rosidl_generator_c.so
[4.342s] -- Set runtime path of "/home/mido/Music/phase_one_ws/install/action_file/lib/libaction_file__rosidl_generator_c.so" to ""
[4.342s] -- Up-to-date: /home/mido/Music/phase_one_ws/install/action_file/include/action_file/action_file
[4.343s] -- Up-to-date: /home/mido/Music/phase_one_ws/install/action_file/include/action_file/action_file/action
[4.343s] -- Up-to-date: /home/mido/Music/phase_one_ws/install/action_file/include/action_file/action_file/action/detail
[4.343s] -- Installing: /home/mido/Music/phase_one_ws/install/action_file/include/action_file/action_file/action/detail/target__rosidl_typesupport_fastrtps_c.h
[4.343s] -- Up-to-date: /home/mido/Music/phase_one_ws/install/action_file/include/action_file/action_file/msg
[4.343s] -- Installing: /home/mido/Music/phase_one_ws/install/action_file/include/action_file/action_file/msg/rosidl_typesupport_fastrtps_c__visibility_control.h
[4.343s] -- Installing: /home/mido/Music/phase_one_ws/install/action_file/lib/libaction_file__rosidl_typesupport_fastrtps_c.so
[4.343s] -- Set runtime path of "/home/mido/Music/phase_one_ws/install/action_file/lib/libaction_file__rosidl_typesupport_fastrtps_c.so" to ""
[4.343s] -- Up-to-date: /home/mido/Music/phase_one_ws/install/action_file/include/action_file/action_file
[4.343s] -- Up-to-date: /home/mido/Music/phase_one_ws/install/action_file/include/action_file/action_file/action
[4.344s] -- Installing: /home/mido/Music/phase_one_ws/install/action_file/include/action_file/action_file/action/target.hpp
[4.344s] -- Up-to-date: /home/mido/Music/phase_one_ws/install/action_file/include/action_file/action_file/action/detail
[4.344s] -- Installing: /home/mido/Music/phase_one_ws/install/action_file/include/action_file/action_file/action/detail/target__struct.hpp
[4.344s] -- Installing: /home/mido/Music/phase_one_ws/install/action_file/include/action_file/action_file/action/detail/target__builder.hpp
[4.344s] -- Installing: /home/mido/Music/phase_one_ws/install/action_file/include/action_file/action_file/action/detail/target__traits.hpp
[4.344s] -- Installing: /home/mido/Music/phase_one_ws/install/action_file/include/action_file/action_file/action/detail/target__type_support.hpp
[4.344s] -- Up-to-date: /home/mido/Music/phase_one_ws/install/action_file/include/action_file/action_file/msg
[4.344s] -- Installing: /home/mido/Music/phase_one_ws/install/action_file/include/action_file/action_file/msg/rosidl_generator_cpp__visibility_control.hpp
[4.344s] -- Up-to-date: /home/mido/Music/phase_one_ws/install/action_file/include/action_file/action_file
[4.344s] -- Up-to-date: /home/mido/Music/phase_one_ws/install/action_file/include/action_file/action_file/action
[4.345s] -- Up-to-date: /home/mido/Music/phase_one_ws/install/action_file/include/action_file/action_file/action/detail
[4.345s] -- Installing: /home/mido/Music/phase_one_ws/install/action_file/include/action_file/action_file/action/detail/dds_fastrtps
[4.345s] -- Installing: /home/mido/Music/phase_one_ws/install/action_file/include/action_file/action_file/action/detail/target__rosidl_typesupport_fastrtps_cpp.hpp
[4.345s] -- Up-to-date: /home/mido/Music/phase_one_ws/install/action_file/include/action_file/action_file/msg
[4.345s] -- Installing: /home/mido/Music/phase_one_ws/install/action_file/include/action_file/action_file/msg/rosidl_typesupport_fastrtps_cpp__visibility_control.h
[4.345s] -- Installing: /home/mido/Music/phase_one_ws/install/action_file/lib/libaction_file__rosidl_typesupport_fastrtps_cpp.so
[4.345s] -- Set runtime path of "/home/mido/Music/phase_one_ws/install/action_file/lib/libaction_file__rosidl_typesupport_fastrtps_cpp.so" to ""
[4.346s] -- Up-to-date: /home/mido/Music/phase_one_ws/install/action_file/include/action_file/action_file
[4.346s] -- Up-to-date: /home/mido/Music/phase_one_ws/install/action_file/include/action_file/action_file/action
[4.346s] -- Up-to-date: /home/mido/Music/phase_one_ws/install/action_file/include/action_file/action_file/action/detail
[4.346s] -- Installing: /home/mido/Music/phase_one_ws/install/action_file/include/action_file/action_file/action/detail/target__type_support.c
[4.346s] -- Installing: /home/mido/Music/phase_one_ws/install/action_file/include/action_file/action_file/action/detail/target__rosidl_typesupport_introspection_c.h
[4.347s] -- Up-to-date: /home/mido/Music/phase_one_ws/install/action_file/include/action_file/action_file/msg
[4.347s] -- Installing: /home/mido/Music/phase_one_ws/install/action_file/include/action_file/action_file/msg/rosidl_typesupport_introspection_c__visibility_control.h
[4.347s] -- Installing: /home/mido/Music/phase_one_ws/install/action_file/lib/libaction_file__rosidl_typesupport_introspection_c.so
[4.347s] -- Set runtime path of "/home/mido/Music/phase_one_ws/install/action_file/lib/libaction_file__rosidl_typesupport_introspection_c.so" to ""
[4.347s] -- Installing: /home/mido/Music/phase_one_ws/install/action_file/lib/libaction_file__rosidl_typesupport_c.so
[4.347s] -- Set runtime path of "/home/mido/Music/phase_one_ws/install/action_file/lib/libaction_file__rosidl_typesupport_c.so" to ""
[4.347s] -- Up-to-date: /home/mido/Music/phase_one_ws/install/action_file/include/action_file/action_file
[4.347s] -- Up-to-date: /home/mido/Music/phase_one_ws/install/action_file/include/action_file/action_file/action
[4.347s] -- Up-to-date: /home/mido/Music/phase_one_ws/install/action_file/include/action_file/action_file/action/detail
[4.348s] -- Installing: /home/mido/Music/phase_one_ws/install/action_file/include/action_file/action_file/action/detail/target__rosidl_typesupport_introspection_cpp.hpp
[4.348s] -- Installing: /home/mido/Music/phase_one_ws/install/action_file/include/action_file/action_file/action/detail/target__type_support.cpp
[4.348s] -- Installing: /home/mido/Music/phase_one_ws/install/action_file/lib/libaction_file__rosidl_typesupport_introspection_cpp.so
[4.348s] -- Set runtime path of "/home/mido/Music/phase_one_ws/install/action_file/lib/libaction_file__rosidl_typesupport_introspection_cpp.so" to ""
[4.348s] -- Installing: /home/mido/Music/phase_one_ws/install/action_file/lib/libaction_file__rosidl_typesupport_cpp.so
[4.348s] -- Set runtime path of "/home/mido/Music/phase_one_ws/install/action_file/lib/libaction_file__rosidl_typesupport_cpp.so" to ""
[4.349s] -- Installing: /home/mido/Music/phase_one_ws/install/action_file/share/action_file/environment/pythonpath.sh
[4.349s] -- Installing: /home/mido/Music/phase_one_ws/install/action_file/share/action_file/environment/pythonpath.dsv
[4.349s] -- Installing: /home/mido/Music/phase_one_ws/install/action_file/local/lib/python3.10/dist-packages/action_file-0.0.0-py3.10.egg-info
[4.349s] -- Installing: /home/mido/Music/phase_one_ws/install/action_file/local/lib/python3.10/dist-packages/action_file-0.0.0-py3.10.egg-info/PKG-INFO
[4.349s] -- Installing: /home/mido/Music/phase_one_ws/install/action_file/local/lib/python3.10/dist-packages/action_file-0.0.0-py3.10.egg-info/top_level.txt
[4.349s] -- Installing: /home/mido/Music/phase_one_ws/install/action_file/local/lib/python3.10/dist-packages/action_file-0.0.0-py3.10.egg-info/dependency_links.txt
[4.350s] -- Installing: /home/mido/Music/phase_one_ws/install/action_file/local/lib/python3.10/dist-packages/action_file-0.0.0-py3.10.egg-info/SOURCES.txt
[4.350s] -- Installing: /home/mido/Music/phase_one_ws/install/action_file/local/lib/python3.10/dist-packages/action_file
[4.350s] -- Installing: /home/mido/Music/phase_one_ws/install/action_file/local/lib/python3.10/dist-packages/action_file/__init__.py
[4.350s] -- Installing: /home/mido/Music/phase_one_ws/install/action_file/local/lib/python3.10/dist-packages/action_file/_action_file_s.ep.rosidl_typesupport_introspection_c.c
[4.351s] -- Installing: /home/mido/Music/phase_one_ws/install/action_file/local/lib/python3.10/dist-packages/action_file/_action_file_s.ep.rosidl_typesupport_fastrtps_c.c
[4.351s] -- Installing: /home/mido/Music/phase_one_ws/install/action_file/local/lib/python3.10/dist-packages/action_file/libaction_file__rosidl_generator_py.so
[4.351s] -- Installing: /home/mido/Music/phase_one_ws/install/action_file/local/lib/python3.10/dist-packages/action_file/action_file_s__rosidl_typesupport_introspection_c.cpython-310-x86_64-linux-gnu.so
[4.351s] -- Installing: /home/mido/Music/phase_one_ws/install/action_file/local/lib/python3.10/dist-packages/action_file/action_file_s__rosidl_typesupport_c.cpython-310-x86_64-linux-gnu.so
[4.351s] -- Installing: /home/mido/Music/phase_one_ws/install/action_file/local/lib/python3.10/dist-packages/action_file/_action_file_s.ep.rosidl_typesupport_c.c
[4.351s] -- Installing: /home/mido/Music/phase_one_ws/install/action_file/local/lib/python3.10/dist-packages/action_file/action
[4.352s] -- Installing: /home/mido/Music/phase_one_ws/install/action_file/local/lib/python3.10/dist-packages/action_file/action/_target.py
[4.352s] -- Installing: /home/mido/Music/phase_one_ws/install/action_file/local/lib/python3.10/dist-packages/action_file/action/_target_s.c
[4.352s] -- Installing: /home/mido/Music/phase_one_ws/install/action_file/local/lib/python3.10/dist-packages/action_file/action/__init__.py
[4.352s] -- Installing: /home/mido/Music/phase_one_ws/install/action_file/local/lib/python3.10/dist-packages/action_file/action_file_s__rosidl_typesupport_fastrtps_c.cpython-310-x86_64-linux-gnu.so
[4.389s] Listing '/home/mido/Music/phase_one_ws/install/action_file/local/lib/python3.10/dist-packages/action_file'...
[4.389s] Compiling '/home/mido/Music/phase_one_ws/install/action_file/local/lib/python3.10/dist-packages/action_file/__init__.py'...
[4.389s] Listing '/home/mido/Music/phase_one_ws/install/action_file/local/lib/python3.10/dist-packages/action_file/action'...
[4.389s] Compiling '/home/mido/Music/phase_one_ws/install/action_file/local/lib/python3.10/dist-packages/action_file/action/__init__.py'...
[4.389s] Compiling '/home/mido/Music/phase_one_ws/install/action_file/local/lib/python3.10/dist-packages/action_file/action/_target.py'...
[4.394s] -- Installing: /home/mido/Music/phase_one_ws/install/action_file/local/lib/python3.10/dist-packages/action_file/action_file_s__rosidl_typesupport_fastrtps_c.cpython-310-x86_64-linux-gnu.so
[4.394s] -- Set runtime path of "/home/mido/Music/phase_one_ws/install/action_file/local/lib/python3.10/dist-packages/action_file/action_file_s__rosidl_typesupport_fastrtps_c.cpython-310-x86_64-linux-gnu.so" to ""
[4.394s] -- Installing: /home/mido/Music/phase_one_ws/install/action_file/local/lib/python3.10/dist-packages/action_file/action_file_s__rosidl_typesupport_introspection_c.cpython-310-x86_64-linux-gnu.so
[4.395s] -- Set runtime path of "/home/mido/Music/phase_one_ws/install/action_file/local/lib/python3.10/dist-packages/action_file/action_file_s__rosidl_typesupport_introspection_c.cpython-310-x86_64-linux-gnu.so" to ""
[4.395s] -- Installing: /home/mido/Music/phase_one_ws/install/action_file/local/lib/python3.10/dist-packages/action_file/action_file_s__rosidl_typesupport_c.cpython-310-x86_64-linux-gnu.so
[4.395s] -- Set runtime path of "/home/mido/Music/phase_one_ws/install/action_file/local/lib/python3.10/dist-packages/action_file/action_file_s__rosidl_typesupport_c.cpython-310-x86_64-linux-gnu.so" to ""
[4.395s] -- Installing: /home/mido/Music/phase_one_ws/install/action_file/lib/libaction_file__rosidl_generator_py.so
[4.395s] -- Set runtime path of "/home/mido/Music/phase_one_ws/install/action_file/lib/libaction_file__rosidl_generator_py.so" to ""
[4.396s] -- Installing: /home/mido/Music/phase_one_ws/install/action_file/share/action_file/action/Target.idl
[4.396s] -- Installing: /home/mido/Music/phase_one_ws/install/action_file/share/action_file/action/Target.action
[4.396s] -- Installing: /home/mido/Music/phase_one_ws/install/action_file/share/ament_index/resource_index/package_run_dependencies/action_file
[4.396s] -- Installing: /home/mido/Music/phase_one_ws/install/action_file/share/ament_index/resource_index/parent_prefix_path/action_file
[4.397s] -- Installing: /home/mido/Music/phase_one_ws/install/action_file/share/action_file/environment/ament_prefix_path.sh
[4.397s] -- Installing: /home/mido/Music/phase_one_ws/install/action_file/share/action_file/environment/ament_prefix_path.dsv
[4.397s] -- Installing: /home/mido/Music/phase_one_ws/install/action_file/share/action_file/environment/path.sh
[4.397s] -- Installing: /home/mido/Music/phase_one_ws/install/action_file/share/action_file/environment/path.dsv
[4.397s] -- Installing: /home/mido/Music/phase_one_ws/install/action_file/share/action_file/local_setup.bash
[4.397s] -- Installing: /home/mido/Music/phase_one_ws/install/action_file/share/action_file/local_setup.sh
[4.398s] -- Installing: /home/mido/Music/phase_one_ws/install/action_file/share/action_file/local_setup.zsh
[4.398s] -- Installing: /home/mido/Music/phase_one_ws/install/action_file/share/action_file/local_setup.dsv
[4.398s] -- Installing: /home/mido/Music/phase_one_ws/install/action_file/share/action_file/package.dsv
[4.398s] -- Installing: /home/mido/Music/phase_one_ws/install/action_file/share/ament_index/resource_index/packages/action_file
[4.398s] -- Installing: /home/mido/Music/phase_one_ws/install/action_file/share/action_file/cmake/export_action_file__rosidl_generator_cExport.cmake
[4.399s] -- Installing: /home/mido/Music/phase_one_ws/install/action_file/share/action_file/cmake/export_action_file__rosidl_generator_cExport-noconfig.cmake
[4.399s] -- Installing: /home/mido/Music/phase_one_ws/install/action_file/share/action_file/cmake/export_action_file__rosidl_typesupport_fastrtps_cExport.cmake
[4.399s] -- Installing: /home/mido/Music/phase_one_ws/install/action_file/share/action_file/cmake/export_action_file__rosidl_typesupport_fastrtps_cExport-noconfig.cmake
[4.399s] -- Installing: /home/mido/Music/phase_one_ws/install/action_file/share/action_file/cmake/export_action_file__rosidl_generator_cppExport.cmake
[4.399s] -- Installing: /home/mido/Music/phase_one_ws/install/action_file/share/action_file/cmake/export_action_file__rosidl_typesupport_fastrtps_cppExport.cmake
[4.399s] -- Installing: /home/mido/Music/phase_one_ws/install/action_file/share/action_file/cmake/export_action_file__rosidl_typesupport_fastrtps_cppExport-noconfig.cmake
[4.400s] -- Installing: /home/mido/Music/phase_one_ws/install/action_file/share/action_file/cmake/action_file__rosidl_typesupport_introspection_cExport.cmake
[4.400s] -- Installing: /home/mido/Music/phase_one_ws/install/action_file/share/action_file/cmake/action_file__rosidl_typesupport_introspection_cExport-noconfig.cmake
[4.400s] -- Installing: /home/mido/Music/phase_one_ws/install/action_file/share/action_file/cmake/action_file__rosidl_typesupport_cExport.cmake
[4.400s] -- Installing: /home/mido/Music/phase_one_ws/install/action_file/share/action_file/cmake/action_file__rosidl_typesupport_cExport-noconfig.cmake
[4.400s] -- Installing: /home/mido/Music/phase_one_ws/install/action_file/share/action_file/cmake/action_file__rosidl_typesupport_introspection_cppExport.cmake
[4.400s] -- Installing: /home/mido/Music/phase_one_ws/install/action_file/share/action_file/cmake/action_file__rosidl_typesupport_introspection_cppExport-noconfig.cmake
[4.401s] -- Installing: /home/mido/Music/phase_one_ws/install/action_file/share/action_file/cmake/action_file__rosidl_typesupport_cppExport.cmake
[4.401s] -- Installing: /home/mido/Music/phase_one_ws/install/action_file/share/action_file/cmake/action_file__rosidl_typesupport_cppExport-noconfig.cmake
[4.401s] -- Installing: /home/mido/Music/phase_one_ws/install/action_file/share/action_file/cmake/export_action_file__rosidl_generator_pyExport.cmake
[4.401s] -- Installing: /home/mido/Music/phase_one_ws/install/action_file/share/action_file/cmake/export_action_file__rosidl_generator_pyExport-noconfig.cmake
[4.401s] -- Installing: /home/mido/Music/phase_one_ws/install/action_file/share/action_file/cmake/rosidl_cmake-extras.cmake
[4.401s] -- Installing: /home/mido/Music/phase_one_ws/install/action_file/share/action_file/cmake/ament_cmake_export_dependencies-extras.cmake
[4.402s] -- Installing: /home/mido/Music/phase_one_ws/install/action_file/share/action_file/cmake/ament_cmake_export_include_directories-extras.cmake
[4.402s] -- Installing: /home/mido/Music/phase_one_ws/install/action_file/share/action_file/cmake/ament_cmake_export_libraries-extras.cmake
[4.402s] -- Installing: /home/mido/Music/phase_one_ws/install/action_file/share/action_file/cmake/ament_cmake_export_targets-extras.cmake
[4.402s] -- Installing: /home/mido/Music/phase_one_ws/install/action_file/share/action_file/cmake/rosidl_cmake_export_typesupport_targets-extras.cmake
[4.403s] -- Installing: /home/mido/Music/phase_one_ws/install/action_file/share/action_file/cmake/rosidl_cmake_export_typesupport_libraries-extras.cmake
[4.403s] -- Installing: /home/mido/Music/phase_one_ws/install/action_file/share/action_file/cmake/action_fileConfig.cmake
[4.403s] -- Installing: /home/mido/Music/phase_one_ws/install/action_file/share/action_file/cmake/action_fileConfig-version.cmake
[4.403s] -- Installing: /home/mido/Music/phase_one_ws/install/action_file/share/action_file/package.xml
[4.406s] Invoked command in '/home/mido/Music/phase_one_ws/build/action_file' returned '0': CMAKE_PREFIX_PATH=${CMAKE_PREFIX_PATH}:/home/mido/Music/phase_one_ws/install/motion_pkg:/home/mido/Music/phase_one_ws/install/bumperbot_controller:/opt/ros/humble /usr/bin/cmake --install /home/mido/Music/phase_one_ws/build/action_file
