[0.646s] Invoking command in '/home/mido/Music/phase_one_ws/src/motion_pkg': AMENT_PREFIX_PATH=/home/mido/Music/phase_one_ws/install/action_file:${AMENT_PREFIX_PATH} CMAKE_PREFIX_PATH=/home/mido/Music/phase_one_ws/install/action_file LD_LIBRARY_PATH=/home/mido/Music/phase_one_ws/install/action_file/lib:${LD_LIBRARY_PATH} PYTHONPATH=/home/mido/Music/phase_one_ws/build/motion_pkg/prefix_override:/usr/lib/python3/dist-packages/colcon_core/task/python/colcon_distutils_commands:/home/mido/Music/phase_one_ws/install/motion_pkg/lib/python3.10/site-packages:/home/mido/Music/phase_one_ws/install/action_file/local/lib/python3.10/dist-packages:${PYTHONPATH} /usr/bin/python3 -W ignore:setup.py install is deprecated -W ignore:easy_install command is deprecated setup.py egg_info --egg-base ../../build/motion_pkg build --build-base /home/mido/Music/phase_one_ws/build/motion_pkg/build install --record /home/mido/Music/phase_one_ws/build/motion_pkg/install.log --single-version-externally-managed install_data
[0.875s] running egg_info
[0.875s] writing ../../build/motion_pkg/motion_pkg.egg-info/PKG-INFO
[0.876s] writing dependency_links to ../../build/motion_pkg/motion_pkg.egg-info/dependency_links.txt
[0.876s] writing entry points to ../../build/motion_pkg/motion_pkg.egg-info/entry_points.txt
[0.876s] writing requirements to ../../build/motion_pkg/motion_pkg.egg-info/requires.txt
[0.876s] writing top-level names to ../../build/motion_pkg/motion_pkg.egg-info/top_level.txt
[0.879s] reading manifest file '../../build/motion_pkg/motion_pkg.egg-info/SOURCES.txt'
[0.880s] writing manifest file '../../build/motion_pkg/motion_pkg.egg-info/SOURCES.txt'
[0.880s] running build
[0.880s] running build_py
[0.880s] copying motion_pkg/path_planning_1.py -> /home/mido/Music/phase_one_ws/build/motion_pkg/build/lib/motion_pkg
[0.881s] running install
[0.881s] running install_lib
[0.882s] copying /home/mido/Music/phase_one_ws/build/motion_pkg/build/lib/motion_pkg/path_planning_1.py -> /home/mido/Music/phase_one_ws/install/motion_pkg/lib/python3.10/site-packages/motion_pkg
[0.884s] byte-compiling /home/mido/Music/phase_one_ws/install/motion_pkg/lib/python3.10/site-packages/motion_pkg/path_planning_1.py to path_planning_1.cpython-310.pyc
[0.888s] running install_data
[0.888s] running install_egg_info
[0.890s] removing '/home/mido/Music/phase_one_ws/install/motion_pkg/lib/python3.10/site-packages/motion_pkg-0.0.0-py3.10.egg-info' (and everything under it)
[0.891s] Copying ../../build/motion_pkg/motion_pkg.egg-info to /home/mido/Music/phase_one_ws/install/motion_pkg/lib/python3.10/site-packages/motion_pkg-0.0.0-py3.10.egg-info
[0.891s] running install_scripts
[0.909s] Installing current_position script to /home/mido/Music/phase_one_ws/install/motion_pkg/lib/motion_pkg
[0.909s] Installing lidar_sensor script to /home/mido/Music/phase_one_ws/install/motion_pkg/lib/motion_pkg
[0.909s] Installing mark_target script to /home/mido/Music/phase_one_ws/install/motion_pkg/lib/motion_pkg
[0.909s] Installing path_planning_1 script to /home/mido/Music/phase_one_ws/install/motion_pkg/lib/motion_pkg
[0.909s] Installing path_planning_mariam_version script to /home/mido/Music/phase_one_ws/install/motion_pkg/lib/motion_pkg
[0.909s] Installing points_sender script to /home/mido/Music/phase_one_ws/install/motion_pkg/lib/motion_pkg
[0.910s] Installing random_points_generator script to /home/mido/Music/phase_one_ws/install/motion_pkg/lib/motion_pkg
[0.910s] Installing speed_control script to /home/mido/Music/phase_one_ws/install/motion_pkg/lib/motion_pkg
[0.910s] writing list of installed files to '/home/mido/Music/phase_one_ws/build/motion_pkg/install.log'
[0.946s] Invoked command in '/home/mido/Music/phase_one_ws/src/motion_pkg' returned '0': AMENT_PREFIX_PATH=/home/mido/Music/phase_one_ws/install/action_file:${AMENT_PREFIX_PATH} CMAKE_PREFIX_PATH=/home/mido/Music/phase_one_ws/install/action_file LD_LIBRARY_PATH=/home/mido/Music/phase_one_ws/install/action_file/lib:${LD_LIBRARY_PATH} PYTHONPATH=/home/mido/Music/phase_one_ws/build/motion_pkg/prefix_override:/usr/lib/python3/dist-packages/colcon_core/task/python/colcon_distutils_commands:/home/mido/Music/phase_one_ws/install/motion_pkg/lib/python3.10/site-packages:/home/mido/Music/phase_one_ws/install/action_file/local/lib/python3.10/dist-packages:${PYTHONPATH} /usr/bin/python3 -W ignore:setup.py install is deprecated -W ignore:easy_install command is deprecated setup.py egg_info --egg-base ../../build/motion_pkg build --build-base /home/mido/Music/phase_one_ws/build/motion_pkg/build install --record /home/mido/Music/phase_one_ws/build/motion_pkg/install.log --single-version-externally-managed install_data
