[0.025s] Invoking command in '/home/mido/Music/phase_one_ws/build/action_file': CMAKE_PREFIX_PATH=${CMAKE_PREFIX_PATH}:/home/mido/Music/phase_one_ws/install/motion_pkg:/opt/ros/humble /usr/bin/cmake --build /home/mido/Music/phase_one_ws/build/action_file -- -j16 -l16
[0.095s] [  9%] Built target action_file__rosidl_generator_c
[0.095s] [ 12%] Built target action_file__cpp
[0.107s] [ 12%] Built target ament_cmake_python_copy_action_file
[0.124s] [ 22%] Built target action_file__rosidl_typesupport_c
[0.126s] [ 32%] Built target action_file__rosidl_typesupport_introspection_c
[0.127s] [ 41%] Built target action_file__rosidl_typesupport_fastrtps_c
[0.131s] [ 51%] Built target action_file__rosidl_typesupport_introspection_cpp
[0.147s] [ 61%] Built target action_file__rosidl_typesupport_cpp
[0.150s] [ 70%] Built target action_file__rosidl_typesupport_fastrtps_cpp
[0.179s] [ 70%] Built target action_file
[0.222s] [ 74%] Built target action_file__py
[0.255s] [ 80%] Built target action_file__rosidl_generator_py
[0.290s] [100%] Built target action_file__rosidl_typesupport_introspection_c__pyext
[0.291s] [100%] Built target action_file__rosidl_typesupport_fastrtps_c__pyext
[0.291s] [100%] Built target action_file__rosidl_typesupport_c__pyext
[0.440s] running egg_info
[0.440s] writing action_file.egg-info/PKG-INFO
[0.441s] writing dependency_links to action_file.egg-info/dependency_links.txt
[0.442s] writing top-level names to action_file.egg-info/top_level.txt
[0.450s] reading manifest file 'action_file.egg-info/SOURCES.txt'
[0.451s] writing manifest file 'action_file.egg-info/SOURCES.txt'
[0.522s] [100%] Built target ament_cmake_python_build_action_file_egg
