[0.661s] Invoking command in '/home/mido/Music/phase_one_ws/src/bumperbot_controller': PYTHONPATH=/home/mido/Music/phase_one_ws/build/bumperbot_controller/prefix_override:/usr/lib/python3/dist-packages/colcon_core/task/python/colcon_distutils_commands:/home/mido/Music/phase_one_ws/install/bumperbot_controller/lib/python3.10/site-packages:${PYTHONPATH} /usr/bin/python3 -W ignore:setup.py install is deprecated -W ignore:easy_install command is deprecated setup.py egg_info --egg-base ../../build/bumperbot_controller build --build-base /home/mido/Music/phase_one_ws/build/bumperbot_controller/build install --record /home/mido/Music/phase_one_ws/build/bumperbot_controller/install.log --single-version-externally-managed install_data
[0.883s] running egg_info
[0.884s] writing ../../build/bumperbot_controller/bumperbot_controller.egg-info/PKG-INFO
[0.884s] writing dependency_links to ../../build/bumperbot_controller/bumperbot_controller.egg-info/dependency_links.txt
[0.884s] writing entry points to ../../build/bumperbot_controller/bumperbot_controller.egg-info/entry_points.txt
[0.884s] writing requirements to ../../build/bumperbot_controller/bumperbot_controller.egg-info/requires.txt
[0.884s] writing top-level names to ../../build/bumperbot_controller/bumperbot_controller.egg-info/top_level.txt
[0.887s] reading manifest file '../../build/bumperbot_controller/bumperbot_controller.egg-info/SOURCES.txt'
[0.895s] writing manifest file '../../build/bumperbot_controller/bumperbot_controller.egg-info/SOURCES.txt'
[0.895s] running build
[0.895s] running build_py
[0.895s] copying bumperbot_controller/simple_controller.py -> /home/mido/Music/phase_one_ws/build/bumperbot_controller/build/lib/bumperbot_controller
[0.895s] running install
[0.896s] running install_lib
[0.896s] copying /home/mido/Music/phase_one_ws/build/bumperbot_controller/build/lib/bumperbot_controller/simple_controller.py -> /home/mido/Music/phase_one_ws/install/bumperbot_controller/lib/python3.10/site-packages/bumperbot_controller
[0.897s] byte-compiling /home/mido/Music/phase_one_ws/install/bumperbot_controller/lib/python3.10/site-packages/bumperbot_controller/simple_controller.py to simple_controller.cpython-310.pyc
[0.897s] running install_data
[0.897s] running install_egg_info
[0.899s] removing '/home/mido/Music/phase_one_ws/install/bumperbot_controller/lib/python3.10/site-packages/bumperbot_controller-0.0.0-py3.10.egg-info' (and everything under it)
[0.899s] Copying ../../build/bumperbot_controller/bumperbot_controller.egg-info to /home/mido/Music/phase_one_ws/install/bumperbot_controller/lib/python3.10/site-packages/bumperbot_controller-0.0.0-py3.10.egg-info
[0.900s] running install_scripts
[0.916s] Installing simple_controller script to /home/mido/Music/phase_one_ws/install/bumperbot_controller/lib/bumperbot_controller
[0.916s] writing list of installed files to '/home/mido/Music/phase_one_ws/build/bumperbot_controller/install.log'
[0.940s] Invoked command in '/home/mido/Music/phase_one_ws/src/bumperbot_controller' returned '0': PYTHONPATH=/home/mido/Music/phase_one_ws/build/bumperbot_controller/prefix_override:/usr/lib/python3/dist-packages/colcon_core/task/python/colcon_distutils_commands:/home/mido/Music/phase_one_ws/install/bumperbot_controller/lib/python3.10/site-packages:${PYTHONPATH} /usr/bin/python3 -W ignore:setup.py install is deprecated -W ignore:easy_install command is deprecated setup.py egg_info --egg-base ../../build/bumperbot_controller build --build-base /home/mido/Music/phase_one_ws/build/bumperbot_controller/build install --record /home/mido/Music/phase_one_ws/build/bumperbot_controller/install.log --single-version-externally-managed install_data
