[0.030s] Invoking command in '/home/mido/Music/phase_one_ws/build/bumperbot_controller': CMAKE_PREFIX_PATH=${CMAKE_PREFIX_PATH}:/home/mido/Music/phase_one_ws/install/motion_pkg:/home/mido/Music/phase_one_ws/install/camera_pkg:/opt/ros/humble /usr/bin/cmake --build /home/mido/Music/phase_one_ws/build/bumperbot_controller -- -j16 -l16
[0.128s] [ 50%] Built target ament_cmake_python_copy_bumperbot_controller
[0.128s] [ 75%] Built target noisy_controller
[0.128s] [100%] Built target simple_controller
[0.535s] running egg_info
[0.536s] writing bumperbot_controller.egg-info/PKG-INFO
[0.536s] writing dependency_links to bumperbot_controller.egg-info/dependency_links.txt
[0.536s] writing top-level names to bumperbot_controller.egg-info/top_level.txt
[0.540s] reading manifest file 'bumperbot_controller.egg-info/SOURCES.txt'
[0.541s] writing manifest file 'bumperbot_controller.egg-info/SOURCES.txt'
[0.618s] [100%] Built target ament_cmake_python_build_bumperbot_controller_egg
[0.642s] Invoked command in '/home/mido/Music/phase_one_ws/build/bumperbot_controller' returned '0': CMAKE_PREFIX_PATH=${CMAKE_PREFIX_PATH}:/home/mido/Music/phase_one_ws/install/motion_pkg:/home/mido/Music/phase_one_ws/install/camera_pkg:/opt/ros/humble /usr/bin/cmake --build /home/mido/Music/phase_one_ws/build/bumperbot_controller -- -j16 -l16
[0.646s] Invoking command in '/home/mido/Music/phase_one_ws/build/bumperbot_controller': CMAKE_PREFIX_PATH=${CMAKE_PREFIX_PATH}:/home/mido/Music/phase_one_ws/install/motion_pkg:/home/mido/Music/phase_one_ws/install/camera_pkg:/opt/ros/humble /usr/bin/cmake --install /home/mido/Music/phase_one_ws/build/bumperbot_controller
[0.661s] -- Install configuration: ""
[0.661s] -- Up-to-date: /home/mido/Music/phase_one_ws/install/bumperbot_controller/share/bumperbot_controller/environment/pythonpath.sh
[0.661s] -- Up-to-date: /home/mido/Music/phase_one_ws/install/bumperbot_controller/share/bumperbot_controller/environment/pythonpath.dsv
[0.662s] -- Up-to-date: /home/mido/Music/phase_one_ws/install/bumperbot_controller/local/lib/python3.10/dist-packages/bumperbot_controller-0.0.0-py3.10.egg-info
[0.663s] -- Installing: /home/mido/Music/phase_one_ws/install/bumperbot_controller/local/lib/python3.10/dist-packages/bumperbot_controller-0.0.0-py3.10.egg-info/PKG-INFO
[0.664s] -- Installing: /home/mido/Music/phase_one_ws/install/bumperbot_controller/local/lib/python3.10/dist-packages/bumperbot_controller-0.0.0-py3.10.egg-info/top_level.txt
[0.666s] -- Installing: /home/mido/Music/phase_one_ws/install/bumperbot_controller/local/lib/python3.10/dist-packages/bumperbot_controller-0.0.0-py3.10.egg-info/dependency_links.txt
[0.666s] -- Installing: /home/mido/Music/phase_one_ws/install/bumperbot_controller/local/lib/python3.10/dist-packages/bumperbot_controller-0.0.0-py3.10.egg-info/SOURCES.txt
[0.667s] -- Up-to-date: /home/mido/Music/phase_one_ws/install/bumperbot_controller/local/lib/python3.10/dist-packages/bumperbot_controller
[0.667s] -- Up-to-date: /home/mido/Music/phase_one_ws/install/bumperbot_controller/local/lib/python3.10/dist-packages/bumperbot_controller/noisy_controller.py
[0.667s] -- Up-to-date: /home/mido/Music/phase_one_ws/install/bumperbot_controller/local/lib/python3.10/dist-packages/bumperbot_controller/simple_controller.py
[0.667s] -- Up-to-date: /home/mido/Music/phase_one_ws/install/bumperbot_controller/local/lib/python3.10/dist-packages/bumperbot_controller/__init__.py
[0.717s] Listing '/home/mido/Music/phase_one_ws/install/bumperbot_controller/local/lib/python3.10/dist-packages/bumperbot_controller'...
[0.731s] -- Up-to-date: /home/mido/Music/phase_one_ws/install/bumperbot_controller/include/include
[0.731s] -- Up-to-date: /home/mido/Music/phase_one_ws/install/bumperbot_controller/include/include/bumperbot_controller
[0.732s] -- Up-to-date: /home/mido/Music/phase_one_ws/install/bumperbot_controller/include/include/bumperbot_controller/noisy_controller.hpp
[0.732s] -- Up-to-date: /home/mido/Music/phase_one_ws/install/bumperbot_controller/include/include/bumperbot_controller/simple_controller.hpp
[0.732s] -- Up-to-date: /home/mido/Music/phase_one_ws/install/bumperbot_controller/lib/bumperbot_controller/simple_controller
[0.733s] -- Up-to-date: /home/mido/Music/phase_one_ws/install/bumperbot_controller/lib/bumperbot_controller/noisy_controller
[0.733s] -- Up-to-date: /home/mido/Music/phase_one_ws/install/bumperbot_controller/share/bumperbot_controller/launch
[0.733s] -- Up-to-date: /home/mido/Music/phase_one_ws/install/bumperbot_controller/share/bumperbot_controller/launch/controller.launch.py
[0.735s] -- Up-to-date: /home/mido/Music/phase_one_ws/install/bumperbot_controller/share/bumperbot_controller/launch/joystick_teleop.launch.py
[0.736s] -- Up-to-date: /home/mido/Music/phase_one_ws/install/bumperbot_controller/share/bumperbot_controller/config
[0.736s] -- Up-to-date: /home/mido/Music/phase_one_ws/install/bumperbot_controller/share/bumperbot_controller/config/bumperbot_controllers.yaml
[0.736s] -- Up-to-date: /home/mido/Music/phase_one_ws/install/bumperbot_controller/share/bumperbot_controller/config/joy_config.yaml
[0.737s] -- Up-to-date: /home/mido/Music/phase_one_ws/install/bumperbot_controller/share/bumperbot_controller/config/joy_teleop.yaml
[0.737s] -- Up-to-date: /home/mido/Music/phase_one_ws/install/bumperbot_controller/lib/bumperbot_controller/simple_controller.py
[0.738s] -- Up-to-date: /home/mido/Music/phase_one_ws/install/bumperbot_controller/lib/bumperbot_controller/noisy_controller.py
[0.738s] -- Up-to-date: /home/mido/Music/phase_one_ws/install/bumperbot_controller/share/ament_index/resource_index/package_run_dependencies/bumperbot_controller
[0.738s] -- Up-to-date: /home/mido/Music/phase_one_ws/install/bumperbot_controller/share/ament_index/resource_index/parent_prefix_path/bumperbot_controller
[0.738s] -- Up-to-date: /home/mido/Music/phase_one_ws/install/bumperbot_controller/share/bumperbot_controller/environment/ament_prefix_path.sh
[0.738s] -- Up-to-date: /home/mido/Music/phase_one_ws/install/bumperbot_controller/share/bumperbot_controller/environment/ament_prefix_path.dsv
[0.739s] -- Up-to-date: /home/mido/Music/phase_one_ws/install/bumperbot_controller/share/bumperbot_controller/environment/path.sh
[0.739s] -- Up-to-date: /home/mido/Music/phase_one_ws/install/bumperbot_controller/share/bumperbot_controller/environment/path.dsv
[0.739s] -- Up-to-date: /home/mido/Music/phase_one_ws/install/bumperbot_controller/share/bumperbot_controller/local_setup.bash
[0.739s] -- Up-to-date: /home/mido/Music/phase_one_ws/install/bumperbot_controller/share/bumperbot_controller/local_setup.sh
[0.739s] -- Up-to-date: /home/mido/Music/phase_one_ws/install/bumperbot_controller/share/bumperbot_controller/local_setup.zsh
[0.739s] -- Up-to-date: /home/mido/Music/phase_one_ws/install/bumperbot_controller/share/bumperbot_controller/local_setup.dsv
[0.739s] -- Installing: /home/mido/Music/phase_one_ws/install/bumperbot_controller/share/bumperbot_controller/package.dsv
[0.740s] -- Up-to-date: /home/mido/Music/phase_one_ws/install/bumperbot_controller/share/ament_index/resource_index/packages/bumperbot_controller
[0.740s] -- Up-to-date: /home/mido/Music/phase_one_ws/install/bumperbot_controller/share/bumperbot_controller/cmake/bumperbot_controllerConfig.cmake
[0.740s] -- Up-to-date: /home/mido/Music/phase_one_ws/install/bumperbot_controller/share/bumperbot_controller/cmake/bumperbot_controllerConfig-version.cmake
[0.740s] -- Up-to-date: /home/mido/Music/phase_one_ws/install/bumperbot_controller/share/bumperbot_controller/package.xml
[0.755s] Invoked command in '/home/mido/Music/phase_one_ws/build/bumperbot_controller' returned '0': CMAKE_PREFIX_PATH=${CMAKE_PREFIX_PATH}:/home/mido/Music/phase_one_ws/install/motion_pkg:/home/mido/Music/phase_one_ws/install/camera_pkg:/opt/ros/humble /usr/bin/cmake --install /home/mido/Music/phase_one_ws/build/bumperbot_controller
