[0.024s] Invoking command in '/home/mido/Music/phase_one_ws/build/action_file': CMAKE_PREFIX_PATH=${CMAKE_PREFIX_PATH}:/home/mido/Music/phase_one_ws/install/motion_pkg:/home/mido/Music/phase_one_ws/install/camera_pkg:/opt/ros/humble /usr/bin/cmake --build /home/mido/Music/phase_one_ws/build/action_file -- -j16 -l16
[0.096s] [  3%] Built target action_file__cpp
[0.097s] [ 12%] Built target action_file__rosidl_generator_c
[0.116s] [ 12%] Built target ament_cmake_python_copy_action_file
[0.137s] [ 22%] Built target action_file__rosidl_typesupport_cpp
[0.137s] [ 41%] Built target action_file__rosidl_typesupport_introspection_cpp
[0.138s] [ 41%] Built target action_file__rosidl_typesupport_fastrtps_cpp
[0.143s] [ 61%] Built target action_file__rosidl_typesupport_introspection_c
[0.144s] [ 61%] Built target action_file__rosidl_typesupport_fastrtps_c
[0.147s] [ 70%] Built target action_file__rosidl_typesupport_c
[0.172s] [ 70%] Built target action_file
[0.203s] [ 74%] Built target action_file__py
[0.238s] [ 80%] Built target action_file__rosidl_generator_py
[0.271s] [100%] Built target action_file__rosidl_typesupport_fastrtps_c__pyext
[0.271s] [100%] Built target action_file__rosidl_typesupport_c__pyext
[0.271s] [100%] Built target action_file__rosidl_typesupport_introspection_c__pyext
[0.443s] running egg_info
[0.444s] writing action_file.egg-info/PKG-INFO
[0.444s] writing dependency_links to action_file.egg-info/dependency_links.txt
[0.445s] writing top-level names to action_file.egg-info/top_level.txt
[0.449s] reading manifest file 'action_file.egg-info/SOURCES.txt'
[0.450s] writing manifest file 'action_file.egg-info/SOURCES.txt'
[0.513s] [100%] Built target ament_cmake_python_build_action_file_egg
