[0.021s] Invoking command in '/home/mido/Music/phase_one_ws/build/bumperbot_localization': CMAKE_PREFIX_PATH=${CMAKE_PREFIX_PATH}:/home/mido/Music/phase_one_ws/install/motion_pkg:/opt/ros/humble /usr/bin/cmake --build /home/mido/Music/phase_one_ws/build/bumperbot_localization -- -j16 -l16
[0.099s] Built target ament_cmake_python_copy_bumperbot_localization
[0.408s] running egg_info
[0.409s] writing bumperbot_localization.egg-info/PKG-INFO
[0.409s] writing dependency_links to bumperbot_localization.egg-info/dependency_links.txt
[0.409s] writing top-level names to bumperbot_localization.egg-info/top_level.txt
[0.413s] reading manifest file 'bumperbot_localization.egg-info/SOURCES.txt'
[0.413s] writing manifest file 'bumperbot_localization.egg-info/SOURCES.txt'
[0.473s] Built target ament_cmake_python_build_bumperbot_localization_egg
[0.492s] Invoked command in '/home/mido/Music/phase_one_ws/build/bumperbot_localization' returned '0': CMAKE_PREFIX_PATH=${CMAKE_PREFIX_PATH}:/home/mido/Music/phase_one_ws/install/motion_pkg:/opt/ros/humble /usr/bin/cmake --build /home/mido/Music/phase_one_ws/build/bumperbot_localization -- -j16 -l16
[0.493s] Invoking command in '/home/mido/Music/phase_one_ws/build/bumperbot_localization': CMAKE_PREFIX_PATH=${CMAKE_PREFIX_PATH}:/home/mido/Music/phase_one_ws/install/motion_pkg:/opt/ros/humble /usr/bin/cmake --install /home/mido/Music/phase_one_ws/build/bumperbot_localization
[0.504s] -- Install configuration: ""
[0.504s] -- Up-to-date: /home/mido/Music/phase_one_ws/install/bumperbot_localization/share/bumperbot_localization/environment/pythonpath.sh
[0.504s] -- Up-to-date: /home/mido/Music/phase_one_ws/install/bumperbot_localization/share/bumperbot_localization/environment/pythonpath.dsv
[0.504s] -- Up-to-date: /home/mido/Music/phase_one_ws/install/bumperbot_localization/local/lib/python3.10/dist-packages/bumperbot_localization-0.0.0-py3.10.egg-info
[0.504s] -- Installing: /home/mido/Music/phase_one_ws/install/bumperbot_localization/local/lib/python3.10/dist-packages/bumperbot_localization-0.0.0-py3.10.egg-info/PKG-INFO
[0.504s] -- Installing: /home/mido/Music/phase_one_ws/install/bumperbot_localization/local/lib/python3.10/dist-packages/bumperbot_localization-0.0.0-py3.10.egg-info/top_level.txt
[0.505s] -- Installing: /home/mido/Music/phase_one_ws/install/bumperbot_localization/local/lib/python3.10/dist-packages/bumperbot_localization-0.0.0-py3.10.egg-info/dependency_links.txt
[0.505s] -- Installing: /home/mido/Music/phase_one_ws/install/bumperbot_localization/local/lib/python3.10/dist-packages/bumperbot_localization-0.0.0-py3.10.egg-info/SOURCES.txt
[0.505s] -- Up-to-date: /home/mido/Music/phase_one_ws/install/bumperbot_localization/local/lib/python3.10/dist-packages/bumperbot_localization
[0.505s] -- Up-to-date: /home/mido/Music/phase_one_ws/install/bumperbot_localization/local/lib/python3.10/dist-packages/bumperbot_localization/__init__.py
[0.543s] Listing '/home/mido/Music/phase_one_ws/install/bumperbot_localization/local/lib/python3.10/dist-packages/bumperbot_localization'...
[0.552s] -- Up-to-date: /home/mido/Music/phase_one_ws/install/bumperbot_localization/share/bumperbot_localization/launch
[0.552s] -- Up-to-date: /home/mido/Music/phase_one_ws/install/bumperbot_localization/share/bumperbot_localization/launch/local_localization.launch.py
[0.552s] -- Up-to-date: /home/mido/Music/phase_one_ws/install/bumperbot_localization/share/bumperbot_localization/config
[0.552s] -- Up-to-date: /home/mido/Music/phase_one_ws/install/bumperbot_localization/share/bumperbot_localization/config/ekf.yaml
[0.552s] -- Up-to-date: /home/mido/Music/phase_one_ws/install/bumperbot_localization/share/bumperbot_localization/rviz
[0.553s] -- Up-to-date: /home/mido/Music/phase_one_ws/install/bumperbot_localization/share/ament_index/resource_index/package_run_dependencies/bumperbot_localization
[0.553s] -- Up-to-date: /home/mido/Music/phase_one_ws/install/bumperbot_localization/share/ament_index/resource_index/parent_prefix_path/bumperbot_localization
[0.553s] -- Up-to-date: /home/mido/Music/phase_one_ws/install/bumperbot_localization/share/bumperbot_localization/environment/ament_prefix_path.sh
[0.553s] -- Up-to-date: /home/mido/Music/phase_one_ws/install/bumperbot_localization/share/bumperbot_localization/environment/ament_prefix_path.dsv
[0.553s] -- Up-to-date: /home/mido/Music/phase_one_ws/install/bumperbot_localization/share/bumperbot_localization/environment/path.sh
[0.553s] -- Up-to-date: /home/mido/Music/phase_one_ws/install/bumperbot_localization/share/bumperbot_localization/environment/path.dsv
[0.553s] -- Up-to-date: /home/mido/Music/phase_one_ws/install/bumperbot_localization/share/bumperbot_localization/local_setup.bash
[0.553s] -- Up-to-date: /home/mido/Music/phase_one_ws/install/bumperbot_localization/share/bumperbot_localization/local_setup.sh
[0.553s] -- Up-to-date: /home/mido/Music/phase_one_ws/install/bumperbot_localization/share/bumperbot_localization/local_setup.zsh
[0.553s] -- Up-to-date: /home/mido/Music/phase_one_ws/install/bumperbot_localization/share/bumperbot_localization/local_setup.dsv
[0.554s] -- Installing: /home/mido/Music/phase_one_ws/install/bumperbot_localization/share/bumperbot_localization/package.dsv
[0.555s] -- Up-to-date: /home/mido/Music/phase_one_ws/install/bumperbot_localization/share/ament_index/resource_index/packages/bumperbot_localization
[0.556s] -- Up-to-date: /home/mido/Music/phase_one_ws/install/bumperbot_localization/share/bumperbot_localization/cmake/bumperbot_localizationConfig.cmake
[0.556s] -- Up-to-date: /home/mido/Music/phase_one_ws/install/bumperbot_localization/share/bumperbot_localization/cmake/bumperbot_localizationConfig-version.cmake
[0.556s] -- Up-to-date: /home/mido/Music/phase_one_ws/install/bumperbot_localization/share/bumperbot_localization/package.xml
[0.586s] Invoked command in '/home/mido/Music/phase_one_ws/build/bumperbot_localization' returned '0': CMAKE_PREFIX_PATH=${CMAKE_PREFIX_PATH}:/home/mido/Music/phase_one_ws/install/motion_pkg:/opt/ros/humble /usr/bin/cmake --install /home/mido/Music/phase_one_ws/build/bumperbot_localization
