[0.025s] Invoking command in '/home/mido/Music/phase_one_ws/build/bumperbot_controller': CMAKE_PREFIX_PATH=${CMAKE_PREFIX_PATH}:/home/mido/Music/phase_one_ws/install/motion_pkg:/opt/ros/humble /usr/bin/cmake --build /home/mido/Music/phase_one_ws/build/bumperbot_controller -- -j16 -l16
[0.135s] [  0%] Built target ament_cmake_python_copy_bumperbot_controller
[0.160s] [ 50%] Built target noisy_controller
[0.163s] [100%] Built target simple_controller
[0.483s] running egg_info
[0.484s] writing bumperbot_controller.egg-info/PKG-INFO
[0.484s] writing dependency_links to bumperbot_controller.egg-info/dependency_links.txt
[0.484s] writing top-level names to bumperbot_controller.egg-info/top_level.txt
[0.491s] reading manifest file 'bumperbot_controller.egg-info/SOURCES.txt'
[0.492s] writing manifest file 'bumperbot_controller.egg-info/SOURCES.txt'
[0.541s] [100%] Built target ament_cmake_python_build_bumperbot_controller_egg
[0.565s] Invoked command in '/home/mido/Music/phase_one_ws/build/bumperbot_controller' returned '0': CMAKE_PREFIX_PATH=${CMAKE_PREFIX_PATH}:/home/mido/Music/phase_one_ws/install/motion_pkg:/opt/ros/humble /usr/bin/cmake --build /home/mido/Music/phase_one_ws/build/bumperbot_controller -- -j16 -l16
[0.568s] Invoking command in '/home/mido/Music/phase_one_ws/build/bumperbot_controller': CMAKE_PREFIX_PATH=${CMAKE_PREFIX_PATH}:/home/mido/Music/phase_one_ws/install/motion_pkg:/opt/ros/humble /usr/bin/cmake --install /home/mido/Music/phase_one_ws/build/bumperbot_controller
[0.576s] -- Install configuration: ""
[0.578s] -- Up-to-date: /home/mido/Music/phase_one_ws/install/bumperbot_controller/share/bumperbot_controller/environment/pythonpath.sh
[0.578s] -- Up-to-date: /home/mido/Music/phase_one_ws/install/bumperbot_controller/share/bumperbot_controller/environment/pythonpath.dsv
[0.578s] -- Up-to-date: /home/mido/Music/phase_one_ws/install/bumperbot_controller/local/lib/python3.10/dist-packages/bumperbot_controller-0.0.0-py3.10.egg-info
[0.578s] -- Installing: /home/mido/Music/phase_one_ws/install/bumperbot_controller/local/lib/python3.10/dist-packages/bumperbot_controller-0.0.0-py3.10.egg-info/PKG-INFO
[0.579s] -- Installing: /home/mido/Music/phase_one_ws/install/bumperbot_controller/local/lib/python3.10/dist-packages/bumperbot_controller-0.0.0-py3.10.egg-info/top_level.txt
[0.579s] -- Installing: /home/mido/Music/phase_one_ws/install/bumperbot_controller/local/lib/python3.10/dist-packages/bumperbot_controller-0.0.0-py3.10.egg-info/dependency_links.txt
[0.579s] -- Installing: /home/mido/Music/phase_one_ws/install/bumperbot_controller/local/lib/python3.10/dist-packages/bumperbot_controller-0.0.0-py3.10.egg-info/SOURCES.txt
[0.580s] -- Up-to-date: /home/mido/Music/phase_one_ws/install/bumperbot_controller/local/lib/python3.10/dist-packages/bumperbot_controller
[0.580s] -- Up-to-date: /home/mido/Music/phase_one_ws/install/bumperbot_controller/local/lib/python3.10/dist-packages/bumperbot_controller/noisy_controller.py
[0.580s] -- Up-to-date: /home/mido/Music/phase_one_ws/install/bumperbot_controller/local/lib/python3.10/dist-packages/bumperbot_controller/simple_controller.py
[0.580s] -- Up-to-date: /home/mido/Music/phase_one_ws/install/bumperbot_controller/local/lib/python3.10/dist-packages/bumperbot_controller/__init__.py
[0.616s] Listing '/home/mido/Music/phase_one_ws/install/bumperbot_controller/local/lib/python3.10/dist-packages/bumperbot_controller'...
[0.622s] -- Up-to-date: /home/mido/Music/phase_one_ws/install/bumperbot_controller/include/include
[0.623s] -- Up-to-date: /home/mido/Music/phase_one_ws/install/bumperbot_controller/include/include/bumperbot_controller
[0.623s] -- Up-to-date: /home/mido/Music/phase_one_ws/install/bumperbot_controller/include/include/bumperbot_controller/noisy_controller.hpp
[0.623s] -- Up-to-date: /home/mido/Music/phase_one_ws/install/bumperbot_controller/include/include/bumperbot_controller/simple_controller.hpp
[0.624s] -- Up-to-date: /home/mido/Music/phase_one_ws/install/bumperbot_controller/lib/bumperbot_controller/simple_controller
[0.624s] -- Up-to-date: /home/mido/Music/phase_one_ws/install/bumperbot_controller/lib/bumperbot_controller/noisy_controller
[0.625s] -- Up-to-date: /home/mido/Music/phase_one_ws/install/bumperbot_controller/share/bumperbot_controller/launch
[0.625s] -- Up-to-date: /home/mido/Music/phase_one_ws/install/bumperbot_controller/share/bumperbot_controller/launch/controller.launch.py
[0.625s] -- Up-to-date: /home/mido/Music/phase_one_ws/install/bumperbot_controller/share/bumperbot_controller/launch/joystick_teleop.launch.py
[0.625s] -- Up-to-date: /home/mido/Music/phase_one_ws/install/bumperbot_controller/share/bumperbot_controller/config
[0.625s] -- Up-to-date: /home/mido/Music/phase_one_ws/install/bumperbot_controller/share/bumperbot_controller/config/bumperbot_controllers.yaml
[0.626s] -- Up-to-date: /home/mido/Music/phase_one_ws/install/bumperbot_controller/share/bumperbot_controller/config/joy_config.yaml
[0.626s] -- Up-to-date: /home/mido/Music/phase_one_ws/install/bumperbot_controller/share/bumperbot_controller/config/joy_teleop.yaml
[0.626s] -- Up-to-date: /home/mido/Music/phase_one_ws/install/bumperbot_controller/lib/bumperbot_controller/simple_controller.py
[0.626s] -- Up-to-date: /home/mido/Music/phase_one_ws/install/bumperbot_controller/lib/bumperbot_controller/noisy_controller.py
[0.626s] -- Up-to-date: /home/mido/Music/phase_one_ws/install/bumperbot_controller/share/ament_index/resource_index/package_run_dependencies/bumperbot_controller
[0.626s] -- Up-to-date: /home/mido/Music/phase_one_ws/install/bumperbot_controller/share/ament_index/resource_index/parent_prefix_path/bumperbot_controller
[0.627s] -- Up-to-date: /home/mido/Music/phase_one_ws/install/bumperbot_controller/share/bumperbot_controller/environment/ament_prefix_path.sh
[0.627s] -- Up-to-date: /home/mido/Music/phase_one_ws/install/bumperbot_controller/share/bumperbot_controller/environment/ament_prefix_path.dsv
[0.627s] -- Up-to-date: /home/mido/Music/phase_one_ws/install/bumperbot_controller/share/bumperbot_controller/environment/path.sh
[0.628s] -- Up-to-date: /home/mido/Music/phase_one_ws/install/bumperbot_controller/share/bumperbot_controller/environment/path.dsv
[0.628s] -- Up-to-date: /home/mido/Music/phase_one_ws/install/bumperbot_controller/share/bumperbot_controller/local_setup.bash
[0.629s] -- Up-to-date: /home/mido/Music/phase_one_ws/install/bumperbot_controller/share/bumperbot_controller/local_setup.sh
[0.629s] -- Up-to-date: /home/mido/Music/phase_one_ws/install/bumperbot_controller/share/bumperbot_controller/local_setup.zsh
[0.629s] -- Up-to-date: /home/mido/Music/phase_one_ws/install/bumperbot_controller/share/bumperbot_controller/local_setup.dsv
[0.629s] -- Installing: /home/mido/Music/phase_one_ws/install/bumperbot_controller/share/bumperbot_controller/package.dsv
[0.629s] -- Up-to-date: /home/mido/Music/phase_one_ws/install/bumperbot_controller/share/ament_index/resource_index/packages/bumperbot_controller
[0.629s] -- Up-to-date: /home/mido/Music/phase_one_ws/install/bumperbot_controller/share/bumperbot_controller/cmake/bumperbot_controllerConfig.cmake
[0.629s] -- Up-to-date: /home/mido/Music/phase_one_ws/install/bumperbot_controller/share/bumperbot_controller/cmake/bumperbot_controllerConfig-version.cmake
[0.629s] -- Up-to-date: /home/mido/Music/phase_one_ws/install/bumperbot_controller/share/bumperbot_controller/package.xml
[0.651s] Invoked command in '/home/mido/Music/phase_one_ws/build/bumperbot_controller' returned '0': CMAKE_PREFIX_PATH=${CMAKE_PREFIX_PATH}:/home/mido/Music/phase_one_ws/install/motion_pkg:/opt/ros/humble /usr/bin/cmake --install /home/mido/Music/phase_one_ws/build/bumperbot_controller
