[0.026s] Invoking command in '/home/mido/Music/phase_one_ws/build/action_file': CMAKE_PREFIX_PATH=${CMAKE_PREFIX_PATH}:/home/mido/Music/phase_one_ws/install/motion_pkg:/opt/ros/humble /usr/bin/cmake --build /home/mido/Music/phase_one_ws/build/action_file -- -j16 -l16
[0.100s] [  3%] Built target action_file__cpp
[0.108s] [ 12%] Built target action_file__rosidl_generator_c
[0.121s] [ 12%] Built target ament_cmake_python_copy_action_file
[0.144s] [ 22%] Built target action_file__rosidl_typesupport_fastrtps_cpp
[0.144s] [ 32%] Built target action_file__rosidl_typesupport_cpp
[0.149s] [ 61%] Built target action_file__rosidl_typesupport_c
[0.149s] [ 61%] Built target action_file__rosidl_typesupport_introspection_cpp
[0.151s] [ 70%] Built target action_file__rosidl_typesupport_introspection_c
[0.151s] [ 70%] Built target action_file__rosidl_typesupport_fastrtps_c
[0.186s] [ 70%] Built target action_file
[0.218s] [ 74%] Built target action_file__py
[0.262s] [ 80%] Built target action_file__rosidl_generator_py
[0.295s] [100%] Built target action_file__rosidl_typesupport_introspection_c__pyext
[0.296s] [100%] Built target action_file__rosidl_typesupport_fastrtps_c__pyext
[0.296s] [100%] Built target action_file__rosidl_typesupport_c__pyext
[0.498s] running egg_info
[0.499s] writing action_file.egg-info/PKG-INFO
[0.499s] writing dependency_links to action_file.egg-info/dependency_links.txt
[0.499s] writing top-level names to action_file.egg-info/top_level.txt
[0.503s] reading manifest file 'action_file.egg-info/SOURCES.txt'
[0.504s] writing manifest file 'action_file.egg-info/SOURCES.txt'
[0.596s] [100%] Built target ament_cmake_python_build_action_file_egg
