[0.094s] DEBUG:colcon:Command line arguments: ['/usr/bin/colcon', 'build', '--packages-select', 'motion_pkg']
[0.094s] DEBUG:colcon:Parsed command line arguments: Namespace(log_base=None, log_level=None, verb_name='build', build_base='build', install_base='install', merge_install=False, symlink_install=False, test_result_base=None, continue_on_error=False, executor='parallel', parallel_workers=16, event_handlers=None, ignore_user_meta=False, metas=['./colcon.meta'], base_paths=['.'], packages_ignore=None, packages_ignore_regex=None, paths=None, packages_up_to=None, packages_up_to_regex=None, packages_above=None, packages_above_and_dependencies=None, packages_above_depth=None, packages_select_by_dep=None, packages_skip_by_dep=None, packages_skip_up_to=None, packages_select_build_failed=False, packages_skip_build_finished=False, packages_select_test_failures=False, packages_skip_test_passed=False, packages_select=['motion_pkg'], packages_skip=None, packages_select_regex=None, packages_skip_regex=None, packages_start=None, packages_end=None, allow_overriding=[], cmake_args=None, cmake_target=None, cmake_target_skip_unavailable=False, cmake_clean_cache=False, cmake_clean_first=False, cmake_force_configure=False, ament_cmake_args=None, catkin_cmake_args=None, catkin_skip_building_tests=False, mixin_files=None, mixin=None, verb_parser=<colcon_mixin.mixin.mixin_argument.MixinArgumentDecorator object at 0x7e1fdfc9c310>, verb_extension=<colcon_core.verb.build.BuildVerb object at 0x7e1fdfc67d60>, main=<bound method BuildVerb.main of <colcon_core.verb.build.BuildVerb object at 0x7e1fdfc67d60>>, mixin_verb=('build',))
[0.264s] Level 1:colcon.colcon_core.package_discovery:discover_packages(colcon_meta) check parameters
[0.264s] Level 1:colcon.colcon_core.package_discovery:discover_packages(recursive) check parameters
[0.264s] Level 1:colcon.colcon_core.package_discovery:discover_packages(ignore) check parameters
[0.264s] Level 1:colcon.colcon_core.package_discovery:discover_packages(path) check parameters
[0.264s] Level 1:colcon.colcon_core.package_discovery:discover_packages(colcon_meta) discover
[0.264s] Level 1:colcon.colcon_core.package_discovery:discover_packages(recursive) discover
[0.264s] INFO:colcon.colcon_core.package_discovery:Crawling recursively for packages in '/home/mido/Music/phase_one_ws'
[0.264s] Level 1:colcon.colcon_core.package_identification:_identify(.) by extensions ['ignore', 'ignore_ament_install']
[0.264s] Level 1:colcon.colcon_core.package_identification:_identify(.) by extension 'ignore'
[0.264s] Level 1:colcon.colcon_core.package_identification:_identify(.) by extension 'ignore_ament_install'
[0.264s] Level 1:colcon.colcon_core.package_identification:_identify(.) by extensions ['colcon_pkg']
[0.264s] Level 1:colcon.colcon_core.package_identification:_identify(.) by extension 'colcon_pkg'
[0.265s] Level 1:colcon.colcon_core.package_identification:_identify(.) by extensions ['colcon_meta']
[0.265s] Level 1:colcon.colcon_core.package_identification:_identify(.) by extension 'colcon_meta'
[0.265s] Level 1:colcon.colcon_core.package_identification:_identify(.) by extensions ['ros']
[0.265s] Level 1:colcon.colcon_core.package_identification:_identify(.) by extension 'ros'
[0.282s] Level 1:colcon.colcon_core.package_identification:_identify(.) by extensions ['cmake', 'python']
[0.282s] Level 1:colcon.colcon_core.package_identification:_identify(.) by extension 'cmake'
[0.282s] Level 1:colcon.colcon_core.package_identification:_identify(.) by extension 'python'
[0.282s] Level 1:colcon.colcon_core.package_identification:_identify(.) by extensions ['python_setup_py']
[0.282s] Level 1:colcon.colcon_core.package_identification:_identify(.) by extension 'python_setup_py'
[0.283s] Level 1:colcon.colcon_core.package_identification:_identify(build) by extensions ['ignore', 'ignore_ament_install']
[0.283s] Level 1:colcon.colcon_core.package_identification:_identify(build) by extension 'ignore'
[0.283s] Level 1:colcon.colcon_core.package_identification:_identify(build) ignored
[0.283s] Level 1:colcon.colcon_core.package_identification:_identify(install) by extensions ['ignore', 'ignore_ament_install']
[0.283s] Level 1:colcon.colcon_core.package_identification:_identify(install) by extension 'ignore'
[0.283s] Level 1:colcon.colcon_core.package_identification:_identify(install) ignored
[0.283s] Level 1:colcon.colcon_core.package_identification:_identify(log) by extensions ['ignore', 'ignore_ament_install']
[0.283s] Level 1:colcon.colcon_core.package_identification:_identify(log) by extension 'ignore'
[0.284s] Level 1:colcon.colcon_core.package_identification:_identify(log) ignored
[0.284s] Level 1:colcon.colcon_core.package_identification:_identify(src) by extensions ['ignore', 'ignore_ament_install']
[0.284s] Level 1:colcon.colcon_core.package_identification:_identify(src) by extension 'ignore'
[0.284s] Level 1:colcon.colcon_core.package_identification:_identify(src) by extension 'ignore_ament_install'
[0.284s] Level 1:colcon.colcon_core.package_identification:_identify(src) by extensions ['colcon_pkg']
[0.284s] Level 1:colcon.colcon_core.package_identification:_identify(src) by extension 'colcon_pkg'
[0.284s] Level 1:colcon.colcon_core.package_identification:_identify(src) by extensions ['colcon_meta']
[0.284s] Level 1:colcon.colcon_core.package_identification:_identify(src) by extension 'colcon_meta'
[0.284s] Level 1:colcon.colcon_core.package_identification:_identify(src) by extensions ['ros']
[0.284s] Level 1:colcon.colcon_core.package_identification:_identify(src) by extension 'ros'
[0.284s] Level 1:colcon.colcon_core.package_identification:_identify(src) by extensions ['cmake', 'python']
[0.284s] Level 1:colcon.colcon_core.package_identification:_identify(src) by extension 'cmake'
[0.284s] Level 1:colcon.colcon_core.package_identification:_identify(src) by extension 'python'
[0.284s] Level 1:colcon.colcon_core.package_identification:_identify(src) by extensions ['python_setup_py']
[0.284s] Level 1:colcon.colcon_core.package_identification:_identify(src) by extension 'python_setup_py'
[0.284s] Level 1:colcon.colcon_core.package_identification:_identify(src/action_file) by extensions ['ignore', 'ignore_ament_install']
[0.284s] Level 1:colcon.colcon_core.package_identification:_identify(src/action_file) by extension 'ignore'
[0.284s] Level 1:colcon.colcon_core.package_identification:_identify(src/action_file) by extension 'ignore_ament_install'
[0.284s] Level 1:colcon.colcon_core.package_identification:_identify(src/action_file) by extensions ['colcon_pkg']
[0.284s] Level 1:colcon.colcon_core.package_identification:_identify(src/action_file) by extension 'colcon_pkg'
[0.284s] Level 1:colcon.colcon_core.package_identification:_identify(src/action_file) by extensions ['colcon_meta']
[0.284s] Level 1:colcon.colcon_core.package_identification:_identify(src/action_file) by extension 'colcon_meta'
[0.284s] Level 1:colcon.colcon_core.package_identification:_identify(src/action_file) by extensions ['ros']
[0.285s] Level 1:colcon.colcon_core.package_identification:_identify(src/action_file) by extension 'ros'
[0.286s] DEBUG:colcon.colcon_core.package_identification:Package 'src/action_file' with type 'ros.ament_cmake' and name 'action_file'
[0.287s] Level 1:colcon.colcon_core.package_identification:_identify(src/bumperbot_controller) by extensions ['ignore', 'ignore_ament_install']
[0.287s] Level 1:colcon.colcon_core.package_identification:_identify(src/bumperbot_controller) by extension 'ignore'
[0.287s] Level 1:colcon.colcon_core.package_identification:_identify(src/bumperbot_controller) by extension 'ignore_ament_install'
[0.287s] Level 1:colcon.colcon_core.package_identification:_identify(src/bumperbot_controller) by extensions ['colcon_pkg']
[0.287s] Level 1:colcon.colcon_core.package_identification:_identify(src/bumperbot_controller) by extension 'colcon_pkg'
[0.287s] Level 1:colcon.colcon_core.package_identification:_identify(src/bumperbot_controller) by extensions ['colcon_meta']
[0.287s] Level 1:colcon.colcon_core.package_identification:_identify(src/bumperbot_controller) by extension 'colcon_meta'
[0.287s] Level 1:colcon.colcon_core.package_identification:_identify(src/bumperbot_controller) by extensions ['ros']
[0.287s] Level 1:colcon.colcon_core.package_identification:_identify(src/bumperbot_controller) by extension 'ros'
[0.288s] DEBUG:colcon.colcon_core.package_identification:Package 'src/bumperbot_controller' with type 'ros.ament_cmake' and name 'bumperbot_controller'
[0.288s] Level 1:colcon.colcon_core.package_identification:_identify(src/bumperbot_description) by extensions ['ignore', 'ignore_ament_install']
[0.288s] Level 1:colcon.colcon_core.package_identification:_identify(src/bumperbot_description) by extension 'ignore'
[0.288s] Level 1:colcon.colcon_core.package_identification:_identify(src/bumperbot_description) by extension 'ignore_ament_install'
[0.288s] Level 1:colcon.colcon_core.package_identification:_identify(src/bumperbot_description) by extensions ['colcon_pkg']
[0.288s] Level 1:colcon.colcon_core.package_identification:_identify(src/bumperbot_description) by extension 'colcon_pkg'
[0.288s] Level 1:colcon.colcon_core.package_identification:_identify(src/bumperbot_description) by extensions ['colcon_meta']
[0.288s] Level 1:colcon.colcon_core.package_identification:_identify(src/bumperbot_description) by extension 'colcon_meta'
[0.288s] Level 1:colcon.colcon_core.package_identification:_identify(src/bumperbot_description) by extensions ['ros']
[0.288s] Level 1:colcon.colcon_core.package_identification:_identify(src/bumperbot_description) by extension 'ros'
[0.290s] DEBUG:colcon.colcon_core.package_identification:Package 'src/bumperbot_description' with type 'ros.ament_cmake' and name 'bumperbot_description'
[0.290s] Level 1:colcon.colcon_core.package_identification:_identify(src/motion_pkg) by extensions ['ignore', 'ignore_ament_install']
[0.290s] Level 1:colcon.colcon_core.package_identification:_identify(src/motion_pkg) by extension 'ignore'
[0.290s] Level 1:colcon.colcon_core.package_identification:_identify(src/motion_pkg) by extension 'ignore_ament_install'
[0.290s] Level 1:colcon.colcon_core.package_identification:_identify(src/motion_pkg) by extensions ['colcon_pkg']
[0.290s] Level 1:colcon.colcon_core.package_identification:_identify(src/motion_pkg) by extension 'colcon_pkg'
[0.290s] Level 1:colcon.colcon_core.package_identification:_identify(src/motion_pkg) by extensions ['colcon_meta']
[0.290s] Level 1:colcon.colcon_core.package_identification:_identify(src/motion_pkg) by extension 'colcon_meta'
[0.291s] Level 1:colcon.colcon_core.package_identification:_identify(src/motion_pkg) by extensions ['ros']
[0.291s] Level 1:colcon.colcon_core.package_identification:_identify(src/motion_pkg) by extension 'ros'
[0.291s] DEBUG:colcon.colcon_core.package_identification:Package 'src/motion_pkg' with type 'ros.ament_python' and name 'motion_pkg'
[0.291s] Level 1:colcon.colcon_core.package_discovery:discover_packages(recursive) using defaults
[0.291s] Level 1:colcon.colcon_core.package_discovery:discover_packages(ignore) discover
[0.291s] Level 1:colcon.colcon_core.package_discovery:discover_packages(ignore) using defaults
[0.291s] Level 1:colcon.colcon_core.package_discovery:discover_packages(path) discover
[0.291s] Level 1:colcon.colcon_core.package_discovery:discover_packages(path) using defaults
[0.308s] INFO:colcon.colcon_core.package_selection:Skipping not selected package 'action_file' in 'src/action_file'
[0.308s] INFO:colcon.colcon_core.package_selection:Skipping not selected package 'bumperbot_controller' in 'src/bumperbot_controller'
[0.308s] INFO:colcon.colcon_core.package_selection:Skipping not selected package 'bumperbot_description' in 'src/bumperbot_description'
[0.309s] Level 1:colcon.colcon_core.package_discovery:discover_packages(prefix_path) check parameters
[0.309s] Level 1:colcon.colcon_core.package_discovery:discover_packages(prefix_path) discover
[0.310s] DEBUG:colcon.colcon_installed_package_information.package_discovery:Found 6 installed packages in /home/mido/Music/phase_one_ws/install
[0.312s] DEBUG:colcon.colcon_installed_package_information.package_discovery:Found 389 installed packages in /opt/ros/humble
[0.313s] Level 1:colcon.colcon_core.package_discovery:discover_packages(prefix_path) using defaults
[0.353s] Level 5:colcon.colcon_core.verb:set package 'motion_pkg' build argument 'cmake_args' from command line to 'None'
[0.353s] Level 5:colcon.colcon_core.verb:set package 'motion_pkg' build argument 'cmake_target' from command line to 'None'
[0.353s] Level 5:colcon.colcon_core.verb:set package 'motion_pkg' build argument 'cmake_target_skip_unavailable' from command line to 'False'
[0.353s] Level 5:colcon.colcon_core.verb:set package 'motion_pkg' build argument 'cmake_clean_cache' from command line to 'False'
[0.353s] Level 5:colcon.colcon_core.verb:set package 'motion_pkg' build argument 'cmake_clean_first' from command line to 'False'
[0.353s] Level 5:colcon.colcon_core.verb:set package 'motion_pkg' build argument 'cmake_force_configure' from command line to 'False'
[0.353s] Level 5:colcon.colcon_core.verb:set package 'motion_pkg' build argument 'ament_cmake_args' from command line to 'None'
[0.353s] Level 5:colcon.colcon_core.verb:set package 'motion_pkg' build argument 'catkin_cmake_args' from command line to 'None'
[0.353s] Level 5:colcon.colcon_core.verb:set package 'motion_pkg' build argument 'catkin_skip_building_tests' from command line to 'False'
[0.353s] DEBUG:colcon.colcon_core.verb:Building package 'motion_pkg' with the following arguments: {'ament_cmake_args': None, 'build_base': '/home/mido/Music/phase_one_ws/build/motion_pkg', 'catkin_cmake_args': None, 'catkin_skip_building_tests': False, 'cmake_args': None, 'cmake_clean_cache': False, 'cmake_clean_first': False, 'cmake_force_configure': False, 'cmake_target': None, 'cmake_target_skip_unavailable': False, 'install_base': '/home/mido/Music/phase_one_ws/install/motion_pkg', 'merge_install': False, 'path': '/home/mido/Music/phase_one_ws/src/motion_pkg', 'symlink_install': False, 'test_result_base': None}
[0.353s] INFO:colcon.colcon_core.executor:Executing jobs using 'parallel' executor
[0.354s] DEBUG:colcon.colcon_parallel_executor.executor.parallel:run_until_complete
[0.354s] INFO:colcon.colcon_ros.task.ament_python.build:Building ROS package in '/home/mido/Music/phase_one_ws/src/motion_pkg' with build type 'ament_python'
[0.354s] Level 1:colcon.colcon_core.shell:create_environment_hook('motion_pkg', 'ament_prefix_path')
[0.356s] INFO:colcon.colcon_core.plugin_system:Skipping extension 'colcon_core.shell.bat': Not used on non-Windows systems
[0.356s] INFO:colcon.colcon_core.shell:Creating environment hook '/home/mido/Music/phase_one_ws/install/motion_pkg/share/motion_pkg/hook/ament_prefix_path.ps1'
[0.357s] INFO:colcon.colcon_core.shell:Creating environment descriptor '/home/mido/Music/phase_one_ws/install/motion_pkg/share/motion_pkg/hook/ament_prefix_path.dsv'
[0.357s] INFO:colcon.colcon_core.shell:Creating environment hook '/home/mido/Music/phase_one_ws/install/motion_pkg/share/motion_pkg/hook/ament_prefix_path.sh'
[0.358s] INFO:colcon.colcon_core.shell:Skip shell extension 'powershell' for command environment: Not usable outside of PowerShell
[0.358s] DEBUG:colcon.colcon_core.shell:Skip shell extension 'dsv' for command environment
[0.612s] INFO:colcon.colcon_core.task.python.build:Building Python package in '/home/mido/Music/phase_one_ws/src/motion_pkg'
[0.612s] INFO:colcon.colcon_core.shell:Skip shell extension 'powershell' for command environment: Not usable outside of PowerShell
[0.612s] DEBUG:colcon.colcon_core.shell:Skip shell extension 'dsv' for command environment
[0.947s] DEBUG:colcon.colcon_core.event_handler.log_command:Invoking command in '/home/mido/Music/phase_one_ws/src/motion_pkg': CMAKE_PREFIX_PATH=/home/mido/Music/phase_one_ws/install/action_file:/home/mido/Music/phase_one_ws/install/bumperbot_localization:/home/mido/Music/phase_one_ws/install/bumperbot_description:/home/mido/Music/phase_one_ws/install/bumperbot_controller PYTHONPATH=/home/mido/Music/phase_one_ws/build/motion_pkg/prefix_override:/usr/lib/python3/dist-packages/colcon_core/task/python/colcon_distutils_commands:/home/mido/Music/phase_one_ws/install/motion_pkg/lib/python3.10/site-packages:${PYTHONPATH} /usr/bin/python3 -W ignore:setup.py install is deprecated -W ignore:easy_install command is deprecated setup.py egg_info --egg-base ../../build/motion_pkg build --build-base /home/mido/Music/phase_one_ws/build/motion_pkg/build install --record /home/mido/Music/phase_one_ws/build/motion_pkg/install.log --single-version-externally-managed install_data
[1.228s] DEBUG:colcon.colcon_core.event_handler.log_command:Invoked command in '/home/mido/Music/phase_one_ws/src/motion_pkg' returned '0': CMAKE_PREFIX_PATH=/home/mido/Music/phase_one_ws/install/action_file:/home/mido/Music/phase_one_ws/install/bumperbot_localization:/home/mido/Music/phase_one_ws/install/bumperbot_description:/home/mido/Music/phase_one_ws/install/bumperbot_controller PYTHONPATH=/home/mido/Music/phase_one_ws/build/motion_pkg/prefix_override:/usr/lib/python3/dist-packages/colcon_core/task/python/colcon_distutils_commands:/home/mido/Music/phase_one_ws/install/motion_pkg/lib/python3.10/site-packages:${PYTHONPATH} /usr/bin/python3 -W ignore:setup.py install is deprecated -W ignore:easy_install command is deprecated setup.py egg_info --egg-base ../../build/motion_pkg build --build-base /home/mido/Music/phase_one_ws/build/motion_pkg/build install --record /home/mido/Music/phase_one_ws/build/motion_pkg/install.log --single-version-externally-managed install_data
[1.230s] Level 1:colcon.colcon_core.environment:checking '/home/mido/Music/phase_one_ws/install/motion_pkg' for CMake module files
[1.230s] Level 1:colcon.colcon_core.environment:checking '/home/mido/Music/phase_one_ws/install/motion_pkg' for CMake config files
[1.231s] Level 1:colcon.colcon_core.environment:checking '/home/mido/Music/phase_one_ws/install/motion_pkg/lib'
[1.231s] Level 1:colcon.colcon_core.environment:checking '/home/mido/Music/phase_one_ws/install/motion_pkg/bin'
[1.231s] Level 1:colcon.colcon_core.environment:checking '/home/mido/Music/phase_one_ws/install/motion_pkg/lib/pkgconfig/motion_pkg.pc'
[1.231s] Level 1:colcon.colcon_core.environment:checking '/home/mido/Music/phase_one_ws/install/motion_pkg/lib/python3.10/site-packages'
[1.231s] Level 1:colcon.colcon_core.shell:create_environment_hook('motion_pkg', 'pythonpath')
[1.231s] INFO:colcon.colcon_core.shell:Creating environment hook '/home/mido/Music/phase_one_ws/install/motion_pkg/share/motion_pkg/hook/pythonpath.ps1'
[1.232s] INFO:colcon.colcon_core.shell:Creating environment descriptor '/home/mido/Music/phase_one_ws/install/motion_pkg/share/motion_pkg/hook/pythonpath.dsv'
[1.232s] INFO:colcon.colcon_core.shell:Creating environment hook '/home/mido/Music/phase_one_ws/install/motion_pkg/share/motion_pkg/hook/pythonpath.sh'
[1.232s] Level 1:colcon.colcon_core.environment:checking '/home/mido/Music/phase_one_ws/install/motion_pkg/bin'
[1.232s] Level 1:colcon.colcon_core.environment:create_environment_scripts_only(motion_pkg)
[1.233s] INFO:colcon.colcon_core.shell:Creating package script '/home/mido/Music/phase_one_ws/install/motion_pkg/share/motion_pkg/package.ps1'
[1.233s] INFO:colcon.colcon_core.shell:Creating package descriptor '/home/mido/Music/phase_one_ws/install/motion_pkg/share/motion_pkg/package.dsv'
[1.234s] INFO:colcon.colcon_core.shell:Creating package script '/home/mido/Music/phase_one_ws/install/motion_pkg/share/motion_pkg/package.sh'
[1.234s] INFO:colcon.colcon_core.shell:Creating package script '/home/mido/Music/phase_one_ws/install/motion_pkg/share/motion_pkg/package.bash'
[1.235s] INFO:colcon.colcon_core.shell:Creating package script '/home/mido/Music/phase_one_ws/install/motion_pkg/share/motion_pkg/package.zsh'
[1.235s] Level 1:colcon.colcon_core.environment:create_file_with_runtime_dependencies(/home/mido/Music/phase_one_ws/install/motion_pkg/share/colcon-core/packages/motion_pkg)
[1.236s] DEBUG:colcon.colcon_parallel_executor.executor.parallel:closing loop
[1.236s] DEBUG:colcon.colcon_parallel_executor.executor.parallel:loop closed
[1.236s] DEBUG:colcon.colcon_parallel_executor.executor.parallel:run_until_complete finished with '0'
[1.236s] DEBUG:colcon.colcon_core.event_reactor:joining thread
[1.240s] INFO:colcon.colcon_core.plugin_system:Skipping extension 'colcon_notification.desktop_notification.terminal_notifier': Not used on non-Darwin systems
[1.241s] INFO:colcon.colcon_core.plugin_system:Skipping extension 'colcon_notification.desktop_notification.win32': Not used on non-Windows systems
[1.241s] INFO:colcon.colcon_notification.desktop_notification:Sending desktop notification using 'notify2'
[1.249s] DEBUG:colcon.colcon_core.event_reactor:joined thread
[1.249s] INFO:colcon.colcon_core.shell:Creating prefix script '/home/mido/Music/phase_one_ws/install/local_setup.ps1'
[1.250s] INFO:colcon.colcon_core.shell:Creating prefix util module '/home/mido/Music/phase_one_ws/install/_local_setup_util_ps1.py'
[1.251s] INFO:colcon.colcon_core.shell:Creating prefix chain script '/home/mido/Music/phase_one_ws/install/setup.ps1'
[1.252s] INFO:colcon.colcon_core.shell:Creating prefix script '/home/mido/Music/phase_one_ws/install/local_setup.sh'
[1.252s] INFO:colcon.colcon_core.shell:Creating prefix util module '/home/mido/Music/phase_one_ws/install/_local_setup_util_sh.py'
[1.253s] INFO:colcon.colcon_core.shell:Creating prefix chain script '/home/mido/Music/phase_one_ws/install/setup.sh'
[1.254s] INFO:colcon.colcon_core.shell:Creating prefix script '/home/mido/Music/phase_one_ws/install/local_setup.bash'
[1.254s] INFO:colcon.colcon_core.shell:Creating prefix chain script '/home/mido/Music/phase_one_ws/install/setup.bash'
[1.255s] INFO:colcon.colcon_core.shell:Creating prefix script '/home/mido/Music/phase_one_ws/install/local_setup.zsh'
[1.255s] INFO:colcon.colcon_core.shell:Creating prefix chain script '/home/mido/Music/phase_one_ws/install/setup.zsh'
