[0.102s] DEBUG:colcon:Command line arguments: ['/usr/bin/colcon', 'build']
[0.102s] DEBUG:colcon:Parsed command line arguments: Namespace(log_base=None, log_level=None, verb_name='build', build_base='build', install_base='install', merge_install=False, symlink_install=False, test_result_base=None, continue_on_error=False, executor='parallel', parallel_workers=16, event_handlers=None, ignore_user_meta=False, metas=['./colcon.meta'], base_paths=['.'], packages_ignore=None, packages_ignore_regex=None, paths=None, packages_up_to=None, packages_up_to_regex=None, packages_above=None, packages_above_and_dependencies=None, packages_above_depth=None, packages_select_by_dep=None, packages_skip_by_dep=None, packages_skip_up_to=None, packages_select_build_failed=False, packages_skip_build_finished=False, packages_select_test_failures=False, packages_skip_test_passed=False, packages_select=None, packages_skip=None, packages_select_regex=None, packages_skip_regex=None, packages_start=None, packages_end=None, allow_overriding=[], cmake_args=None, cmake_target=None, cmake_target_skip_unavailable=False, cmake_clean_cache=False, cmake_clean_first=False, cmake_force_configure=False, ament_cmake_args=None, catkin_cmake_args=None, catkin_skip_building_tests=False, mixin_files=None, mixin=None, verb_parser=<colcon_mixin.mixin.mixin_argument.MixinArgumentDecorator object at 0x7e18ef55bf70>, verb_extension=<colcon_core.verb.build.BuildVerb object at 0x7e18ef55ba00>, main=<bound method BuildVerb.main of <colcon_core.verb.build.BuildVerb object at 0x7e18ef55ba00>>, mixin_verb=('build',))
[0.283s] Level 1:colcon.colcon_core.package_discovery:discover_packages(colcon_meta) check parameters
[0.284s] Level 1:colcon.colcon_core.package_discovery:discover_packages(recursive) check parameters
[0.284s] Level 1:colcon.colcon_core.package_discovery:discover_packages(ignore) check parameters
[0.284s] Level 1:colcon.colcon_core.package_discovery:discover_packages(path) check parameters
[0.284s] Level 1:colcon.colcon_core.package_discovery:discover_packages(colcon_meta) discover
[0.284s] Level 1:colcon.colcon_core.package_discovery:discover_packages(recursive) discover
[0.284s] INFO:colcon.colcon_core.package_discovery:Crawling recursively for packages in '/home/mido/Music/phase_one_ws'
[0.284s] Level 1:colcon.colcon_core.package_identification:_identify(.) by extensions ['ignore', 'ignore_ament_install']
[0.284s] Level 1:colcon.colcon_core.package_identification:_identify(.) by extension 'ignore'
[0.284s] Level 1:colcon.colcon_core.package_identification:_identify(.) by extension 'ignore_ament_install'
[0.284s] Level 1:colcon.colcon_core.package_identification:_identify(.) by extensions ['colcon_pkg']
[0.284s] Level 1:colcon.colcon_core.package_identification:_identify(.) by extension 'colcon_pkg'
[0.284s] Level 1:colcon.colcon_core.package_identification:_identify(.) by extensions ['colcon_meta']
[0.284s] Level 1:colcon.colcon_core.package_identification:_identify(.) by extension 'colcon_meta'
[0.284s] Level 1:colcon.colcon_core.package_identification:_identify(.) by extensions ['ros']
[0.284s] Level 1:colcon.colcon_core.package_identification:_identify(.) by extension 'ros'
[0.307s] Level 1:colcon.colcon_core.package_identification:_identify(.) by extensions ['cmake', 'python']
[0.307s] Level 1:colcon.colcon_core.package_identification:_identify(.) by extension 'cmake'
[0.307s] Level 1:colcon.colcon_core.package_identification:_identify(.) by extension 'python'
[0.307s] Level 1:colcon.colcon_core.package_identification:_identify(.) by extensions ['python_setup_py']
[0.307s] Level 1:colcon.colcon_core.package_identification:_identify(.) by extension 'python_setup_py'
[0.308s] Level 1:colcon.colcon_core.package_identification:_identify(build) by extensions ['ignore', 'ignore_ament_install']
[0.308s] Level 1:colcon.colcon_core.package_identification:_identify(build) by extension 'ignore'
[0.308s] Level 1:colcon.colcon_core.package_identification:_identify(build) ignored
[0.308s] Level 1:colcon.colcon_core.package_identification:_identify(install) by extensions ['ignore', 'ignore_ament_install']
[0.308s] Level 1:colcon.colcon_core.package_identification:_identify(install) by extension 'ignore'
[0.308s] Level 1:colcon.colcon_core.package_identification:_identify(install) ignored
[0.308s] Level 1:colcon.colcon_core.package_identification:_identify(log) by extensions ['ignore', 'ignore_ament_install']
[0.309s] Level 1:colcon.colcon_core.package_identification:_identify(log) by extension 'ignore'
[0.309s] Level 1:colcon.colcon_core.package_identification:_identify(log) ignored
[0.309s] Level 1:colcon.colcon_core.package_identification:_identify(src) by extensions ['ignore', 'ignore_ament_install']
[0.309s] Level 1:colcon.colcon_core.package_identification:_identify(src) by extension 'ignore'
[0.309s] Level 1:colcon.colcon_core.package_identification:_identify(src) by extension 'ignore_ament_install'
[0.309s] Level 1:colcon.colcon_core.package_identification:_identify(src) by extensions ['colcon_pkg']
[0.309s] Level 1:colcon.colcon_core.package_identification:_identify(src) by extension 'colcon_pkg'
[0.309s] Level 1:colcon.colcon_core.package_identification:_identify(src) by extensions ['colcon_meta']
[0.309s] Level 1:colcon.colcon_core.package_identification:_identify(src) by extension 'colcon_meta'
[0.309s] Level 1:colcon.colcon_core.package_identification:_identify(src) by extensions ['ros']
[0.309s] Level 1:colcon.colcon_core.package_identification:_identify(src) by extension 'ros'
[0.309s] Level 1:colcon.colcon_core.package_identification:_identify(src) by extensions ['cmake', 'python']
[0.309s] Level 1:colcon.colcon_core.package_identification:_identify(src) by extension 'cmake'
[0.309s] Level 1:colcon.colcon_core.package_identification:_identify(src) by extension 'python'
[0.309s] Level 1:colcon.colcon_core.package_identification:_identify(src) by extensions ['python_setup_py']
[0.309s] Level 1:colcon.colcon_core.package_identification:_identify(src) by extension 'python_setup_py'
[0.310s] Level 1:colcon.colcon_core.package_identification:_identify(src/action_file) by extensions ['ignore', 'ignore_ament_install']
[0.310s] Level 1:colcon.colcon_core.package_identification:_identify(src/action_file) by extension 'ignore'
[0.310s] Level 1:colcon.colcon_core.package_identification:_identify(src/action_file) by extension 'ignore_ament_install'
[0.310s] Level 1:colcon.colcon_core.package_identification:_identify(src/action_file) by extensions ['colcon_pkg']
[0.310s] Level 1:colcon.colcon_core.package_identification:_identify(src/action_file) by extension 'colcon_pkg'
[0.310s] Level 1:colcon.colcon_core.package_identification:_identify(src/action_file) by extensions ['colcon_meta']
[0.310s] Level 1:colcon.colcon_core.package_identification:_identify(src/action_file) by extension 'colcon_meta'
[0.310s] Level 1:colcon.colcon_core.package_identification:_identify(src/action_file) by extensions ['ros']
[0.310s] Level 1:colcon.colcon_core.package_identification:_identify(src/action_file) by extension 'ros'
[0.312s] DEBUG:colcon.colcon_core.package_identification:Package 'src/action_file' with type 'ros.ament_cmake' and name 'action_file'
[0.313s] Level 1:colcon.colcon_core.package_identification:_identify(src/bumperbot_controller) by extensions ['ignore', 'ignore_ament_install']
[0.313s] Level 1:colcon.colcon_core.package_identification:_identify(src/bumperbot_controller) by extension 'ignore'
[0.313s] Level 1:colcon.colcon_core.package_identification:_identify(src/bumperbot_controller) by extension 'ignore_ament_install'
[0.313s] Level 1:colcon.colcon_core.package_identification:_identify(src/bumperbot_controller) by extensions ['colcon_pkg']
[0.313s] Level 1:colcon.colcon_core.package_identification:_identify(src/bumperbot_controller) by extension 'colcon_pkg'
[0.313s] Level 1:colcon.colcon_core.package_identification:_identify(src/bumperbot_controller) by extensions ['colcon_meta']
[0.313s] Level 1:colcon.colcon_core.package_identification:_identify(src/bumperbot_controller) by extension 'colcon_meta'
[0.313s] Level 1:colcon.colcon_core.package_identification:_identify(src/bumperbot_controller) by extensions ['ros']
[0.313s] Level 1:colcon.colcon_core.package_identification:_identify(src/bumperbot_controller) by extension 'ros'
[0.314s] DEBUG:colcon.colcon_core.package_identification:Package 'src/bumperbot_controller' with type 'ros.ament_cmake' and name 'bumperbot_controller'
[0.314s] Level 1:colcon.colcon_core.package_identification:_identify(src/bumperbot_description) by extensions ['ignore', 'ignore_ament_install']
[0.314s] Level 1:colcon.colcon_core.package_identification:_identify(src/bumperbot_description) by extension 'ignore'
[0.314s] Level 1:colcon.colcon_core.package_identification:_identify(src/bumperbot_description) by extension 'ignore_ament_install'
[0.314s] Level 1:colcon.colcon_core.package_identification:_identify(src/bumperbot_description) by extensions ['colcon_pkg']
[0.314s] Level 1:colcon.colcon_core.package_identification:_identify(src/bumperbot_description) by extension 'colcon_pkg'
[0.314s] Level 1:colcon.colcon_core.package_identification:_identify(src/bumperbot_description) by extensions ['colcon_meta']
[0.314s] Level 1:colcon.colcon_core.package_identification:_identify(src/bumperbot_description) by extension 'colcon_meta'
[0.314s] Level 1:colcon.colcon_core.package_identification:_identify(src/bumperbot_description) by extensions ['ros']
[0.314s] Level 1:colcon.colcon_core.package_identification:_identify(src/bumperbot_description) by extension 'ros'
[0.316s] DEBUG:colcon.colcon_core.package_identification:Package 'src/bumperbot_description' with type 'ros.ament_cmake' and name 'bumperbot_description'
[0.317s] Level 1:colcon.colcon_core.package_identification:_identify(src/motion_pkg) by extensions ['ignore', 'ignore_ament_install']
[0.317s] Level 1:colcon.colcon_core.package_identification:_identify(src/motion_pkg) by extension 'ignore'
[0.317s] Level 1:colcon.colcon_core.package_identification:_identify(src/motion_pkg) by extension 'ignore_ament_install'
[0.317s] Level 1:colcon.colcon_core.package_identification:_identify(src/motion_pkg) by extensions ['colcon_pkg']
[0.317s] Level 1:colcon.colcon_core.package_identification:_identify(src/motion_pkg) by extension 'colcon_pkg'
[0.317s] Level 1:colcon.colcon_core.package_identification:_identify(src/motion_pkg) by extensions ['colcon_meta']
[0.317s] Level 1:colcon.colcon_core.package_identification:_identify(src/motion_pkg) by extension 'colcon_meta'
[0.317s] Level 1:colcon.colcon_core.package_identification:_identify(src/motion_pkg) by extensions ['ros']
[0.317s] Level 1:colcon.colcon_core.package_identification:_identify(src/motion_pkg) by extension 'ros'
[0.318s] DEBUG:colcon.colcon_core.package_identification:Package 'src/motion_pkg' with type 'ros.ament_python' and name 'motion_pkg'
[0.318s] Level 1:colcon.colcon_core.package_discovery:discover_packages(recursive) using defaults
[0.318s] Level 1:colcon.colcon_core.package_discovery:discover_packages(ignore) discover
[0.318s] Level 1:colcon.colcon_core.package_discovery:discover_packages(ignore) using defaults
[0.318s] Level 1:colcon.colcon_core.package_discovery:discover_packages(path) discover
[0.318s] Level 1:colcon.colcon_core.package_discovery:discover_packages(path) using defaults
[0.337s] Level 1:colcon.colcon_core.package_discovery:discover_packages(prefix_path) check parameters
[0.337s] Level 1:colcon.colcon_core.package_discovery:discover_packages(prefix_path) discover
[0.338s] DEBUG:colcon.colcon_installed_package_information.package_discovery:Found 4 installed packages in /home/mido/Music/phase_one_ws/install
[0.340s] DEBUG:colcon.colcon_installed_package_information.package_discovery:Found 389 installed packages in /opt/ros/humble
[0.342s] Level 1:colcon.colcon_core.package_discovery:discover_packages(prefix_path) using defaults
[0.397s] Level 5:colcon.colcon_core.verb:set package 'action_file' build argument 'cmake_args' from command line to 'None'
[0.397s] Level 5:colcon.colcon_core.verb:set package 'action_file' build argument 'cmake_target' from command line to 'None'
[0.397s] Level 5:colcon.colcon_core.verb:set package 'action_file' build argument 'cmake_target_skip_unavailable' from command line to 'False'
[0.397s] Level 5:colcon.colcon_core.verb:set package 'action_file' build argument 'cmake_clean_cache' from command line to 'False'
[0.397s] Level 5:colcon.colcon_core.verb:set package 'action_file' build argument 'cmake_clean_first' from command line to 'False'
[0.397s] Level 5:colcon.colcon_core.verb:set package 'action_file' build argument 'cmake_force_configure' from command line to 'False'
[0.397s] Level 5:colcon.colcon_core.verb:set package 'action_file' build argument 'ament_cmake_args' from command line to 'None'
[0.397s] Level 5:colcon.colcon_core.verb:set package 'action_file' build argument 'catkin_cmake_args' from command line to 'None'
[0.397s] Level 5:colcon.colcon_core.verb:set package 'action_file' build argument 'catkin_skip_building_tests' from command line to 'False'
[0.397s] DEBUG:colcon.colcon_core.verb:Building package 'action_file' with the following arguments: {'ament_cmake_args': None, 'build_base': '/home/mido/Music/phase_one_ws/build/action_file', 'catkin_cmake_args': None, 'catkin_skip_building_tests': False, 'cmake_args': None, 'cmake_clean_cache': False, 'cmake_clean_first': False, 'cmake_force_configure': False, 'cmake_target': None, 'cmake_target_skip_unavailable': False, 'install_base': '/home/mido/Music/phase_one_ws/install/action_file', 'merge_install': False, 'path': '/home/mido/Music/phase_one_ws/src/action_file', 'symlink_install': False, 'test_result_base': None}
[0.397s] Level 5:colcon.colcon_core.verb:set package 'bumperbot_controller' build argument 'cmake_args' from command line to 'None'
[0.397s] Level 5:colcon.colcon_core.verb:set package 'bumperbot_controller' build argument 'cmake_target' from command line to 'None'
[0.397s] Level 5:colcon.colcon_core.verb:set package 'bumperbot_controller' build argument 'cmake_target_skip_unavailable' from command line to 'False'
[0.397s] Level 5:colcon.colcon_core.verb:set package 'bumperbot_controller' build argument 'cmake_clean_cache' from command line to 'False'
[0.397s] Level 5:colcon.colcon_core.verb:set package 'bumperbot_controller' build argument 'cmake_clean_first' from command line to 'False'
[0.397s] Level 5:colcon.colcon_core.verb:set package 'bumperbot_controller' build argument 'cmake_force_configure' from command line to 'False'
[0.397s] Level 5:colcon.colcon_core.verb:set package 'bumperbot_controller' build argument 'ament_cmake_args' from command line to 'None'
[0.397s] Level 5:colcon.colcon_core.verb:set package 'bumperbot_controller' build argument 'catkin_cmake_args' from command line to 'None'
[0.397s] Level 5:colcon.colcon_core.verb:set package 'bumperbot_controller' build argument 'catkin_skip_building_tests' from command line to 'False'
[0.397s] DEBUG:colcon.colcon_core.verb:Building package 'bumperbot_controller' with the following arguments: {'ament_cmake_args': None, 'build_base': '/home/mido/Music/phase_one_ws/build/bumperbot_controller', 'catkin_cmake_args': None, 'catkin_skip_building_tests': False, 'cmake_args': None, 'cmake_clean_cache': False, 'cmake_clean_first': False, 'cmake_force_configure': False, 'cmake_target': None, 'cmake_target_skip_unavailable': False, 'install_base': '/home/mido/Music/phase_one_ws/install/bumperbot_controller', 'merge_install': False, 'path': '/home/mido/Music/phase_one_ws/src/bumperbot_controller', 'symlink_install': False, 'test_result_base': None}
[0.398s] Level 5:colcon.colcon_core.verb:set package 'bumperbot_description' build argument 'cmake_args' from command line to 'None'
[0.398s] Level 5:colcon.colcon_core.verb:set package 'bumperbot_description' build argument 'cmake_target' from command line to 'None'
[0.398s] Level 5:colcon.colcon_core.verb:set package 'bumperbot_description' build argument 'cmake_target_skip_unavailable' from command line to 'False'
[0.398s] Level 5:colcon.colcon_core.verb:set package 'bumperbot_description' build argument 'cmake_clean_cache' from command line to 'False'
[0.398s] Level 5:colcon.colcon_core.verb:set package 'bumperbot_description' build argument 'cmake_clean_first' from command line to 'False'
[0.398s] Level 5:colcon.colcon_core.verb:set package 'bumperbot_description' build argument 'cmake_force_configure' from command line to 'False'
[0.398s] Level 5:colcon.colcon_core.verb:set package 'bumperbot_description' build argument 'ament_cmake_args' from command line to 'None'
[0.398s] Level 5:colcon.colcon_core.verb:set package 'bumperbot_description' build argument 'catkin_cmake_args' from command line to 'None'
[0.398s] Level 5:colcon.colcon_core.verb:set package 'bumperbot_description' build argument 'catkin_skip_building_tests' from command line to 'False'
[0.398s] DEBUG:colcon.colcon_core.verb:Building package 'bumperbot_description' with the following arguments: {'ament_cmake_args': None, 'build_base': '/home/mido/Music/phase_one_ws/build/bumperbot_description', 'catkin_cmake_args': None, 'catkin_skip_building_tests': False, 'cmake_args': None, 'cmake_clean_cache': False, 'cmake_clean_first': False, 'cmake_force_configure': False, 'cmake_target': None, 'cmake_target_skip_unavailable': False, 'install_base': '/home/mido/Music/phase_one_ws/install/bumperbot_description', 'merge_install': False, 'path': '/home/mido/Music/phase_one_ws/src/bumperbot_description', 'symlink_install': False, 'test_result_base': None}
[0.398s] Level 5:colcon.colcon_core.verb:set package 'motion_pkg' build argument 'cmake_args' from command line to 'None'
[0.398s] Level 5:colcon.colcon_core.verb:set package 'motion_pkg' build argument 'cmake_target' from command line to 'None'
[0.398s] Level 5:colcon.colcon_core.verb:set package 'motion_pkg' build argument 'cmake_target_skip_unavailable' from command line to 'False'
[0.398s] Level 5:colcon.colcon_core.verb:set package 'motion_pkg' build argument 'cmake_clean_cache' from command line to 'False'
[0.398s] Level 5:colcon.colcon_core.verb:set package 'motion_pkg' build argument 'cmake_clean_first' from command line to 'False'
[0.398s] Level 5:colcon.colcon_core.verb:set package 'motion_pkg' build argument 'cmake_force_configure' from command line to 'False'
[0.398s] Level 5:colcon.colcon_core.verb:set package 'motion_pkg' build argument 'ament_cmake_args' from command line to 'None'
[0.398s] Level 5:colcon.colcon_core.verb:set package 'motion_pkg' build argument 'catkin_cmake_args' from command line to 'None'
[0.398s] Level 5:colcon.colcon_core.verb:set package 'motion_pkg' build argument 'catkin_skip_building_tests' from command line to 'False'
[0.398s] DEBUG:colcon.colcon_core.verb:Building package 'motion_pkg' with the following arguments: {'ament_cmake_args': None, 'build_base': '/home/mido/Music/phase_one_ws/build/motion_pkg', 'catkin_cmake_args': None, 'catkin_skip_building_tests': False, 'cmake_args': None, 'cmake_clean_cache': False, 'cmake_clean_first': False, 'cmake_force_configure': False, 'cmake_target': None, 'cmake_target_skip_unavailable': False, 'install_base': '/home/mido/Music/phase_one_ws/install/motion_pkg', 'merge_install': False, 'path': '/home/mido/Music/phase_one_ws/src/motion_pkg', 'symlink_install': False, 'test_result_base': None}
[0.398s] INFO:colcon.colcon_core.executor:Executing jobs using 'parallel' executor
[0.399s] DEBUG:colcon.colcon_parallel_executor.executor.parallel:run_until_complete
[0.400s] INFO:colcon.colcon_ros.task.ament_cmake.build:Building ROS package in '/home/mido/Music/phase_one_ws/src/action_file' with build type 'ament_cmake'
[0.400s] INFO:colcon.colcon_cmake.task.cmake.build:Building CMake package in '/home/mido/Music/phase_one_ws/src/action_file'
[0.402s] INFO:colcon.colcon_core.plugin_system:Skipping extension 'colcon_core.shell.bat': Not used on non-Windows systems
[0.402s] INFO:colcon.colcon_core.shell:Skip shell extension 'powershell' for command environment: Not usable outside of PowerShell
[0.402s] DEBUG:colcon.colcon_core.shell:Skip shell extension 'dsv' for command environment
[0.405s] INFO:colcon.colcon_ros.task.ament_cmake.build:Building ROS package in '/home/mido/Music/phase_one_ws/src/bumperbot_controller' with build type 'ament_cmake'
[0.405s] INFO:colcon.colcon_cmake.task.cmake.build:Building CMake package in '/home/mido/Music/phase_one_ws/src/bumperbot_controller'
[0.405s] INFO:colcon.colcon_core.shell:Skip shell extension 'powershell' for command environment: Not usable outside of PowerShell
[0.405s] DEBUG:colcon.colcon_core.shell:Skip shell extension 'dsv' for command environment
[0.409s] INFO:colcon.colcon_ros.task.ament_cmake.build:Building ROS package in '/home/mido/Music/phase_one_ws/src/bumperbot_description' with build type 'ament_cmake'
[0.409s] INFO:colcon.colcon_cmake.task.cmake.build:Building CMake package in '/home/mido/Music/phase_one_ws/src/bumperbot_description'
[0.410s] INFO:colcon.colcon_core.shell:Skip shell extension 'powershell' for command environment: Not usable outside of PowerShell
[0.410s] DEBUG:colcon.colcon_core.shell:Skip shell extension 'dsv' for command environment
[0.417s] DEBUG:colcon.colcon_core.event_handler.log_command:Invoking command in '/home/mido/Music/phase_one_ws/build/action_file': CMAKE_PREFIX_PATH=${CMAKE_PREFIX_PATH}:/home/mido/Music/phase_one_ws/install/motion_pkg:/opt/ros/humble /usr/bin/cmake --build /home/mido/Music/phase_one_ws/build/action_file -- -j16 -l16
[0.421s] DEBUG:colcon.colcon_core.event_handler.log_command:Invoking command in '/home/mido/Music/phase_one_ws/build/bumperbot_controller': CMAKE_PREFIX_PATH=${CMAKE_PREFIX_PATH}:/home/mido/Music/phase_one_ws/install/motion_pkg:/opt/ros/humble /usr/bin/cmake --build /home/mido/Music/phase_one_ws/build/bumperbot_controller -- -j16 -l16
[0.423s] DEBUG:colcon.colcon_core.event_handler.log_command:Invoking command in '/home/mido/Music/phase_one_ws/build/bumperbot_description': CMAKE_PREFIX_PATH=${CMAKE_PREFIX_PATH}:/home/mido/Music/phase_one_ws/install/motion_pkg:/opt/ros/humble /usr/bin/cmake --build /home/mido/Music/phase_one_ws/build/bumperbot_description -- -j16 -l16
[0.467s] DEBUG:colcon.colcon_core.event_handler.log_command:Invoked command in '/home/mido/Music/phase_one_ws/build/bumperbot_description' returned '0': CMAKE_PREFIX_PATH=${CMAKE_PREFIX_PATH}:/home/mido/Music/phase_one_ws/install/motion_pkg:/opt/ros/humble /usr/bin/cmake --build /home/mido/Music/phase_one_ws/build/bumperbot_description -- -j16 -l16
[0.477s] DEBUG:colcon.colcon_core.event_handler.log_command:Invoking command in '/home/mido/Music/phase_one_ws/build/bumperbot_description': CMAKE_PREFIX_PATH=${CMAKE_PREFIX_PATH}:/home/mido/Music/phase_one_ws/install/motion_pkg:/opt/ros/humble /usr/bin/cmake --install /home/mido/Music/phase_one_ws/build/bumperbot_description
[0.492s] Level 1:colcon.colcon_core.environment:create_environment_scripts_only(bumperbot_description)
[0.494s] DEBUG:colcon.colcon_core.event_handler.log_command:Invoked command in '/home/mido/Music/phase_one_ws/build/bumperbot_description' returned '0': CMAKE_PREFIX_PATH=${CMAKE_PREFIX_PATH}:/home/mido/Music/phase_one_ws/install/motion_pkg:/opt/ros/humble /usr/bin/cmake --install /home/mido/Music/phase_one_ws/build/bumperbot_description
[0.496s] Level 1:colcon.colcon_core.environment:checking '/home/mido/Music/phase_one_ws/install/bumperbot_description' for CMake module files
[0.496s] Level 1:colcon.colcon_core.environment:checking '/home/mido/Music/phase_one_ws/install/bumperbot_description' for CMake config files
[0.497s] Level 1:colcon.colcon_core.shell:create_environment_hook('bumperbot_description', 'cmake_prefix_path')
[0.497s] INFO:colcon.colcon_core.shell:Creating environment hook '/home/mido/Music/phase_one_ws/install/bumperbot_description/share/bumperbot_description/hook/cmake_prefix_path.ps1'
[0.498s] INFO:colcon.colcon_core.shell:Creating environment descriptor '/home/mido/Music/phase_one_ws/install/bumperbot_description/share/bumperbot_description/hook/cmake_prefix_path.dsv'
[0.498s] INFO:colcon.colcon_core.shell:Creating environment hook '/home/mido/Music/phase_one_ws/install/bumperbot_description/share/bumperbot_description/hook/cmake_prefix_path.sh'
[0.500s] Level 1:colcon.colcon_core.environment:checking '/home/mido/Music/phase_one_ws/install/bumperbot_description/bin'
[0.500s] Level 1:colcon.colcon_core.environment:checking '/home/mido/Music/phase_one_ws/install/bumperbot_description/lib/pkgconfig/bumperbot_description.pc'
[0.501s] Level 1:colcon.colcon_core.environment:checking '/home/mido/Music/phase_one_ws/install/bumperbot_description/lib/python3.10/site-packages'
[0.501s] Level 1:colcon.colcon_core.environment:checking '/home/mido/Music/phase_one_ws/install/bumperbot_description/bin'
[0.501s] INFO:colcon.colcon_core.shell:Creating package script '/home/mido/Music/phase_one_ws/install/bumperbot_description/share/bumperbot_description/package.ps1'
[0.503s] INFO:colcon.colcon_core.shell:Creating package descriptor '/home/mido/Music/phase_one_ws/install/bumperbot_description/share/bumperbot_description/package.dsv'
[0.504s] INFO:colcon.colcon_core.shell:Creating package script '/home/mido/Music/phase_one_ws/install/bumperbot_description/share/bumperbot_description/package.sh'
[0.505s] INFO:colcon.colcon_core.shell:Creating package script '/home/mido/Music/phase_one_ws/install/bumperbot_description/share/bumperbot_description/package.bash'
[0.505s] INFO:colcon.colcon_core.shell:Creating package script '/home/mido/Music/phase_one_ws/install/bumperbot_description/share/bumperbot_description/package.zsh'
[0.506s] Level 1:colcon.colcon_core.environment:create_file_with_runtime_dependencies(/home/mido/Music/phase_one_ws/install/bumperbot_description/share/colcon-core/packages/bumperbot_description)
[0.507s] Level 1:colcon.colcon_core.environment:create_environment_scripts_only(bumperbot_description)
[0.507s] Level 1:colcon.colcon_core.environment:checking '/home/mido/Music/phase_one_ws/install/bumperbot_description' for CMake module files
[0.507s] Level 1:colcon.colcon_core.environment:checking '/home/mido/Music/phase_one_ws/install/bumperbot_description' for CMake config files
[0.508s] Level 1:colcon.colcon_core.shell:create_environment_hook('bumperbot_description', 'cmake_prefix_path')
[0.508s] INFO:colcon.colcon_core.shell:Creating environment hook '/home/mido/Music/phase_one_ws/install/bumperbot_description/share/bumperbot_description/hook/cmake_prefix_path.ps1'
[0.509s] INFO:colcon.colcon_core.shell:Creating environment descriptor '/home/mido/Music/phase_one_ws/install/bumperbot_description/share/bumperbot_description/hook/cmake_prefix_path.dsv'
[0.509s] INFO:colcon.colcon_core.shell:Creating environment hook '/home/mido/Music/phase_one_ws/install/bumperbot_description/share/bumperbot_description/hook/cmake_prefix_path.sh'
[0.510s] Level 1:colcon.colcon_core.environment:checking '/home/mido/Music/phase_one_ws/install/bumperbot_description/bin'
[0.510s] Level 1:colcon.colcon_core.environment:checking '/home/mido/Music/phase_one_ws/install/bumperbot_description/lib/pkgconfig/bumperbot_description.pc'
[0.510s] Level 1:colcon.colcon_core.environment:checking '/home/mido/Music/phase_one_ws/install/bumperbot_description/lib/python3.10/site-packages'
[0.511s] Level 1:colcon.colcon_core.environment:checking '/home/mido/Music/phase_one_ws/install/bumperbot_description/bin'
[0.511s] INFO:colcon.colcon_core.shell:Creating package script '/home/mido/Music/phase_one_ws/install/bumperbot_description/share/bumperbot_description/package.ps1'
[0.511s] INFO:colcon.colcon_core.shell:Creating package descriptor '/home/mido/Music/phase_one_ws/install/bumperbot_description/share/bumperbot_description/package.dsv'
[0.512s] INFO:colcon.colcon_core.shell:Creating package script '/home/mido/Music/phase_one_ws/install/bumperbot_description/share/bumperbot_description/package.sh'
[0.513s] INFO:colcon.colcon_core.shell:Creating package script '/home/mido/Music/phase_one_ws/install/bumperbot_description/share/bumperbot_description/package.bash'
[0.514s] INFO:colcon.colcon_core.shell:Creating package script '/home/mido/Music/phase_one_ws/install/bumperbot_description/share/bumperbot_description/package.zsh'
[0.514s] Level 1:colcon.colcon_core.environment:create_file_with_runtime_dependencies(/home/mido/Music/phase_one_ws/install/bumperbot_description/share/colcon-core/packages/bumperbot_description)
[0.818s] DEBUG:colcon.colcon_core.event_handler.log_command:Invoked command in '/home/mido/Music/phase_one_ws/build/bumperbot_controller' returned '0': CMAKE_PREFIX_PATH=${CMAKE_PREFIX_PATH}:/home/mido/Music/phase_one_ws/install/motion_pkg:/opt/ros/humble /usr/bin/cmake --build /home/mido/Music/phase_one_ws/build/bumperbot_controller -- -j16 -l16
[0.821s] DEBUG:colcon.colcon_core.event_handler.log_command:Invoking command in '/home/mido/Music/phase_one_ws/build/bumperbot_controller': CMAKE_PREFIX_PATH=${CMAKE_PREFIX_PATH}:/home/mido/Music/phase_one_ws/install/motion_pkg:/opt/ros/humble /usr/bin/cmake --install /home/mido/Music/phase_one_ws/build/bumperbot_controller
[0.821s] DEBUG:colcon.colcon_core.event_handler.log_command:Invoked command in '/home/mido/Music/phase_one_ws/build/action_file' returned '0': CMAKE_PREFIX_PATH=${CMAKE_PREFIX_PATH}:/home/mido/Music/phase_one_ws/install/motion_pkg:/opt/ros/humble /usr/bin/cmake --build /home/mido/Music/phase_one_ws/build/action_file -- -j16 -l16
[0.822s] DEBUG:colcon.colcon_core.event_handler.log_command:Invoking command in '/home/mido/Music/phase_one_ws/build/action_file': CMAKE_PREFIX_PATH=${CMAKE_PREFIX_PATH}:/home/mido/Music/phase_one_ws/install/motion_pkg:/opt/ros/humble /usr/bin/cmake --install /home/mido/Music/phase_one_ws/build/action_file
[0.873s] Level 1:colcon.colcon_core.environment:create_environment_scripts_only(bumperbot_controller)
[0.873s] Level 1:colcon.colcon_core.environment:checking '/home/mido/Music/phase_one_ws/install/bumperbot_controller' for CMake module files
[0.874s] DEBUG:colcon.colcon_core.event_handler.log_command:Invoked command in '/home/mido/Music/phase_one_ws/build/bumperbot_controller' returned '0': CMAKE_PREFIX_PATH=${CMAKE_PREFIX_PATH}:/home/mido/Music/phase_one_ws/install/motion_pkg:/opt/ros/humble /usr/bin/cmake --install /home/mido/Music/phase_one_ws/build/bumperbot_controller
[0.874s] Level 1:colcon.colcon_core.environment:checking '/home/mido/Music/phase_one_ws/install/bumperbot_controller' for CMake config files
[0.875s] Level 1:colcon.colcon_core.shell:create_environment_hook('bumperbot_controller', 'cmake_prefix_path')
[0.875s] INFO:colcon.colcon_core.shell:Creating environment hook '/home/mido/Music/phase_one_ws/install/bumperbot_controller/share/bumperbot_controller/hook/cmake_prefix_path.ps1'
[0.875s] INFO:colcon.colcon_core.shell:Creating environment descriptor '/home/mido/Music/phase_one_ws/install/bumperbot_controller/share/bumperbot_controller/hook/cmake_prefix_path.dsv'
[0.876s] INFO:colcon.colcon_core.shell:Creating environment hook '/home/mido/Music/phase_one_ws/install/bumperbot_controller/share/bumperbot_controller/hook/cmake_prefix_path.sh'
[0.877s] Level 1:colcon.colcon_core.environment:checking '/home/mido/Music/phase_one_ws/install/bumperbot_controller/lib'
[0.877s] Level 1:colcon.colcon_core.environment:checking '/home/mido/Music/phase_one_ws/install/bumperbot_controller/bin'
[0.877s] Level 1:colcon.colcon_core.environment:checking '/home/mido/Music/phase_one_ws/install/bumperbot_controller/lib/pkgconfig/bumperbot_controller.pc'
[0.877s] Level 1:colcon.colcon_core.environment:checking '/home/mido/Music/phase_one_ws/install/bumperbot_controller/lib/python3.10/site-packages'
[0.877s] Level 1:colcon.colcon_core.shell:create_environment_hook('bumperbot_controller', 'pythonpath')
[0.878s] INFO:colcon.colcon_core.shell:Creating environment hook '/home/mido/Music/phase_one_ws/install/bumperbot_controller/share/bumperbot_controller/hook/pythonpath.ps1'
[0.878s] INFO:colcon.colcon_core.shell:Creating environment descriptor '/home/mido/Music/phase_one_ws/install/bumperbot_controller/share/bumperbot_controller/hook/pythonpath.dsv'
[0.879s] INFO:colcon.colcon_core.shell:Creating environment hook '/home/mido/Music/phase_one_ws/install/bumperbot_controller/share/bumperbot_controller/hook/pythonpath.sh'
[0.880s] Level 1:colcon.colcon_core.environment:checking '/home/mido/Music/phase_one_ws/install/bumperbot_controller/bin'
[0.881s] INFO:colcon.colcon_core.shell:Creating package script '/home/mido/Music/phase_one_ws/install/bumperbot_controller/share/bumperbot_controller/package.ps1'
[0.882s] INFO:colcon.colcon_core.shell:Creating package descriptor '/home/mido/Music/phase_one_ws/install/bumperbot_controller/share/bumperbot_controller/package.dsv'
[0.884s] INFO:colcon.colcon_core.shell:Creating package script '/home/mido/Music/phase_one_ws/install/bumperbot_controller/share/bumperbot_controller/package.sh'
[0.885s] INFO:colcon.colcon_core.shell:Creating package script '/home/mido/Music/phase_one_ws/install/bumperbot_controller/share/bumperbot_controller/package.bash'
[0.886s] INFO:colcon.colcon_core.shell:Creating package script '/home/mido/Music/phase_one_ws/install/bumperbot_controller/share/bumperbot_controller/package.zsh'
[0.886s] Level 1:colcon.colcon_core.environment:create_file_with_runtime_dependencies(/home/mido/Music/phase_one_ws/install/bumperbot_controller/share/colcon-core/packages/bumperbot_controller)
[0.887s] Level 1:colcon.colcon_core.environment:create_environment_scripts_only(bumperbot_controller)
[0.887s] Level 1:colcon.colcon_core.environment:checking '/home/mido/Music/phase_one_ws/install/bumperbot_controller' for CMake module files
[0.887s] Level 1:colcon.colcon_core.environment:checking '/home/mido/Music/phase_one_ws/install/bumperbot_controller' for CMake config files
[0.888s] Level 1:colcon.colcon_core.shell:create_environment_hook('bumperbot_controller', 'cmake_prefix_path')
[0.888s] INFO:colcon.colcon_core.shell:Creating environment hook '/home/mido/Music/phase_one_ws/install/bumperbot_controller/share/bumperbot_controller/hook/cmake_prefix_path.ps1'
[0.889s] INFO:colcon.colcon_core.shell:Creating environment descriptor '/home/mido/Music/phase_one_ws/install/bumperbot_controller/share/bumperbot_controller/hook/cmake_prefix_path.dsv'
[0.889s] INFO:colcon.colcon_core.shell:Creating environment hook '/home/mido/Music/phase_one_ws/install/bumperbot_controller/share/bumperbot_controller/hook/cmake_prefix_path.sh'
[0.890s] Level 1:colcon.colcon_core.environment:checking '/home/mido/Music/phase_one_ws/install/bumperbot_controller/lib'
[0.890s] Level 1:colcon.colcon_core.environment:checking '/home/mido/Music/phase_one_ws/install/bumperbot_controller/bin'
[0.890s] Level 1:colcon.colcon_core.environment:checking '/home/mido/Music/phase_one_ws/install/bumperbot_controller/lib/pkgconfig/bumperbot_controller.pc'
[0.890s] Level 1:colcon.colcon_core.environment:checking '/home/mido/Music/phase_one_ws/install/bumperbot_controller/lib/python3.10/site-packages'
[0.890s] Level 1:colcon.colcon_core.shell:create_environment_hook('bumperbot_controller', 'pythonpath')
[0.890s] INFO:colcon.colcon_core.shell:Creating environment hook '/home/mido/Music/phase_one_ws/install/bumperbot_controller/share/bumperbot_controller/hook/pythonpath.ps1'
[0.891s] INFO:colcon.colcon_core.shell:Creating environment descriptor '/home/mido/Music/phase_one_ws/install/bumperbot_controller/share/bumperbot_controller/hook/pythonpath.dsv'
[0.891s] INFO:colcon.colcon_core.shell:Creating environment hook '/home/mido/Music/phase_one_ws/install/bumperbot_controller/share/bumperbot_controller/hook/pythonpath.sh'
[0.892s] Level 1:colcon.colcon_core.environment:checking '/home/mido/Music/phase_one_ws/install/bumperbot_controller/bin'
[0.892s] INFO:colcon.colcon_core.shell:Creating package script '/home/mido/Music/phase_one_ws/install/bumperbot_controller/share/bumperbot_controller/package.ps1'
[0.892s] INFO:colcon.colcon_core.shell:Creating package descriptor '/home/mido/Music/phase_one_ws/install/bumperbot_controller/share/bumperbot_controller/package.dsv'
[0.893s] INFO:colcon.colcon_core.shell:Creating package script '/home/mido/Music/phase_one_ws/install/bumperbot_controller/share/bumperbot_controller/package.sh'
[0.894s] INFO:colcon.colcon_core.shell:Creating package script '/home/mido/Music/phase_one_ws/install/bumperbot_controller/share/bumperbot_controller/package.bash'
[0.894s] INFO:colcon.colcon_core.shell:Creating package script '/home/mido/Music/phase_one_ws/install/bumperbot_controller/share/bumperbot_controller/package.zsh'
[0.894s] Level 1:colcon.colcon_core.environment:create_file_with_runtime_dependencies(/home/mido/Music/phase_one_ws/install/bumperbot_controller/share/colcon-core/packages/bumperbot_controller)
[0.896s] Level 1:colcon.colcon_core.environment:create_environment_scripts_only(action_file)
[0.896s] Level 1:colcon.colcon_core.environment:checking '/home/mido/Music/phase_one_ws/install/action_file' for CMake module files
[0.897s] DEBUG:colcon.colcon_core.event_handler.log_command:Invoked command in '/home/mido/Music/phase_one_ws/build/action_file' returned '0': CMAKE_PREFIX_PATH=${CMAKE_PREFIX_PATH}:/home/mido/Music/phase_one_ws/install/motion_pkg:/opt/ros/humble /usr/bin/cmake --install /home/mido/Music/phase_one_ws/build/action_file
[0.897s] Level 1:colcon.colcon_core.environment:checking '/home/mido/Music/phase_one_ws/install/action_file' for CMake config files
[0.898s] Level 1:colcon.colcon_core.shell:create_environment_hook('action_file', 'cmake_prefix_path')
[0.898s] INFO:colcon.colcon_core.shell:Creating environment hook '/home/mido/Music/phase_one_ws/install/action_file/share/action_file/hook/cmake_prefix_path.ps1'
[0.899s] INFO:colcon.colcon_core.shell:Creating environment descriptor '/home/mido/Music/phase_one_ws/install/action_file/share/action_file/hook/cmake_prefix_path.dsv'
[0.899s] INFO:colcon.colcon_core.shell:Creating environment hook '/home/mido/Music/phase_one_ws/install/action_file/share/action_file/hook/cmake_prefix_path.sh'
[0.899s] Level 1:colcon.colcon_core.environment:checking '/home/mido/Music/phase_one_ws/install/action_file/lib'
[0.899s] Level 1:colcon.colcon_core.shell:create_environment_hook('action_file', 'ld_library_path_lib')
[0.900s] INFO:colcon.colcon_core.shell:Creating environment hook '/home/mido/Music/phase_one_ws/install/action_file/share/action_file/hook/ld_library_path_lib.ps1'
[0.900s] INFO:colcon.colcon_core.shell:Creating environment descriptor '/home/mido/Music/phase_one_ws/install/action_file/share/action_file/hook/ld_library_path_lib.dsv'
[0.901s] INFO:colcon.colcon_core.shell:Creating environment hook '/home/mido/Music/phase_one_ws/install/action_file/share/action_file/hook/ld_library_path_lib.sh'
[0.901s] Level 1:colcon.colcon_core.environment:checking '/home/mido/Music/phase_one_ws/install/action_file/bin'
[0.901s] Level 1:colcon.colcon_core.environment:checking '/home/mido/Music/phase_one_ws/install/action_file/lib/pkgconfig/action_file.pc'
[0.901s] Level 1:colcon.colcon_core.environment:checking '/home/mido/Music/phase_one_ws/install/action_file/lib/python3.10/site-packages'
[0.901s] Level 1:colcon.colcon_core.environment:checking '/home/mido/Music/phase_one_ws/install/action_file/bin'
[0.902s] INFO:colcon.colcon_core.shell:Creating package script '/home/mido/Music/phase_one_ws/install/action_file/share/action_file/package.ps1'
[0.902s] INFO:colcon.colcon_core.shell:Creating package descriptor '/home/mido/Music/phase_one_ws/install/action_file/share/action_file/package.dsv'
[0.903s] INFO:colcon.colcon_core.shell:Creating package script '/home/mido/Music/phase_one_ws/install/action_file/share/action_file/package.sh'
[0.903s] INFO:colcon.colcon_core.shell:Creating package script '/home/mido/Music/phase_one_ws/install/action_file/share/action_file/package.bash'
[0.903s] INFO:colcon.colcon_core.shell:Creating package script '/home/mido/Music/phase_one_ws/install/action_file/share/action_file/package.zsh'
[0.904s] Level 1:colcon.colcon_core.environment:create_file_with_runtime_dependencies(/home/mido/Music/phase_one_ws/install/action_file/share/colcon-core/packages/action_file)
[0.904s] Level 1:colcon.colcon_core.environment:create_environment_scripts_only(action_file)
[0.904s] Level 1:colcon.colcon_core.environment:checking '/home/mido/Music/phase_one_ws/install/action_file' for CMake module files
[0.905s] Level 1:colcon.colcon_core.environment:checking '/home/mido/Music/phase_one_ws/install/action_file' for CMake config files
[0.906s] Level 1:colcon.colcon_core.shell:create_environment_hook('action_file', 'cmake_prefix_path')
[0.906s] INFO:colcon.colcon_core.shell:Creating environment hook '/home/mido/Music/phase_one_ws/install/action_file/share/action_file/hook/cmake_prefix_path.ps1'
[0.906s] INFO:colcon.colcon_core.shell:Creating environment descriptor '/home/mido/Music/phase_one_ws/install/action_file/share/action_file/hook/cmake_prefix_path.dsv'
[0.907s] INFO:colcon.colcon_core.shell:Creating environment hook '/home/mido/Music/phase_one_ws/install/action_file/share/action_file/hook/cmake_prefix_path.sh'
[0.907s] Level 1:colcon.colcon_core.environment:checking '/home/mido/Music/phase_one_ws/install/action_file/lib'
[0.907s] Level 1:colcon.colcon_core.shell:create_environment_hook('action_file', 'ld_library_path_lib')
[0.907s] INFO:colcon.colcon_core.shell:Creating environment hook '/home/mido/Music/phase_one_ws/install/action_file/share/action_file/hook/ld_library_path_lib.ps1'
[0.908s] INFO:colcon.colcon_core.shell:Creating environment descriptor '/home/mido/Music/phase_one_ws/install/action_file/share/action_file/hook/ld_library_path_lib.dsv'
[0.908s] INFO:colcon.colcon_core.shell:Creating environment hook '/home/mido/Music/phase_one_ws/install/action_file/share/action_file/hook/ld_library_path_lib.sh'
[0.909s] Level 1:colcon.colcon_core.environment:checking '/home/mido/Music/phase_one_ws/install/action_file/bin'
[0.909s] Level 1:colcon.colcon_core.environment:checking '/home/mido/Music/phase_one_ws/install/action_file/lib/pkgconfig/action_file.pc'
[0.909s] Level 1:colcon.colcon_core.environment:checking '/home/mido/Music/phase_one_ws/install/action_file/lib/python3.10/site-packages'
[0.909s] Level 1:colcon.colcon_core.environment:checking '/home/mido/Music/phase_one_ws/install/action_file/bin'
[0.910s] INFO:colcon.colcon_core.shell:Creating package script '/home/mido/Music/phase_one_ws/install/action_file/share/action_file/package.ps1'
[0.910s] INFO:colcon.colcon_core.shell:Creating package descriptor '/home/mido/Music/phase_one_ws/install/action_file/share/action_file/package.dsv'
[0.911s] INFO:colcon.colcon_core.shell:Creating package script '/home/mido/Music/phase_one_ws/install/action_file/share/action_file/package.sh'
[0.911s] INFO:colcon.colcon_core.shell:Creating package script '/home/mido/Music/phase_one_ws/install/action_file/share/action_file/package.bash'
[0.912s] INFO:colcon.colcon_core.shell:Creating package script '/home/mido/Music/phase_one_ws/install/action_file/share/action_file/package.zsh'
[0.912s] Level 1:colcon.colcon_core.environment:create_file_with_runtime_dependencies(/home/mido/Music/phase_one_ws/install/action_file/share/colcon-core/packages/action_file)
[0.913s] INFO:colcon.colcon_ros.task.ament_python.build:Building ROS package in '/home/mido/Music/phase_one_ws/src/motion_pkg' with build type 'ament_python'
[0.913s] Level 1:colcon.colcon_core.shell:create_environment_hook('motion_pkg', 'ament_prefix_path')
[0.913s] INFO:colcon.colcon_core.shell:Creating environment hook '/home/mido/Music/phase_one_ws/install/motion_pkg/share/motion_pkg/hook/ament_prefix_path.ps1'
[0.914s] INFO:colcon.colcon_core.shell:Creating environment descriptor '/home/mido/Music/phase_one_ws/install/motion_pkg/share/motion_pkg/hook/ament_prefix_path.dsv'
[0.914s] INFO:colcon.colcon_core.shell:Creating environment hook '/home/mido/Music/phase_one_ws/install/motion_pkg/share/motion_pkg/hook/ament_prefix_path.sh'
[0.915s] INFO:colcon.colcon_core.shell:Skip shell extension 'powershell' for command environment: Not usable outside of PowerShell
[0.915s] DEBUG:colcon.colcon_core.shell:Skip shell extension 'dsv' for command environment
[1.215s] INFO:colcon.colcon_core.task.python.build:Building Python package in '/home/mido/Music/phase_one_ws/src/motion_pkg'
[1.215s] INFO:colcon.colcon_core.shell:Skip shell extension 'powershell' for command environment: Not usable outside of PowerShell
[1.215s] DEBUG:colcon.colcon_core.shell:Skip shell extension 'dsv' for command environment
[1.591s] DEBUG:colcon.colcon_core.event_handler.log_command:Invoking command in '/home/mido/Music/phase_one_ws/src/motion_pkg': CMAKE_PREFIX_PATH=/home/mido/Music/phase_one_ws/install/action_file:/home/mido/Music/phase_one_ws/install/bumperbot_description:/home/mido/Music/phase_one_ws/install/bumperbot_controller PYTHONPATH=/home/mido/Music/phase_one_ws/build/motion_pkg/prefix_override:/usr/lib/python3/dist-packages/colcon_core/task/python/colcon_distutils_commands:/home/mido/Music/phase_one_ws/install/motion_pkg/lib/python3.10/site-packages:${PYTHONPATH} /usr/bin/python3 -W ignore:setup.py install is deprecated -W ignore:easy_install command is deprecated setup.py egg_info --egg-base ../../build/motion_pkg build --build-base /home/mido/Music/phase_one_ws/build/motion_pkg/build install --record /home/mido/Music/phase_one_ws/build/motion_pkg/install.log --single-version-externally-managed install_data
[1.904s] Level 1:colcon.colcon_core.environment:checking '/home/mido/Music/phase_one_ws/install/motion_pkg' for CMake module files
[1.904s] DEBUG:colcon.colcon_core.event_handler.log_command:Invoked command in '/home/mido/Music/phase_one_ws/src/motion_pkg' returned '0': CMAKE_PREFIX_PATH=/home/mido/Music/phase_one_ws/install/action_file:/home/mido/Music/phase_one_ws/install/bumperbot_description:/home/mido/Music/phase_one_ws/install/bumperbot_controller PYTHONPATH=/home/mido/Music/phase_one_ws/build/motion_pkg/prefix_override:/usr/lib/python3/dist-packages/colcon_core/task/python/colcon_distutils_commands:/home/mido/Music/phase_one_ws/install/motion_pkg/lib/python3.10/site-packages:${PYTHONPATH} /usr/bin/python3 -W ignore:setup.py install is deprecated -W ignore:easy_install command is deprecated setup.py egg_info --egg-base ../../build/motion_pkg build --build-base /home/mido/Music/phase_one_ws/build/motion_pkg/build install --record /home/mido/Music/phase_one_ws/build/motion_pkg/install.log --single-version-externally-managed install_data
[1.905s] Level 1:colcon.colcon_core.environment:checking '/home/mido/Music/phase_one_ws/install/motion_pkg' for CMake config files
[1.905s] Level 1:colcon.colcon_core.environment:checking '/home/mido/Music/phase_one_ws/install/motion_pkg/lib'
[1.905s] Level 1:colcon.colcon_core.environment:checking '/home/mido/Music/phase_one_ws/install/motion_pkg/bin'
[1.905s] Level 1:colcon.colcon_core.environment:checking '/home/mido/Music/phase_one_ws/install/motion_pkg/lib/pkgconfig/motion_pkg.pc'
[1.906s] Level 1:colcon.colcon_core.environment:checking '/home/mido/Music/phase_one_ws/install/motion_pkg/lib/python3.10/site-packages'
[1.906s] Level 1:colcon.colcon_core.shell:create_environment_hook('motion_pkg', 'pythonpath')
[1.906s] INFO:colcon.colcon_core.shell:Creating environment hook '/home/mido/Music/phase_one_ws/install/motion_pkg/share/motion_pkg/hook/pythonpath.ps1'
[1.906s] INFO:colcon.colcon_core.shell:Creating environment descriptor '/home/mido/Music/phase_one_ws/install/motion_pkg/share/motion_pkg/hook/pythonpath.dsv'
[1.907s] INFO:colcon.colcon_core.shell:Creating environment hook '/home/mido/Music/phase_one_ws/install/motion_pkg/share/motion_pkg/hook/pythonpath.sh'
[1.907s] Level 1:colcon.colcon_core.environment:checking '/home/mido/Music/phase_one_ws/install/motion_pkg/bin'
[1.907s] Level 1:colcon.colcon_core.environment:create_environment_scripts_only(motion_pkg)
[1.908s] INFO:colcon.colcon_core.shell:Creating package script '/home/mido/Music/phase_one_ws/install/motion_pkg/share/motion_pkg/package.ps1'
[1.908s] INFO:colcon.colcon_core.shell:Creating package descriptor '/home/mido/Music/phase_one_ws/install/motion_pkg/share/motion_pkg/package.dsv'
[1.909s] INFO:colcon.colcon_core.shell:Creating package script '/home/mido/Music/phase_one_ws/install/motion_pkg/share/motion_pkg/package.sh'
[1.909s] INFO:colcon.colcon_core.shell:Creating package script '/home/mido/Music/phase_one_ws/install/motion_pkg/share/motion_pkg/package.bash'
[1.910s] INFO:colcon.colcon_core.shell:Creating package script '/home/mido/Music/phase_one_ws/install/motion_pkg/share/motion_pkg/package.zsh'
[1.910s] Level 1:colcon.colcon_core.environment:create_file_with_runtime_dependencies(/home/mido/Music/phase_one_ws/install/motion_pkg/share/colcon-core/packages/motion_pkg)
[1.911s] DEBUG:colcon.colcon_parallel_executor.executor.parallel:closing loop
[1.911s] DEBUG:colcon.colcon_parallel_executor.executor.parallel:loop closed
[1.911s] DEBUG:colcon.colcon_parallel_executor.executor.parallel:run_until_complete finished with '0'
[1.911s] DEBUG:colcon.colcon_core.event_reactor:joining thread
[1.917s] INFO:colcon.colcon_core.plugin_system:Skipping extension 'colcon_notification.desktop_notification.terminal_notifier': Not used on non-Darwin systems
[1.917s] INFO:colcon.colcon_core.plugin_system:Skipping extension 'colcon_notification.desktop_notification.win32': Not used on non-Windows systems
[1.917s] INFO:colcon.colcon_notification.desktop_notification:Sending desktop notification using 'notify2'
[1.930s] DEBUG:colcon.colcon_core.event_reactor:joined thread
[1.931s] INFO:colcon.colcon_core.shell:Creating prefix script '/home/mido/Music/phase_one_ws/install/local_setup.ps1'
[1.932s] INFO:colcon.colcon_core.shell:Creating prefix util module '/home/mido/Music/phase_one_ws/install/_local_setup_util_ps1.py'
[1.933s] INFO:colcon.colcon_core.shell:Creating prefix chain script '/home/mido/Music/phase_one_ws/install/setup.ps1'
[1.934s] INFO:colcon.colcon_core.shell:Creating prefix script '/home/mido/Music/phase_one_ws/install/local_setup.sh'
[1.935s] INFO:colcon.colcon_core.shell:Creating prefix util module '/home/mido/Music/phase_one_ws/install/_local_setup_util_sh.py'
[1.935s] INFO:colcon.colcon_core.shell:Creating prefix chain script '/home/mido/Music/phase_one_ws/install/setup.sh'
[1.936s] INFO:colcon.colcon_core.shell:Creating prefix script '/home/mido/Music/phase_one_ws/install/local_setup.bash'
[1.937s] INFO:colcon.colcon_core.shell:Creating prefix chain script '/home/mido/Music/phase_one_ws/install/setup.bash'
[1.938s] INFO:colcon.colcon_core.shell:Creating prefix script '/home/mido/Music/phase_one_ws/install/local_setup.zsh'
[1.938s] INFO:colcon.colcon_core.shell:Creating prefix chain script '/home/mido/Music/phase_one_ws/install/setup.zsh'
